#
# A fatal error has been detected by the Java Runtime Environment:
#
#  SIGSEGV (0xb) at pc=0x074c9c1f, pid=2247, tid=2109401920
#
# JRE version: 7.0_09-b30
# Java VM: OpenJDK Server VM (23.2-b09 mixed mode linux-x86 )
# Problematic frame:
# C  [libOpenNI.so+0x3cc1f]  xnSetSkeletonProfile+0x1f
#
# Failed to write core dump. Core dumps have been disabled. To enable core dumping, try "ulimit -c unlimited" before starting Java again
#
# If you would like to submit a bug report, please include
# instructions on how to reproduce the bug and visit:
#   https://bugs.launchpad.net/ubuntu/+source/openjdk-7/
# The crash happened outside the Java Virtual Machine in native code.
# See problematic frame for where to report the bug.
#

---------------  T H R E A D  ---------------

Current thread (0x80a10c00):  JavaThread "Animation Thread" [_thread_in_native, id=2271, stack(0x7db5e000,0x7dbaf000)]

siginfo:si_signo=SIGSEGV: si_errno=0, si_code=1 (SEGV_MAPERR), si_addr=0x00000000

Registers:
EAX=0x00010012, EBX=0x0750bff4, ECX=0x80800018, EDX=0x7da51030
ESP=0x7dbada60, EBP=0x0713e9a0, ESI=0x00000000, EDI=0x7dbadb34
EIP=0x074c9c1f, EFLAGS=0x00010212, CR2=0x00000000

Top of Stack: (sp=0x7dbada60)
0x7dbada60:   7da4e9a8 0713cff4 7da17860 7dbadb34
0x7dbada70:   0713e9a0 00b3e6a0 7da51030 074c9c00
0x7dbada80:   00000000 0713cff4 7da17860 07105969
0x7dbada90:   00000000 00000002 00000000 00000000
0x7dbadaa0:   7dbadb54 00000000 00000000 808f9c28
0x7dbadab0:   07097b21 00000000 7dbadb4c 808f9c01
0x7dbadac0:   00000000 00000000 b463b740 00000400
0x7dbadad0:   ffffffff 7dbadc00 07091fc4 808f9c28 

Instructions: (pc=0x074c9c1f)
0x074c9bff:   00 83 ec 2c b8 12 00 01 00 89 74 24 28 8b 74 24
0x074c9c0f:   30 89 5c 24 24 e8 3e 19 fd ff 81 c3 db 23 04 00
0x074c9c1f:   8b 16 8b 4a 08 85 c9 74 48 8b 52 04 8b 12 81 e2
0x074c9c2f:   00 00 00 02 74 3b 8b 46 24 c7 44 24 1c 00 00 00 

Register to memory mapping:

EAX=0x00010012 is an unknown value
EBX=0x0750bff4: <offset 0x7eff4> in /usr/lib/libOpenNI.so at 0x0748d000
ECX=0x80800018 is an unknown value
EDX=0x7da51030 is an unknown value
ESP=0x7dbada60 is pointing into the stack for thread: 0x80a10c00
EBP=0x0713e9a0: _ZN7sOpenNI14ContextWrapper14_globalContextE+0 in /home/odairbonin/workspace_oficina_kinect/PrimeiroKinect/lib/user/libSimpleOpenNI32.so at 0x07085000
ESI=0x00000000 is an unknown value
EDI=0x7dbadb34 is pointing into the stack for thread: 0x80a10c00


Stack: [0x7db5e000,0x7dbaf000],  sp=0x7dbada60,  free space=318k
Native frames: (J=compiled Java code, j=interpreted, Vv=VM code, C=native code)
C  [libOpenNI.so+0x3cc1f]  xnSetSkeletonProfile+0x1f

Java frames: (J=compiled Java code, j=interpreted, Vv=VM code)
j  SimpleOpenNI.SimpleOpenNIJNI.ContextWrapper_enableUserSwigExplicitContextWrapper(JLSimpleOpenNI/ContextWrapper;I)Z+0
j  SimpleOpenNI.ContextWrapper.enableUser(I)Z+28
j  SimpleOpenNI.SimpleOpenNI.enableUser(ILjava/lang/Object;)Z+17
j  SimpleOpenNI.SimpleOpenNI.enableUser(I)Z+6
j  primeirokinect.PrimeiroKinect.setup()V+43
j  processing.core.PApplet.handleDraw()V+196
j  processing.core.PGraphicsJava2D.requestDraw()V+4
j  processing.core.PApplet.run()V+176
j  java.lang.Thread.run()V+11
v  ~StubRoutines::call_stub

---------------  P R O C E S S  ---------------

Java Threads: ( => current thread )
=>0x80a10c00 JavaThread "Animation Thread" [_thread_in_native, id=2271, stack(0x7db5e000,0x7dbaf000)]
  0x80a05000 JavaThread "AWT-EventQueue-1" [_thread_blocked, id=2270, stack(0x7db0d000,0x7db5e000)]
  0xb7608000 JavaThread "DestroyJavaVM" [_thread_blocked, id=2252, stack(0xb7737000,0xb7788000)]
  0x7dc34c00 JavaThread "AWT-EventQueue-0" [_thread_blocked, id=2268, stack(0x7dbaf000,0x7dc00000)]
  0x7dc2d800 JavaThread "AWT-Shutdown" [_thread_blocked, id=2267, stack(0x7dd0d000,0x7dd5e000)]
  0x7dc0c000 JavaThread "thread applet-primeirokinect.PrimeiroKinect.class" [_thread_blocked, id=2266, stack(0x7dd5e000,0x7ddaf000)]
  0x7deed800 JavaThread "AWT-XAWT" daemon [_thread_in_native, id=2264, stack(0x7ddaf000,0x7de00000)]
  0x7debb000 JavaThread "Java2D Disposer" daemon [_thread_blocked, id=2263, stack(0x7df05000,0x7df56000)]
  0x80998400 JavaThread "Service Thread" daemon [_thread_blocked, id=2261, stack(0x7dfd7000,0x7e028000)]
  0x80996800 JavaThread "C2 CompilerThread1" daemon [_thread_blocked, id=2260, stack(0x7e028000,0x7e0a9000)]
  0x80994400 JavaThread "C2 CompilerThread0" daemon [_thread_blocked, id=2259, stack(0x7e0a9000,0x7e12a000)]
  0x80992c00 JavaThread "Signal Dispatcher" daemon [_thread_blocked, id=2258, stack(0x7e12a000,0x7e17b000)]
  0x80950800 JavaThread "Finalizer" daemon [_thread_blocked, id=2257, stack(0x7e37b000,0x7e3cc000)]
  0x8094ec00 JavaThread "Reference Handler" daemon [_thread_blocked, id=2256, stack(0x7e3cc000,0x7e41d000)]

Other Threads:
  0x80948800 VMThread [stack: 0x7e41d000,0x7e49e000] [id=2255]
  0x8099a400 WatcherThread [stack: 0x7df56000,0x7dfd7000] [id=2262]

VM state:not at safepoint (normal execution)

VM Mutex/Monitor currently owned by a thread: None

Heap
 PSYoungGen      total 12992K, used 9711K [0xa5de0000, 0xa6c50000, 0xb4530000)
  eden space 11200K, 86% used [0xa5de0000,0xa675bc38,0xa68d0000)
  from space 1792K, 0% used [0xa6a90000,0xa6a90000,0xa6c50000)
  to   space 1792K, 0% used [0xa68d0000,0xa68d0000,0xa6a90000)
 ParOldGen       total 29632K, used 0K [0x88f30000, 0x8ac20000, 0xa5de0000)
  object space 29632K, 0% used [0x88f30000,0x88f30000,0x8ac20000)
 PSPermGen       total 16384K, used 7419K [0x80f30000, 0x81f30000, 0x88f30000)
  object space 16384K, 45% used [0x80f30000,0x8166ed28,0x81f30000)

Card table byte_map: [0x80d94000,0x80f30000] byte_map_base: 0x8098c680

Polling page: 0xb779d000

Code Cache  [0xb45f8000, 0xb4838000, 0xb75f8000)
 total_blobs=320 nmethods=23 adapters=250 free_code_cache=48752Kb largest_free_block=49905152

Compilation events (10 events):
Event: 0.464 Thread 0x80996800   19             java.util.Arrays::binarySearch0 (95 bytes)
Event: 0.467 Thread 0x80996800 nmethod 19 0xb4650888 code [0xb4650980, 0xb4650b10]
Event: 0.472 Thread 0x80994400   20             java.lang.String::getChars (62 bytes)
Event: 0.472 Thread 0x80996800   21             java.lang.AbstractStringBuilder::append (48 bytes)
Event: 0.473 Thread 0x80994400 nmethod 20 0xb4650508 code [0xb4650600, 0xb4650750]
Event: 0.476 Thread 0x80996800 nmethod 21 0xb4656808 code [0xb4656920, 0xb4656cd0]
Event: 0.492 Thread 0x80994400   22             java.lang.StringBuilder::append (8 bytes)
Event: 0.506 Thread 0x80994400 nmethod 22 0xb465e048 code [0xb465e160, 0xb465e510]
Event: 0.510 Thread 0x80996800   23             java.lang.Class::searchMethods (90 bytes)
Event: 0.513 Thread 0x80996800 nmethod 23 0xb465c308 code [0xb465c440, 0xb465c6c4]

GC Heap History (0 events):
No events

Deoptimization events (4 events):
Event: 0.283 Thread 0xb7608000 Uncommon trap -34 fr.pc 0xb4645c28
Event: 0.283 Thread 0xb7608000 Uncommon trap -34 fr.pc 0xb4645c28
Event: 0.284 Thread 0xb7608000 Uncommon trap -34 fr.pc 0xb4645c28
Event: 0.284 Thread 0xb7608000 Uncommon trap -34 fr.pc 0xb4645c28

Internal exceptions (10 events):
Event: 0.450 Thread 0x7dc0c000 Threw 0xa60d5a48 at /build/buildd/openjdk-7-7u9-2.3.3/build/openjdk/hotspot/src/share/vm/prims/jvm.cpp:1166
Event: 0.465 Thread 0x7dc0c000 Threw 0xa639ade0 at /build/buildd/openjdk-7-7u9-2.3.3/build/openjdk/hotspot/src/share/vm/prims/jvm.cpp:1166
Event: 0.470 Thread 0x80a10c00 Threw 0xa6403d60 at /build/buildd/openjdk-7-7u9-2.3.3/build/openjdk/hotspot/src/share/vm/prims/jvm.cpp:1166
Event: 0.479 Thread 0x80a10c00 Threw 0xa6409b88 at /build/buildd/openjdk-7-7u9-2.3.3/build/openjdk/hotspot/src/share/vm/prims/jvm.cpp:1166
Event: 0.481 Thread 0x80a10c00 Threw 0xa64229d8 at /build/buildd/openjdk-7-7u9-2.3.3/build/openjdk/hotspot/src/share/vm/prims/jvm.cpp:1166
Event: 0.482 Thread 0x80a10c00 Threw 0xa642b0a0 at /build/buildd/openjdk-7-7u9-2.3.3/build/openjdk/hotspot/src/share/vm/prims/jvm.cpp:1166
Event: 0.493 Thread 0x80a10c00 Threw 0xa66a7ba8 at /build/buildd/openjdk-7-7u9-2.3.3/build/openjdk/hotspot/src/share/vm/prims/jvm.cpp:1166
Event: 0.500 Thread 0x80a10c00 Threw 0xa66bcd10 at /build/buildd/openjdk-7-7u9-2.3.3/build/openjdk/hotspot/src/share/vm/prims/jvm.cpp:1166
Event: 0.501 Thread 0x80a10c00 Threw 0xa66c3670 at /build/buildd/openjdk-7-7u9-2.3.3/build/openjdk/hotspot/src/share/vm/prims/jvm.cpp:1166
Event: 0.502 Thread 0x80a10c00 Threw 0xa66f5780 at /build/buildd/openjdk-7-7u9-2.3.3/build/openjdk/hotspot/src/share/vm/prims/jvm.cpp:1166

Events (10 events):
Event: 0.508 loading class 0x7da4dd58 done
Event: 0.508 loading class 0x7de0da80 done
Event: 0.508 loading class 0x7de0d9c0
Event: 0.508 loading class 0x7de0d9c0 done
Event: 0.508 loading class 0x7de0dad8
Event: 0.509 loading class 0x7de0dad8 done
Event: 0.509 loading class 0x809bd380
Event: 0.509 loading class 0x809bd380 done
Event: 0.509 loading class 0x7de0bcd8
Event: 0.509 loading class 0x7de0bcd8 done


Dynamic libraries:
00110000-00111000 r-xp 00000000 08:01 1704299    /usr/lib/i386-linux-gnu/libgthread-2.0.so.0.3200.3
00111000-00112000 r--p 00000000 08:01 1704299    /usr/lib/i386-linux-gnu/libgthread-2.0.so.0.3200.3
00112000-00113000 rw-p 00001000 08:01 1704299    /usr/lib/i386-linux-gnu/libgthread-2.0.so.0.3200.3
00116000-00119000 r-xp 00000000 08:01 2098037    /lib/i386-linux-gnu/libdl-2.15.so
00119000-0011a000 r--p 00002000 08:01 2098037    /lib/i386-linux-gnu/libdl-2.15.so
0011a000-0011b000 rw-p 00003000 08:01 2098037    /lib/i386-linux-gnu/libdl-2.15.so
0011b000-0012f000 r-xp 00000000 08:01 2098157    /lib/i386-linux-gnu/libz.so.1.2.3.4
0012f000-00130000 r--p 00013000 08:01 2098157    /lib/i386-linux-gnu/libz.so.1.2.3.4
00130000-00131000 rw-p 00014000 08:01 2098157    /lib/i386-linux-gnu/libz.so.1.2.3.4
00131000-00209000 r-xp 00000000 08:01 1704289    /usr/lib/i386-linux-gnu/libstdc++.so.6.0.16
00209000-0020a000 ---p 000d8000 08:01 1704289    /usr/lib/i386-linux-gnu/libstdc++.so.6.0.16
0020a000-0020e000 r--p 000d8000 08:01 1704289    /usr/lib/i386-linux-gnu/libstdc++.so.6.0.16
0020e000-0020f000 rw-p 000dc000 08:01 1704289    /usr/lib/i386-linux-gnu/libstdc++.so.6.0.16
0020f000-00216000 rw-p 00000000 00:00 0 
00216000-0021d000 r-xp 00000000 08:01 2098024    /lib/i386-linux-gnu/libnss_compat-2.15.so
0021d000-0021e000 r--p 00006000 08:01 2098024    /lib/i386-linux-gnu/libnss_compat-2.15.so
0021e000-0021f000 rw-p 00007000 08:01 2098024    /lib/i386-linux-gnu/libnss_compat-2.15.so
0021f000-00235000 r-xp 00000000 08:01 2098042    /lib/i386-linux-gnu/libnsl-2.15.so
00235000-00236000 r--p 00015000 08:01 2098042    /lib/i386-linux-gnu/libnsl-2.15.so
00236000-00237000 rw-p 00016000 08:01 2098042    /lib/i386-linux-gnu/libnsl-2.15.so
00237000-00239000 rw-p 00000000 00:00 0 
00239000-003dc000 r-xp 00000000 08:01 2098022    /lib/i386-linux-gnu/libc-2.15.so
003dc000-003dd000 ---p 001a3000 08:01 2098022    /lib/i386-linux-gnu/libc-2.15.so
003dd000-003df000 r--p 001a3000 08:01 2098022    /lib/i386-linux-gnu/libc-2.15.so
003df000-003e0000 rw-p 001a5000 08:01 2098022    /lib/i386-linux-gnu/libc-2.15.so
003e0000-003e3000 rw-p 00000000 00:00 0 
003e3000-0040a000 r-xp 00000000 08:01 1837354    /usr/lib/jvm/java-7-openjdk-i386/jre/lib/i386/libjava.so
0040a000-0040b000 r--p 00026000 08:01 1837354    /usr/lib/jvm/java-7-openjdk-i386/jre/lib/i386/libjava.so
0040b000-0040c000 rw-p 00027000 08:01 1837354    /usr/lib/jvm/java-7-openjdk-i386/jre/lib/i386/libjava.so
0040c000-00417000 r-xp 00000000 08:01 2098026    /lib/i386-linux-gnu/libnss_files-2.15.so
00417000-00418000 r--p 0000a000 08:01 2098026    /lib/i386-linux-gnu/libnss_files-2.15.so
00418000-00419000 rw-p 0000b000 08:01 2098026    /lib/i386-linux-gnu/libnss_files-2.15.so
00419000-00421000 r-xp 00000000 08:01 1837359    /usr/lib/jvm/java-7-openjdk-i386/jre/lib/i386/libzip.so
00421000-00422000 r--p 00007000 08:01 1837359    /usr/lib/jvm/java-7-openjdk-i386/jre/lib/i386/libzip.so
00422000-00423000 rw-p 00008000 08:01 1837359    /usr/lib/jvm/java-7-openjdk-i386/jre/lib/i386/libzip.so
00423000-004b3000 r-xp 00000000 08:01 1837357    /usr/lib/jvm/java-7-openjdk-i386/jre/lib/i386/libawt.so
004b3000-004b4000 r--p 00090000 08:01 1837357    /usr/lib/jvm/java-7-openjdk-i386/jre/lib/i386/libawt.so
004b4000-004bb000 rw-p 00091000 08:01 1837357    /usr/lib/jvm/java-7-openjdk-i386/jre/lib/i386/libawt.so
004bb000-004df000 rw-p 00000000 00:00 0 
004df000-004ef000 r-xp 00000000 08:01 1707120    /usr/lib/i386-linux-gnu/libXext.so.6.4.0
004ef000-004f0000 r--p 0000f000 08:01 1707120    /usr/lib/i386-linux-gnu/libXext.so.6.4.0
004f0000-004f1000 rw-p 00010000 08:01 1707120    /usr/lib/i386-linux-gnu/libXext.so.6.4.0
004f1000-004f6000 r-xp 00000000 08:01 1707424    /usr/lib/i386-linux-gnu/libXtst.so.6.1.0
004f6000-004f7000 r--p 00004000 08:01 1707424    /usr/lib/i386-linux-gnu/libXtst.so.6.1.0
004f7000-004f8000 rw-p 00005000 08:01 1707424    /usr/lib/i386-linux-gnu/libXtst.so.6.1.0
004f8000-00506000 r-xp 00000000 08:01 1707177    /usr/lib/i386-linux-gnu/libXi.so.6.1.0
00506000-00507000 r--p 0000d000 08:01 1707177    /usr/lib/i386-linux-gnu/libXi.so.6.1.0
00507000-00508000 rw-p 0000e000 08:01 1707177    /usr/lib/i386-linux-gnu/libXi.so.6.1.0
00508000-0050c000 r-xp 00000000 08:01 1704744    /usr/lib/i386-linux-gnu/libXfixes.so.3.1.0
0050c000-0050d000 r--p 00004000 08:01 1704744    /usr/lib/i386-linux-gnu/libXfixes.so.3.1.0
0050d000-0050e000 rw-p 00005000 08:01 1704744    /usr/lib/i386-linux-gnu/libXfixes.so.3.1.0
0050e000-00510000 r-xp 00000000 08:01 1705578    /usr/lib/i386-linux-gnu/libXinerama.so.1.0.0
00510000-00511000 r--p 00001000 08:01 1705578    /usr/lib/i386-linux-gnu/libXinerama.so.1.0.0
00511000-00512000 rw-p 00002000 08:01 1705578    /usr/lib/i386-linux-gnu/libXinerama.so.1.0.0
00512000-0052e000 r-xp 00000000 08:01 2098084    /lib/i386-linux-gnu/libgcc_s.so.1
0052e000-0052f000 r--p 0001b000 08:01 2098084    /lib/i386-linux-gnu/libgcc_s.so.1
0052f000-00530000 rw-p 0001c000 08:01 2098084    /lib/i386-linux-gnu/libgcc_s.so.1
00530000-00582000 r-xp 00000000 08:01 1969852    /usr/lib/jvm/java-7-openjdk-i386/jre/lib/i386/xawt/libmawt.so
00582000-00583000 r--p 00051000 08:01 1969852    /usr/lib/jvm/java-7-openjdk-i386/jre/lib/i386/xawt/libmawt.so
00583000-00585000 rw-p 00052000 08:01 1969852    /usr/lib/jvm/java-7-openjdk-i386/jre/lib/i386/xawt/libmawt.so
00585000-00586000 rw-p 00000000 00:00 0 
00586000-005a5000 r-xp 00000000 08:01 1708382    /usr/lib/i386-linux-gnu/libgdk_pixbuf-2.0.so.0.2600.1
005a5000-005a6000 r--p 0001e000 08:01 1708382    /usr/lib/i386-linux-gnu/libgdk_pixbuf-2.0.so.0.2600.1
005a6000-005a7000 rw-p 0001f000 08:01 1708382    /usr/lib/i386-linux-gnu/libgdk_pixbuf-2.0.so.0.2600.1
005a7000-005b2000 r-xp 00000000 08:01 1708068    /usr/lib/i386-linux-gnu/libpangocairo-1.0.so.0.3000.0
005b2000-005b3000 r--p 0000a000 08:01 1708068    /usr/lib/i386-linux-gnu/libpangocairo-1.0.so.0.3000.0
005b3000-005b4000 rw-p 0000b000 08:01 1708068    /usr/lib/i386-linux-gnu/libpangocairo-1.0.so.0.3000.0
005b4000-005bb000 r-xp 00000000 08:01 1709192    /usr/lib/i386-linux-gnu/libXrandr.so.2.2.0
005bb000-005bc000 r--p 00006000 08:01 1709192    /usr/lib/i386-linux-gnu/libXrandr.so.2.2.0
005bc000-005bd000 rw-p 00007000 08:01 1709192    /usr/lib/i386-linux-gnu/libXrandr.so.2.2.0
005bd000-005bf000 r-xp 00000000 08:01 1707115    /usr/lib/i386-linux-gnu/libXcomposite.so.1.0.0
005bf000-005c0000 r--p 00001000 08:01 1707115    /usr/lib/i386-linux-gnu/libXcomposite.so.1.0.0
005c0000-005c1000 rw-p 00002000 08:01 1707115    /usr/lib/i386-linux-gnu/libXcomposite.so.1.0.0
005c1000-005c3000 r-xp 00000000 08:01 1707118    /usr/lib/i386-linux-gnu/libXdamage.so.1.1.0
005c3000-005c4000 r--p 00001000 08:01 1707118    /usr/lib/i386-linux-gnu/libXdamage.so.1.1.0
005c4000-005c5000 rw-p 00002000 08:01 1707118    /usr/lib/i386-linux-gnu/libXdamage.so.1.1.0
005c6000-005c7000 r-xp 00000000 00:00 0          [vdso]
005c7000-006f7000 r-xp 00000000 08:01 1709768    /usr/lib/i386-linux-gnu/libX11.so.6.3.0
006f7000-006f8000 r--p 0012f000 08:01 1709768    /usr/lib/i386-linux-gnu/libX11.so.6.3.0
006f8000-006fa000 rw-p 00130000 08:01 1709768    /usr/lib/i386-linux-gnu/libX11.so.6.3.0
006fa000-006fb000 rw-p 00000000 00:00 0 
006fb000-007a6000 r-xp 00000000 08:01 1707113    /usr/lib/i386-linux-gnu/libgdk-x11-2.0.so.0.2400.10
007a6000-007a7000 ---p 000ab000 08:01 1707113    /usr/lib/i386-linux-gnu/libgdk-x11-2.0.so.0.2400.10
007a7000-007a9000 r--p 000ab000 08:01 1707113    /usr/lib/i386-linux-gnu/libgdk-x11-2.0.so.0.2400.10
007a9000-007aa000 rw-p 000ad000 08:01 1707113    /usr/lib/i386-linux-gnu/libgdk-x11-2.0.so.0.2400.10
007aa000-007b3000 r-xp 00000000 08:01 1709176    /usr/lib/i386-linux-gnu/libXcursor.so.1.0.2
007b3000-007b4000 r--p 00008000 08:01 1709176    /usr/lib/i386-linux-gnu/libXcursor.so.1.0.2
007b4000-007b5000 rw-p 00009000 08:01 1709176    /usr/lib/i386-linux-gnu/libXcursor.so.1.0.2
007b5000-007b8000 r-xp 00000000 08:01 1705745    /usr/lib/i386-linux-gnu/libgmodule-2.0.so.0.3200.3
007b8000-007b9000 r--p 00002000 08:01 1705745    /usr/lib/i386-linux-gnu/libgmodule-2.0.so.0.3200.3
007b9000-007ba000 rw-p 00003000 08:01 1705745    /usr/lib/i386-linux-gnu/libgmodule-2.0.so.0.3200.3
007bc000-007c4000 r-xp 00000000 08:01 1706435    /usr/lib/i386-linux-gnu/libXrender.so.1.3.0
007c4000-007c5000 r--p 00007000 08:01 1706435    /usr/lib/i386-linux-gnu/libXrender.so.1.3.0
007c5000-007c6000 rw-p 00008000 08:01 1706435    /usr/lib/i386-linux-gnu/libXrender.so.1.3.0
007c6000-0080d000 r-xp 00000000 08:01 1705072    /usr/lib/i386-linux-gnu/libpango-1.0.so.0.3000.0
0080d000-0080e000 ---p 00047000 08:01 1705072    /usr/lib/i386-linux-gnu/libpango-1.0.so.0.3000.0
0080e000-0080f000 r--p 00047000 08:01 1705072    /usr/lib/i386-linux-gnu/libpango-1.0.so.0.3000.0
0080f000-00810000 rw-p 00048000 08:01 1705072    /usr/lib/i386-linux-gnu/libpango-1.0.so.0.3000.0
00810000-00842000 r-xp 00000000 08:01 1704163    /usr/lib/i386-linux-gnu/libfontconfig.so.1.4.4
00842000-00843000 r--p 00032000 08:01 1704163    /usr/lib/i386-linux-gnu/libfontconfig.so.1.4.4
00843000-00844000 rw-p 00033000 08:01 1704163    /usr/lib/i386-linux-gnu/libfontconfig.so.1.4.4
00844000-00863000 r-xp 00000000 08:01 1706429    /usr/lib/i386-linux-gnu/libxcb.so.1.1.0
00863000-00864000 r--p 0001f000 08:01 1706429    /usr/lib/i386-linux-gnu/libxcb.so.1.1.0
00864000-00865000 rw-p 00020000 08:01 1706429    /usr/lib/i386-linux-gnu/libxcb.so.1.1.0
00865000-00878000 r-xp 00000000 08:01 2098027    /lib/i386-linux-gnu/libresolv-2.15.so
00878000-00879000 ---p 00013000 08:01 2098027    /lib/i386-linux-gnu/libresolv-2.15.so
00879000-0087a000 r--p 00013000 08:01 2098027    /lib/i386-linux-gnu/libresolv-2.15.so
0087a000-0087b000 rw-p 00014000 08:01 2098027    /lib/i386-linux-gnu/libresolv-2.15.so
0087b000-0087d000 rw-p 00000000 00:00 0 
00880000-00887000 r-xp 00000000 08:01 2098029    /lib/i386-linux-gnu/librt-2.15.so
00887000-00888000 r--p 00006000 08:01 2098029    /lib/i386-linux-gnu/librt-2.15.so
00888000-00889000 rw-p 00007000 08:01 2098029    /lib/i386-linux-gnu/librt-2.15.so
00889000-008a6000 r-xp 00000000 08:01 1704114    /usr/lib/i386-linux-gnu/libatk-1.0.so.0.20409.1
008a6000-008a8000 r--p 0001c000 08:01 1704114    /usr/lib/i386-linux-gnu/libatk-1.0.so.0.20409.1
008a8000-008a9000 rw-p 0001e000 08:01 1704114    /usr/lib/i386-linux-gnu/libatk-1.0.so.0.20409.1
008a9000-008ae000 r-xp 00000000 08:01 1706441    /usr/lib/i386-linux-gnu/libffi.so.6.0.0
008ae000-008af000 r--p 00004000 08:01 1706441    /usr/lib/i386-linux-gnu/libffi.so.6.0.0
008af000-008b0000 rw-p 00005000 08:01 1706441    /usr/lib/i386-linux-gnu/libffi.so.6.0.0
008b0000-008bc000 r-xp 00000000 08:01 1705828    /usr/lib/i386-linux-gnu/libavahi-common.so.3.5.3
008bc000-008bd000 r--p 0000b000 08:01 1705828    /usr/lib/i386-linux-gnu/libavahi-common.so.3.5.3
008bd000-008be000 rw-p 0000c000 08:01 1705828    /usr/lib/i386-linux-gnu/libavahi-common.so.3.5.3
008be000-008c0000 r-xp 00000000 08:01 1705108    /usr/lib/i386-linux-gnu/libXau.so.6.0.0
008c0000-008c1000 r--p 00001000 08:01 1705108    /usr/lib/i386-linux-gnu/libXau.so.6.0.0
008c1000-008c2000 rw-p 00002000 08:01 1705108    /usr/lib/i386-linux-gnu/libXau.so.6.0.0
008c2000-008c4000 r-xp 00000000 08:01 1706433    /usr/lib/i386-linux-gnu/libxcb-shm.so.0.0.0
008c4000-008c5000 r--p 00001000 08:01 1706433    /usr/lib/i386-linux-gnu/libxcb-shm.so.0.0.0
008c5000-008c6000 rw-p 00002000 08:01 1706433    /usr/lib/i386-linux-gnu/libxcb-shm.so.0.0.0
008c6000-008f0000 r-xp 00000000 08:01 2098033    /lib/i386-linux-gnu/libm-2.15.so
008f0000-008f1000 r--p 00029000 08:01 2098033    /lib/i386-linux-gnu/libm-2.15.so
008f1000-008f2000 rw-p 0002a000 08:01 2098033    /lib/i386-linux-gnu/libm-2.15.so
008f2000-00a45000 r-xp 00000000 08:01 1705743    /usr/lib/i386-linux-gnu/libgio-2.0.so.0.3200.3
00a45000-00a47000 r--p 00153000 08:01 1705743    /usr/lib/i386-linux-gnu/libgio-2.0.so.0.3200.3
00a47000-00a48000 rw-p 00155000 08:01 1705743    /usr/lib/i386-linux-gnu/libgio-2.0.so.0.3200.3
00a48000-00a49000 rw-p 00000000 00:00 0 
00a49000-00a73000 r-xp 00000000 08:01 1708070    /usr/lib/i386-linux-gnu/libpangoft2-1.0.so.0.3000.0
00a73000-00a74000 r--p 00029000 08:01 1708070    /usr/lib/i386-linux-gnu/libpangoft2-1.0.so.0.3000.0
00a74000-00a75000 rw-p 0002a000 08:01 1708070    /usr/lib/i386-linux-gnu/libpangoft2-1.0.so.0.3000.0
00a75000-00a81000 r-xp 00000000 08:01 1837363    /usr/lib/jvm/java-7-openjdk-i386/jre/lib/i386/jli/libjli.so
00a81000-00a82000 r--p 0000c000 08:01 1837363    /usr/lib/jvm/java-7-openjdk-i386/jre/lib/i386/jli/libjli.so
00a82000-00a83000 rw-p 0000d000 08:01 1837363    /usr/lib/jvm/java-7-openjdk-i386/jre/lib/i386/jli/libjli.so
00a83000-00ad0000 r-xp 00000000 08:01 1705746    /usr/lib/i386-linux-gnu/libgobject-2.0.so.0.3200.3
00ad0000-00ad1000 r--p 0004c000 08:01 1705746    /usr/lib/i386-linux-gnu/libgobject-2.0.so.0.3200.3
00ad1000-00ad2000 rw-p 0004d000 08:01 1705746    /usr/lib/i386-linux-gnu/libgobject-2.0.so.0.3200.3
00ad2000-00ade000 r-xp 00000000 08:01 1837379    /usr/lib/jvm/java-7-openjdk-i386/jre/lib/i386/libverify.so
00ade000-00adf000 r--p 0000b000 08:01 1837379    /usr/lib/jvm/java-7-openjdk-i386/jre/lib/i386/libverify.so
00adf000-00ae0000 rw-p 0000c000 08:01 1837379    /usr/lib/jvm/java-7-openjdk-i386/jre/lib/i386/libverify.so
00ae0000-00af0000 r-xp 00000000 08:01 1706813    /usr/lib/i386-linux-gnu/libavahi-client.so.3.2.9
00af0000-00af1000 r--p 0000f000 08:01 1706813    /usr/lib/i386-linux-gnu/libavahi-client.so.3.2.9
00af1000-00af2000 rw-p 00010000 08:01 1706813    /usr/lib/i386-linux-gnu/libavahi-client.so.3.2.9
00af2000-00af7000 r-xp 00000000 08:01 1706425    /usr/lib/i386-linux-gnu/libXdmcp.so.6.0.0
00af7000-00af8000 r--p 00004000 08:01 1706425    /usr/lib/i386-linux-gnu/libXdmcp.so.6.0.0
00af8000-00af9000 rw-p 00005000 08:01 1706425    /usr/lib/i386-linux-gnu/libXdmcp.so.6.0.0
00afa000-00b04000 r-xp 00000000 08:01 2098030    /lib/i386-linux-gnu/libnss_nis-2.15.so
00b04000-00b05000 r--p 00009000 08:01 2098030    /lib/i386-linux-gnu/libnss_nis-2.15.so
00b05000-00b06000 rw-p 0000a000 08:01 2098030    /lib/i386-linux-gnu/libnss_nis-2.15.so
00b06000-00b23000 r-xp 00000000 08:01 2097208    /lib/i386-linux-gnu/libselinux.so.1
00b23000-00b24000 r--p 0001c000 08:01 2097208    /lib/i386-linux-gnu/libselinux.so.1
00b24000-00b25000 rw-p 0001d000 08:01 2097208    /lib/i386-linux-gnu/libselinux.so.1
00b25000-00b28000 r-xp 00000000 08:01 2097187    /lib/i386-linux-gnu/libcom_err.so.2.1
00b28000-00b29000 r--p 00002000 08:01 2097187    /lib/i386-linux-gnu/libcom_err.so.2.1
00b29000-00b2a000 rw-p 00003000 08:01 2097187    /lib/i386-linux-gnu/libcom_err.so.2.1
00b2a000-00b4a000 r-xp 00000000 08:01 2098034    /lib/i386-linux-gnu/ld-2.15.so
00b4a000-00b4b000 r--p 0001f000 08:01 2098034    /lib/i386-linux-gnu/ld-2.15.so
00b4b000-00b4c000 rw-p 00020000 08:01 2098034    /lib/i386-linux-gnu/ld-2.15.so
00b4c000-00b9b000 r-xp 00000000 08:01 1707492    /usr/lib/i386-linux-gnu/libcups.so.2
00b9b000-00b9e000 r--p 0004e000 08:01 1707492    /usr/lib/i386-linux-gnu/libcups.so.2
00b9e000-00b9f000 rw-p 00051000 08:01 1707492    /usr/lib/i386-linux-gnu/libcups.so.2
00b9f000-00ba7000 r-xp 00000000 08:01 1706431    /usr/lib/i386-linux-gnu/libxcb-render.so.0.0.0
00ba7000-00ba8000 r--p 00008000 08:01 1706431    /usr/lib/i386-linux-gnu/libxcb-render.so.0.0.0
00ba8000-00ba9000 rw-p 00009000 08:01 1706431    /usr/lib/i386-linux-gnu/libxcb-render.so.0.0.0
00ba9000-00bab000 r-xp 00000000 08:01 2098185    /lib/i386-linux-gnu/libkeyutils.so.1.4
00bab000-00bac000 r--p 00002000 08:01 2098185    /lib/i386-linux-gnu/libkeyutils.so.1.4
00bac000-00bad000 rw-p 00003000 08:01 2098185    /lib/i386-linux-gnu/libkeyutils.so.1.4
00bb1000-00bc8000 r-xp 00000000 08:01 2098031    /lib/i386-linux-gnu/libpthread-2.15.so
00bc8000-00bc9000 r--p 00016000 08:01 2098031    /lib/i386-linux-gnu/libpthread-2.15.so
00bc9000-00bca000 rw-p 00017000 08:01 2098031    /lib/i386-linux-gnu/libpthread-2.15.so
00bca000-00bcc000 rw-p 00000000 00:00 0 
00bcc000-014b1000 r-xp 00000000 08:01 1837373    /usr/lib/jvm/java-7-openjdk-i386/jre/lib/i386/server/libjvm.so
014b1000-014f8000 r--p 008e4000 08:01 1837373    /usr/lib/jvm/java-7-openjdk-i386/jre/lib/i386/server/libjvm.so
014f8000-0150c000 rw-p 0092b000 08:01 1837373    /usr/lib/jvm/java-7-openjdk-i386/jre/lib/i386/server/libjvm.so
0150c000-01928000 rw-p 00000000 00:00 0 
01928000-01962000 r-xp 00000000 08:01 2098175    /lib/i386-linux-gnu/libpcre.so.3.12.1
01962000-01963000 r--p 00039000 08:01 2098175    /lib/i386-linux-gnu/libpcre.so.3.12.1
01963000-01964000 rw-p 0003a000 08:01 2098175    /lib/i386-linux-gnu/libpcre.so.3.12.1
01964000-0199e000 r-xp 00000000 08:01 1837391    /usr/lib/jvm/java-7-openjdk-i386/jre/lib/i386/libfontmanager.so
0199e000-0199f000 ---p 0003a000 08:01 1837391    /usr/lib/jvm/java-7-openjdk-i386/jre/lib/i386/libfontmanager.so
0199f000-019a0000 r--p 0003a000 08:01 1837391    /usr/lib/jvm/java-7-openjdk-i386/jre/lib/i386/libfontmanager.so
019a0000-019a1000 rw-p 0003b000 08:01 1837391    /usr/lib/jvm/java-7-openjdk-i386/jre/lib/i386/libfontmanager.so
019a1000-019c0000 r-xp 00000000 08:01 1713812    /usr/lib/libnimRecorder.so
019c0000-019c1000 r--p 0001f000 08:01 1713812    /usr/lib/libnimRecorder.so
019c1000-019c2000 rw-p 00020000 08:01 1713812    /usr/lib/libnimRecorder.so
019c2000-01ba9000 r-xp 00000000 08:01 1708023    /usr/lib/libXnVFeatures_1_4_1.so
01ba9000-01bac000 r--p 001e6000 08:01 1708023    /usr/lib/libXnVFeatures_1_4_1.so
01bac000-01bad000 rw-p 001e9000 08:01 1708023    /usr/lib/libXnVFeatures_1_4_1.so
01bad000-01bb2000 rw-p 00000000 00:00 0 
01bb2000-01bd9000 r-xp 00000000 08:01 1708045    /usr/lib/libXnDeviceFile.so
01bd9000-01bda000 r--p 00027000 08:01 1708045    /usr/lib/libXnDeviceFile.so
01bda000-01bdb000 rw-p 00028000 08:01 1708045    /usr/lib/libXnDeviceFile.so
01c06000-01c4d000 r-xp 00000000 08:01 2097236    /lib/i386-linux-gnu/libdbus-1.so.3.5.8
01c4d000-01c4e000 r--p 00047000 08:01 2097236    /lib/i386-linux-gnu/libdbus-1.so.3.5.8
01c4e000-01c4f000 rw-p 00048000 08:01 2097236    /lib/i386-linux-gnu/libdbus-1.so.3.5.8
01c62000-020c2000 r-xp 00000000 08:01 1707112    /usr/lib/i386-linux-gnu/libgtk-x11-2.0.so.0.2400.10
020c2000-020c6000 r--p 00460000 08:01 1707112    /usr/lib/i386-linux-gnu/libgtk-x11-2.0.so.0.2400.10
020c6000-020c8000 rw-p 00464000 08:01 1707112    /usr/lib/i386-linux-gnu/libgtk-x11-2.0.so.0.2400.10
020c8000-020ca000 rw-p 00000000 00:00 0 
020ca000-0219f000 r-xp 00000000 08:01 1708040    /usr/lib/libXnVHandGenerator_1_4_2.so
0219f000-021a0000 ---p 000d5000 08:01 1708040    /usr/lib/libXnVHandGenerator_1_4_2.so
021a0000-021a2000 r--p 000d5000 08:01 1708040    /usr/lib/libXnVHandGenerator_1_4_2.so
021a2000-021a3000 rw-p 000d7000 08:01 1708040    /usr/lib/libXnVHandGenerator_1_4_2.so
021a3000-021a5000 rw-p 00000000 00:00 0 
021ae000-02241000 r-xp 00000000 08:01 1704171    /usr/lib/i386-linux-gnu/libpixman-1.so.0.24.4
02241000-02245000 r--p 00092000 08:01 1704171    /usr/lib/i386-linux-gnu/libpixman-1.so.0.24.4
02245000-02246000 rw-p 00096000 08:01 1704171    /usr/lib/i386-linux-gnu/libpixman-1.so.0.24.4
02246000-0233c000 r-xp 00000000 08:01 1708041    /usr/lib/libXnVHandGenerator_1_5_2.so
0233c000-0233f000 r--p 000f5000 08:01 1708041    /usr/lib/libXnVHandGenerator_1_5_2.so
0233f000-02340000 rw-p 000f8000 08:01 1708041    /usr/lib/libXnVHandGenerator_1_5_2.so
02340000-0234c000 rw-p 00000000 00:00 0 
0234c000-023cc000 r-xp 00000000 08:01 1708046    /usr/lib/libXnDeviceSensorV2KM.so
023cc000-023cd000 ---p 00080000 08:01 1708046    /usr/lib/libXnDeviceSensorV2KM.so
023cd000-023d5000 r--p 00080000 08:01 1708046    /usr/lib/libXnDeviceSensorV2KM.so
023d5000-023d6000 rw-p 00088000 08:01 1708046    /usr/lib/libXnDeviceSensorV2KM.so
02419000-0242f000 r-xp 00000000 08:01 1837388    /usr/lib/jvm/java-7-openjdk-i386/jre/lib/i386/libnet.so
0242f000-02430000 r--p 00015000 08:01 1837388    /usr/lib/jvm/java-7-openjdk-i386/jre/lib/i386/libnet.so
02430000-02431000 rw-p 00016000 08:01 1837388    /usr/lib/jvm/java-7-openjdk-i386/jre/lib/i386/libnet.so
02431000-02618000 r-xp 00000000 08:01 1708028    /usr/lib/libXnVFeatures_1_4_2.so
02618000-0261b000 r--p 001e6000 08:01 1708028    /usr/lib/libXnVFeatures_1_4_2.so
0261b000-0261c000 rw-p 001e9000 08:01 1708028    /usr/lib/libXnVFeatures_1_4_2.so
0261c000-02621000 rw-p 00000000 00:00 0 
02621000-02a3c000 r-xp 00000000 08:01 1708035    /usr/lib/libXnVFeatures_1_5_2.so
02a3c000-02a44000 r--p 0041a000 08:01 1708035    /usr/lib/libXnVFeatures_1_5_2.so
02a44000-02a45000 rw-p 00422000 08:01 1708035    /usr/lib/libXnVFeatures_1_5_2.so
02a45000-02a59000 rw-p 00000000 00:00 0 
02ac5000-02ad6000 r-xp 00000000 08:01 1837358    /usr/lib/jvm/java-7-openjdk-i386/jre/lib/i386/libnio.so
02ad6000-02ad7000 r--p 00010000 08:01 1837358    /usr/lib/jvm/java-7-openjdk-i386/jre/lib/i386/libnio.so
02ad7000-02ad8000 rw-p 00011000 08:01 1837358    /usr/lib/jvm/java-7-openjdk-i386/jre/lib/i386/libnio.so
02ad8000-02b62000 r-xp 00000000 08:01 1709462    /usr/lib/libXnDeviceSensorV2.so
02b62000-02b6a000 r--p 0008a000 08:01 1709462    /usr/lib/libXnDeviceSensorV2.so
02b6a000-02b6b000 rw-p 00092000 08:01 1709462    /usr/lib/libXnDeviceSensorV2.so
033e6000-03412000 r-xp 00000000 08:01 1713811    /usr/lib/libnimMockNodes.so
03412000-03419000 r--p 0002b000 08:01 1713811    /usr/lib/libnimMockNodes.so
03419000-0341a000 rw-p 00032000 08:01 1713811    /usr/lib/libnimMockNodes.so
03857000-03867000 r-xp 00000000 08:01 1707354    /usr/lib/i386-linux-gnu/libp11-kit.so.0.0.0
03867000-03868000 r--p 0000f000 08:01 1707354    /usr/lib/i386-linux-gnu/libp11-kit.so.0.0.0
03868000-03869000 rw-p 00010000 08:01 1707354    /usr/lib/i386-linux-gnu/libp11-kit.so.0.0.0
03a56000-03a7c000 r-xp 00000000 08:01 1705544    /usr/lib/i386-linux-gnu/libk5crypto.so.3.1
03a7c000-03a7d000 r--p 00025000 08:01 1705544    /usr/lib/i386-linux-gnu/libk5crypto.so.3.1
03a7d000-03a7e000 rw-p 00026000 08:01 1705544    /usr/lib/i386-linux-gnu/libk5crypto.so.3.1
03f93000-0405b000 r-xp 00000000 08:01 1705541    /usr/lib/i386-linux-gnu/libkrb5.so.3.3
0405b000-04061000 r--p 000c7000 08:01 1705541    /usr/lib/i386-linux-gnu/libkrb5.so.3.3
04061000-04062000 rw-p 000cd000 08:01 1705541    /usr/lib/i386-linux-gnu/libkrb5.so.3.3
0442b000-044c0000 r-xp 00000000 08:01 1704168    /usr/lib/i386-linux-gnu/libfreetype.so.6.8.0
044c0000-044c4000 r--p 00094000 08:01 1704168    /usr/lib/i386-linux-gnu/libfreetype.so.6.8.0
044c4000-044c5000 rw-p 00098000 08:01 1704168    /usr/lib/i386-linux-gnu/libfreetype.so.6.8.0
04bd8000-04ccf000 r-xp 00000000 08:01 2098053    /lib/i386-linux-gnu/libglib-2.0.so.0.3200.3
04ccf000-04cd0000 r--p 000f6000 08:01 2098053    /lib/i386-linux-gnu/libglib-2.0.so.0.3200.3
04cd0000-04cd1000 rw-p 000f7000 08:01 2098053    /lib/i386-linux-gnu/libglib-2.0.so.0.3200.3
05195000-05254000 r-xp 00000000 08:01 1714074    /usr/lib/i386-linux-gnu/libgnutls.so.26.21.8
05254000-05258000 r--p 000be000 08:01 1714074    /usr/lib/i386-linux-gnu/libgnutls.so.26.21.8
05258000-05259000 rw-p 000c2000 08:01 1714074    /usr/lib/i386-linux-gnu/libgnutls.so.26.21.8
052dd000-05322000 r-xp 00000000 08:01 1708044    /usr/lib/libXnDDK.so
05322000-05324000 r--p 00044000 08:01 1708044    /usr/lib/libXnDDK.so
05324000-05325000 rw-p 00046000 08:01 1708044    /usr/lib/libXnDDK.so
05498000-0549b000 r-xp 00000000 08:01 2098070    /lib/i386-linux-gnu/libgpg-error.so.0.8.0
0549b000-0549c000 r--p 00002000 08:01 2098070    /lib/i386-linux-gnu/libgpg-error.so.0.8.0
0549c000-0549d000 rw-p 00003000 08:01 2098070    /lib/i386-linux-gnu/libgpg-error.so.0.8.0
05785000-057a9000 r-xp 00000000 08:01 1708047    /usr/lib/libXnFormats.so
057a9000-057aa000 r--p 00023000 08:01 1708047    /usr/lib/libXnFormats.so
057aa000-057ab000 rw-p 00024000 08:01 1708047    /usr/lib/libXnFormats.so
057ab000-057cb000 rw-p 00000000 00:00 0 
05c0e000-05ce8000 r-xp 00000000 08:01 1707368    /usr/lib/libXnVNite_1_5_2.so
05ce8000-05cea000 r--p 000da000 08:01 1707368    /usr/lib/libXnVNite_1_5_2.so
05cea000-05ceb000 rw-p 000dc000 08:01 1707368    /usr/lib/libXnVNite_1_5_2.so
05dd9000-05e5b000 r-xp 00000000 08:01 2098111    /lib/i386-linux-gnu/libgcrypt.so.11.7.0
05e5b000-05e5c000 r--p 00081000 08:01 2098111    /lib/i386-linux-gnu/libgcrypt.so.11.7.0
05e5c000-05e5e000 rw-p 00082000 08:01 2098111    /lib/i386-linux-gnu/libgcrypt.so.11.7.0
06461000-06496000 r-xp 00000000 08:01 1713810    /usr/lib/libnimCodecs.so
06496000-06498000 r--p 00034000 08:01 1713810    /usr/lib/libnimCodecs.so
06498000-06499000 rw-p 00036000 08:01 1713810    /usr/lib/libnimCodecs.so
06499000-064b9000 rw-p 00000000 00:00 0 
069f0000-06a16000 r-xp 00000000 08:01 2097180    /lib/i386-linux-gnu/libexpat.so.1.5.2
06a16000-06a17000 ---p 00026000 08:01 2097180    /lib/i386-linux-gnu/libexpat.so.1.5.2
06a17000-06a19000 r--p 00026000 08:01 2097180    /lib/i386-linux-gnu/libexpat.so.1.5.2
06a19000-06a1a000 rw-p 00028000 08:01 2097180    /lib/i386-linux-gnu/libexpat.so.1.5.2
06ab7000-06aba000 r-xp 00000000 08:01 1708043    /usr/lib/libXnCore.so
06aba000-06abb000 r--p 00002000 08:01 1708043    /usr/lib/libXnCore.so
06abb000-06abc000 rw-p 00003000 08:01 1708043    /usr/lib/libXnCore.so
06ac3000-06aca000 r-xp 00000000 08:01 1708190    /usr/lib/i386-linux-gnu/libkrb5support.so.0.1
06aca000-06acb000 r--p 00006000 08:01 1708190    /usr/lib/i386-linux-gnu/libkrb5support.so.0.1
06acb000-06acc000 rw-p 00007000 08:01 1708190    /usr/lib/i386-linux-gnu/libkrb5support.so.0.1
06bf2000-06c00000 r-xp 00000000 08:01 2097259    /lib/i386-linux-gnu/libusb-1.0.so.0.1.0
06c00000-06c01000 r--p 0000d000 08:01 2097259    /lib/i386-linux-gnu/libusb-1.0.so.0.1.0
06c01000-06c02000 rw-p 0000e000 08:01 2097259    /lib/i386-linux-gnu/libusb-1.0.so.0.1.0
07085000-0713b000 r-xp 00000000 08:01 3803206    /home/odairbonin/workspace_oficina_kinect/PrimeiroKinect/lib/user/libSimpleOpenNI32.so
0713b000-0713d000 r--p 000b5000 08:01 3803206    /home/odairbonin/workspace_oficina_kinect/PrimeiroKinect/lib/user/libSimpleOpenNI32.so
0713d000-0713f000 rw-p 000b7000 08:01 3803206    /home/odairbonin/workspace_oficina_kinect/PrimeiroKinect/lib/user/libSimpleOpenNI32.so
0748d000-0750a000 r-xp 00000000 08:01 1713814    /usr/lib/libOpenNI.so
0750a000-0750c000 r--p 0007c000 08:01 1713814    /usr/lib/libOpenNI.so
0750c000-0750e000 rw-p 0007e000 08:01 1713814    /usr/lib/libOpenNI.so
07872000-07939000 r-xp 00000000 08:01 1706437    /usr/lib/i386-linux-gnu/libcairo.so.2.11000.2
07939000-0793a000 r--p 000c7000 08:01 1706437    /usr/lib/i386-linux-gnu/libcairo.so.2.11000.2
0793a000-0793b000 rw-p 000c8000 08:01 1706437    /usr/lib/i386-linux-gnu/libcairo.so.2.11000.2
0793b000-0793d000 rw-p 00000000 00:00 0 
07dcd000-07ea1000 r-xp 00000000 08:01 1708039    /usr/lib/libXnVHandGenerator_1_4_1.so
07ea1000-07ea2000 ---p 000d4000 08:01 1708039    /usr/lib/libXnVHandGenerator_1_4_1.so
07ea2000-07ea4000 r--p 000d4000 08:01 1708039    /usr/lib/libXnVHandGenerator_1_4_1.so
07ea4000-07ea5000 rw-p 000d6000 08:01 1708039    /usr/lib/libXnVHandGenerator_1_4_1.so
07ea5000-07ea7000 rw-p 00000000 00:00 0 
08048000-08049000 r-xp 00000000 08:01 1837321    /usr/lib/jvm/java-7-openjdk-i386/jre/bin/java
08049000-0804a000 r--p 00000000 08:01 1837321    /usr/lib/jvm/java-7-openjdk-i386/jre/bin/java
0804a000-0804b000 rw-p 00001000 08:01 1837321    /usr/lib/jvm/java-7-openjdk-i386/jre/bin/java
082db000-082eb000 r-xp 00000000 08:01 1704083    /usr/lib/i386-linux-gnu/libtasn1.so.3.1.12
082eb000-082ec000 r--p 0000f000 08:01 1704083    /usr/lib/i386-linux-gnu/libtasn1.so.3.1.12
082ec000-082ed000 rw-p 00010000 08:01 1704083    /usr/lib/i386-linux-gnu/libtasn1.so.3.1.12
08356000-08574000 r-xp 00000000 08:01 1708018    /usr/lib/libXnVFeatures_1_3_1.so
08574000-08575000 ---p 0021e000 08:01 1708018    /usr/lib/libXnVFeatures_1_3_1.so
08575000-08578000 r--p 0021e000 08:01 1708018    /usr/lib/libXnVFeatures_1_3_1.so
08578000-08579000 rw-p 00221000 08:01 1708018    /usr/lib/libXnVFeatures_1_3_1.so
08579000-0857e000 rw-p 00000000 00:00 0 
085c6000-085ee000 r-xp 00000000 08:01 2097257    /lib/i386-linux-gnu/libpng12.so.0.46.0
085ee000-085ef000 r--p 00027000 08:01 2097257    /lib/i386-linux-gnu/libpng12.so.0.46.0
085ef000-085f0000 rw-p 00028000 08:01 2097257    /lib/i386-linux-gnu/libpng12.so.0.46.0
08e70000-08f4e000 r-xp 00000000 08:01 1708038    /usr/lib/libXnVHandGenerator_1_3_1.so
08f4e000-08f51000 r--p 000dd000 08:01 1708038    /usr/lib/libXnVHandGenerator_1_3_1.so
08f51000-08f52000 rw-p 000e0000 08:01 1708038    /usr/lib/libXnVHandGenerator_1_3_1.so
08f52000-08f54000 rw-p 00000000 00:00 0 
09413000-0944e000 r-xp 00000000 08:01 1704422    /usr/lib/i386-linux-gnu/libgssapi_krb5.so.2.2
0944e000-0944f000 ---p 0003b000 08:01 1704422    /usr/lib/i386-linux-gnu/libgssapi_krb5.so.2.2
0944f000-09450000 r--p 0003b000 08:01 1704422    /usr/lib/i386-linux-gnu/libgssapi_krb5.so.2.2
09450000-09451000 rw-p 0003c000 08:01 1704422    /usr/lib/i386-linux-gnu/libgssapi_krb5.so.2.2
099e0000-09bdf000 rw-p 00000000 00:00 0          [heap]
7da00000-7da8e000 rw-p 00000000 00:00 0 
7da8e000-7db00000 ---p 00000000 00:00 0 
7db0d000-7dc00000 rwxp 00000000 00:00 0 
7dc00000-7dc84000 rw-p 00000000 00:00 0 
7dc84000-7dd00000 ---p 00000000 00:00 0 
7dd0d000-7de00000 rwxp 00000000 00:00 0 
7de00000-7defa000 rw-p 00000000 00:00 0 
7defa000-7df00000 ---p 00000000 00:00 0 
7df05000-7df56000 rwxp 00000000 00:00 0 
7df56000-7df57000 ---p 00000000 00:00 0 
7df57000-7e028000 rwxp 00000000 00:00 0 
7e028000-7e029000 ---p 00000000 00:00 0 
7e029000-7e0a9000 rwxp 00000000 00:00 0 
7e0a9000-7e0aa000 ---p 00000000 00:00 0 
7e0aa000-7e17b000 rwxp 00000000 00:00 0 
7e17b000-7e37b000 r--p 00000000 08:01 1704063    /usr/lib/locale/locale-archive
7e37b000-7e41d000 rwxp 00000000 00:00 0 
7e41d000-7e41e000 ---p 00000000 00:00 0 
7e41e000-7e49e000 rwxp 00000000 00:00 0 
7e49e000-7e649000 r--s 01cdb000 08:01 1837397    /usr/lib/jvm/java-7-openjdk-i386/jre/lib/rt.jar
7e649000-80800000 rw-p 00000000 00:00 0 
80800000-80900000 rw-p 00000000 00:00 0 
80900000-809fd000 rw-p 00000000 00:00 0 
809fd000-80a00000 ---p 00000000 00:00 0 
80a00000-80a21000 rw-p 00000000 00:00 0 
80a21000-80b00000 ---p 00000000 00:00 0 
80b19000-80b22000 r--s 000bc000 08:01 1710125    /usr/lib/jvm/java-7-openjdk-common/jre/lib/resources.jar
80b22000-80b6a000 rw-p 00000000 00:00 0 
80b6a000-80b6b000 ---p 00000000 00:00 0 
80b6b000-80beb000 rwxp 00000000 00:00 0 
80beb000-80bec000 ---p 00000000 00:00 0 
80bec000-80c6c000 rwxp 00000000 00:00 0 
80c6c000-80c74000 rw-p 00000000 00:00 0 
80c74000-80cac000 rw-p 00000000 00:00 0 
80cac000-80cbb000 rw-p 00000000 00:00 0 
80cbb000-80d94000 rw-p 00000000 00:00 0 
80d94000-80d9c000 rw-p 00000000 00:00 0 
80d9c000-80dd4000 rw-p 00000000 00:00 0 
80dd4000-80de3000 rw-p 00000000 00:00 0 
80de3000-80ebb000 rw-p 00000000 00:00 0 
80ebb000-80ec3000 rw-p 00000000 00:00 0 
80ec3000-80f2f000 rw-p 00000000 00:00 0 
80f2f000-81f30000 rw-p 00000000 00:00 0 
81f30000-88f30000 rw-p 00000000 00:00 0 
88f30000-8ac20000 rw-p 00000000 00:00 0 
8ac20000-a5de0000 rw-p 00000000 00:00 0 
a5de0000-a6c50000 rw-p 00000000 00:00 0 
a6c50000-b4530000 rw-p 00000000 00:00 0 
b4538000-b4541000 rw-p 00000000 00:00 0 
b4541000-b45f8000 rw-p 00000000 00:00 0 
b45f8000-b4838000 rwxp 00000000 00:00 0 
b4838000-b75f8000 rw-p 00000000 00:00 0 
b75f8000-b7600000 rw-s 00000000 08:01 3284497    /tmp/hsperfdata_odairbonin/2247
b7600000-b76f2000 rw-p 00000000 00:00 0 
b76f2000-b7700000 ---p 00000000 00:00 0 
b7704000-b7705000 rw-p 00000000 00:00 0 
b7705000-b7708000 r--s 00022000 08:01 3803208    /home/odairbonin/workspace_oficina_kinect/PrimeiroKinect/lib/user/SimpleOpenNI.jar
b7708000-b7724000 r--s 0048b000 08:01 3803197    /home/odairbonin/workspace_oficina_kinect/PrimeiroKinect/lib/base/core/jogl-all.jar
b7724000-b7725000 r--s 00001000 08:01 3803196    /home/odairbonin/workspace_oficina_kinect/PrimeiroKinect/lib/base/core/gluegen-rt-natives-windows-i586.jar
b7725000-b7728000 r--s 00077000 08:01 3803195    /home/odairbonin/workspace_oficina_kinect/PrimeiroKinect/lib/base/core/core.jar
b7728000-b772a000 r--s 00020000 08:01 3803194    /home/odairbonin/workspace_oficina_kinect/PrimeiroKinect/lib/base/core/jogl-all-natives-windows-i586.jar
b772a000-b772f000 r--s 00030000 08:01 3803193    /home/odairbonin/workspace_oficina_kinect/PrimeiroKinect/lib/base/core/gluegen-rt.jar
b772f000-b7730000 r--s 00023000 08:01 3803192    /home/odairbonin/workspace_oficina_kinect/PrimeiroKinect/lib/base/core/jogl-all-natives-linux-i586.jar
b7730000-b7731000 r--s 0001b000 08:01 3803191    /home/odairbonin/workspace_oficina_kinect/PrimeiroKinect/lib/base/core/jogl-all-natives-windows-amd64.jar
b7731000-b7732000 r--s 00000000 08:01 3803190    /home/odairbonin/workspace_oficina_kinect/PrimeiroKinect/lib/base/core/gluegen-rt-natives-linux-amd64.jar
b7732000-b7733000 r--s 00023000 08:01 3803189    /home/odairbonin/workspace_oficina_kinect/PrimeiroKinect/lib/base/core/jogl-all-natives-linux-amd64.jar
b7733000-b7734000 r--s 00001000 08:01 3803188    /home/odairbonin/workspace_oficina_kinect/PrimeiroKinect/lib/base/core/gluegen-rt-natives-windows-amd64.jar
b7734000-b7735000 r--s 00000000 08:01 3803187    /home/odairbonin/workspace_oficina_kinect/PrimeiroKinect/lib/base/core/gluegen-rt-natives-linux-i586.jar
b7735000-b7736000 r--s 00000000 08:01 3803186    /home/odairbonin/workspace_oficina_kinect/PrimeiroKinect/lib/base/core/gluegen-rt-natives-macosx-universal.jar
b7736000-b7737000 r--s 00050000 08:01 3803185    /home/odairbonin/workspace_oficina_kinect/PrimeiroKinect/lib/base/core/jogl-all-natives-macosx-universal.jar
b7737000-b7738000 ---p 00000000 00:00 0 
b7738000-b7788000 rwxp 00000000 00:00 0 
b7788000-b778a000 rw-p 00000000 00:00 0 
b778a000-b778d000 r--s 0000f000 08:01 1710119    /usr/lib/jvm/java-7-openjdk-common/jre/lib/ext/pulse-java.jar
b778d000-b778f000 r--s 00012000 08:01 1710118    /usr/lib/jvm/java-7-openjdk-common/jre/lib/ext/zipfs.jar
b778f000-b7790000 r--s 00007000 08:01 2228686    /usr/share/java/java-atk-wrapper.jar
b7790000-b7793000 r--s 0003c000 08:01 1710114    /usr/lib/jvm/java-7-openjdk-common/jre/lib/ext/sunpkcs11.jar
b7793000-b7797000 r--s 00085000 08:01 1710115    /usr/lib/jvm/java-7-openjdk-common/jre/lib/ext/localedata.jar
b7797000-b779a000 r--s 00032000 08:01 1710116    /usr/lib/jvm/java-7-openjdk-common/jre/lib/ext/sunjce_provider.jar
b779a000-b779b000 r--s 00002000 08:01 1710117    /usr/lib/jvm/java-7-openjdk-common/jre/lib/ext/dnsns.jar
b779b000-b779c000 r--p 002c5000 08:01 1704063    /usr/lib/locale/locale-archive
b779c000-b779d000 rw-p 00000000 00:00 0 
b779d000-b779e000 r--p 00000000 00:00 0 
b779e000-b77a1000 rw-p 00000000 00:00 0 
bfc2a000-bfc49000 rwxp 00000000 00:00 0          [stack]
bfc49000-bfc4c000 rw-p 00000000 00:00 0 

VM Arguments:
jvm_args: -Djava.library.path=/home/odairbonin/workspace_oficina_kinect/PrimeiroKinect/lib/base/core:/home/odairbonin/workspace_oficina_kinect/PrimeiroKinect/lib/base/core:/home/odairbonin/workspace_oficina_kinect/PrimeiroKinect/lib/base/core:/home/odairbonin/workspace_oficina_kinect/PrimeiroKinect/lib/base/core:/home/odairbonin/workspace_oficina_kinect/PrimeiroKinect/lib/base/core:/home/odairbonin/workspace_oficina_kinect/PrimeiroKinect/lib/base/core:/home/odairbonin/workspace_oficina_kinect/PrimeiroKinect/lib/base/core:/home/odairbonin/workspace_oficina_kinect/PrimeiroKinect/lib/base/core:/home/odairbonin/workspace_oficina_kinect/PrimeiroKinect/lib/base/core:/home/odairbonin/workspace_oficina_kinect/PrimeiroKinect/lib/base/core:/home/odairbonin/workspace_oficina_kinect/PrimeiroKinect/lib/base/core:/home/odairbonin/workspace_oficina_kinect/PrimeiroKinect/lib/base/core:/home/odairbonin/workspace_oficina_kinect/PrimeiroKinect/lib/base/core:/home/odairbonin/workspace_oficina_kinect/PrimeiroKinect/lib/user -Djava.security.policy=java.policy.applet -Dfile.encoding=UTF-8 
java_command: sun.applet.AppletViewer primeirokinect.PrimeiroKinect1394994371272.html
Launcher Type: SUN_STANDARD

Environment Variables:
PATH=/usr/lib/lightdm/lightdm:/usr/local/sbin:/usr/local/bin:/usr/sbin:/usr/bin:/sbin:/bin:/usr/games
LD_LIBRARY_PATH=/usr/lib/jvm/java-7-openjdk-i386/jre/lib/i386/server:/usr/lib/jvm/java-7-openjdk-i386/jre/lib/i386:/usr/lib/jvm/java-7-openjdk-i386/jre/../lib/i386:/usr/lib/jvm/java-7-openjdk-i386/jre/lib/i386/client:/usr/lib/jvm/java-7-openjdk-i386/jre/lib/i386:
SHELL=/bin/bash
DISPLAY=:0.0

Signal Handlers:
SIGSEGV: [libjvm.so+0x753930], sa_mask[0]=0x7ffbfeff, sa_flags=0x10000004
SIGBUS: [libjvm.so+0x753930], sa_mask[0]=0x7ffbfeff, sa_flags=0x10000004
SIGFPE: [libjvm.so+0x5e94a0], sa_mask[0]=0x7ffbfeff, sa_flags=0x10000004
SIGPIPE: [libjvm.so+0x5e94a0], sa_mask[0]=0x7ffbfeff, sa_flags=0x10000004
SIGXFSZ: [libjvm.so+0x5e94a0], sa_mask[0]=0x7ffbfeff, sa_flags=0x10000004
SIGILL: [libjvm.so+0x5e94a0], sa_mask[0]=0x7ffbfeff, sa_flags=0x10000004
SIGUSR1: SIG_DFL, sa_mask[0]=0x00000000, sa_flags=0x00000000
SIGUSR2: [libjvm.so+0x5e9330], sa_mask[0]=0x00000004, sa_flags=0x10000004
SIGHUP: [libjvm.so+0x5e9960], sa_mask[0]=0x7ffbfeff, sa_flags=0x10000004
SIGINT: [libjvm.so+0x5e9960], sa_mask[0]=0x7ffbfeff, sa_flags=0x10000004
SIGTERM: [libjvm.so+0x5e9960], sa_mask[0]=0x7ffbfeff, sa_flags=0x10000004
SIGQUIT: [libjvm.so+0x5e9960], sa_mask[0]=0x7ffbfeff, sa_flags=0x10000004


---------------  S Y S T E M  ---------------

OS:Ubuntu 12.04 (precise)
uname:Linux 3.2.0-35-generic #55-Ubuntu SMP Wed Dec 5 17:45:18 UTC 2012 i686
libc:glibc 2.15 NPTL 2.15 
rlimit: STACK 8192k, CORE 0k, NPROC 22063, NOFILE 4096, AS infinity
load average:1.15 1.11 0.58

/proc/meminfo:
MemTotal:        2838692 kB
MemFree:         1968560 kB
Buffers:           58276 kB
Cached:           368712 kB
SwapCached:            0 kB
Active:           500292 kB
Inactive:         323960 kB
Active(anon):     398088 kB
Inactive(anon):     1036 kB
Active(file):     102204 kB
Inactive(file):   322924 kB
Unevictable:          16 kB
Mlocked:              16 kB
HighTotal:       1974216 kB
HighFree:        1198472 kB
LowTotal:         864476 kB
LowFree:          770088 kB
SwapTotal:        783356 kB
SwapFree:         783356 kB
Dirty:               284 kB
Writeback:             0 kB
AnonPages:        397424 kB
Mapped:           116492 kB
Shmem:              1692 kB
Slab:              26676 kB
SReclaimable:      13612 kB
SUnreclaim:        13064 kB
KernelStack:        2840 kB
PageTables:         6696 kB
NFS_Unstable:          0 kB
Bounce:                0 kB
WritebackTmp:          0 kB
CommitLimit:     2202700 kB
Committed_AS:    2276776 kB
VmallocTotal:     122880 kB
VmallocUsed:        4920 kB
VmallocChunk:      68764 kB
HardwareCorrupted:     0 kB
AnonHugePages:         0 kB
HugePages_Total:       0
HugePages_Free:        0
HugePages_Rsvd:        0
HugePages_Surp:        0
Hugepagesize:       4096 kB
DirectMap4k:       12280 kB
DirectMap4M:      897024 kB


CPU:total 2 (2 cores per cpu, 1 threads per core) family 6 model 42 stepping 7, cmov, cx8, fxsr, mmx, sse, sse2, sse3, ssse3, sse4.1, sse4.2, popcnt, avx, tsc, tscinvbit

/proc/cpuinfo:
processor	: 0
vendor_id	: GenuineIntel
cpu family	: 6
model		: 42
model name	: Intel(R) Core(TM) i7-2620M CPU @ 2.70GHz
stepping	: 7
cpu MHz		: 2693.000
cache size	: 4096 KB
physical id	: 0
siblings	: 2
core id		: 0
cpu cores	: 2
apicid		: 0
initial apicid	: 0
fdiv_bug	: no
hlt_bug		: no
f00f_bug	: no
coma_bug	: no
fpu		: yes
fpu_exception	: yes
cpuid level	: 13
wp		: yes
flags		: fpu vme de pse tsc msr pae mce cx8 apic mtrr pge mca cmov pat pse36 clflush mmx fxsr sse sse2 ss ht syscall nx rdtscp lm constant_tsc nonstop_tsc aperfmperf pni pclmulqdq ssse3 cx16 pcid sse4_1 sse4_2 x2apic popcnt aes xsave avx hypervisor lahf_lm ida arat epb pln pts dtherm
bogomips	: 5386.00
clflush size	: 64
cache_alignment	: 64
address sizes	: 36 bits physical, 48 bits virtual
power management:

processor	: 1
vendor_id	: GenuineIntel
cpu family	: 6
model		: 42
model name	: Intel(R) Core(TM) i7-2620M CPU @ 2.70GHz
stepping	: 7
cpu MHz		: 2693.000
cache size	: 4096 KB
physical id	: 0
siblings	: 2
core id		: 1
cpu cores	: 2
apicid		: 1
initial apicid	: 1
fdiv_bug	: no
hlt_bug		: no
f00f_bug	: no
coma_bug	: no
fpu		: yes
fpu_exception	: yes
cpuid level	: 13
wp		: yes
flags		: fpu vme de pse tsc msr pae mce cx8 apic mtrr pge mca cmov pat pse36 clflush mmx fxsr sse sse2 ss ht syscall nx rdtscp lm constant_tsc nonstop_tsc aperfmperf pni pclmulqdq ssse3 cx16 pcid sse4_1 sse4_2 x2apic popcnt aes xsave avx hypervisor lahf_lm ida arat epb pln pts dtherm
bogomips	: 5386.00
clflush size	: 64
cache_alignment	: 64
address sizes	: 36 bits physical, 48 bits virtual
power management:



Memory: 4k page, physical 2838692k(1968560k free), swap 783356k(783356k free)

vm_info: OpenJDK Server VM (23.2-b09) for linux-x86 JRE (1.7.0_09-b30), built on Oct 24 2012 18:55:39 by "buildd" with gcc 4.6.3

time: Sun Mar 16 15:26:11 2014
elapsed time: 0 seconds

