#
# A fatal error has been detected by the Java Runtime Environment:
#
#  SIGSEGV (0xb) at pc=0x02915c1f, pid=3022, tid=2109070144
#
# JRE version: 7.0_09-b30
# Java VM: OpenJDK Server VM (23.2-b09 mixed mode linux-x86 )
# Problematic frame:
# C  [libOpenNI.so+0x3cc1f]  xnSetSkeletonProfile+0x1f
#
# Failed to write core dump. Core dumps have been disabled. To enable core dumping, try "ulimit -c unlimited" before starting Java again
#
# If you would like to submit a bug report, please include
# instructions on how to reproduce the bug and visit:
#   https://bugs.launchpad.net/ubuntu/+source/openjdk-7/
# The crash happened outside the Java Virtual Machine in native code.
# See problematic frame for where to report the bug.
#

---------------  T H R E A D  ---------------

Current thread (0x80b10000):  JavaThread "Animation Thread" [_thread_in_native, id=3047, stack(0x7db0d000,0x7db5e000)]

siginfo:si_signo=SIGSEGV: si_errno=0, si_code=1 (SEGV_MAPERR), si_addr=0x00000000

Registers:
EAX=0x00010012, EBX=0x02957ff4, ECX=0x80b00018, EDX=0x80b65aa8
ESP=0x7db5cae0, EBP=0x0285f9a0, ESI=0x00000000, EDI=0x7db5cbb4
EIP=0x02915c1f, EFLAGS=0x00010212, CR2=0x00000000

Top of Stack: (sp=0x7db5cae0)
0x7db5cae0:   80b63198 0285dff4 80b30d08 7db5cbb4
0x7db5caf0:   0285f9a0 00c5f6a0 80b65aa8 02915c00
0x7db5cb00:   00000000 0285dff4 80b30d08 02826969
0x7db5cb10:   00000000 00000002 00000000 00000000
0x7db5cb20:   7db5cbd4 00000000 00000000 80b19770
0x7db5cb30:   027b8b21 00000000 7db5cbcc 80b19701
0x7db5cb40:   00000000 00000000 b463b740 00000400
0x7db5cb50:   ffffffff 7db5cc00 027b2fc4 80b19770 

Instructions: (pc=0x02915c1f)
0x02915bff:   00 83 ec 2c b8 12 00 01 00 89 74 24 28 8b 74 24
0x02915c0f:   30 89 5c 24 24 e8 3e 19 fd ff 81 c3 db 23 04 00
0x02915c1f:   8b 16 8b 4a 08 85 c9 74 48 8b 52 04 8b 12 81 e2
0x02915c2f:   00 00 00 02 74 3b 8b 46 24 c7 44 24 1c 00 00 00 

Register to memory mapping:

EAX=0x00010012 is an unknown value
EBX=0x02957ff4: <offset 0x7eff4> in /usr/lib/libOpenNI.so at 0x028d9000
ECX=0x80b00018 is an unknown value
EDX=0x80b65aa8 is an unknown value
ESP=0x7db5cae0 is pointing into the stack for thread: 0x80b10000
EBP=0x0285f9a0: _ZN7sOpenNI14ContextWrapper14_globalContextE+0 in /home/odairbonin/workspace_oficina_kinect/PrimeiroKinect/lib/user/libSimpleOpenNI32.so at 0x027a6000
ESI=0x00000000 is an unknown value
EDI=0x7db5cbb4 is pointing into the stack for thread: 0x80b10000


Stack: [0x7db0d000,0x7db5e000],  sp=0x7db5cae0,  free space=318k
Native frames: (J=compiled Java code, j=interpreted, Vv=VM code, C=native code)
C  [libOpenNI.so+0x3cc1f]  xnSetSkeletonProfile+0x1f

Java frames: (J=compiled Java code, j=interpreted, Vv=VM code)
j  SimpleOpenNI.SimpleOpenNIJNI.ContextWrapper_enableUserSwigExplicitContextWrapper(JLSimpleOpenNI/ContextWrapper;I)Z+0
j  SimpleOpenNI.ContextWrapper.enableUser(I)Z+28
j  SimpleOpenNI.SimpleOpenNI.enableUser(ILjava/lang/Object;)Z+17
j  SimpleOpenNI.SimpleOpenNI.enableUser(I)Z+6
j  primeirokinect.PrimeiroKinect.setup()V+43
j  processing.core.PApplet.handleDraw()V+196
j  processing.core.PGraphicsJava2D.requestDraw()V+4
j  processing.core.PApplet.run()V+176
j  java.lang.Thread.run()V+11
v  ~StubRoutines::call_stub

---------------  P R O C E S S  ---------------

Java Threads: ( => current thread )
=>0x80b10000 JavaThread "Animation Thread" [_thread_in_native, id=3047, stack(0x7db0d000,0x7db5e000)]
  0x80b04000 JavaThread "AWT-EventQueue-1" [_thread_blocked, id=3046, stack(0x7db5e000,0x7dbaf000)]
  0xb7608000 JavaThread "DestroyJavaVM" [_thread_blocked, id=3028, stack(0xb7744000,0xb7795000)]
  0x7dc5c800 JavaThread "AWT-EventQueue-0" [_thread_blocked, id=3044, stack(0x7dbaf000,0x7dc00000)]
  0x7dc55400 JavaThread "AWT-Shutdown" [_thread_blocked, id=3043, stack(0x7dd0d000,0x7dd5e000)]
  0x7dc33c00 JavaThread "thread applet-primeirokinect.PrimeiroKinect.class" [_thread_blocked, id=3042, stack(0x7dd5e000,0x7ddaf000)]
  0x7dc1b400 JavaThread "AWT-XAWT" daemon [_thread_in_native, id=3040, stack(0x7ddaf000,0x7de00000)]
  0x7dee4c00 JavaThread "Java2D Disposer" daemon [_thread_blocked, id=3039, stack(0x7df09000,0x7df5a000)]
  0x7e498400 JavaThread "Service Thread" daemon [_thread_blocked, id=3037, stack(0x7e505000,0x7e556000)]
  0x7e496800 JavaThread "C2 CompilerThread1" daemon [_thread_blocked, id=3036, stack(0x7dfdb000,0x7e05c000)]
  0x7e494400 JavaThread "C2 CompilerThread0" daemon [_thread_blocked, id=3035, stack(0x7e05c000,0x7e0dd000)]
  0x7e492c00 JavaThread "Signal Dispatcher" daemon [_thread_blocked, id=3034, stack(0x80a2e000,0x80a7f000)]
  0x7e450800 JavaThread "Finalizer" daemon [_thread_blocked, id=3033, stack(0x7e2dd000,0x7e32e000)]
  0x7e44ec00 JavaThread "Reference Handler" daemon [_thread_blocked, id=3032, stack(0x7e32e000,0x7e37f000)]

Other Threads:
  0x7e448800 VMThread [stack: 0x7e37f000,0x7e400000] [id=3031]
  0x7e49a000 WatcherThread [stack: 0x7df5a000,0x7dfdb000] [id=3038]

VM state:not at safepoint (normal execution)

VM Mutex/Monitor currently owned by a thread: None

Heap
 PSYoungGen      total 12992K, used 9798K [0xa5de0000, 0xa6c50000, 0xb4530000)
  eden space 11200K, 87% used [0xa5de0000,0xa6771a48,0xa68d0000)
  from space 1792K, 0% used [0xa6a90000,0xa6a90000,0xa6c50000)
  to   space 1792K, 0% used [0xa68d0000,0xa68d0000,0xa6a90000)
 ParOldGen       total 29632K, used 0K [0x88f30000, 0x8ac20000, 0xa5de0000)
  object space 29632K, 0% used [0x88f30000,0x88f30000,0x8ac20000)
 PSPermGen       total 16384K, used 7419K [0x80f30000, 0x81f30000, 0x88f30000)
  object space 16384K, 45% used [0x80f30000,0x8166ed28,0x81f30000)

Card table byte_map: [0x80d94000,0x80f30000] byte_map_base: 0x8098c680

Polling page: 0xb77aa000

Code Cache  [0xb45f8000, 0xb4838000, 0xb75f8000)
 total_blobs=321 nmethods=24 adapters=250 free_code_cache=48752Kb largest_free_block=49905728

Compilation events (10 events):
Event: 0.473 Thread 0x7e496800   20             java.lang.String::getChars (62 bytes)
Event: 0.473 Thread 0x7e494400   21             java.lang.AbstractStringBuilder::append (48 bytes)
Event: 0.477 Thread 0x7e496800 nmethod 20 0xb4655788 code [0xb4655880, 0xb46559d0]
Event: 0.478 Thread 0x7e494400 nmethod 21 0xb4658048 code [0xb4658160, 0xb4658510]
Event: 0.483 Thread 0x7e496800   22             java.lang.StringBuilder::append (8 bytes)
Event: 0.488 Thread 0x7e496800 nmethod 22 0xb4657808 code [0xb4657920, 0xb4657cd0]
Event: 0.516 Thread 0x7e496800   23             java.lang.Class::searchMethods (90 bytes)
Event: 0.518 Thread 0x7e494400   24             java.lang.reflect.Method::getName (5 bytes)
Event: 0.520 Thread 0x7e494400 nmethod 24 0xb465e4c8 code [0xb465e5a0, 0xb465e5f0]
Event: 0.523 Thread 0x7e496800 nmethod 23 0xb465c908 code [0xb465ca40, 0xb465ccc4]

GC Heap History (0 events):
No events

Deoptimization events (4 events):
Event: 0.276 Thread 0x7dc5c800 Uncommon trap -34 fr.pc 0xb46476a8
Event: 0.276 Thread 0x7dc5c800 Uncommon trap -34 fr.pc 0xb46476a8
Event: 0.278 Thread 0x7dc5c800 Uncommon trap -34 fr.pc 0xb46476a8
Event: 0.278 Thread 0x7dc5c800 Uncommon trap -34 fr.pc 0xb46476a8

Internal exceptions (10 events):
Event: 0.448 Thread 0x7dc33c00 Threw 0xa60d59f8 at /build/buildd/openjdk-7-7u9-2.3.3/build/openjdk/hotspot/src/share/vm/prims/jvm.cpp:1166
Event: 0.466 Thread 0x7dc33c00 Threw 0xa63b0950 at /build/buildd/openjdk-7-7u9-2.3.3/build/openjdk/hotspot/src/share/vm/prims/jvm.cpp:1166
Event: 0.472 Thread 0x80b10000 Threw 0xa6419a58 at /build/buildd/openjdk-7-7u9-2.3.3/build/openjdk/hotspot/src/share/vm/prims/jvm.cpp:1166
Event: 0.480 Thread 0x80b10000 Threw 0xa641f880 at /build/buildd/openjdk-7-7u9-2.3.3/build/openjdk/hotspot/src/share/vm/prims/jvm.cpp:1166
Event: 0.482 Thread 0x80b10000 Threw 0xa64386d0 at /build/buildd/openjdk-7-7u9-2.3.3/build/openjdk/hotspot/src/share/vm/prims/jvm.cpp:1166
Event: 0.483 Thread 0x80b10000 Threw 0xa6440d98 at /build/buildd/openjdk-7-7u9-2.3.3/build/openjdk/hotspot/src/share/vm/prims/jvm.cpp:1166
Event: 0.501 Thread 0x80b10000 Threw 0xa66bd8a0 at /build/buildd/openjdk-7-7u9-2.3.3/build/openjdk/hotspot/src/share/vm/prims/jvm.cpp:1166
Event: 0.508 Thread 0x80b10000 Threw 0xa66d2a08 at /build/buildd/openjdk-7-7u9-2.3.3/build/openjdk/hotspot/src/share/vm/prims/jvm.cpp:1166
Event: 0.509 Thread 0x80b10000 Threw 0xa66d9428 at /build/buildd/openjdk-7-7u9-2.3.3/build/openjdk/hotspot/src/share/vm/prims/jvm.cpp:1166
Event: 0.510 Thread 0x80b10000 Threw 0xa670b590 at /build/buildd/openjdk-7-7u9-2.3.3/build/openjdk/hotspot/src/share/vm/prims/jvm.cpp:1166

Events (10 events):
Event: 0.513 loading class 0x80b629a0 done
Event: 0.513 loading class 0x7de1f5e0 done
Event: 0.513 loading class 0x7de1f520
Event: 0.513 loading class 0x7de1f520 done
Event: 0.513 loading class 0x7de1f638
Event: 0.513 loading class 0x7de1f638 done
Event: 0.513 loading class 0x7e4c4ef0
Event: 0.513 loading class 0x7e4c4ef0 done
Event: 0.514 loading class 0x7de1d838
Event: 0.514 loading class 0x7de1d838 done


Dynamic libraries:
00110000-0012c000 r-xp 00000000 08:01 2098084    /lib/i386-linux-gnu/libgcc_s.so.1
0012c000-0012d000 r--p 0001b000 08:01 2098084    /lib/i386-linux-gnu/libgcc_s.so.1
0012d000-0012e000 rw-p 0001c000 08:01 2098084    /lib/i386-linux-gnu/libgcc_s.so.1
0012e000-00135000 r-xp 00000000 08:01 2098029    /lib/i386-linux-gnu/librt-2.15.so
00135000-00136000 r--p 00006000 08:01 2098029    /lib/i386-linux-gnu/librt-2.15.so
00136000-00137000 rw-p 00007000 08:01 2098029    /lib/i386-linux-gnu/librt-2.15.so
00137000-00143000 r-xp 00000000 08:01 1837379    /usr/lib/jvm/java-7-openjdk-i386/jre/lib/i386/libverify.so
00143000-00144000 r--p 0000b000 08:01 1837379    /usr/lib/jvm/java-7-openjdk-i386/jre/lib/i386/libverify.so
00144000-00145000 rw-p 0000c000 08:01 1837379    /usr/lib/jvm/java-7-openjdk-i386/jre/lib/i386/libverify.so
00145000-0016c000 r-xp 00000000 08:01 1837354    /usr/lib/jvm/java-7-openjdk-i386/jre/lib/i386/libjava.so
0016c000-0016d000 r--p 00026000 08:01 1837354    /usr/lib/jvm/java-7-openjdk-i386/jre/lib/i386/libjava.so
0016d000-0016e000 rw-p 00027000 08:01 1837354    /usr/lib/jvm/java-7-openjdk-i386/jre/lib/i386/libjava.so
0016e000-00179000 r-xp 00000000 08:01 2098026    /lib/i386-linux-gnu/libnss_files-2.15.so
00179000-0017a000 r--p 0000a000 08:01 2098026    /lib/i386-linux-gnu/libnss_files-2.15.so
0017a000-0017b000 rw-p 0000b000 08:01 2098026    /lib/i386-linux-gnu/libnss_files-2.15.so
0017b000-0018b000 r-xp 00000000 08:01 1707120    /usr/lib/i386-linux-gnu/libXext.so.6.4.0
0018b000-0018c000 r--p 0000f000 08:01 1707120    /usr/lib/i386-linux-gnu/libXext.so.6.4.0
0018c000-0018d000 rw-p 00010000 08:01 1707120    /usr/lib/i386-linux-gnu/libXext.so.6.4.0
0018d000-00195000 r-xp 00000000 08:01 1706435    /usr/lib/i386-linux-gnu/libXrender.so.1.3.0
00195000-00196000 r--p 00007000 08:01 1706435    /usr/lib/i386-linux-gnu/libXrender.so.1.3.0
00196000-00197000 rw-p 00008000 08:01 1706435    /usr/lib/i386-linux-gnu/libXrender.so.1.3.0
0019a000-001b1000 r-xp 00000000 08:01 2098031    /lib/i386-linux-gnu/libpthread-2.15.so
001b1000-001b2000 r--p 00016000 08:01 2098031    /lib/i386-linux-gnu/libpthread-2.15.so
001b2000-001b3000 rw-p 00017000 08:01 2098031    /lib/i386-linux-gnu/libpthread-2.15.so
001b3000-001b5000 rw-p 00000000 00:00 0 
001b5000-001b7000 r-xp 00000000 08:01 1705578    /usr/lib/i386-linux-gnu/libXinerama.so.1.0.0
001b7000-001b8000 r--p 00001000 08:01 1705578    /usr/lib/i386-linux-gnu/libXinerama.so.1.0.0
001b8000-001b9000 rw-p 00002000 08:01 1705578    /usr/lib/i386-linux-gnu/libXinerama.so.1.0.0
001b9000-0020b000 r-xp 00000000 08:01 1969852    /usr/lib/jvm/java-7-openjdk-i386/jre/lib/i386/xawt/libmawt.so
0020b000-0020c000 r--p 00051000 08:01 1969852    /usr/lib/jvm/java-7-openjdk-i386/jre/lib/i386/xawt/libmawt.so
0020c000-0020e000 rw-p 00052000 08:01 1969852    /usr/lib/jvm/java-7-openjdk-i386/jre/lib/i386/xawt/libmawt.so
0020e000-0020f000 rw-p 00000000 00:00 0 
0020f000-0021d000 r-xp 00000000 08:01 1707177    /usr/lib/i386-linux-gnu/libXi.so.6.1.0
0021d000-0021e000 r--p 0000d000 08:01 1707177    /usr/lib/i386-linux-gnu/libXi.so.6.1.0
0021e000-0021f000 rw-p 0000e000 08:01 1707177    /usr/lib/i386-linux-gnu/libXi.so.6.1.0
0021f000-0023e000 r-xp 00000000 08:01 1708382    /usr/lib/i386-linux-gnu/libgdk_pixbuf-2.0.so.0.2600.1
0023e000-0023f000 r--p 0001e000 08:01 1708382    /usr/lib/i386-linux-gnu/libgdk_pixbuf-2.0.so.0.2600.1
0023f000-00240000 rw-p 0001f000 08:01 1708382    /usr/lib/i386-linux-gnu/libgdk_pixbuf-2.0.so.0.2600.1
00240000-00244000 r-xp 00000000 08:01 1704744    /usr/lib/i386-linux-gnu/libXfixes.so.3.1.0
00244000-00245000 r--p 00004000 08:01 1704744    /usr/lib/i386-linux-gnu/libXfixes.so.3.1.0
00245000-00246000 rw-p 00005000 08:01 1704744    /usr/lib/i386-linux-gnu/libXfixes.so.3.1.0
00246000-0024d000 r-xp 00000000 08:01 1709192    /usr/lib/i386-linux-gnu/libXrandr.so.2.2.0
0024d000-0024e000 r--p 00006000 08:01 1709192    /usr/lib/i386-linux-gnu/libXrandr.so.2.2.0
0024e000-0024f000 rw-p 00007000 08:01 1709192    /usr/lib/i386-linux-gnu/libXrandr.so.2.2.0
0024f000-00251000 r-xp 00000000 08:01 1707115    /usr/lib/i386-linux-gnu/libXcomposite.so.1.0.0
00251000-00252000 r--p 00001000 08:01 1707115    /usr/lib/i386-linux-gnu/libXcomposite.so.1.0.0
00252000-00253000 rw-p 00002000 08:01 1707115    /usr/lib/i386-linux-gnu/libXcomposite.so.1.0.0
00253000-0025f000 r-xp 00000000 08:01 1837363    /usr/lib/jvm/java-7-openjdk-i386/jre/lib/i386/jli/libjli.so
0025f000-00260000 r--p 0000c000 08:01 1837363    /usr/lib/jvm/java-7-openjdk-i386/jre/lib/i386/jli/libjli.so
00260000-00261000 rw-p 0000d000 08:01 1837363    /usr/lib/jvm/java-7-openjdk-i386/jre/lib/i386/jli/libjli.so
00261000-00339000 r-xp 00000000 08:01 1704289    /usr/lib/i386-linux-gnu/libstdc++.so.6.0.16
00339000-0033a000 ---p 000d8000 08:01 1704289    /usr/lib/i386-linux-gnu/libstdc++.so.6.0.16
0033a000-0033e000 r--p 000d8000 08:01 1704289    /usr/lib/i386-linux-gnu/libstdc++.so.6.0.16
0033e000-0033f000 rw-p 000dc000 08:01 1704289    /usr/lib/i386-linux-gnu/libstdc++.so.6.0.16
0033f000-00346000 rw-p 00000000 00:00 0 
00346000-0034f000 r-xp 00000000 08:01 1709176    /usr/lib/i386-linux-gnu/libXcursor.so.1.0.2
0034f000-00350000 r--p 00008000 08:01 1709176    /usr/lib/i386-linux-gnu/libXcursor.so.1.0.2
00350000-00351000 rw-p 00009000 08:01 1709176    /usr/lib/i386-linux-gnu/libXcursor.so.1.0.2
00351000-00353000 r-xp 00000000 08:01 1707118    /usr/lib/i386-linux-gnu/libXdamage.so.1.1.0
00353000-00354000 r--p 00001000 08:01 1707118    /usr/lib/i386-linux-gnu/libXdamage.so.1.1.0
00354000-00355000 rw-p 00002000 08:01 1707118    /usr/lib/i386-linux-gnu/libXdamage.so.1.1.0
00355000-00358000 r-xp 00000000 08:01 1705745    /usr/lib/i386-linux-gnu/libgmodule-2.0.so.0.3200.3
00358000-00359000 r--p 00002000 08:01 1705745    /usr/lib/i386-linux-gnu/libgmodule-2.0.so.0.3200.3
00359000-0035a000 rw-p 00003000 08:01 1705745    /usr/lib/i386-linux-gnu/libgmodule-2.0.so.0.3200.3
0035a000-0035c000 r-xp 00000000 08:01 1705108    /usr/lib/i386-linux-gnu/libXau.so.6.0.0
0035c000-0035d000 r--p 00001000 08:01 1705108    /usr/lib/i386-linux-gnu/libXau.so.6.0.0
0035d000-0035e000 rw-p 00002000 08:01 1705108    /usr/lib/i386-linux-gnu/libXau.so.6.0.0
0035f000-00362000 r-xp 00000000 08:01 2098037    /lib/i386-linux-gnu/libdl-2.15.so
00362000-00363000 r--p 00002000 08:01 2098037    /lib/i386-linux-gnu/libdl-2.15.so
00363000-00364000 rw-p 00003000 08:01 2098037    /lib/i386-linux-gnu/libdl-2.15.so
00364000-003ab000 r-xp 00000000 08:01 1705072    /usr/lib/i386-linux-gnu/libpango-1.0.so.0.3000.0
003ab000-003ac000 ---p 00047000 08:01 1705072    /usr/lib/i386-linux-gnu/libpango-1.0.so.0.3000.0
003ac000-003ad000 r--p 00047000 08:01 1705072    /usr/lib/i386-linux-gnu/libpango-1.0.so.0.3000.0
003ad000-003ae000 rw-p 00048000 08:01 1705072    /usr/lib/i386-linux-gnu/libpango-1.0.so.0.3000.0
003ae000-003b0000 r-xp 00000000 08:01 1706433    /usr/lib/i386-linux-gnu/libxcb-shm.so.0.0.0
003b0000-003b1000 r--p 00001000 08:01 1706433    /usr/lib/i386-linux-gnu/libxcb-shm.so.0.0.0
003b1000-003b2000 rw-p 00002000 08:01 1706433    /usr/lib/i386-linux-gnu/libxcb-shm.so.0.0.0
003b2000-003c6000 r-xp 00000000 08:01 2098157    /lib/i386-linux-gnu/libz.so.1.2.3.4
003c6000-003c7000 r--p 00013000 08:01 2098157    /lib/i386-linux-gnu/libz.so.1.2.3.4
003c7000-003c8000 rw-p 00014000 08:01 2098157    /lib/i386-linux-gnu/libz.so.1.2.3.4
003c8000-003fa000 r-xp 00000000 08:01 1704163    /usr/lib/i386-linux-gnu/libfontconfig.so.1.4.4
003fa000-003fb000 r--p 00032000 08:01 1704163    /usr/lib/i386-linux-gnu/libfontconfig.so.1.4.4
003fb000-003fc000 rw-p 00033000 08:01 1704163    /usr/lib/i386-linux-gnu/libfontconfig.so.1.4.4
003fc000-00449000 r-xp 00000000 08:01 1705746    /usr/lib/i386-linux-gnu/libgobject-2.0.so.0.3200.3
00449000-0044a000 r--p 0004c000 08:01 1705746    /usr/lib/i386-linux-gnu/libgobject-2.0.so.0.3200.3
0044a000-0044b000 rw-p 0004d000 08:01 1705746    /usr/lib/i386-linux-gnu/libgobject-2.0.so.0.3200.3
0044b000-00468000 r-xp 00000000 08:01 1704114    /usr/lib/i386-linux-gnu/libatk-1.0.so.0.20409.1
00468000-0046a000 r--p 0001c000 08:01 1704114    /usr/lib/i386-linux-gnu/libatk-1.0.so.0.20409.1
0046a000-0046b000 rw-p 0001e000 08:01 1704114    /usr/lib/i386-linux-gnu/libatk-1.0.so.0.20409.1
0046b000-00475000 r-xp 00000000 08:01 2098030    /lib/i386-linux-gnu/libnss_nis-2.15.so
00475000-00476000 r--p 00009000 08:01 2098030    /lib/i386-linux-gnu/libnss_nis-2.15.so
00476000-00477000 rw-p 0000a000 08:01 2098030    /lib/i386-linux-gnu/libnss_nis-2.15.so
00477000-004c6000 r-xp 00000000 08:01 1707492    /usr/lib/i386-linux-gnu/libcups.so.2
004c6000-004c9000 r--p 0004e000 08:01 1707492    /usr/lib/i386-linux-gnu/libcups.so.2
004c9000-004ca000 rw-p 00051000 08:01 1707492    /usr/lib/i386-linux-gnu/libcups.so.2
004ca000-004e9000 r-xp 00000000 08:01 1706429    /usr/lib/i386-linux-gnu/libxcb.so.1.1.0
004e9000-004ea000 r--p 0001f000 08:01 1706429    /usr/lib/i386-linux-gnu/libxcb.so.1.1.0
004ea000-004eb000 rw-p 00020000 08:01 1706429    /usr/lib/i386-linux-gnu/libxcb.so.1.1.0
004eb000-00508000 r-xp 00000000 08:01 2097208    /lib/i386-linux-gnu/libselinux.so.1
00508000-00509000 r--p 0001c000 08:01 2097208    /lib/i386-linux-gnu/libselinux.so.1
00509000-0050a000 rw-p 0001d000 08:01 2097208    /lib/i386-linux-gnu/libselinux.so.1
0050d000-00514000 r-xp 00000000 08:01 2098024    /lib/i386-linux-gnu/libnss_compat-2.15.so
00514000-00515000 r--p 00006000 08:01 2098024    /lib/i386-linux-gnu/libnss_compat-2.15.so
00515000-00516000 rw-p 00007000 08:01 2098024    /lib/i386-linux-gnu/libnss_compat-2.15.so
00516000-0051b000 r-xp 00000000 08:01 1706441    /usr/lib/i386-linux-gnu/libffi.so.6.0.0
0051b000-0051c000 r--p 00004000 08:01 1706441    /usr/lib/i386-linux-gnu/libffi.so.6.0.0
0051c000-0051d000 rw-p 00005000 08:01 1706441    /usr/lib/i386-linux-gnu/libffi.so.6.0.0
0051d000-00520000 r-xp 00000000 08:01 2097187    /lib/i386-linux-gnu/libcom_err.so.2.1
00520000-00521000 r--p 00002000 08:01 2097187    /lib/i386-linux-gnu/libcom_err.so.2.1
00521000-00522000 rw-p 00003000 08:01 2097187    /lib/i386-linux-gnu/libcom_err.so.2.1
00522000-00523000 r-xp 00000000 08:01 1704299    /usr/lib/i386-linux-gnu/libgthread-2.0.so.0.3200.3
00523000-00524000 r--p 00000000 08:01 1704299    /usr/lib/i386-linux-gnu/libgthread-2.0.so.0.3200.3
00524000-00525000 rw-p 00001000 08:01 1704299    /usr/lib/i386-linux-gnu/libgthread-2.0.so.0.3200.3
00525000-00538000 r-xp 00000000 08:01 2098027    /lib/i386-linux-gnu/libresolv-2.15.so
00538000-00539000 ---p 00013000 08:01 2098027    /lib/i386-linux-gnu/libresolv-2.15.so
00539000-0053a000 r--p 00013000 08:01 2098027    /lib/i386-linux-gnu/libresolv-2.15.so
0053a000-0053b000 rw-p 00014000 08:01 2098027    /lib/i386-linux-gnu/libresolv-2.15.so
0053b000-0053d000 rw-p 00000000 00:00 0 
0053d000-00542000 r-xp 00000000 08:01 1706425    /usr/lib/i386-linux-gnu/libXdmcp.so.6.0.0
00542000-00543000 r--p 00004000 08:01 1706425    /usr/lib/i386-linux-gnu/libXdmcp.so.6.0.0
00543000-00544000 rw-p 00005000 08:01 1706425    /usr/lib/i386-linux-gnu/libXdmcp.so.6.0.0
00546000-0055c000 r-xp 00000000 08:01 2098042    /lib/i386-linux-gnu/libnsl-2.15.so
0055c000-0055d000 r--p 00015000 08:01 2098042    /lib/i386-linux-gnu/libnsl-2.15.so
0055d000-0055e000 rw-p 00016000 08:01 2098042    /lib/i386-linux-gnu/libnsl-2.15.so
0055e000-00560000 rw-p 00000000 00:00 0 
00560000-0060b000 r-xp 00000000 08:01 1707113    /usr/lib/i386-linux-gnu/libgdk-x11-2.0.so.0.2400.10
0060b000-0060c000 ---p 000ab000 08:01 1707113    /usr/lib/i386-linux-gnu/libgdk-x11-2.0.so.0.2400.10
0060c000-0060e000 r--p 000ab000 08:01 1707113    /usr/lib/i386-linux-gnu/libgdk-x11-2.0.so.0.2400.10
0060e000-0060f000 rw-p 000ad000 08:01 1707113    /usr/lib/i386-linux-gnu/libgdk-x11-2.0.so.0.2400.10
0060f000-00639000 r-xp 00000000 08:01 1708070    /usr/lib/i386-linux-gnu/libpangoft2-1.0.so.0.3000.0
00639000-0063a000 r--p 00029000 08:01 1708070    /usr/lib/i386-linux-gnu/libpangoft2-1.0.so.0.3000.0
0063a000-0063b000 rw-p 0002a000 08:01 1708070    /usr/lib/i386-linux-gnu/libpangoft2-1.0.so.0.3000.0
0063b000-00661000 r-xp 00000000 08:01 2097180    /lib/i386-linux-gnu/libexpat.so.1.5.2
00661000-00662000 ---p 00026000 08:01 2097180    /lib/i386-linux-gnu/libexpat.so.1.5.2
00662000-00664000 r--p 00026000 08:01 2097180    /lib/i386-linux-gnu/libexpat.so.1.5.2
00664000-00665000 rw-p 00028000 08:01 2097180    /lib/i386-linux-gnu/libexpat.so.1.5.2
00666000-00809000 r-xp 00000000 08:01 2098022    /lib/i386-linux-gnu/libc-2.15.so
00809000-0080a000 ---p 001a3000 08:01 2098022    /lib/i386-linux-gnu/libc-2.15.so
0080a000-0080c000 r--p 001a3000 08:01 2098022    /lib/i386-linux-gnu/libc-2.15.so
0080c000-0080d000 rw-p 001a5000 08:01 2098022    /lib/i386-linux-gnu/libc-2.15.so
0080d000-00810000 rw-p 00000000 00:00 0 
00810000-0084a000 r-xp 00000000 08:01 2098175    /lib/i386-linux-gnu/libpcre.so.3.12.1
0084a000-0084b000 r--p 00039000 08:01 2098175    /lib/i386-linux-gnu/libpcre.so.3.12.1
0084b000-0084c000 rw-p 0003a000 08:01 2098175    /lib/i386-linux-gnu/libpcre.so.3.12.1
0084c000-00853000 r-xp 00000000 08:01 1708190    /usr/lib/i386-linux-gnu/libkrb5support.so.0.1
00853000-00854000 r--p 00006000 08:01 1708190    /usr/lib/i386-linux-gnu/libkrb5support.so.0.1
00854000-00855000 rw-p 00007000 08:01 1708190    /usr/lib/i386-linux-gnu/libkrb5support.so.0.1
00855000-00857000 r-xp 00000000 08:01 2098185    /lib/i386-linux-gnu/libkeyutils.so.1.4
00857000-00858000 r--p 00002000 08:01 2098185    /lib/i386-linux-gnu/libkeyutils.so.1.4
00858000-00859000 rw-p 00003000 08:01 2098185    /lib/i386-linux-gnu/libkeyutils.so.1.4
0085b000-00885000 r-xp 00000000 08:01 2098033    /lib/i386-linux-gnu/libm-2.15.so
00885000-00886000 r--p 00029000 08:01 2098033    /lib/i386-linux-gnu/libm-2.15.so
00886000-00887000 rw-p 0002a000 08:01 2098033    /lib/i386-linux-gnu/libm-2.15.so
00887000-008c2000 r-xp 00000000 08:01 1704422    /usr/lib/i386-linux-gnu/libgssapi_krb5.so.2.2
008c2000-008c3000 ---p 0003b000 08:01 1704422    /usr/lib/i386-linux-gnu/libgssapi_krb5.so.2.2
008c3000-008c4000 r--p 0003b000 08:01 1704422    /usr/lib/i386-linux-gnu/libgssapi_krb5.so.2.2
008c4000-008c5000 rw-p 0003c000 08:01 1704422    /usr/lib/i386-linux-gnu/libgssapi_krb5.so.2.2
008c6000-008d1000 r-xp 00000000 08:01 1708068    /usr/lib/i386-linux-gnu/libpangocairo-1.0.so.0.3000.0
008d1000-008d2000 r--p 0000a000 08:01 1708068    /usr/lib/i386-linux-gnu/libpangocairo-1.0.so.0.3000.0
008d2000-008d3000 rw-p 0000b000 08:01 1708068    /usr/lib/i386-linux-gnu/libpangocairo-1.0.so.0.3000.0
008d3000-008e3000 r-xp 00000000 08:01 1706813    /usr/lib/i386-linux-gnu/libavahi-client.so.3.2.9
008e3000-008e4000 r--p 0000f000 08:01 1706813    /usr/lib/i386-linux-gnu/libavahi-client.so.3.2.9
008e4000-008e5000 rw-p 00010000 08:01 1706813    /usr/lib/i386-linux-gnu/libavahi-client.so.3.2.9
008e5000-008f5000 r-xp 00000000 08:01 1704083    /usr/lib/i386-linux-gnu/libtasn1.so.3.1.12
008f5000-008f6000 r--p 0000f000 08:01 1704083    /usr/lib/i386-linux-gnu/libtasn1.so.3.1.12
008f6000-008f7000 rw-p 00010000 08:01 1704083    /usr/lib/i386-linux-gnu/libtasn1.so.3.1.12
008f7000-008fa000 r-xp 00000000 08:01 2098070    /lib/i386-linux-gnu/libgpg-error.so.0.8.0
008fa000-008fb000 r--p 00002000 08:01 2098070    /lib/i386-linux-gnu/libgpg-error.so.0.8.0
008fb000-008fc000 rw-p 00003000 08:01 2098070    /lib/i386-linux-gnu/libgpg-error.so.0.8.0
008fc000-00908000 r-xp 00000000 08:01 1705828    /usr/lib/i386-linux-gnu/libavahi-common.so.3.5.3
00908000-00909000 r--p 0000b000 08:01 1705828    /usr/lib/i386-linux-gnu/libavahi-common.so.3.5.3
00909000-0090a000 rw-p 0000c000 08:01 1705828    /usr/lib/i386-linux-gnu/libavahi-common.so.3.5.3
0090a000-00932000 r-xp 00000000 08:01 2097257    /lib/i386-linux-gnu/libpng12.so.0.46.0
00932000-00933000 r--p 00027000 08:01 2097257    /lib/i386-linux-gnu/libpng12.so.0.46.0
00933000-00934000 rw-p 00028000 08:01 2097257    /lib/i386-linux-gnu/libpng12.so.0.46.0
00934000-00942000 r-xp 00000000 08:01 2097259    /lib/i386-linux-gnu/libusb-1.0.so.0.1.0
00942000-00943000 r--p 0000d000 08:01 2097259    /lib/i386-linux-gnu/libusb-1.0.so.0.1.0
00943000-00944000 rw-p 0000e000 08:01 2097259    /lib/i386-linux-gnu/libusb-1.0.so.0.1.0
00944000-0094c000 r-xp 00000000 08:01 1837359    /usr/lib/jvm/java-7-openjdk-i386/jre/lib/i386/libzip.so
0094c000-0094d000 r--p 00007000 08:01 1837359    /usr/lib/jvm/java-7-openjdk-i386/jre/lib/i386/libzip.so
0094d000-0094e000 rw-p 00008000 08:01 1837359    /usr/lib/jvm/java-7-openjdk-i386/jre/lib/i386/libzip.so
0094e000-00951000 r-xp 00000000 08:01 1708043    /usr/lib/libXnCore.so
00951000-00952000 r--p 00002000 08:01 1708043    /usr/lib/libXnCore.so
00952000-00953000 rw-p 00003000 08:01 1708043    /usr/lib/libXnCore.so
00959000-00961000 r-xp 00000000 08:01 1706431    /usr/lib/i386-linux-gnu/libxcb-render.so.0.0.0
00961000-00962000 r--p 00008000 08:01 1706431    /usr/lib/i386-linux-gnu/libxcb-render.so.0.0.0
00962000-00963000 rw-p 00009000 08:01 1706431    /usr/lib/i386-linux-gnu/libxcb-render.so.0.0.0
00963000-00973000 r-xp 00000000 08:01 1707354    /usr/lib/i386-linux-gnu/libp11-kit.so.0.0.0
00973000-00974000 r--p 0000f000 08:01 1707354    /usr/lib/i386-linux-gnu/libp11-kit.so.0.0.0
00974000-00975000 rw-p 00010000 08:01 1707354    /usr/lib/i386-linux-gnu/libp11-kit.so.0.0.0
00976000-0097b000 r-xp 00000000 08:01 1707424    /usr/lib/i386-linux-gnu/libXtst.so.6.1.0
0097b000-0097c000 r--p 00004000 08:01 1707424    /usr/lib/i386-linux-gnu/libXtst.so.6.1.0
0097c000-0097d000 rw-p 00005000 08:01 1707424    /usr/lib/i386-linux-gnu/libXtst.so.6.1.0
0097d000-00993000 r-xp 00000000 08:01 1837388    /usr/lib/jvm/java-7-openjdk-i386/jre/lib/i386/libnet.so
00993000-00994000 r--p 00015000 08:01 1837388    /usr/lib/jvm/java-7-openjdk-i386/jre/lib/i386/libnet.so
00994000-00995000 rw-p 00016000 08:01 1837388    /usr/lib/jvm/java-7-openjdk-i386/jre/lib/i386/libnet.so
00996000-00a26000 r-xp 00000000 08:01 1837357    /usr/lib/jvm/java-7-openjdk-i386/jre/lib/i386/libawt.so
00a26000-00a27000 r--p 00090000 08:01 1837357    /usr/lib/jvm/java-7-openjdk-i386/jre/lib/i386/libawt.so
00a27000-00a2e000 rw-p 00091000 08:01 1837357    /usr/lib/jvm/java-7-openjdk-i386/jre/lib/i386/libawt.so
00a2e000-00a52000 rw-p 00000000 00:00 0 
00a52000-00a78000 r-xp 00000000 08:01 1705544    /usr/lib/i386-linux-gnu/libk5crypto.so.3.1
00a78000-00a79000 r--p 00025000 08:01 1705544    /usr/lib/i386-linux-gnu/libk5crypto.so.3.1
00a79000-00a7a000 rw-p 00026000 08:01 1705544    /usr/lib/i386-linux-gnu/libk5crypto.so.3.1
00a7a000-00a8b000 r-xp 00000000 08:01 1837358    /usr/lib/jvm/java-7-openjdk-i386/jre/lib/i386/libnio.so
00a8b000-00a8c000 r--p 00010000 08:01 1837358    /usr/lib/jvm/java-7-openjdk-i386/jre/lib/i386/libnio.so
00a8c000-00a8d000 rw-p 00011000 08:01 1837358    /usr/lib/jvm/java-7-openjdk-i386/jre/lib/i386/libnio.so
00aa2000-00aa3000 r-xp 00000000 00:00 0          [vdso]
00aa3000-00bd3000 r-xp 00000000 08:01 1709768    /usr/lib/i386-linux-gnu/libX11.so.6.3.0
00bd3000-00bd4000 r--p 0012f000 08:01 1709768    /usr/lib/i386-linux-gnu/libX11.so.6.3.0
00bd4000-00bd6000 rw-p 00130000 08:01 1709768    /usr/lib/i386-linux-gnu/libX11.so.6.3.0
00bd6000-00bd7000 rw-p 00000000 00:00 0 
00bd7000-00c1e000 r-xp 00000000 08:01 2097236    /lib/i386-linux-gnu/libdbus-1.so.3.5.8
00c1e000-00c1f000 r--p 00047000 08:01 2097236    /lib/i386-linux-gnu/libdbus-1.so.3.5.8
00c1f000-00c20000 rw-p 00048000 08:01 2097236    /lib/i386-linux-gnu/libdbus-1.so.3.5.8
00c20000-00c3f000 r-xp 00000000 08:01 1713812    /usr/lib/libnimRecorder.so
00c3f000-00c40000 r--p 0001f000 08:01 1713812    /usr/lib/libnimRecorder.so
00c40000-00c41000 rw-p 00020000 08:01 1713812    /usr/lib/libnimRecorder.so
00c4b000-00c6b000 r-xp 00000000 08:01 2098034    /lib/i386-linux-gnu/ld-2.15.so
00c6b000-00c6c000 r--p 0001f000 08:01 2098034    /lib/i386-linux-gnu/ld-2.15.so
00c6c000-00c6d000 rw-p 00020000 08:01 2098034    /lib/i386-linux-gnu/ld-2.15.so
00c6d000-01552000 r-xp 00000000 08:01 1837373    /usr/lib/jvm/java-7-openjdk-i386/jre/lib/i386/server/libjvm.so
01552000-01599000 r--p 008e4000 08:01 1837373    /usr/lib/jvm/java-7-openjdk-i386/jre/lib/i386/server/libjvm.so
01599000-015ad000 rw-p 0092b000 08:01 1837373    /usr/lib/jvm/java-7-openjdk-i386/jre/lib/i386/server/libjvm.so
015ad000-019c9000 rw-p 00000000 00:00 0 
019c9000-01a5c000 r-xp 00000000 08:01 1704171    /usr/lib/i386-linux-gnu/libpixman-1.so.0.24.4
01a5c000-01a60000 r--p 00092000 08:01 1704171    /usr/lib/i386-linux-gnu/libpixman-1.so.0.24.4
01a60000-01a61000 rw-p 00096000 08:01 1704171    /usr/lib/i386-linux-gnu/libpixman-1.so.0.24.4
01a61000-01b29000 r-xp 00000000 08:01 1705541    /usr/lib/i386-linux-gnu/libkrb5.so.3.3
01b29000-01b2f000 r--p 000c7000 08:01 1705541    /usr/lib/i386-linux-gnu/libkrb5.so.3.3
01b2f000-01b30000 rw-p 000cd000 08:01 1705541    /usr/lib/i386-linux-gnu/libkrb5.so.3.3
01b30000-01b5c000 r-xp 00000000 08:01 1713811    /usr/lib/libnimMockNodes.so
01b5c000-01b63000 r--p 0002b000 08:01 1713811    /usr/lib/libnimMockNodes.so
01b63000-01b64000 rw-p 00032000 08:01 1713811    /usr/lib/libnimMockNodes.so
01b64000-01b99000 r-xp 00000000 08:01 1713810    /usr/lib/libnimCodecs.so
01b99000-01b9b000 r--p 00034000 08:01 1713810    /usr/lib/libnimCodecs.so
01b9b000-01b9c000 rw-p 00036000 08:01 1713810    /usr/lib/libnimCodecs.so
01b9c000-01bbc000 rw-p 00000000 00:00 0 
01bbc000-01da3000 r-xp 00000000 08:01 1708023    /usr/lib/libXnVFeatures_1_4_1.so
01da3000-01da6000 r--p 001e6000 08:01 1708023    /usr/lib/libXnVFeatures_1_4_1.so
01da6000-01da7000 rw-p 001e9000 08:01 1708023    /usr/lib/libXnVFeatures_1_4_1.so
01da7000-01dac000 rw-p 00000000 00:00 0 
01dac000-021c7000 r-xp 00000000 08:01 1708035    /usr/lib/libXnVFeatures_1_5_2.so
021c7000-021cf000 r--p 0041a000 08:01 1708035    /usr/lib/libXnVFeatures_1_5_2.so
021cf000-021d0000 rw-p 00422000 08:01 1708035    /usr/lib/libXnVFeatures_1_5_2.so
021d0000-021e4000 rw-p 00000000 00:00 0 
021e4000-022b8000 r-xp 00000000 08:01 1708039    /usr/lib/libXnVHandGenerator_1_4_1.so
022b8000-022b9000 ---p 000d4000 08:01 1708039    /usr/lib/libXnVHandGenerator_1_4_1.so
022b9000-022bb000 r--p 000d4000 08:01 1708039    /usr/lib/libXnVHandGenerator_1_4_1.so
022bb000-022bc000 rw-p 000d6000 08:01 1708039    /usr/lib/libXnVHandGenerator_1_4_1.so
022bc000-022be000 rw-p 00000000 00:00 0 
022be000-02393000 r-xp 00000000 08:01 1708040    /usr/lib/libXnVHandGenerator_1_4_2.so
02393000-02394000 ---p 000d5000 08:01 1708040    /usr/lib/libXnVHandGenerator_1_4_2.so
02394000-02396000 r--p 000d5000 08:01 1708040    /usr/lib/libXnVHandGenerator_1_4_2.so
02396000-02397000 rw-p 000d7000 08:01 1708040    /usr/lib/libXnVHandGenerator_1_4_2.so
02397000-02399000 rw-p 00000000 00:00 0 
023ab000-02485000 r-xp 00000000 08:01 1707368    /usr/lib/libXnVNite_1_5_2.so
02485000-02487000 r--p 000da000 08:01 1707368    /usr/lib/libXnVNite_1_5_2.so
02487000-02488000 rw-p 000dc000 08:01 1707368    /usr/lib/libXnVNite_1_5_2.so
02488000-02508000 r-xp 00000000 08:01 1708046    /usr/lib/libXnDeviceSensorV2KM.so
02508000-02509000 ---p 00080000 08:01 1708046    /usr/lib/libXnDeviceSensorV2KM.so
02509000-02511000 r--p 00080000 08:01 1708046    /usr/lib/libXnDeviceSensorV2KM.so
02511000-02512000 rw-p 00088000 08:01 1708046    /usr/lib/libXnDeviceSensorV2KM.so
02512000-02557000 r-xp 00000000 08:01 1708044    /usr/lib/libXnDDK.so
02557000-02559000 r--p 00044000 08:01 1708044    /usr/lib/libXnDDK.so
02559000-0255a000 rw-p 00046000 08:01 1708044    /usr/lib/libXnDDK.so
0255a000-025e4000 r-xp 00000000 08:01 1709462    /usr/lib/libXnDeviceSensorV2.so
025e4000-025ec000 r--p 0008a000 08:01 1709462    /usr/lib/libXnDeviceSensorV2.so
025ec000-025ed000 rw-p 00092000 08:01 1709462    /usr/lib/libXnDeviceSensorV2.so
027a6000-0285c000 r-xp 00000000 08:01 3803206    /home/odairbonin/workspace_oficina_kinect/PrimeiroKinect/lib/user/libSimpleOpenNI32.so
0285c000-0285e000 r--p 000b5000 08:01 3803206    /home/odairbonin/workspace_oficina_kinect/PrimeiroKinect/lib/user/libSimpleOpenNI32.so
0285e000-02860000 rw-p 000b7000 08:01 3803206    /home/odairbonin/workspace_oficina_kinect/PrimeiroKinect/lib/user/libSimpleOpenNI32.so
028d9000-02956000 r-xp 00000000 08:01 1713814    /usr/lib/libOpenNI.so
02956000-02958000 r--p 0007c000 08:01 1713814    /usr/lib/libOpenNI.so
02958000-0295a000 rw-p 0007e000 08:01 1713814    /usr/lib/libOpenNI.so
02b81000-02c40000 r-xp 00000000 08:01 1714074    /usr/lib/i386-linux-gnu/libgnutls.so.26.21.8
02c40000-02c44000 r--p 000be000 08:01 1714074    /usr/lib/i386-linux-gnu/libgnutls.so.26.21.8
02c44000-02c45000 rw-p 000c2000 08:01 1714074    /usr/lib/i386-linux-gnu/libgnutls.so.26.21.8
02ee1000-02fbf000 r-xp 00000000 08:01 1708038    /usr/lib/libXnVHandGenerator_1_3_1.so
02fbf000-02fc2000 r--p 000dd000 08:01 1708038    /usr/lib/libXnVHandGenerator_1_3_1.so
02fc2000-02fc3000 rw-p 000e0000 08:01 1708038    /usr/lib/libXnVHandGenerator_1_3_1.so
02fc3000-02fc5000 rw-p 00000000 00:00 0 
03193000-031ba000 r-xp 00000000 08:01 1708045    /usr/lib/libXnDeviceFile.so
031ba000-031bb000 r--p 00027000 08:01 1708045    /usr/lib/libXnDeviceFile.so
031bb000-031bc000 rw-p 00028000 08:01 1708045    /usr/lib/libXnDeviceFile.so
03977000-03b95000 r-xp 00000000 08:01 1708018    /usr/lib/libXnVFeatures_1_3_1.so
03b95000-03b96000 ---p 0021e000 08:01 1708018    /usr/lib/libXnVFeatures_1_3_1.so
03b96000-03b99000 r--p 0021e000 08:01 1708018    /usr/lib/libXnVFeatures_1_3_1.so
03b99000-03b9a000 rw-p 00221000 08:01 1708018    /usr/lib/libXnVFeatures_1_3_1.so
03b9a000-03b9f000 rw-p 00000000 00:00 0 
043d4000-04469000 r-xp 00000000 08:01 1704168    /usr/lib/i386-linux-gnu/libfreetype.so.6.8.0
04469000-0446d000 r--p 00094000 08:01 1704168    /usr/lib/i386-linux-gnu/libfreetype.so.6.8.0
0446d000-0446e000 rw-p 00098000 08:01 1704168    /usr/lib/i386-linux-gnu/libfreetype.so.6.8.0
046b6000-046da000 r-xp 00000000 08:01 1708047    /usr/lib/libXnFormats.so
046da000-046db000 r--p 00023000 08:01 1708047    /usr/lib/libXnFormats.so
046db000-046dc000 rw-p 00024000 08:01 1708047    /usr/lib/libXnFormats.so
046dc000-046fc000 rw-p 00000000 00:00 0 
05261000-052e3000 r-xp 00000000 08:01 2098111    /lib/i386-linux-gnu/libgcrypt.so.11.7.0
052e3000-052e4000 r--p 00081000 08:01 2098111    /lib/i386-linux-gnu/libgcrypt.so.11.7.0
052e4000-052e6000 rw-p 00082000 08:01 2098111    /lib/i386-linux-gnu/libgcrypt.so.11.7.0
055ff000-056f6000 r-xp 00000000 08:01 2098053    /lib/i386-linux-gnu/libglib-2.0.so.0.3200.3
056f6000-056f7000 r--p 000f6000 08:01 2098053    /lib/i386-linux-gnu/libglib-2.0.so.0.3200.3
056f7000-056f8000 rw-p 000f7000 08:01 2098053    /lib/i386-linux-gnu/libglib-2.0.so.0.3200.3
059e8000-05b3b000 r-xp 00000000 08:01 1705743    /usr/lib/i386-linux-gnu/libgio-2.0.so.0.3200.3
05b3b000-05b3d000 r--p 00153000 08:01 1705743    /usr/lib/i386-linux-gnu/libgio-2.0.so.0.3200.3
05b3d000-05b3e000 rw-p 00155000 08:01 1705743    /usr/lib/i386-linux-gnu/libgio-2.0.so.0.3200.3
05b3e000-05b3f000 rw-p 00000000 00:00 0 
05df7000-06257000 r-xp 00000000 08:01 1707112    /usr/lib/i386-linux-gnu/libgtk-x11-2.0.so.0.2400.10
06257000-0625b000 r--p 00460000 08:01 1707112    /usr/lib/i386-linux-gnu/libgtk-x11-2.0.so.0.2400.10
0625b000-0625d000 rw-p 00464000 08:01 1707112    /usr/lib/i386-linux-gnu/libgtk-x11-2.0.so.0.2400.10
0625d000-0625f000 rw-p 00000000 00:00 0 
067c9000-06803000 r-xp 00000000 08:01 1837391    /usr/lib/jvm/java-7-openjdk-i386/jre/lib/i386/libfontmanager.so
06803000-06804000 ---p 0003a000 08:01 1837391    /usr/lib/jvm/java-7-openjdk-i386/jre/lib/i386/libfontmanager.so
06804000-06805000 r--p 0003a000 08:01 1837391    /usr/lib/jvm/java-7-openjdk-i386/jre/lib/i386/libfontmanager.so
06805000-06806000 rw-p 0003b000 08:01 1837391    /usr/lib/jvm/java-7-openjdk-i386/jre/lib/i386/libfontmanager.so
06d25000-06e1b000 r-xp 00000000 08:01 1708041    /usr/lib/libXnVHandGenerator_1_5_2.so
06e1b000-06e1e000 r--p 000f5000 08:01 1708041    /usr/lib/libXnVHandGenerator_1_5_2.so
06e1e000-06e1f000 rw-p 000f8000 08:01 1708041    /usr/lib/libXnVHandGenerator_1_5_2.so
06e1f000-06e2b000 rw-p 00000000 00:00 0 
06ec7000-070ae000 r-xp 00000000 08:01 1708028    /usr/lib/libXnVFeatures_1_4_2.so
070ae000-070b1000 r--p 001e6000 08:01 1708028    /usr/lib/libXnVFeatures_1_4_2.so
070b1000-070b2000 rw-p 001e9000 08:01 1708028    /usr/lib/libXnVFeatures_1_4_2.so
070b2000-070b7000 rw-p 00000000 00:00 0 
07816000-078dd000 r-xp 00000000 08:01 1706437    /usr/lib/i386-linux-gnu/libcairo.so.2.11000.2
078dd000-078de000 r--p 000c7000 08:01 1706437    /usr/lib/i386-linux-gnu/libcairo.so.2.11000.2
078de000-078df000 rw-p 000c8000 08:01 1706437    /usr/lib/i386-linux-gnu/libcairo.so.2.11000.2
078df000-078e1000 rw-p 00000000 00:00 0 
08048000-08049000 r-xp 00000000 08:01 1837321    /usr/lib/jvm/java-7-openjdk-i386/jre/bin/java
08049000-0804a000 r--p 00000000 08:01 1837321    /usr/lib/jvm/java-7-openjdk-i386/jre/bin/java
0804a000-0804b000 rw-p 00001000 08:01 1837321    /usr/lib/jvm/java-7-openjdk-i386/jre/bin/java
084d0000-08682000 rw-p 00000000 00:00 0          [heap]
7db0d000-7dc00000 rwxp 00000000 00:00 0 
7dc00000-7dc89000 rw-p 00000000 00:00 0 
7dc89000-7dd00000 ---p 00000000 00:00 0 
7dd0d000-7de00000 rwxp 00000000 00:00 0 
7de00000-7defc000 rw-p 00000000 00:00 0 
7defc000-7df00000 ---p 00000000 00:00 0 
7df09000-7df5a000 rwxp 00000000 00:00 0 
7df5a000-7df5b000 ---p 00000000 00:00 0 
7df5b000-7dfdb000 rwxp 00000000 00:00 0 
7dfdb000-7dfdc000 ---p 00000000 00:00 0 
7dfdc000-7e05c000 rwxp 00000000 00:00 0 
7e05c000-7e05d000 ---p 00000000 00:00 0 
7e05d000-7e0dd000 rwxp 00000000 00:00 0 
7e0dd000-7e2dd000 r--p 00000000 08:01 1704063    /usr/lib/locale/locale-archive
7e2dd000-7e37f000 rwxp 00000000 00:00 0 
7e37f000-7e380000 ---p 00000000 00:00 0 
7e380000-7e400000 rwxp 00000000 00:00 0 
7e400000-7e4eb000 rw-p 00000000 00:00 0 
7e4eb000-7e500000 ---p 00000000 00:00 0 
7e505000-7e556000 rwxp 00000000 00:00 0 
7e556000-7e59e000 rw-p 00000000 00:00 0 
7e59e000-7e749000 r--s 01cdb000 08:01 1837397    /usr/lib/jvm/java-7-openjdk-i386/jre/lib/rt.jar
7e749000-80900000 rw-p 00000000 00:00 0 
80900000-809b2000 rw-p 00000000 00:00 0 
809b2000-80a00000 ---p 00000000 00:00 0 
80a25000-80a2e000 r--s 000bc000 08:01 1710125    /usr/lib/jvm/java-7-openjdk-common/jre/lib/resources.jar
80a2e000-80a7f000 rwxp 00000000 00:00 0 
80a7f000-80a80000 ---p 00000000 00:00 0 
80a80000-80b00000 rwxp 00000000 00:00 0 
80b00000-80ba3000 rw-p 00000000 00:00 0 
80ba3000-80c00000 ---p 00000000 00:00 0 
80c03000-80c06000 r--s 00022000 08:01 3803208    /home/odairbonin/workspace_oficina_kinect/PrimeiroKinect/lib/user/SimpleOpenNI.jar
80c06000-80c22000 r--s 0048b000 08:01 3803197    /home/odairbonin/workspace_oficina_kinect/PrimeiroKinect/lib/base/core/jogl-all.jar
80c22000-80c23000 r--s 00001000 08:01 3803196    /home/odairbonin/workspace_oficina_kinect/PrimeiroKinect/lib/base/core/gluegen-rt-natives-windows-i586.jar
80c23000-80c26000 r--s 00077000 08:01 3803195    /home/odairbonin/workspace_oficina_kinect/PrimeiroKinect/lib/base/core/core.jar
80c26000-80c2b000 r--s 00030000 08:01 3803193    /home/odairbonin/workspace_oficina_kinect/PrimeiroKinect/lib/base/core/gluegen-rt.jar
80c2b000-80c2c000 ---p 00000000 00:00 0 
80c2c000-80cac000 rwxp 00000000 00:00 0 
80cac000-80cbb000 rw-p 00000000 00:00 0 
80cbb000-80d94000 rw-p 00000000 00:00 0 
80d94000-80d9c000 rw-p 00000000 00:00 0 
80d9c000-80dd4000 rw-p 00000000 00:00 0 
80dd4000-80de3000 rw-p 00000000 00:00 0 
80de3000-80ebb000 rw-p 00000000 00:00 0 
80ebb000-80ec3000 rw-p 00000000 00:00 0 
80ec3000-80f2f000 rw-p 00000000 00:00 0 
80f2f000-81f30000 rw-p 00000000 00:00 0 
81f30000-88f30000 rw-p 00000000 00:00 0 
88f30000-8ac20000 rw-p 00000000 00:00 0 
8ac20000-a5de0000 rw-p 00000000 00:00 0 
a5de0000-a6c50000 rw-p 00000000 00:00 0 
a6c50000-b4530000 rw-p 00000000 00:00 0 
b4531000-b4532000 rw-p 00000000 00:00 0 
b4532000-b4534000 r--s 00020000 08:01 3803194    /home/odairbonin/workspace_oficina_kinect/PrimeiroKinect/lib/base/core/jogl-all-natives-windows-i586.jar
b4534000-b4535000 r--s 00023000 08:01 3803192    /home/odairbonin/workspace_oficina_kinect/PrimeiroKinect/lib/base/core/jogl-all-natives-linux-i586.jar
b4535000-b4536000 r--s 0001b000 08:01 3803191    /home/odairbonin/workspace_oficina_kinect/PrimeiroKinect/lib/base/core/jogl-all-natives-windows-amd64.jar
b4536000-b4537000 r--s 00000000 08:01 3803190    /home/odairbonin/workspace_oficina_kinect/PrimeiroKinect/lib/base/core/gluegen-rt-natives-linux-amd64.jar
b4537000-b4538000 r--s 00023000 08:01 3803189    /home/odairbonin/workspace_oficina_kinect/PrimeiroKinect/lib/base/core/jogl-all-natives-linux-amd64.jar
b4538000-b4541000 rw-p 00000000 00:00 0 
b4541000-b45f8000 rw-p 00000000 00:00 0 
b45f8000-b4838000 rwxp 00000000 00:00 0 
b4838000-b75f8000 rw-p 00000000 00:00 0 
b75f8000-b7600000 rw-s 00000000 08:01 3284174    /tmp/hsperfdata_odairbonin/3022
b7600000-b76f2000 rw-p 00000000 00:00 0 
b76f2000-b7700000 ---p 00000000 00:00 0 
b7700000-b7701000 r--s 00001000 08:01 3803188    /home/odairbonin/workspace_oficina_kinect/PrimeiroKinect/lib/base/core/gluegen-rt-natives-windows-amd64.jar
b7701000-b7702000 r--s 00000000 08:01 3803187    /home/odairbonin/workspace_oficina_kinect/PrimeiroKinect/lib/base/core/gluegen-rt-natives-linux-i586.jar
b7702000-b7703000 r--s 00000000 08:01 3803186    /home/odairbonin/workspace_oficina_kinect/PrimeiroKinect/lib/base/core/gluegen-rt-natives-macosx-universal.jar
b7703000-b7704000 r--s 00050000 08:01 3803185    /home/odairbonin/workspace_oficina_kinect/PrimeiroKinect/lib/base/core/jogl-all-natives-macosx-universal.jar
b7704000-b770c000 rw-p 00000000 00:00 0 
b770c000-b7744000 rw-p 00000000 00:00 0 
b7744000-b7745000 ---p 00000000 00:00 0 
b7745000-b7795000 rwxp 00000000 00:00 0 
b7795000-b7797000 rw-p 00000000 00:00 0 
b7797000-b779a000 r--s 0000f000 08:01 1710119    /usr/lib/jvm/java-7-openjdk-common/jre/lib/ext/pulse-java.jar
b779a000-b779c000 r--s 00012000 08:01 1710118    /usr/lib/jvm/java-7-openjdk-common/jre/lib/ext/zipfs.jar
b779c000-b779d000 r--s 00007000 08:01 2228686    /usr/share/java/java-atk-wrapper.jar
b779d000-b77a0000 r--s 0003c000 08:01 1710114    /usr/lib/jvm/java-7-openjdk-common/jre/lib/ext/sunpkcs11.jar
b77a0000-b77a4000 r--s 00085000 08:01 1710115    /usr/lib/jvm/java-7-openjdk-common/jre/lib/ext/localedata.jar
b77a4000-b77a7000 r--s 00032000 08:01 1710116    /usr/lib/jvm/java-7-openjdk-common/jre/lib/ext/sunjce_provider.jar
b77a7000-b77a8000 r--s 00002000 08:01 1710117    /usr/lib/jvm/java-7-openjdk-common/jre/lib/ext/dnsns.jar
b77a8000-b77a9000 r--p 002c5000 08:01 1704063    /usr/lib/locale/locale-archive
b77a9000-b77aa000 rw-p 00000000 00:00 0 
b77aa000-b77ab000 r--p 00000000 00:00 0 
b77ab000-b77ae000 rw-p 00000000 00:00 0 
bfadb000-bfafb000 rwxp 00000000 00:00 0          [stack]
bfafb000-bfafd000 rw-p 00000000 00:00 0 

VM Arguments:
jvm_args: -Djava.library.path=/home/odairbonin/workspace_oficina_kinect/PrimeiroKinect/lib/base/core:/home/odairbonin/workspace_oficina_kinect/PrimeiroKinect/lib/base/core:/home/odairbonin/workspace_oficina_kinect/PrimeiroKinect/lib/base/core:/home/odairbonin/workspace_oficina_kinect/PrimeiroKinect/lib/base/core:/home/odairbonin/workspace_oficina_kinect/PrimeiroKinect/lib/base/core:/home/odairbonin/workspace_oficina_kinect/PrimeiroKinect/lib/base/core:/home/odairbonin/workspace_oficina_kinect/PrimeiroKinect/lib/base/core:/home/odairbonin/workspace_oficina_kinect/PrimeiroKinect/lib/base/core:/home/odairbonin/workspace_oficina_kinect/PrimeiroKinect/lib/base/core:/home/odairbonin/workspace_oficina_kinect/PrimeiroKinect/lib/base/core:/home/odairbonin/workspace_oficina_kinect/PrimeiroKinect/lib/base/core:/home/odairbonin/workspace_oficina_kinect/PrimeiroKinect/lib/base/core:/home/odairbonin/workspace_oficina_kinect/PrimeiroKinect/lib/base/core:/home/odairbonin/workspace_oficina_kinect/PrimeiroKinect/lib/user -Djava.security.policy=java.policy.applet -Dfile.encoding=UTF-8 
java_command: sun.applet.AppletViewer primeirokinect.PrimeiroKinect1394993790729.html
Launcher Type: SUN_STANDARD

Environment Variables:
PATH=/usr/lib/lightdm/lightdm:/usr/local/sbin:/usr/local/bin:/usr/sbin:/usr/bin:/sbin:/bin:/usr/games
LD_LIBRARY_PATH=/usr/lib/jvm/java-7-openjdk-i386/jre/lib/i386/server:/usr/lib/jvm/java-7-openjdk-i386/jre/lib/i386:/usr/lib/jvm/java-7-openjdk-i386/jre/../lib/i386:/usr/lib/jvm/java-7-openjdk-i386/jre/lib/i386/client:/usr/lib/jvm/java-7-openjdk-i386/jre/lib/i386:
SHELL=/bin/bash
DISPLAY=:0.0

Signal Handlers:
SIGSEGV: [libjvm.so+0x753930], sa_mask[0]=0x7ffbfeff, sa_flags=0x10000004
SIGBUS: [libjvm.so+0x753930], sa_mask[0]=0x7ffbfeff, sa_flags=0x10000004
SIGFPE: [libjvm.so+0x5e94a0], sa_mask[0]=0x7ffbfeff, sa_flags=0x10000004
SIGPIPE: [libjvm.so+0x5e94a0], sa_mask[0]=0x7ffbfeff, sa_flags=0x10000004
SIGXFSZ: [libjvm.so+0x5e94a0], sa_mask[0]=0x7ffbfeff, sa_flags=0x10000004
SIGILL: [libjvm.so+0x5e94a0], sa_mask[0]=0x7ffbfeff, sa_flags=0x10000004
SIGUSR1: SIG_DFL, sa_mask[0]=0x00000000, sa_flags=0x00000000
SIGUSR2: [libjvm.so+0x5e9330], sa_mask[0]=0x00000004, sa_flags=0x10000004
SIGHUP: [libjvm.so+0x5e9960], sa_mask[0]=0x7ffbfeff, sa_flags=0x10000004
SIGINT: [libjvm.so+0x5e9960], sa_mask[0]=0x7ffbfeff, sa_flags=0x10000004
SIGTERM: [libjvm.so+0x5e9960], sa_mask[0]=0x7ffbfeff, sa_flags=0x10000004
SIGQUIT: [libjvm.so+0x5e9960], sa_mask[0]=0x7ffbfeff, sa_flags=0x10000004


---------------  S Y S T E M  ---------------

OS:Ubuntu 12.04 (precise)
uname:Linux 3.2.0-35-generic #55-Ubuntu SMP Wed Dec 5 17:45:18 UTC 2012 i686
libc:glibc 2.15 NPTL 2.15 
rlimit: STACK 8192k, CORE 0k, NPROC 22063, NOFILE 4096, AS infinity
load average:0.12 0.44 0.93

/proc/meminfo:
MemTotal:        2838692 kB
MemFree:         1708156 kB
Buffers:           65284 kB
Cached:           611364 kB
SwapCached:            0 kB
Active:           767212 kB
Inactive:         314948 kB
Active(anon):     406284 kB
Inactive(anon):     1032 kB
Active(file):     360928 kB
Inactive(file):   313916 kB
Unevictable:          16 kB
Mlocked:              16 kB
HighTotal:       1974216 kB
HighFree:         948364 kB
LowTotal:         864476 kB
LowFree:          759792 kB
SwapTotal:        783356 kB
SwapFree:         783356 kB
Dirty:                64 kB
Writeback:             0 kB
AnonPages:        405716 kB
Mapped:           101964 kB
Shmem:              1688 kB
Slab:              29904 kB
SReclaimable:      16328 kB
SUnreclaim:        13576 kB
KernelStack:        2944 kB
PageTables:         6504 kB
NFS_Unstable:          0 kB
Bounce:                0 kB
WritebackTmp:          0 kB
CommitLimit:     2202700 kB
Committed_AS:    2298108 kB
VmallocTotal:     122880 kB
VmallocUsed:        4920 kB
VmallocChunk:      81864 kB
HardwareCorrupted:     0 kB
AnonHugePages:         0 kB
HugePages_Total:       0
HugePages_Free:        0
HugePages_Rsvd:        0
HugePages_Surp:        0
Hugepagesize:       4096 kB
DirectMap4k:       12280 kB
DirectMap4M:      897024 kB


CPU:total 2 (2 cores per cpu, 1 threads per core) family 6 model 42 stepping 7, cmov, cx8, fxsr, mmx, sse, sse2, sse3, ssse3, sse4.1, sse4.2, popcnt, avx, tsc, tscinvbit

/proc/cpuinfo:
processor	: 0
vendor_id	: GenuineIntel
cpu family	: 6
model		: 42
model name	: Intel(R) Core(TM) i7-2620M CPU @ 2.70GHz
stepping	: 7
cpu MHz		: 2693.000
cache size	: 4096 KB
physical id	: 0
siblings	: 2
core id		: 0
cpu cores	: 2
apicid		: 0
initial apicid	: 0
fdiv_bug	: no
hlt_bug		: no
f00f_bug	: no
coma_bug	: no
fpu		: yes
fpu_exception	: yes
cpuid level	: 13
wp		: yes
flags		: fpu vme de pse tsc msr pae mce cx8 apic mtrr pge mca cmov pat pse36 clflush mmx fxsr sse sse2 ss ht syscall nx rdtscp lm constant_tsc nonstop_tsc aperfmperf pni pclmulqdq ssse3 cx16 pcid sse4_1 sse4_2 x2apic popcnt aes xsave avx hypervisor lahf_lm ida arat epb pln pts dtherm
bogomips	: 5386.00
clflush size	: 64
cache_alignment	: 64
address sizes	: 36 bits physical, 48 bits virtual
power management:

processor	: 1
vendor_id	: GenuineIntel
cpu family	: 6
model		: 42
model name	: Intel(R) Core(TM) i7-2620M CPU @ 2.70GHz
stepping	: 7
cpu MHz		: 2693.000
cache size	: 4096 KB
physical id	: 0
siblings	: 2
core id		: 1
cpu cores	: 2
apicid		: 1
initial apicid	: 1
fdiv_bug	: no
hlt_bug		: no
f00f_bug	: no
coma_bug	: no
fpu		: yes
fpu_exception	: yes
cpuid level	: 13
wp		: yes
flags		: fpu vme de pse tsc msr pae mce cx8 apic mtrr pge mca cmov pat pse36 clflush mmx fxsr sse sse2 ss ht syscall nx rdtscp lm constant_tsc nonstop_tsc aperfmperf pni pclmulqdq ssse3 cx16 pcid sse4_1 sse4_2 x2apic popcnt aes xsave avx hypervisor lahf_lm ida arat epb pln pts dtherm
bogomips	: 5386.00
clflush size	: 64
cache_alignment	: 64
address sizes	: 36 bits physical, 48 bits virtual
power management:



Memory: 4k page, physical 2838692k(1708156k free), swap 783356k(783356k free)

vm_info: OpenJDK Server VM (23.2-b09) for linux-x86 JRE (1.7.0_09-b30), built on Oct 24 2012 18:55:39 by "buildd" with gcc 4.6.3

time: Sun Mar 16 15:16:31 2014
elapsed time: 0 seconds

