#
# A fatal error has been detected by the Java Runtime Environment:
#
#  SIGSEGV (0xb) at pc=0x03b58c1f, pid=1977, tid=2109070144
#
# JRE version: 7.0_09-b30
# Java VM: OpenJDK Server VM (23.2-b09 mixed mode linux-x86 )
# Problematic frame:
# C  [libOpenNI.so+0x3cc1f]  xnSetSkeletonProfile+0x1f
#
# Failed to write core dump. Core dumps have been disabled. To enable core dumping, try "ulimit -c unlimited" before starting Java again
#
# If you would like to submit a bug report, please include
# instructions on how to reproduce the bug and visit:
#   https://bugs.launchpad.net/ubuntu/+source/openjdk-7/
# The crash happened outside the Java Virtual Machine in native code.
# See problematic frame for where to report the bug.
#

---------------  T H R E A D  ---------------

Current thread (0x80b10000):  JavaThread "Animation Thread" [_thread_in_native, id=2002, stack(0x7db0d000,0x7db5e000)]

siginfo:si_signo=SIGSEGV: si_errno=0, si_code=1 (SEGV_MAPERR), si_addr=0x00000000

Registers:
EAX=0x00010012, EBX=0x03b9aff4, ECX=0x80b00018, EDX=0x80b65a18
ESP=0x7db5cb60, EBP=0x01cf79a0, ESI=0x00000000, EDI=0x7db5cc34
EIP=0x03b58c1f, EFLAGS=0x00010212, CR2=0x00000000

Top of Stack: (sp=0x7db5cb60)
0x7db5cb60:   80b63110 01cf5ff4 80b30c40 7db5cc34
0x7db5cb70:   01cf79a0 001d46a0 80b65a18 03b58c00
0x7db5cb80:   00000000 01cf5ff4 80b30c40 01cbe969
0x7db5cb90:   00000000 00000002 00000000 00000000
0x7db5cba0:   7db5cc54 00000000 00000000 80b1ab90
0x7db5cbb0:   01c50b21 00000000 7db5cc4c 80b1ab01
0x7db5cbc0:   00000000 00000000 b463b740 00000400
0x7db5cbd0:   ffffffff 7db5cd00 01c4afc4 80b1ab90 

Instructions: (pc=0x03b58c1f)
0x03b58bff:   00 83 ec 2c b8 12 00 01 00 89 74 24 28 8b 74 24
0x03b58c0f:   30 89 5c 24 24 e8 3e 19 fd ff 81 c3 db 23 04 00
0x03b58c1f:   8b 16 8b 4a 08 85 c9 74 48 8b 52 04 8b 12 81 e2
0x03b58c2f:   00 00 00 02 74 3b 8b 46 24 c7 44 24 1c 00 00 00 

Register to memory mapping:

EAX=0x00010012 is an unknown value
EBX=0x03b9aff4: <offset 0x7eff4> in /usr/lib/libOpenNI.so at 0x03b1c000
ECX=0x80b00018 is an unknown value
EDX=0x80b65a18 is an unknown value
ESP=0x7db5cb60 is pointing into the stack for thread: 0x80b10000
EBP=0x01cf79a0: _ZN7sOpenNI14ContextWrapper14_globalContextE+0 in /home/odairbonin/workspace_oficina_kinect/PrimeiroKinect/lib/user/libSimpleOpenNI32.so at 0x01c3e000
ESI=0x00000000 is an unknown value
EDI=0x7db5cc34 is pointing into the stack for thread: 0x80b10000


Stack: [0x7db0d000,0x7db5e000],  sp=0x7db5cb60,  free space=318k
Native frames: (J=compiled Java code, j=interpreted, Vv=VM code, C=native code)
C  [libOpenNI.so+0x3cc1f]  xnSetSkeletonProfile+0x1f

Java frames: (J=compiled Java code, j=interpreted, Vv=VM code)
j  SimpleOpenNI.SimpleOpenNIJNI.ContextWrapper_enableUserSwigExplicitContextWrapper(JLSimpleOpenNI/ContextWrapper;I)Z+0
j  SimpleOpenNI.ContextWrapper.enableUser(I)Z+28
j  SimpleOpenNI.SimpleOpenNI.enableUser(ILjava/lang/Object;)Z+17
j  SimpleOpenNI.SimpleOpenNI.enableUser(I)Z+6
j  primeirokinect.PrimeiroKinect.setup()V+43
j  processing.core.PApplet.handleDraw()V+196
j  processing.core.PGraphicsJava2D.requestDraw()V+4
j  processing.core.PApplet.run()V+176
j  java.lang.Thread.run()V+11
v  ~StubRoutines::call_stub

---------------  P R O C E S S  ---------------

Java Threads: ( => current thread )
=>0x80b10000 JavaThread "Animation Thread" [_thread_in_native, id=2002, stack(0x7db0d000,0x7db5e000)]
  0x80b04000 JavaThread "AWT-EventQueue-1" [_thread_blocked, id=2001, stack(0x7db5e000,0x7dbaf000)]
  0xb7608000 JavaThread "DestroyJavaVM" [_thread_blocked, id=1980, stack(0xb7742000,0xb7793000)]
  0x7dc54400 JavaThread "AWT-EventQueue-0" [_thread_blocked, id=1999, stack(0x7dbaf000,0x7dc00000)]
  0x7dc4ec00 JavaThread "AWT-Shutdown" [_thread_blocked, id=1998, stack(0x7dd0d000,0x7dd5e000)]
  0x7dc2ac00 JavaThread "thread applet-primeirokinect.PrimeiroKinect.class" [_thread_blocked, id=1997, stack(0x7dd5e000,0x7ddaf000)]
  0x7dc12400 JavaThread "AWT-XAWT" daemon [_thread_in_native, id=1995, stack(0x7ddaf000,0x7de00000)]
  0x7dedcc00 JavaThread "Java2D Disposer" daemon [_thread_blocked, id=1994, stack(0x7df09000,0x7df5a000)]
  0x7e498400 JavaThread "Service Thread" daemon [_thread_blocked, id=1992, stack(0x7dfdb000,0x7e02c000)]
  0x7e496800 JavaThread "C2 CompilerThread1" daemon [_thread_blocked, id=1991, stack(0x7e02c000,0x7e0ad000)]
  0x7e494400 JavaThread "C2 CompilerThread0" daemon [_thread_blocked, id=1990, stack(0x7e0ad000,0x7e12e000)]
  0x7e492c00 JavaThread "Signal Dispatcher" daemon [_thread_blocked, id=1989, stack(0x7e505000,0x7e556000)]
  0x7e450800 JavaThread "Finalizer" daemon [_thread_blocked, id=1988, stack(0x80a2e000,0x80a7f000)]
  0x7e44ec00 JavaThread "Reference Handler" daemon [_thread_blocked, id=1987, stack(0x7e32e000,0x7e37f000)]

Other Threads:
  0x7e448800 VMThread [stack: 0x7e37f000,0x7e400000] [id=1986]
  0x7e49a000 WatcherThread [stack: 0x7df5a000,0x7dfdb000] [id=1993]

VM state:not at safepoint (normal execution)

VM Mutex/Monitor currently owned by a thread: None

Heap
 PSYoungGen      total 12992K, used 9798K [0xa5de0000, 0xa6c50000, 0xb4530000)
  eden space 11200K, 87% used [0xa5de0000,0xa6771ab0,0xa68d0000)
  from space 1792K, 0% used [0xa6a90000,0xa6a90000,0xa6c50000)
  to   space 1792K, 0% used [0xa68d0000,0xa68d0000,0xa6a90000)
 ParOldGen       total 29632K, used 0K [0x88f30000, 0x8ac20000, 0xa5de0000)
  object space 29632K, 0% used [0x88f30000,0x88f30000,0x8ac20000)
 PSPermGen       total 16384K, used 7388K [0x80f30000, 0x81f30000, 0x88f30000)
  object space 16384K, 45% used [0x80f30000,0x816672b0,0x81f30000)

Card table byte_map: [0x80d94000,0x80f30000] byte_map_base: 0x8098c680

Polling page: 0xb77a8000

Code Cache  [0xb45f8000, 0xb4838000, 0xb75f8000)
 total_blobs=319 nmethods=24 adapters=248 free_code_cache=48745Kb largest_free_block=49902784

Compilation events (10 events):
Event: 4.076 Thread 0x7e496800   19             java.util.Arrays::binarySearch0 (95 bytes)
Event: 4.078 Thread 0x7e496800 nmethod 19 0xb46572c8 code [0xb46573c0, 0xb4657550]
Event: 4.112 Thread 0x7e494400   20             java.lang.String::getChars (62 bytes)
Event: 4.113 Thread 0x7e494400 nmethod 20 0xb4655a48 code [0xb4655b40, 0xb4655c90]
Event: 4.113 Thread 0x7e494400   21             java.lang.AbstractStringBuilder::append (48 bytes)
Event: 4.118 Thread 0x7e494400 nmethod 21 0xb465a1c8 code [0xb465a2e0, 0xb465a6b0]
Event: 4.130 Thread 0x7e496800   22             java.lang.StringBuilder::append (8 bytes)
Event: 4.136 Thread 0x7e496800 nmethod 22 0xb4659988 code [0xb4659aa0, 0xb4659e70]
Event: 4.303 Thread 0x7e496800   23             java.lang.Class::searchMethods (90 bytes)
Event: 4.306 Thread 0x7e496800 nmethod 23 0xb4660448 code [0xb4660580, 0xb4660804]

GC Heap History (0 events):
No events

Deoptimization events (4 events):
Event: 3.406 Thread 0xb7608000 Uncommon trap -34 fr.pc 0xb4645f18
Event: 3.407 Thread 0xb7608000 Uncommon trap -34 fr.pc 0xb4645f18
Event: 3.410 Thread 0xb7608000 Uncommon trap -34 fr.pc 0xb4645f18
Event: 3.410 Thread 0xb7608000 Uncommon trap -34 fr.pc 0xb4645f18

Internal exceptions (10 events):
Event: 4.021 Thread 0x7dc2ac00 Threw 0xa60d59f0 at /build/buildd/openjdk-7-7u9-2.3.3/build/openjdk/hotspot/src/share/vm/prims/jvm.cpp:1166
Event: 4.077 Thread 0x7dc2ac00 Threw 0xa63b0b40 at /build/buildd/openjdk-7-7u9-2.3.3/build/openjdk/hotspot/src/share/vm/prims/jvm.cpp:1166
Event: 4.091 Thread 0x80b10000 Threw 0xa6419ac0 at /build/buildd/openjdk-7-7u9-2.3.3/build/openjdk/hotspot/src/share/vm/prims/jvm.cpp:1166
Event: 4.109 Thread 0x80b10000 Threw 0xa641f918 at /build/buildd/openjdk-7-7u9-2.3.3/build/openjdk/hotspot/src/share/vm/prims/jvm.cpp:1166
Event: 4.112 Thread 0x80b10000 Threw 0xa6438768 at /build/buildd/openjdk-7-7u9-2.3.3/build/openjdk/hotspot/src/share/vm/prims/jvm.cpp:1166
Event: 4.113 Thread 0x80b10000 Threw 0xa6440e30 at /build/buildd/openjdk-7-7u9-2.3.3/build/openjdk/hotspot/src/share/vm/prims/jvm.cpp:1166
Event: 4.262 Thread 0x80b10000 Threw 0xa66bd908 at /build/buildd/openjdk-7-7u9-2.3.3/build/openjdk/hotspot/src/share/vm/prims/jvm.cpp:1166
Event: 4.296 Thread 0x80b10000 Threw 0xa66d2a70 at /build/buildd/openjdk-7-7u9-2.3.3/build/openjdk/hotspot/src/share/vm/prims/jvm.cpp:1166
Event: 4.297 Thread 0x80b10000 Threw 0xa66d9490 at /build/buildd/openjdk-7-7u9-2.3.3/build/openjdk/hotspot/src/share/vm/prims/jvm.cpp:1166
Event: 4.298 Thread 0x80b10000 Threw 0xa670b5f8 at /build/buildd/openjdk-7-7u9-2.3.3/build/openjdk/hotspot/src/share/vm/prims/jvm.cpp:1166

Events (10 events):
Event: 4.301 loading class 0x80b62920 done
Event: 4.301 loading class 0x7de1f688 done
Event: 4.301 loading class 0x7de1f5c8
Event: 4.301 loading class 0x7de1f5c8 done
Event: 4.301 loading class 0x7de1f6e0
Event: 4.301 loading class 0x7de1f6e0 done
Event: 4.301 loading class 0x7e4c4f90
Event: 4.301 loading class 0x7e4c4f90 done
Event: 4.302 loading class 0x7de1d8e0
Event: 4.302 loading class 0x7de1d8e0 done


Dynamic libraries:
00110000-00127000 r-xp 00000000 08:01 2098031    /lib/i386-linux-gnu/libpthread-2.15.so
00127000-00128000 r--p 00016000 08:01 2098031    /lib/i386-linux-gnu/libpthread-2.15.so
00128000-00129000 rw-p 00017000 08:01 2098031    /lib/i386-linux-gnu/libpthread-2.15.so
00129000-0012b000 rw-p 00000000 00:00 0 
0012b000-00141000 r-xp 00000000 08:01 2098042    /lib/i386-linux-gnu/libnsl-2.15.so
00141000-00142000 r--p 00015000 08:01 2098042    /lib/i386-linux-gnu/libnsl-2.15.so
00142000-00143000 rw-p 00016000 08:01 2098042    /lib/i386-linux-gnu/libnsl-2.15.so
00143000-00145000 rw-p 00000000 00:00 0 
00145000-0014f000 r-xp 00000000 08:01 2098030    /lib/i386-linux-gnu/libnss_nis-2.15.so
0014f000-00150000 r--p 00009000 08:01 2098030    /lib/i386-linux-gnu/libnss_nis-2.15.so
00150000-00151000 rw-p 0000a000 08:01 2098030    /lib/i386-linux-gnu/libnss_nis-2.15.so
00151000-0015c000 r-xp 00000000 08:01 2098026    /lib/i386-linux-gnu/libnss_files-2.15.so
0015c000-0015d000 r--p 0000a000 08:01 2098026    /lib/i386-linux-gnu/libnss_files-2.15.so
0015d000-0015e000 rw-p 0000b000 08:01 2098026    /lib/i386-linux-gnu/libnss_files-2.15.so
0015e000-00166000 r-xp 00000000 08:01 1837359    /usr/lib/jvm/java-7-openjdk-i386/jre/lib/i386/libzip.so
00166000-00167000 r--p 00007000 08:01 1837359    /usr/lib/jvm/java-7-openjdk-i386/jre/lib/i386/libzip.so
00167000-00168000 rw-p 00008000 08:01 1837359    /usr/lib/jvm/java-7-openjdk-i386/jre/lib/i386/libzip.so
00168000-00178000 r-xp 00000000 08:01 1707120    /usr/lib/i386-linux-gnu/libXext.so.6.4.0
00178000-00179000 r--p 0000f000 08:01 1707120    /usr/lib/i386-linux-gnu/libXext.so.6.4.0
00179000-0017a000 rw-p 00010000 08:01 1707120    /usr/lib/i386-linux-gnu/libXext.so.6.4.0
0017a000-0017f000 r-xp 00000000 08:01 1707424    /usr/lib/i386-linux-gnu/libXtst.so.6.1.0
0017f000-00180000 r--p 00004000 08:01 1707424    /usr/lib/i386-linux-gnu/libXtst.so.6.1.0
00180000-00181000 rw-p 00005000 08:01 1707424    /usr/lib/i386-linux-gnu/libXtst.so.6.1.0
00181000-001a0000 r-xp 00000000 08:01 1708382    /usr/lib/i386-linux-gnu/libgdk_pixbuf-2.0.so.0.2600.1
001a0000-001a1000 r--p 0001e000 08:01 1708382    /usr/lib/i386-linux-gnu/libgdk_pixbuf-2.0.so.0.2600.1
001a1000-001a2000 rw-p 0001f000 08:01 1708382    /usr/lib/i386-linux-gnu/libgdk_pixbuf-2.0.so.0.2600.1
001a2000-001be000 r-xp 00000000 08:01 2098084    /lib/i386-linux-gnu/libgcc_s.so.1
001be000-001bf000 r--p 0001b000 08:01 2098084    /lib/i386-linux-gnu/libgcc_s.so.1
001bf000-001c0000 rw-p 0001c000 08:01 2098084    /lib/i386-linux-gnu/libgcc_s.so.1
001c0000-001e0000 r-xp 00000000 08:01 2098034    /lib/i386-linux-gnu/ld-2.15.so
001e0000-001e1000 r--p 0001f000 08:01 2098034    /lib/i386-linux-gnu/ld-2.15.so
001e1000-001e2000 rw-p 00020000 08:01 2098034    /lib/i386-linux-gnu/ld-2.15.so
001e2000-00234000 r-xp 00000000 08:01 1969852    /usr/lib/jvm/java-7-openjdk-i386/jre/lib/i386/xawt/libmawt.so
00234000-00235000 r--p 00051000 08:01 1969852    /usr/lib/jvm/java-7-openjdk-i386/jre/lib/i386/xawt/libmawt.so
00235000-00237000 rw-p 00052000 08:01 1969852    /usr/lib/jvm/java-7-openjdk-i386/jre/lib/i386/xawt/libmawt.so
00237000-00238000 rw-p 00000000 00:00 0 
00238000-0026a000 r-xp 00000000 08:01 1704163    /usr/lib/i386-linux-gnu/libfontconfig.so.1.4.4
0026a000-0026b000 r--p 00032000 08:01 1704163    /usr/lib/i386-linux-gnu/libfontconfig.so.1.4.4
0026b000-0026c000 rw-p 00033000 08:01 1704163    /usr/lib/i386-linux-gnu/libfontconfig.so.1.4.4
0026c000-0026d000 r-xp 00000000 08:01 1704299    /usr/lib/i386-linux-gnu/libgthread-2.0.so.0.3200.3
0026d000-0026e000 r--p 00000000 08:01 1704299    /usr/lib/i386-linux-gnu/libgthread-2.0.so.0.3200.3
0026e000-0026f000 rw-p 00001000 08:01 1704299    /usr/lib/i386-linux-gnu/libgthread-2.0.so.0.3200.3
0026f000-00273000 r-xp 00000000 08:01 1704744    /usr/lib/i386-linux-gnu/libXfixes.so.3.1.0
00273000-00274000 r--p 00004000 08:01 1704744    /usr/lib/i386-linux-gnu/libXfixes.so.3.1.0
00274000-00275000 rw-p 00005000 08:01 1704744    /usr/lib/i386-linux-gnu/libXfixes.so.3.1.0
00275000-00277000 r-xp 00000000 08:01 1705578    /usr/lib/i386-linux-gnu/libXinerama.so.1.0.0
00277000-00278000 r--p 00001000 08:01 1705578    /usr/lib/i386-linux-gnu/libXinerama.so.1.0.0
00278000-00279000 rw-p 00002000 08:01 1705578    /usr/lib/i386-linux-gnu/libXinerama.so.1.0.0
0027b000-0027e000 r-xp 00000000 08:01 2098037    /lib/i386-linux-gnu/libdl-2.15.so
0027e000-0027f000 r--p 00002000 08:01 2098037    /lib/i386-linux-gnu/libdl-2.15.so
0027f000-00280000 rw-p 00003000 08:01 2098037    /lib/i386-linux-gnu/libdl-2.15.so
00280000-0029f000 r-xp 00000000 08:01 1706429    /usr/lib/i386-linux-gnu/libxcb.so.1.1.0
0029f000-002a0000 r--p 0001f000 08:01 1706429    /usr/lib/i386-linux-gnu/libxcb.so.1.1.0
002a0000-002a1000 rw-p 00020000 08:01 1706429    /usr/lib/i386-linux-gnu/libxcb.so.1.1.0
002a1000-002ac000 r-xp 00000000 08:01 1708068    /usr/lib/i386-linux-gnu/libpangocairo-1.0.so.0.3000.0
002ac000-002ad000 r--p 0000a000 08:01 1708068    /usr/lib/i386-linux-gnu/libpangocairo-1.0.so.0.3000.0
002ad000-002ae000 rw-p 0000b000 08:01 1708068    /usr/lib/i386-linux-gnu/libpangocairo-1.0.so.0.3000.0
002ae000-002b0000 r-xp 00000000 08:01 1707115    /usr/lib/i386-linux-gnu/libXcomposite.so.1.0.0
002b0000-002b1000 r--p 00001000 08:01 1707115    /usr/lib/i386-linux-gnu/libXcomposite.so.1.0.0
002b1000-002b2000 rw-p 00002000 08:01 1707115    /usr/lib/i386-linux-gnu/libXcomposite.so.1.0.0
002b4000-0038c000 r-xp 00000000 08:01 1704289    /usr/lib/i386-linux-gnu/libstdc++.so.6.0.16
0038c000-0038d000 ---p 000d8000 08:01 1704289    /usr/lib/i386-linux-gnu/libstdc++.so.6.0.16
0038d000-00391000 r--p 000d8000 08:01 1704289    /usr/lib/i386-linux-gnu/libstdc++.so.6.0.16
00391000-00392000 rw-p 000dc000 08:01 1704289    /usr/lib/i386-linux-gnu/libstdc++.so.6.0.16
00392000-00399000 rw-p 00000000 00:00 0 
00399000-003a0000 r-xp 00000000 08:01 1709192    /usr/lib/i386-linux-gnu/libXrandr.so.2.2.0
003a0000-003a1000 r--p 00006000 08:01 1709192    /usr/lib/i386-linux-gnu/libXrandr.so.2.2.0
003a1000-003a2000 rw-p 00007000 08:01 1709192    /usr/lib/i386-linux-gnu/libXrandr.so.2.2.0
003a2000-003ab000 r-xp 00000000 08:01 1709176    /usr/lib/i386-linux-gnu/libXcursor.so.1.0.2
003ab000-003ac000 r--p 00008000 08:01 1709176    /usr/lib/i386-linux-gnu/libXcursor.so.1.0.2
003ac000-003ad000 rw-p 00009000 08:01 1709176    /usr/lib/i386-linux-gnu/libXcursor.so.1.0.2
003ad000-003af000 r-xp 00000000 08:01 1707118    /usr/lib/i386-linux-gnu/libXdamage.so.1.1.0
003af000-003b0000 r--p 00001000 08:01 1707118    /usr/lib/i386-linux-gnu/libXdamage.so.1.1.0
003b0000-003b1000 rw-p 00002000 08:01 1707118    /usr/lib/i386-linux-gnu/libXdamage.so.1.1.0
003b1000-003b4000 r-xp 00000000 08:01 1705745    /usr/lib/i386-linux-gnu/libgmodule-2.0.so.0.3200.3
003b4000-003b5000 r--p 00002000 08:01 1705745    /usr/lib/i386-linux-gnu/libgmodule-2.0.so.0.3200.3
003b5000-003b6000 rw-p 00003000 08:01 1705745    /usr/lib/i386-linux-gnu/libgmodule-2.0.so.0.3200.3
003b6000-003e0000 r-xp 00000000 08:01 2098033    /lib/i386-linux-gnu/libm-2.15.so
003e0000-003e1000 r--p 00029000 08:01 2098033    /lib/i386-linux-gnu/libm-2.15.so
003e1000-003e2000 rw-p 0002a000 08:01 2098033    /lib/i386-linux-gnu/libm-2.15.so
003e2000-003ff000 r-xp 00000000 08:01 1704114    /usr/lib/i386-linux-gnu/libatk-1.0.so.0.20409.1
003ff000-00401000 r--p 0001c000 08:01 1704114    /usr/lib/i386-linux-gnu/libatk-1.0.so.0.20409.1
00401000-00402000 rw-p 0001e000 08:01 1704114    /usr/lib/i386-linux-gnu/libatk-1.0.so.0.20409.1
00402000-00404000 r-xp 00000000 08:01 1705108    /usr/lib/i386-linux-gnu/libXau.so.6.0.0
00404000-00405000 r--p 00001000 08:01 1705108    /usr/lib/i386-linux-gnu/libXau.so.6.0.0
00405000-00406000 rw-p 00002000 08:01 1705108    /usr/lib/i386-linux-gnu/libXau.so.6.0.0
00408000-0040f000 r-xp 00000000 08:01 2098029    /lib/i386-linux-gnu/librt-2.15.so
0040f000-00410000 r--p 00006000 08:01 2098029    /lib/i386-linux-gnu/librt-2.15.so
00410000-00411000 rw-p 00007000 08:01 2098029    /lib/i386-linux-gnu/librt-2.15.so
00411000-0045e000 r-xp 00000000 08:01 1705746    /usr/lib/i386-linux-gnu/libgobject-2.0.so.0.3200.3
0045e000-0045f000 r--p 0004c000 08:01 1705746    /usr/lib/i386-linux-gnu/libgobject-2.0.so.0.3200.3
0045f000-00460000 rw-p 0004d000 08:01 1705746    /usr/lib/i386-linux-gnu/libgobject-2.0.so.0.3200.3
00460000-0048a000 r-xp 00000000 08:01 1708070    /usr/lib/i386-linux-gnu/libpangoft2-1.0.so.0.3000.0
0048a000-0048b000 r--p 00029000 08:01 1708070    /usr/lib/i386-linux-gnu/libpangoft2-1.0.so.0.3000.0
0048b000-0048c000 rw-p 0002a000 08:01 1708070    /usr/lib/i386-linux-gnu/libpangoft2-1.0.so.0.3000.0
0048c000-00491000 r-xp 00000000 08:01 1706441    /usr/lib/i386-linux-gnu/libffi.so.6.0.0
00491000-00492000 r--p 00004000 08:01 1706441    /usr/lib/i386-linux-gnu/libffi.so.6.0.0
00492000-00493000 rw-p 00005000 08:01 1706441    /usr/lib/i386-linux-gnu/libffi.so.6.0.0
00493000-00498000 r-xp 00000000 08:01 1706425    /usr/lib/i386-linux-gnu/libXdmcp.so.6.0.0
00498000-00499000 r--p 00004000 08:01 1706425    /usr/lib/i386-linux-gnu/libXdmcp.so.6.0.0
00499000-0049a000 rw-p 00005000 08:01 1706425    /usr/lib/i386-linux-gnu/libXdmcp.so.6.0.0
0049a000-004c1000 r-xp 00000000 08:01 1837354    /usr/lib/jvm/java-7-openjdk-i386/jre/lib/i386/libjava.so
004c1000-004c2000 r--p 00026000 08:01 1837354    /usr/lib/jvm/java-7-openjdk-i386/jre/lib/i386/libjava.so
004c2000-004c3000 rw-p 00027000 08:01 1837354    /usr/lib/jvm/java-7-openjdk-i386/jre/lib/i386/libjava.so
004c3000-00553000 r-xp 00000000 08:01 1837357    /usr/lib/jvm/java-7-openjdk-i386/jre/lib/i386/libawt.so
00553000-00554000 r--p 00090000 08:01 1837357    /usr/lib/jvm/java-7-openjdk-i386/jre/lib/i386/libawt.so
00554000-0055b000 rw-p 00091000 08:01 1837357    /usr/lib/jvm/java-7-openjdk-i386/jre/lib/i386/libawt.so
0055b000-0057f000 rw-p 00000000 00:00 0 
0057f000-005ce000 r-xp 00000000 08:01 1707492    /usr/lib/i386-linux-gnu/libcups.so.2
005ce000-005d1000 r--p 0004e000 08:01 1707492    /usr/lib/i386-linux-gnu/libcups.so.2
005d1000-005d2000 rw-p 00051000 08:01 1707492    /usr/lib/i386-linux-gnu/libcups.so.2
005d2000-005ef000 r-xp 00000000 08:01 2097208    /lib/i386-linux-gnu/libselinux.so.1
005ef000-005f0000 r--p 0001c000 08:01 2097208    /lib/i386-linux-gnu/libselinux.so.1
005f0000-005f1000 rw-p 0001d000 08:01 2097208    /lib/i386-linux-gnu/libselinux.so.1
005f1000-00617000 r-xp 00000000 08:01 2097180    /lib/i386-linux-gnu/libexpat.so.1.5.2
00617000-00618000 ---p 00026000 08:01 2097180    /lib/i386-linux-gnu/libexpat.so.1.5.2
00618000-0061a000 r--p 00026000 08:01 2097180    /lib/i386-linux-gnu/libexpat.so.1.5.2
0061a000-0061b000 rw-p 00028000 08:01 2097180    /lib/i386-linux-gnu/libexpat.so.1.5.2
0061b000-0062b000 r-xp 00000000 08:01 1706813    /usr/lib/i386-linux-gnu/libavahi-client.so.3.2.9
0062b000-0062c000 r--p 0000f000 08:01 1706813    /usr/lib/i386-linux-gnu/libavahi-client.so.3.2.9
0062c000-0062d000 rw-p 00010000 08:01 1706813    /usr/lib/i386-linux-gnu/libavahi-client.so.3.2.9
0062d000-0062f000 r-xp 00000000 08:01 1706433    /usr/lib/i386-linux-gnu/libxcb-shm.so.0.0.0
0062f000-00630000 r--p 00001000 08:01 1706433    /usr/lib/i386-linux-gnu/libxcb-shm.so.0.0.0
00630000-00631000 rw-p 00002000 08:01 1706433    /usr/lib/i386-linux-gnu/libxcb-shm.so.0.0.0
00631000-00634000 r-xp 00000000 08:01 2097187    /lib/i386-linux-gnu/libcom_err.so.2.1
00634000-00635000 r--p 00002000 08:01 2097187    /lib/i386-linux-gnu/libcom_err.so.2.1
00635000-00636000 rw-p 00003000 08:01 2097187    /lib/i386-linux-gnu/libcom_err.so.2.1
00636000-00638000 r-xp 00000000 08:01 2098185    /lib/i386-linux-gnu/libkeyutils.so.1.4
00638000-00639000 r--p 00002000 08:01 2098185    /lib/i386-linux-gnu/libkeyutils.so.1.4
00639000-0063a000 rw-p 00003000 08:01 2098185    /lib/i386-linux-gnu/libkeyutils.so.1.4
0063e000-0064c000 r-xp 00000000 08:01 1707177    /usr/lib/i386-linux-gnu/libXi.so.6.1.0
0064c000-0064d000 r--p 0000d000 08:01 1707177    /usr/lib/i386-linux-gnu/libXi.so.6.1.0
0064d000-0064e000 rw-p 0000e000 08:01 1707177    /usr/lib/i386-linux-gnu/libXi.so.6.1.0
0064e000-00655000 r-xp 00000000 08:01 1708190    /usr/lib/i386-linux-gnu/libkrb5support.so.0.1
00655000-00656000 r--p 00006000 08:01 1708190    /usr/lib/i386-linux-gnu/libkrb5support.so.0.1
00656000-00657000 rw-p 00007000 08:01 1708190    /usr/lib/i386-linux-gnu/libkrb5support.so.0.1
00657000-0065a000 r-xp 00000000 08:01 2098070    /lib/i386-linux-gnu/libgpg-error.so.0.8.0
0065a000-0065b000 r--p 00002000 08:01 2098070    /lib/i386-linux-gnu/libgpg-error.so.0.8.0
0065b000-0065c000 rw-p 00003000 08:01 2098070    /lib/i386-linux-gnu/libgpg-error.so.0.8.0
0065f000-0066b000 r-xp 00000000 08:01 1837379    /usr/lib/jvm/java-7-openjdk-i386/jre/lib/i386/libverify.so
0066b000-0066c000 r--p 0000b000 08:01 1837379    /usr/lib/jvm/java-7-openjdk-i386/jre/lib/i386/libverify.so
0066c000-0066d000 rw-p 0000c000 08:01 1837379    /usr/lib/jvm/java-7-openjdk-i386/jre/lib/i386/libverify.so
0066d000-006a7000 r-xp 00000000 08:01 2098175    /lib/i386-linux-gnu/libpcre.so.3.12.1
006a7000-006a8000 r--p 00039000 08:01 2098175    /lib/i386-linux-gnu/libpcre.so.3.12.1
006a8000-006a9000 rw-p 0003a000 08:01 2098175    /lib/i386-linux-gnu/libpcre.so.3.12.1
006a9000-006d1000 r-xp 00000000 08:01 2097257    /lib/i386-linux-gnu/libpng12.so.0.46.0
006d1000-006d2000 r--p 00027000 08:01 2097257    /lib/i386-linux-gnu/libpng12.so.0.46.0
006d2000-006d3000 rw-p 00028000 08:01 2097257    /lib/i386-linux-gnu/libpng12.so.0.46.0
006d3000-006d6000 r-xp 00000000 08:01 1708043    /usr/lib/libXnCore.so
006d6000-006d7000 r--p 00002000 08:01 1708043    /usr/lib/libXnCore.so
006d7000-006d8000 rw-p 00003000 08:01 1708043    /usr/lib/libXnCore.so
006da000-00785000 r-xp 00000000 08:01 1707113    /usr/lib/i386-linux-gnu/libgdk-x11-2.0.so.0.2400.10
00785000-00786000 ---p 000ab000 08:01 1707113    /usr/lib/i386-linux-gnu/libgdk-x11-2.0.so.0.2400.10
00786000-00788000 r--p 000ab000 08:01 1707113    /usr/lib/i386-linux-gnu/libgdk-x11-2.0.so.0.2400.10
00788000-00789000 rw-p 000ad000 08:01 1707113    /usr/lib/i386-linux-gnu/libgdk-x11-2.0.so.0.2400.10
00789000-008dc000 r-xp 00000000 08:01 1705743    /usr/lib/i386-linux-gnu/libgio-2.0.so.0.3200.3
008dc000-008de000 r--p 00153000 08:01 1705743    /usr/lib/i386-linux-gnu/libgio-2.0.so.0.3200.3
008de000-008df000 rw-p 00155000 08:01 1705743    /usr/lib/i386-linux-gnu/libgio-2.0.so.0.3200.3
008df000-008e0000 rw-p 00000000 00:00 0 
008ea000-008eb000 r-xp 00000000 00:00 0          [vdso]
008eb000-008fb000 r-xp 00000000 08:01 1704083    /usr/lib/i386-linux-gnu/libtasn1.so.3.1.12
008fb000-008fc000 r--p 0000f000 08:01 1704083    /usr/lib/i386-linux-gnu/libtasn1.so.3.1.12
008fc000-008fd000 rw-p 00010000 08:01 1704083    /usr/lib/i386-linux-gnu/libtasn1.so.3.1.12
008fd000-0090b000 r-xp 00000000 08:01 2097259    /lib/i386-linux-gnu/libusb-1.0.so.0.1.0
0090b000-0090c000 r--p 0000d000 08:01 2097259    /lib/i386-linux-gnu/libusb-1.0.so.0.1.0
0090c000-0090d000 rw-p 0000e000 08:01 2097259    /lib/i386-linux-gnu/libusb-1.0.so.0.1.0
0090d000-00a3d000 r-xp 00000000 08:01 1709768    /usr/lib/i386-linux-gnu/libX11.so.6.3.0
00a3d000-00a3e000 r--p 0012f000 08:01 1709768    /usr/lib/i386-linux-gnu/libX11.so.6.3.0
00a3e000-00a40000 rw-p 00130000 08:01 1709768    /usr/lib/i386-linux-gnu/libX11.so.6.3.0
00a40000-00a41000 rw-p 00000000 00:00 0 
00a41000-00a7c000 r-xp 00000000 08:01 1704422    /usr/lib/i386-linux-gnu/libgssapi_krb5.so.2.2
00a7c000-00a7d000 ---p 0003b000 08:01 1704422    /usr/lib/i386-linux-gnu/libgssapi_krb5.so.2.2
00a7d000-00a7e000 r--p 0003b000 08:01 1704422    /usr/lib/i386-linux-gnu/libgssapi_krb5.so.2.2
00a7e000-00a7f000 rw-p 0003c000 08:01 1704422    /usr/lib/i386-linux-gnu/libgssapi_krb5.so.2.2
00a7f000-00a8f000 r-xp 00000000 08:01 1707354    /usr/lib/i386-linux-gnu/libp11-kit.so.0.0.0
00a8f000-00a90000 r--p 0000f000 08:01 1707354    /usr/lib/i386-linux-gnu/libp11-kit.so.0.0.0
00a90000-00a91000 rw-p 00010000 08:01 1707354    /usr/lib/i386-linux-gnu/libp11-kit.so.0.0.0
00a9c000-00aa4000 r-xp 00000000 08:01 1706431    /usr/lib/i386-linux-gnu/libxcb-render.so.0.0.0
00aa4000-00aa5000 r--p 00008000 08:01 1706431    /usr/lib/i386-linux-gnu/libxcb-render.so.0.0.0
00aa5000-00aa6000 rw-p 00009000 08:01 1706431    /usr/lib/i386-linux-gnu/libxcb-render.so.0.0.0
00aa6000-00abc000 r-xp 00000000 08:01 1837388    /usr/lib/jvm/java-7-openjdk-i386/jre/lib/i386/libnet.so
00abc000-00abd000 r--p 00015000 08:01 1837388    /usr/lib/jvm/java-7-openjdk-i386/jre/lib/i386/libnet.so
00abd000-00abe000 rw-p 00016000 08:01 1837388    /usr/lib/jvm/java-7-openjdk-i386/jre/lib/i386/libnet.so
00ac9000-00ad1000 r-xp 00000000 08:01 1706435    /usr/lib/i386-linux-gnu/libXrender.so.1.3.0
00ad1000-00ad2000 r--p 00007000 08:01 1706435    /usr/lib/i386-linux-gnu/libXrender.so.1.3.0
00ad2000-00ad3000 rw-p 00008000 08:01 1706435    /usr/lib/i386-linux-gnu/libXrender.so.1.3.0
00ad3000-00b68000 r-xp 00000000 08:01 1704168    /usr/lib/i386-linux-gnu/libfreetype.so.6.8.0
00b68000-00b6c000 r--p 00094000 08:01 1704168    /usr/lib/i386-linux-gnu/libfreetype.so.6.8.0
00b6c000-00b6d000 rw-p 00098000 08:01 1704168    /usr/lib/i386-linux-gnu/libfreetype.so.6.8.0
00b6d000-00b7e000 r-xp 00000000 08:01 1837358    /usr/lib/jvm/java-7-openjdk-i386/jre/lib/i386/libnio.so
00b7e000-00b7f000 r--p 00010000 08:01 1837358    /usr/lib/jvm/java-7-openjdk-i386/jre/lib/i386/libnio.so
00b7f000-00b80000 rw-p 00011000 08:01 1837358    /usr/lib/jvm/java-7-openjdk-i386/jre/lib/i386/libnio.so
00b94000-00ba0000 r-xp 00000000 08:01 1837363    /usr/lib/jvm/java-7-openjdk-i386/jre/lib/i386/jli/libjli.so
00ba0000-00ba1000 r--p 0000c000 08:01 1837363    /usr/lib/jvm/java-7-openjdk-i386/jre/lib/i386/jli/libjli.so
00ba1000-00ba2000 rw-p 0000d000 08:01 1837363    /usr/lib/jvm/java-7-openjdk-i386/jre/lib/i386/jli/libjli.so
00ba7000-00bb3000 r-xp 00000000 08:01 1705828    /usr/lib/i386-linux-gnu/libavahi-common.so.3.5.3
00bb3000-00bb4000 r--p 0000b000 08:01 1705828    /usr/lib/i386-linux-gnu/libavahi-common.so.3.5.3
00bb4000-00bb5000 rw-p 0000c000 08:01 1705828    /usr/lib/i386-linux-gnu/libavahi-common.so.3.5.3
00bbe000-00bc5000 r-xp 00000000 08:01 2098024    /lib/i386-linux-gnu/libnss_compat-2.15.so
00bc5000-00bc6000 r--p 00006000 08:01 2098024    /lib/i386-linux-gnu/libnss_compat-2.15.so
00bc6000-00bc7000 rw-p 00007000 08:01 2098024    /lib/i386-linux-gnu/libnss_compat-2.15.so
00bc7000-00bed000 r-xp 00000000 08:01 1705544    /usr/lib/i386-linux-gnu/libk5crypto.so.3.1
00bed000-00bee000 r--p 00025000 08:01 1705544    /usr/lib/i386-linux-gnu/libk5crypto.so.3.1
00bee000-00bef000 rw-p 00026000 08:01 1705544    /usr/lib/i386-linux-gnu/libk5crypto.so.3.1
00bf3000-00c3a000 r-xp 00000000 08:01 1705072    /usr/lib/i386-linux-gnu/libpango-1.0.so.0.3000.0
00c3a000-00c3b000 ---p 00047000 08:01 1705072    /usr/lib/i386-linux-gnu/libpango-1.0.so.0.3000.0
00c3b000-00c3c000 r--p 00047000 08:01 1705072    /usr/lib/i386-linux-gnu/libpango-1.0.so.0.3000.0
00c3c000-00c3d000 rw-p 00048000 08:01 1705072    /usr/lib/i386-linux-gnu/libpango-1.0.so.0.3000.0
00c56000-00c69000 r-xp 00000000 08:01 2098027    /lib/i386-linux-gnu/libresolv-2.15.so
00c69000-00c6a000 ---p 00013000 08:01 2098027    /lib/i386-linux-gnu/libresolv-2.15.so
00c6a000-00c6b000 r--p 00013000 08:01 2098027    /lib/i386-linux-gnu/libresolv-2.15.so
00c6b000-00c6c000 rw-p 00014000 08:01 2098027    /lib/i386-linux-gnu/libresolv-2.15.so
00c6c000-00c6e000 rw-p 00000000 00:00 0 
00c7e000-00c92000 r-xp 00000000 08:01 2098157    /lib/i386-linux-gnu/libz.so.1.2.3.4
00c92000-00c93000 r--p 00013000 08:01 2098157    /lib/i386-linux-gnu/libz.so.1.2.3.4
00c93000-00c94000 rw-p 00014000 08:01 2098157    /lib/i386-linux-gnu/libz.so.1.2.3.4
00cb2000-00e55000 r-xp 00000000 08:01 2098022    /lib/i386-linux-gnu/libc-2.15.so
00e55000-00e56000 ---p 001a3000 08:01 2098022    /lib/i386-linux-gnu/libc-2.15.so
00e56000-00e58000 r--p 001a3000 08:01 2098022    /lib/i386-linux-gnu/libc-2.15.so
00e58000-00e59000 rw-p 001a5000 08:01 2098022    /lib/i386-linux-gnu/libc-2.15.so
00e59000-00e5c000 rw-p 00000000 00:00 0 
00e5c000-01741000 r-xp 00000000 08:01 1837373    /usr/lib/jvm/java-7-openjdk-i386/jre/lib/i386/server/libjvm.so
01741000-01788000 r--p 008e4000 08:01 1837373    /usr/lib/jvm/java-7-openjdk-i386/jre/lib/i386/server/libjvm.so
01788000-0179c000 rw-p 0092b000 08:01 1837373    /usr/lib/jvm/java-7-openjdk-i386/jre/lib/i386/server/libjvm.so
0179c000-01bb8000 rw-p 00000000 00:00 0 
01bb8000-01bff000 r-xp 00000000 08:01 2097236    /lib/i386-linux-gnu/libdbus-1.so.3.5.8
01bff000-01c00000 r--p 00047000 08:01 2097236    /lib/i386-linux-gnu/libdbus-1.so.3.5.8
01c00000-01c01000 rw-p 00048000 08:01 2097236    /lib/i386-linux-gnu/libdbus-1.so.3.5.8
01c01000-01c3b000 r-xp 00000000 08:01 1837391    /usr/lib/jvm/java-7-openjdk-i386/jre/lib/i386/libfontmanager.so
01c3b000-01c3c000 ---p 0003a000 08:01 1837391    /usr/lib/jvm/java-7-openjdk-i386/jre/lib/i386/libfontmanager.so
01c3c000-01c3d000 r--p 0003a000 08:01 1837391    /usr/lib/jvm/java-7-openjdk-i386/jre/lib/i386/libfontmanager.so
01c3d000-01c3e000 rw-p 0003b000 08:01 1837391    /usr/lib/jvm/java-7-openjdk-i386/jre/lib/i386/libfontmanager.so
01c3e000-01cf4000 r-xp 00000000 08:01 3803206    /home/odairbonin/workspace_oficina_kinect/PrimeiroKinect/lib/user/libSimpleOpenNI32.so
01cf4000-01cf6000 r--p 000b5000 08:01 3803206    /home/odairbonin/workspace_oficina_kinect/PrimeiroKinect/lib/user/libSimpleOpenNI32.so
01cf6000-01cf8000 rw-p 000b7000 08:01 3803206    /home/odairbonin/workspace_oficina_kinect/PrimeiroKinect/lib/user/libSimpleOpenNI32.so
01cf8000-01d17000 r-xp 00000000 08:01 1713812    /usr/lib/libnimRecorder.so
01d17000-01d18000 r--p 0001f000 08:01 1713812    /usr/lib/libnimRecorder.so
01d18000-01d19000 rw-p 00020000 08:01 1713812    /usr/lib/libnimRecorder.so
01d19000-01d5e000 r-xp 00000000 08:01 1708044    /usr/lib/libXnDDK.so
01d5e000-01d60000 r--p 00044000 08:01 1708044    /usr/lib/libXnDDK.so
01d60000-01d61000 rw-p 00046000 08:01 1708044    /usr/lib/libXnDDK.so
01d69000-01de9000 r-xp 00000000 08:01 1708046    /usr/lib/libXnDeviceSensorV2KM.so
01de9000-01dea000 ---p 00080000 08:01 1708046    /usr/lib/libXnDeviceSensorV2KM.so
01dea000-01df2000 r--p 00080000 08:01 1708046    /usr/lib/libXnDeviceSensorV2KM.so
01df2000-01df3000 rw-p 00088000 08:01 1708046    /usr/lib/libXnDeviceSensorV2KM.so
01eb2000-01ede000 r-xp 00000000 08:01 1713811    /usr/lib/libnimMockNodes.so
01ede000-01ee5000 r--p 0002b000 08:01 1713811    /usr/lib/libnimMockNodes.so
01ee5000-01ee6000 rw-p 00032000 08:01 1713811    /usr/lib/libnimMockNodes.so
01ee6000-020cd000 r-xp 00000000 08:01 1708023    /usr/lib/libXnVFeatures_1_4_1.so
020cd000-020d0000 r--p 001e6000 08:01 1708023    /usr/lib/libXnVFeatures_1_4_1.so
020d0000-020d1000 rw-p 001e9000 08:01 1708023    /usr/lib/libXnVFeatures_1_4_1.so
020d1000-020d6000 rw-p 00000000 00:00 0 
020d6000-022bd000 r-xp 00000000 08:01 1708028    /usr/lib/libXnVFeatures_1_4_2.so
022bd000-022c0000 r--p 001e6000 08:01 1708028    /usr/lib/libXnVFeatures_1_4_2.so
022c0000-022c1000 rw-p 001e9000 08:01 1708028    /usr/lib/libXnVFeatures_1_4_2.so
022c1000-022c6000 rw-p 00000000 00:00 0 
022fd000-023bc000 r-xp 00000000 08:01 1714074    /usr/lib/i386-linux-gnu/libgnutls.so.26.21.8
023bc000-023c0000 r--p 000be000 08:01 1714074    /usr/lib/i386-linux-gnu/libgnutls.so.26.21.8
023c0000-023c1000 rw-p 000c2000 08:01 1714074    /usr/lib/i386-linux-gnu/libgnutls.so.26.21.8
0260f000-02a2a000 r-xp 00000000 08:01 1708035    /usr/lib/libXnVFeatures_1_5_2.so
02a2a000-02a32000 r--p 0041a000 08:01 1708035    /usr/lib/libXnVFeatures_1_5_2.so
02a32000-02a33000 rw-p 00422000 08:01 1708035    /usr/lib/libXnVFeatures_1_5_2.so
02a33000-02a47000 rw-p 00000000 00:00 0 
02d49000-02d7e000 r-xp 00000000 08:01 1713810    /usr/lib/libnimCodecs.so
02d7e000-02d80000 r--p 00034000 08:01 1713810    /usr/lib/libnimCodecs.so
02d80000-02d81000 rw-p 00036000 08:01 1713810    /usr/lib/libnimCodecs.so
02d81000-02da1000 rw-p 00000000 00:00 0 
02f19000-02fe1000 r-xp 00000000 08:01 1705541    /usr/lib/i386-linux-gnu/libkrb5.so.3.3
02fe1000-02fe7000 r--p 000c7000 08:01 1705541    /usr/lib/i386-linux-gnu/libkrb5.so.3.3
02fe7000-02fe8000 rw-p 000cd000 08:01 1705541    /usr/lib/i386-linux-gnu/libkrb5.so.3.3
03445000-0353c000 r-xp 00000000 08:01 2098053    /lib/i386-linux-gnu/libglib-2.0.so.0.3200.3
0353c000-0353d000 r--p 000f6000 08:01 2098053    /lib/i386-linux-gnu/libglib-2.0.so.0.3200.3
0353d000-0353e000 rw-p 000f7000 08:01 2098053    /lib/i386-linux-gnu/libglib-2.0.so.0.3200.3
0357b000-03799000 r-xp 00000000 08:01 1708018    /usr/lib/libXnVFeatures_1_3_1.so
03799000-0379a000 ---p 0021e000 08:01 1708018    /usr/lib/libXnVFeatures_1_3_1.so
0379a000-0379d000 r--p 0021e000 08:01 1708018    /usr/lib/libXnVFeatures_1_3_1.so
0379d000-0379e000 rw-p 00221000 08:01 1708018    /usr/lib/libXnVFeatures_1_3_1.so
0379e000-037a3000 rw-p 00000000 00:00 0 
037e9000-038c7000 r-xp 00000000 08:01 1708038    /usr/lib/libXnVHandGenerator_1_3_1.so
038c7000-038ca000 r--p 000dd000 08:01 1708038    /usr/lib/libXnVHandGenerator_1_3_1.so
038ca000-038cb000 rw-p 000e0000 08:01 1708038    /usr/lib/libXnVHandGenerator_1_3_1.so
038cb000-038cd000 rw-p 00000000 00:00 0 
039af000-03a39000 r-xp 00000000 08:01 1709462    /usr/lib/libXnDeviceSensorV2.so
03a39000-03a41000 r--p 0008a000 08:01 1709462    /usr/lib/libXnDeviceSensorV2.so
03a41000-03a42000 rw-p 00092000 08:01 1709462    /usr/lib/libXnDeviceSensorV2.so
03b1c000-03b99000 r-xp 00000000 08:01 1713814    /usr/lib/libOpenNI.so
03b99000-03b9b000 r--p 0007c000 08:01 1713814    /usr/lib/libOpenNI.so
03b9b000-03b9d000 rw-p 0007e000 08:01 1713814    /usr/lib/libOpenNI.so
04f90000-04fb7000 r-xp 00000000 08:01 1708045    /usr/lib/libXnDeviceFile.so
04fb7000-04fb8000 r--p 00027000 08:01 1708045    /usr/lib/libXnDeviceFile.so
04fb8000-04fb9000 rw-p 00028000 08:01 1708045    /usr/lib/libXnDeviceFile.so
05a3f000-05b35000 r-xp 00000000 08:01 1708041    /usr/lib/libXnVHandGenerator_1_5_2.so
05b35000-05b38000 r--p 000f5000 08:01 1708041    /usr/lib/libXnVHandGenerator_1_5_2.so
05b38000-05b39000 rw-p 000f8000 08:01 1708041    /usr/lib/libXnVHandGenerator_1_5_2.so
05b39000-05b45000 rw-p 00000000 00:00 0 
05d51000-05de4000 r-xp 00000000 08:01 1704171    /usr/lib/i386-linux-gnu/libpixman-1.so.0.24.4
05de4000-05de8000 r--p 00092000 08:01 1704171    /usr/lib/i386-linux-gnu/libpixman-1.so.0.24.4
05de8000-05de9000 rw-p 00096000 08:01 1704171    /usr/lib/i386-linux-gnu/libpixman-1.so.0.24.4
06157000-061d9000 r-xp 00000000 08:01 2098111    /lib/i386-linux-gnu/libgcrypt.so.11.7.0
061d9000-061da000 r--p 00081000 08:01 2098111    /lib/i386-linux-gnu/libgcrypt.so.11.7.0
061da000-061dc000 rw-p 00082000 08:01 2098111    /lib/i386-linux-gnu/libgcrypt.so.11.7.0
062d8000-06738000 r-xp 00000000 08:01 1707112    /usr/lib/i386-linux-gnu/libgtk-x11-2.0.so.0.2400.10
06738000-0673c000 r--p 00460000 08:01 1707112    /usr/lib/i386-linux-gnu/libgtk-x11-2.0.so.0.2400.10
0673c000-0673e000 rw-p 00464000 08:01 1707112    /usr/lib/i386-linux-gnu/libgtk-x11-2.0.so.0.2400.10
0673e000-06740000 rw-p 00000000 00:00 0 
07779000-0779d000 r-xp 00000000 08:01 1708047    /usr/lib/libXnFormats.so
0779d000-0779e000 r--p 00023000 08:01 1708047    /usr/lib/libXnFormats.so
0779e000-0779f000 rw-p 00024000 08:01 1708047    /usr/lib/libXnFormats.so
0779f000-077bf000 rw-p 00000000 00:00 0 
077ce000-07895000 r-xp 00000000 08:01 1706437    /usr/lib/i386-linux-gnu/libcairo.so.2.11000.2
07895000-07896000 r--p 000c7000 08:01 1706437    /usr/lib/i386-linux-gnu/libcairo.so.2.11000.2
07896000-07897000 rw-p 000c8000 08:01 1706437    /usr/lib/i386-linux-gnu/libcairo.so.2.11000.2
07897000-07899000 rw-p 00000000 00:00 0 
08048000-08049000 r-xp 00000000 08:01 1837321    /usr/lib/jvm/java-7-openjdk-i386/jre/bin/java
08049000-0804a000 r--p 00000000 08:01 1837321    /usr/lib/jvm/java-7-openjdk-i386/jre/bin/java
0804a000-0804b000 rw-p 00001000 08:01 1837321    /usr/lib/jvm/java-7-openjdk-i386/jre/bin/java
08444000-08518000 r-xp 00000000 08:01 1708039    /usr/lib/libXnVHandGenerator_1_4_1.so
08518000-08519000 ---p 000d4000 08:01 1708039    /usr/lib/libXnVHandGenerator_1_4_1.so
08519000-0851b000 r--p 000d4000 08:01 1708039    /usr/lib/libXnVHandGenerator_1_4_1.so
0851b000-0851c000 rw-p 000d6000 08:01 1708039    /usr/lib/libXnVHandGenerator_1_4_1.so
0851c000-0851e000 rw-p 00000000 00:00 0 
0915d000-09232000 r-xp 00000000 08:01 1708040    /usr/lib/libXnVHandGenerator_1_4_2.so
09232000-09233000 ---p 000d5000 08:01 1708040    /usr/lib/libXnVHandGenerator_1_4_2.so
09233000-09235000 r--p 000d5000 08:01 1708040    /usr/lib/libXnVHandGenerator_1_4_2.so
09235000-09236000 rw-p 000d7000 08:01 1708040    /usr/lib/libXnVHandGenerator_1_4_2.so
09236000-09238000 rw-p 00000000 00:00 0 
0974c000-09826000 r-xp 00000000 08:01 1707368    /usr/lib/libXnVNite_1_5_2.so
09826000-09828000 r--p 000da000 08:01 1707368    /usr/lib/libXnVNite_1_5_2.so
09828000-09829000 rw-p 000dc000 08:01 1707368    /usr/lib/libXnVNite_1_5_2.so
09c0c000-09e4c000 rw-p 00000000 00:00 0          [heap]
7db0d000-7dc00000 rwxp 00000000 00:00 0 
7dc00000-7dc97000 rw-p 00000000 00:00 0 
7dc97000-7dd00000 ---p 00000000 00:00 0 
7dd0d000-7de00000 rwxp 00000000 00:00 0 
7de00000-7defd000 rw-p 00000000 00:00 0 
7defd000-7df00000 ---p 00000000 00:00 0 
7df09000-7df5a000 rwxp 00000000 00:00 0 
7df5a000-7df5b000 ---p 00000000 00:00 0 
7df5b000-7e02c000 rwxp 00000000 00:00 0 
7e02c000-7e02d000 ---p 00000000 00:00 0 
7e02d000-7e0ad000 rwxp 00000000 00:00 0 
7e0ad000-7e0ae000 ---p 00000000 00:00 0 
7e0ae000-7e12e000 rwxp 00000000 00:00 0 
7e12e000-7e32e000 r--p 00000000 08:01 1704063    /usr/lib/locale/locale-archive
7e32e000-7e37f000 rwxp 00000000 00:00 0 
7e37f000-7e380000 ---p 00000000 00:00 0 
7e380000-7e400000 rwxp 00000000 00:00 0 
7e400000-7e4eb000 rw-p 00000000 00:00 0 
7e4eb000-7e500000 ---p 00000000 00:00 0 
7e505000-7e556000 rwxp 00000000 00:00 0 
7e556000-7e59e000 rw-p 00000000 00:00 0 
7e59e000-7e749000 r--s 01cdb000 08:01 1837397    /usr/lib/jvm/java-7-openjdk-i386/jre/lib/rt.jar
7e749000-80900000 rw-p 00000000 00:00 0 
80900000-809a9000 rw-p 00000000 00:00 0 
809a9000-80a00000 ---p 00000000 00:00 0 
80a25000-80a2e000 r--s 000bc000 08:01 1710125    /usr/lib/jvm/java-7-openjdk-common/jre/lib/resources.jar
80a2e000-80a7f000 rwxp 00000000 00:00 0 
80a7f000-80a80000 ---p 00000000 00:00 0 
80a80000-80b00000 rwxp 00000000 00:00 0 
80b00000-80ba3000 rw-p 00000000 00:00 0 
80ba3000-80c00000 ---p 00000000 00:00 0 
80c02000-80c03000 rw-p 00000000 00:00 0 
80c03000-80c06000 r--s 00022000 08:01 3803208    /home/odairbonin/workspace_oficina_kinect/PrimeiroKinect/lib/user/SimpleOpenNI.jar
80c06000-80c22000 r--s 0048b000 08:01 3803197    /home/odairbonin/workspace_oficina_kinect/PrimeiroKinect/lib/base/core/jogl-all.jar
80c22000-80c23000 r--s 00001000 08:01 3803196    /home/odairbonin/workspace_oficina_kinect/PrimeiroKinect/lib/base/core/gluegen-rt-natives-windows-i586.jar
80c23000-80c26000 r--s 00077000 08:01 3803195    /home/odairbonin/workspace_oficina_kinect/PrimeiroKinect/lib/base/core/core.jar
80c26000-80c2b000 r--s 00030000 08:01 3803193    /home/odairbonin/workspace_oficina_kinect/PrimeiroKinect/lib/base/core/gluegen-rt.jar
80c2b000-80c2c000 ---p 00000000 00:00 0 
80c2c000-80cac000 rwxp 00000000 00:00 0 
80cac000-80cbb000 rw-p 00000000 00:00 0 
80cbb000-80d94000 rw-p 00000000 00:00 0 
80d94000-80d9c000 rw-p 00000000 00:00 0 
80d9c000-80dd4000 rw-p 00000000 00:00 0 
80dd4000-80de3000 rw-p 00000000 00:00 0 
80de3000-80ebb000 rw-p 00000000 00:00 0 
80ebb000-80ec3000 rw-p 00000000 00:00 0 
80ec3000-80f2f000 rw-p 00000000 00:00 0 
80f2f000-81f30000 rw-p 00000000 00:00 0 
81f30000-88f30000 rw-p 00000000 00:00 0 
88f30000-8ac20000 rw-p 00000000 00:00 0 
8ac20000-a5de0000 rw-p 00000000 00:00 0 
a5de0000-a6c50000 rw-p 00000000 00:00 0 
a6c50000-b4530000 rw-p 00000000 00:00 0 
b4530000-b4532000 r--s 00020000 08:01 3803194    /home/odairbonin/workspace_oficina_kinect/PrimeiroKinect/lib/base/core/jogl-all-natives-windows-i586.jar
b4532000-b4533000 r--s 00023000 08:01 3803192    /home/odairbonin/workspace_oficina_kinect/PrimeiroKinect/lib/base/core/jogl-all-natives-linux-i586.jar
b4533000-b4534000 r--s 0001b000 08:01 3803191    /home/odairbonin/workspace_oficina_kinect/PrimeiroKinect/lib/base/core/jogl-all-natives-windows-amd64.jar
b4534000-b4535000 r--s 00000000 08:01 3803190    /home/odairbonin/workspace_oficina_kinect/PrimeiroKinect/lib/base/core/gluegen-rt-natives-linux-amd64.jar
b4535000-b4536000 r--s 00023000 08:01 3803189    /home/odairbonin/workspace_oficina_kinect/PrimeiroKinect/lib/base/core/jogl-all-natives-linux-amd64.jar
b4536000-b4537000 r--s 00001000 08:01 3803188    /home/odairbonin/workspace_oficina_kinect/PrimeiroKinect/lib/base/core/gluegen-rt-natives-windows-amd64.jar
b4537000-b4538000 r--s 00000000 08:01 3803187    /home/odairbonin/workspace_oficina_kinect/PrimeiroKinect/lib/base/core/gluegen-rt-natives-linux-i586.jar
b4538000-b4541000 rw-p 00000000 00:00 0 
b4541000-b45f8000 rw-p 00000000 00:00 0 
b45f8000-b4838000 rwxp 00000000 00:00 0 
b4838000-b75f8000 rw-p 00000000 00:00 0 
b75f8000-b7600000 rw-s 00000000 08:01 3277777    /tmp/hsperfdata_odairbonin/1977
b7600000-b76f2000 rw-p 00000000 00:00 0 
b76f2000-b7700000 ---p 00000000 00:00 0 
b7700000-b7701000 r--s 00000000 08:01 3803186    /home/odairbonin/workspace_oficina_kinect/PrimeiroKinect/lib/base/core/gluegen-rt-natives-macosx-universal.jar
b7701000-b7702000 r--s 00050000 08:01 3803185    /home/odairbonin/workspace_oficina_kinect/PrimeiroKinect/lib/base/core/jogl-all-natives-macosx-universal.jar
b7702000-b770a000 rw-p 00000000 00:00 0 
b770a000-b7742000 rw-p 00000000 00:00 0 
b7742000-b7743000 ---p 00000000 00:00 0 
b7743000-b7793000 rwxp 00000000 00:00 0 
b7793000-b7795000 rw-p 00000000 00:00 0 
b7795000-b7798000 r--s 0000f000 08:01 1710119    /usr/lib/jvm/java-7-openjdk-common/jre/lib/ext/pulse-java.jar
b7798000-b779a000 r--s 00012000 08:01 1710118    /usr/lib/jvm/java-7-openjdk-common/jre/lib/ext/zipfs.jar
b779a000-b779b000 r--s 00007000 08:01 2228686    /usr/share/java/java-atk-wrapper.jar
b779b000-b779e000 r--s 0003c000 08:01 1710114    /usr/lib/jvm/java-7-openjdk-common/jre/lib/ext/sunpkcs11.jar
b779e000-b77a2000 r--s 00085000 08:01 1710115    /usr/lib/jvm/java-7-openjdk-common/jre/lib/ext/localedata.jar
b77a2000-b77a5000 r--s 00032000 08:01 1710116    /usr/lib/jvm/java-7-openjdk-common/jre/lib/ext/sunjce_provider.jar
b77a5000-b77a6000 r--s 00002000 08:01 1710117    /usr/lib/jvm/java-7-openjdk-common/jre/lib/ext/dnsns.jar
b77a6000-b77a7000 r--p 002c5000 08:01 1704063    /usr/lib/locale/locale-archive
b77a7000-b77a8000 rw-p 00000000 00:00 0 
b77a8000-b77a9000 r--p 00000000 00:00 0 
b77a9000-b77ac000 rw-p 00000000 00:00 0 
bfc2e000-bfc4e000 rwxp 00000000 00:00 0          [stack]
bfc4e000-bfc50000 rw-p 00000000 00:00 0 

VM Arguments:
jvm_args: -Djava.library.path=/home/odairbonin/workspace_oficina_kinect/PrimeiroKinect/lib/base/core:/home/odairbonin/workspace_oficina_kinect/PrimeiroKinect/lib/base/core:/home/odairbonin/workspace_oficina_kinect/PrimeiroKinect/lib/base/core:/home/odairbonin/workspace_oficina_kinect/PrimeiroKinect/lib/base/core:/home/odairbonin/workspace_oficina_kinect/PrimeiroKinect/lib/base/core:/home/odairbonin/workspace_oficina_kinect/PrimeiroKinect/lib/base/core:/home/odairbonin/workspace_oficina_kinect/PrimeiroKinect/lib/base/core:/home/odairbonin/workspace_oficina_kinect/PrimeiroKinect/lib/base/core:/home/odairbonin/workspace_oficina_kinect/PrimeiroKinect/lib/base/core:/home/odairbonin/workspace_oficina_kinect/PrimeiroKinect/lib/base/core:/home/odairbonin/workspace_oficina_kinect/PrimeiroKinect/lib/base/core:/home/odairbonin/workspace_oficina_kinect/PrimeiroKinect/lib/base/core:/home/odairbonin/workspace_oficina_kinect/PrimeiroKinect/lib/base/core:/home/odairbonin/workspace_oficina_kinect/PrimeiroKinect/lib/user -Djava.security.policy=java.policy.applet -Dfile.encoding=UTF-8 
java_command: sun.applet.AppletViewer primeirokinect.PrimeiroKinect1394994653471.html
Launcher Type: SUN_STANDARD

Environment Variables:
PATH=/usr/lib/lightdm/lightdm:/usr/local/sbin:/usr/local/bin:/usr/sbin:/usr/bin:/sbin:/bin:/usr/games
LD_LIBRARY_PATH=/usr/lib/jvm/java-7-openjdk-i386/jre/lib/i386/server:/usr/lib/jvm/java-7-openjdk-i386/jre/lib/i386:/usr/lib/jvm/java-7-openjdk-i386/jre/../lib/i386:/usr/lib/jvm/java-7-openjdk-i386/jre/lib/i386/client:/usr/lib/jvm/java-7-openjdk-i386/jre/lib/i386:
SHELL=/bin/bash
DISPLAY=:0.0

Signal Handlers:
SIGSEGV: [libjvm.so+0x753930], sa_mask[0]=0x7ffbfeff, sa_flags=0x10000004
SIGBUS: [libjvm.so+0x753930], sa_mask[0]=0x7ffbfeff, sa_flags=0x10000004
SIGFPE: [libjvm.so+0x5e94a0], sa_mask[0]=0x7ffbfeff, sa_flags=0x10000004
SIGPIPE: [libjvm.so+0x5e94a0], sa_mask[0]=0x7ffbfeff, sa_flags=0x10000004
SIGXFSZ: [libjvm.so+0x5e94a0], sa_mask[0]=0x7ffbfeff, sa_flags=0x10000004
SIGILL: [libjvm.so+0x5e94a0], sa_mask[0]=0x7ffbfeff, sa_flags=0x10000004
SIGUSR1: SIG_DFL, sa_mask[0]=0x00000000, sa_flags=0x00000000
SIGUSR2: [libjvm.so+0x5e9330], sa_mask[0]=0x00000004, sa_flags=0x10000004
SIGHUP: [libjvm.so+0x5e9960], sa_mask[0]=0x7ffbfeff, sa_flags=0x10000004
SIGINT: [libjvm.so+0x5e9960], sa_mask[0]=0x7ffbfeff, sa_flags=0x10000004
SIGTERM: [libjvm.so+0x5e9960], sa_mask[0]=0x7ffbfeff, sa_flags=0x10000004
SIGQUIT: [libjvm.so+0x5e9960], sa_mask[0]=0x7ffbfeff, sa_flags=0x10000004


---------------  S Y S T E M  ---------------

OS:Ubuntu 12.04 (precise)
uname:Linux 3.2.0-35-generic #55-Ubuntu SMP Wed Dec 5 17:45:18 UTC 2012 i686
libc:glibc 2.15 NPTL 2.15 
rlimit: STACK 8192k, CORE 0k, NPROC 22063, NOFILE 4096, AS infinity
load average:2.28 0.87 0.31

/proc/meminfo:
MemTotal:        2838692 kB
MemFree:         2119740 kB
Buffers:           56904 kB
Cached:           282592 kB
SwapCached:            0 kB
Active:           397908 kB
Inactive:         278816 kB
Active(anon):     338044 kB
Inactive(anon):     1032 kB
Active(file):      59864 kB
Inactive(file):   277784 kB
Unevictable:          16 kB
Mlocked:              16 kB
HighTotal:       1974216 kB
HighFree:        1345412 kB
LowTotal:         864476 kB
LowFree:          774328 kB
SwapTotal:        783356 kB
SwapFree:         783356 kB
Dirty:               364 kB
Writeback:             0 kB
AnonPages:        337436 kB
Mapped:            91828 kB
Shmem:              1692 kB
Slab:              24244 kB
SReclaimable:      11824 kB
SUnreclaim:        12420 kB
KernelStack:        2960 kB
PageTables:         6164 kB
NFS_Unstable:          0 kB
Bounce:                0 kB
WritebackTmp:          0 kB
CommitLimit:     2202700 kB
Committed_AS:    2087376 kB
VmallocTotal:     122880 kB
VmallocUsed:        4896 kB
VmallocChunk:     114900 kB
HardwareCorrupted:     0 kB
AnonHugePages:         0 kB
HugePages_Total:       0
HugePages_Free:        0
HugePages_Rsvd:        0
HugePages_Surp:        0
Hugepagesize:       4096 kB
DirectMap4k:       12280 kB
DirectMap4M:      897024 kB


CPU:total 2 (2 cores per cpu, 1 threads per core) family 6 model 42 stepping 7, cmov, cx8, fxsr, mmx, sse, sse2, sse3, ssse3, sse4.1, sse4.2, popcnt, avx, tsc, tscinvbit

/proc/cpuinfo:
processor	: 0
vendor_id	: GenuineIntel
cpu family	: 6
model		: 42
model name	: Intel(R) Core(TM) i7-2620M CPU @ 2.70GHz
stepping	: 7
cpu MHz		: 2693.000
cache size	: 4096 KB
physical id	: 0
siblings	: 2
core id		: 0
cpu cores	: 2
apicid		: 0
initial apicid	: 0
fdiv_bug	: no
hlt_bug		: no
f00f_bug	: no
coma_bug	: no
fpu		: yes
fpu_exception	: yes
cpuid level	: 13
wp		: yes
flags		: fpu vme de pse tsc msr pae mce cx8 apic mtrr pge mca cmov pat pse36 clflush mmx fxsr sse sse2 ss ht syscall nx rdtscp lm constant_tsc nonstop_tsc aperfmperf pni pclmulqdq ssse3 cx16 pcid sse4_1 sse4_2 x2apic popcnt aes xsave avx hypervisor lahf_lm ida arat epb pln pts dtherm
bogomips	: 5386.00
clflush size	: 64
cache_alignment	: 64
address sizes	: 36 bits physical, 48 bits virtual
power management:

processor	: 1
vendor_id	: GenuineIntel
cpu family	: 6
model		: 42
model name	: Intel(R) Core(TM) i7-2620M CPU @ 2.70GHz
stepping	: 7
cpu MHz		: 2693.000
cache size	: 4096 KB
physical id	: 0
siblings	: 2
core id		: 1
cpu cores	: 2
apicid		: 1
initial apicid	: 1
fdiv_bug	: no
hlt_bug		: no
f00f_bug	: no
coma_bug	: no
fpu		: yes
fpu_exception	: yes
cpuid level	: 13
wp		: yes
flags		: fpu vme de pse tsc msr pae mce cx8 apic mtrr pge mca cmov pat pse36 clflush mmx fxsr sse sse2 ss ht syscall nx rdtscp lm constant_tsc nonstop_tsc aperfmperf pni pclmulqdq ssse3 cx16 pcid sse4_1 sse4_2 x2apic popcnt aes xsave avx hypervisor lahf_lm ida arat epb pln pts dtherm
bogomips	: 5386.00
clflush size	: 64
cache_alignment	: 64
address sizes	: 36 bits physical, 48 bits virtual
power management:



Memory: 4k page, physical 2838692k(2119740k free), swap 783356k(783356k free)

vm_info: OpenJDK Server VM (23.2-b09) for linux-x86 JRE (1.7.0_09-b30), built on Oct 24 2012 18:55:39 by "buildd" with gcc 4.6.3

time: Sun Mar 16 15:30:59 2014
elapsed time: 5 seconds

