#
# A fatal error has been detected by the Java Runtime Environment:
#
#  SIGSEGV (0xb) at pc=0x005a9c3a, pid=6653, tid=2109070144
#
# JRE version: 7.0_09-b30
# Java VM: OpenJDK Server VM (23.2-b09 mixed mode linux-x86 )
# Problematic frame:
# C  [libc.so.6+0x134c3a]  getaliasbyname_r+0x478a
#
# Failed to write core dump. Core dumps have been disabled. To enable core dumping, try "ulimit -c unlimited" before starting Java again
#
# If you would like to submit a bug report, please include
# instructions on how to reproduce the bug and visit:
#   https://bugs.launchpad.net/ubuntu/+source/openjdk-7/
# The crash happened outside the Java Virtual Machine in native code.
# See problematic frame for where to report the bug.
#

---------------  T H R E A D  ---------------

Current thread (0x80b0cc00):  JavaThread "Animation Thread" [_thread_in_native, id=6677, stack(0x7db0d000,0x7db5e000)]

siginfo:si_signo=SIGSEGV: si_errno=0, si_code=1 (SEGV_MAPERR), si_addr=0x00000000

Registers:
EAX=0x00000000, EBX=0x00000800, ECX=0x00038400, EDX=0x00000000
ESP=0x7db5c994, EBP=0x80b2db50, ESI=0x80b2db50, EDI=0x00000000
EIP=0x005a9c3a, EFLAGS=0x00210246, CR2=0x00000000

Top of Stack: (sp=0x7db5c994)
0x7db5c994:   7cdaa008 07bf0ff4 07bc5ebc 00000000
0x7db5c9a4:   00000000 000e1000 0496faab 80b2dbf0
0x7db5c9b4:   00000000 049a5ff4 0496feaa 00000000
0x7db5c9c4:   00000000 000e1000 000001e0 00000000
0x7db5c9d4:   00000000 000001e0 027f0c7f 0012c000
0x7db5c9e4:   01909ff4 8905c010 049a5ff4 80b2db50
0x7db5c9f4:   7cdaa008 80b2db50 049700f2 80b2db50
0x7db5ca04:   00000000 00000000 049a5ff4 80b0cd28 

Instructions: (pc=0x005a9c3a)
0x005a9c1a:   62 ff ff 81 c3 13 4f 03 00 03 1c 8b 01 ca ff e3
0x005a9c2a:   8d b6 00 00 00 00 89 d7 89 ca c1 e9 02 83 e2 03
0x005a9c3a:   f3 ab 74 12 83 fa 02 72 0b 66 89 07 83 c7 02 83
0x005a9c4a:   ea 02 74 02 88 07 5f 8b 44 24 08 5b c3 89 f6 8d 

Register to memory mapping:

EAX=0x00000000 is an unknown value
EBX=0x00000800 is an unknown value
ECX=0x00038400 is an unknown value
EDX=0x00000000 is an unknown value
ESP=0x7db5c994 is pointing into the stack for thread: 0x80b0cc00
EBP=0x80b2db50 is an unknown value
ESI=0x80b2db50 is an unknown value
EDI=0x00000000 is an unknown value


Stack: [0x7db0d000,0x7db5e000],  sp=0x7db5c994,  free space=318k
Native frames: (J=compiled Java code, j=interpreted, Vv=VM code, C=native code)
C  [libc.so.6+0x134c3a]  getaliasbyname_r+0x478a

Java frames: (J=compiled Java code, j=interpreted, Vv=VM code)
j  SimpleOpenNI.SimpleOpenNIJNI.ContextWrapper_depthImage(JLSimpleOpenNI/ContextWrapper;[I)I+0
j  SimpleOpenNI.ContextWrapper.depthImage([I)I+6
j  SimpleOpenNI.SimpleOpenNI.updateDepthImage()V+40
j  SimpleOpenNI.SimpleOpenNI.depthImage()Lprocessing/core/PImage;+1
j  primeirokinect.PrimeiroKinect.draw()V+17
j  processing.core.PApplet.handleDraw()V+283
j  processing.core.PGraphicsJava2D.requestDraw()V+4
j  processing.core.PApplet.run()V+176
j  java.lang.Thread.run()V+11
v  ~StubRoutines::call_stub

---------------  P R O C E S S  ---------------

Java Threads: ( => current thread )
  0x80995400 JavaThread "Thread-1" [_thread_blocked, id=6690, stack(0x0302f000,0x03080000)]
=>0x80b0cc00 JavaThread "Animation Thread" [_thread_in_native, id=6677, stack(0x7db0d000,0x7db5e000)]
  0x80b00c00 JavaThread "AWT-EventQueue-1" [_thread_blocked, id=6676, stack(0x7db5e000,0x7dbaf000)]
  0xb7608000 JavaThread "DestroyJavaVM" [_thread_blocked, id=6658, stack(0xb7765000,0xb77b6000)]
  0x7dc53800 JavaThread "AWT-EventQueue-0" [_thread_blocked, id=6674, stack(0x7dbaf000,0x7dc00000)]
  0x7dc4c400 JavaThread "AWT-Shutdown" [_thread_blocked, id=6673, stack(0x7dd0d000,0x7dd5e000)]
  0x7dc2ac00 JavaThread "thread applet-primeirokinect.PrimeiroKinect.class" [_thread_in_native, id=6672, stack(0x7dd5e000,0x7ddaf000)]
  0x7dc12400 JavaThread "AWT-XAWT" daemon [_thread_in_native, id=6670, stack(0x7ddaf000,0x7de00000)]
  0x7dedcc00 JavaThread "Java2D Disposer" daemon [_thread_blocked, id=6669, stack(0x7e505000,0x7e556000)]
  0x7e498400 JavaThread "Service Thread" daemon [_thread_blocked, id=6667, stack(0x7df8a000,0x7dfdb000)]
  0x7e496800 JavaThread "C2 CompilerThread1" daemon [_thread_blocked, id=6666, stack(0x7dfdb000,0x7e05c000)]
  0x7e494400 JavaThread "C2 CompilerThread0" daemon [_thread_blocked, id=6665, stack(0x7e05c000,0x7e0dd000)]
  0x7e492c00 JavaThread "Signal Dispatcher" daemon [_thread_blocked, id=6664, stack(0x80a2e000,0x80a7f000)]
  0x7e450800 JavaThread "Finalizer" daemon [_thread_blocked, id=6663, stack(0x7e2dd000,0x7e32e000)]
  0x7e44ec00 JavaThread "Reference Handler" daemon [_thread_blocked, id=6662, stack(0x7e32e000,0x7e37f000)]

Other Threads:
  0x7e448800 VMThread [stack: 0x7e37f000,0x7e400000] [id=6661]
  0x7e49a400 WatcherThread [stack: 0x7df09000,0x7df8a000] [id=6668]

VM state:not at safepoint (normal execution)

VM Mutex/Monitor currently owned by a thread: None

Heap
 PSYoungGen      total 24192K, used 22689K [0xa5de0000, 0xa7740000, 0xb4530000)
  eden space 22400K, 93% used [0xa5de0000,0xa724c058,0xa73c0000)
  from space 1792K, 99% used [0xa7580000,0xa773c448,0xa7740000)
  to   space 1792K, 0% used [0xa73c0000,0xa73c0000,0xa7580000)
 ParOldGen       total 29632K, used 14924K [0x88f30000, 0x8ac20000, 0xa5de0000)
  object space 29632K, 50% used [0x88f30000,0x89dc30e0,0x8ac20000)
 PSPermGen       total 16384K, used 7599K [0x80f30000, 0x81f30000, 0x88f30000)
  object space 16384K, 46% used [0x80f30000,0x8169bee8,0x81f30000)

Card table byte_map: [0x80d94000,0x80f30000] byte_map_base: 0x8098c680

Polling page: 0xb77cb000

Code Cache  [0xb45f8000, 0xb4838000, 0xb75f8000)
 total_blobs=345 nmethods=48 adapters=250 free_code_cache=48704Kb largest_free_block=49852096

Compilation events (10 events):
Event: 2.893 Thread 0x7e494400 nmethod 4% 0xb4661888 code [0xb4661980, 0xb4661c90]
Event: 2.900 Thread 0x7e494400   40             sun.awt.image.PNGImageDecoder::update_crc (41 bytes)
Event: 2.904 Thread 0x7e494400 nmethod 40 0xb4665388 code [0xb4665480, 0xb4665730]
Event: 2.908 Thread 0x7e494400    5 % !         sun.awt.image.PNGImageDecoder::produceImage @ 960 (1920 bytes)
Event: 2.909 Thread 0x7e496800 nmethod 39 0xb4664408 code [0xb4664520, 0xb4665110]
Event: 2.952 Thread 0x7e494400 nmethod 5% 0xb4669448 code [0xb46696c0, 0xb466b640]
Event: 4.163 Thread 0x7e496800   41             sun.awt.image.IntegerInterleavedRaster::setDataElements (137 bytes)
Event: 4.170 Thread 0x7e496800 nmethod 41 0xb4667508 code [0xb4667620, 0xb466789c]
Event: 8.435 Thread 0x7e494400   43             java.util.concurrent.locks.AbstractQueuedSynchronizer::getState (5 bytes)
Event: 8.435 Thread 0x7e494400 nmethod 43 0xb4661708 code [0xb46617e0, 0xb4661830]

GC Heap History (4 events):
Event: 2.290 GC heap before
{Heap before GC invocations=1 (full 0):
 PSYoungGen      total 12992K, used 10774K [0xa5de0000, 0xa6c50000, 0xb4530000)
  eden space 11200K, 96% used [0xa5de0000,0xa6865b00,0xa68d0000)
  from space 1792K, 0% used [0xa6a90000,0xa6a90000,0xa6c50000)
  to   space 1792K, 0% used [0xa68d0000,0xa68d0000,0xa6a90000)
 ParOldGen       total 29632K, used 0K [0x88f30000, 0x8ac20000, 0xa5de0000)
  object space 29632K, 0% used [0x88f30000,0x88f30000,0x8ac20000)
 PSPermGen       total 16384K, used 7419K [0x80f30000, 0x81f30000, 0x88f30000)
  object space 16384K, 45% used [0x80f30000,0x8166ed18,0x81f30000)
Event: 2.313 GC heap after
Heap after GC invocations=1 (full 0):
 PSYoungGen      total 12992K, used 1776K [0xa5de0000, 0xa7740000, 0xb4530000)
  eden space 11200K, 0% used [0xa5de0000,0xa5de0000,0xa68d0000)
  from space 1792K, 99% used [0xa68d0000,0xa6a8c030,0xa6a90000)
  to   space 1792K, 0% used [0xa7580000,0xa7580000,0xa7740000)
 ParOldGen       total 29632K, used 3696K [0x88f30000, 0x8ac20000, 0xa5de0000)
  object space 29632K, 12% used [0x88f30000,0x892cc0a0,0x8ac20000)
 PSPermGen       total 16384K, used 7419K [0x80f30000, 0x81f30000, 0x88f30000)
  object space 16384K, 45% used [0x80f30000,0x8166ed18,0x81f30000)
}
Event: 2.358 GC heap before
{Heap before GC invocations=2 (full 0):
 PSYoungGen      total 12992K, used 12976K [0xa5de0000, 0xa7740000, 0xb4530000)
  eden space 11200K, 100% used [0xa5de0000,0xa68d0000,0xa68d0000)
  from space 1792K, 99% used [0xa68d0000,0xa6a8c030,0xa6a90000)
  to   space 1792K, 0% used [0xa7580000,0xa7580000,0xa7740000)
 ParOldGen       total 29632K, used 3696K [0x88f30000, 0x8ac20000, 0xa5de0000)
  object space 29632K, 12% used [0x88f30000,0x892cc0a0,0x8ac20000)
 PSPermGen       total 16384K, used 7425K [0x80f30000, 0x81f30000, 0x88f30000)
  object space 16384K, 45% used [0x80f30000,0x81670448,0x81f30000)
Event: 2.380 GC heap after
Heap after GC invocations=2 (full 0):
 PSYoungGen      total 24192K, used 1777K [0xa5de0000, 0xa7740000, 0xb4530000)
  eden space 22400K, 0% used [0xa5de0000,0xa5de0000,0xa73c0000)
  from space 1792K, 99% used [0xa7580000,0xa773c448,0xa7740000)
  to   space 1792K, 0% used [0xa73c0000,0xa73c0000,0xa7580000)
 ParOldGen       total 29632K, used 14924K [0x88f30000, 0x8ac20000, 0xa5de0000)
  object space 29632K, 50% used [0x88f30000,0x89dc30e0,0x8ac20000)
 PSPermGen       total 16384K, used 7425K [0x80f30000, 0x81f30000, 0x88f30000)
  object space 16384K, 45% used [0x80f30000,0x81670448,0x81f30000)
}

Deoptimization events (5 events):
Event: 0.259 Thread 0x7dc53800 Uncommon trap -34 fr.pc 0xb4645f1c
Event: 0.259 Thread 0x7dc53800 Uncommon trap -34 fr.pc 0xb4645f1c
Event: 0.260 Thread 0x7dc53800 Uncommon trap -34 fr.pc 0xb4645f1c
Event: 0.261 Thread 0x7dc53800 Uncommon trap -34 fr.pc 0xb4645f1c
Event: 2.885 Thread 0x80b0cc00 Uncommon trap -83 fr.pc 0xb465d998

Internal exceptions (10 events):
Event: 0.461 Thread 0x80b0cc00 Threw 0xa64387f8 at /build/buildd/openjdk-7-7u9-2.3.3/build/openjdk/hotspot/src/share/vm/prims/jvm.cpp:1166
Event: 0.461 Thread 0x80b0cc00 Threw 0xa6440ec0 at /build/buildd/openjdk-7-7u9-2.3.3/build/openjdk/hotspot/src/share/vm/prims/jvm.cpp:1166
Event: 0.479 Thread 0x80b0cc00 Threw 0xa66bd9c8 at /build/buildd/openjdk-7-7u9-2.3.3/build/openjdk/hotspot/src/share/vm/prims/jvm.cpp:1166
Event: 0.486 Thread 0x80b0cc00 Threw 0xa66d2b30 at /build/buildd/openjdk-7-7u9-2.3.3/build/openjdk/hotspot/src/share/vm/prims/jvm.cpp:1166
Event: 0.487 Thread 0x80b0cc00 Threw 0xa66d9550 at /build/buildd/openjdk-7-7u9-2.3.3/build/openjdk/hotspot/src/share/vm/prims/jvm.cpp:1166
Event: 0.487 Thread 0x80b0cc00 Threw 0xa670b6b8 at /build/buildd/openjdk-7-7u9-2.3.3/build/openjdk/hotspot/src/share/vm/prims/jvm.cpp:1166
Event: 2.315 Thread 0x80b0cc00 Threw 0xa6038e78 at /build/buildd/openjdk-7-7u9-2.3.3/build/openjdk/hotspot/src/share/vm/prims/jvm.cpp:1166
Event: 2.930 Thread 0x80b0cc00 Threw 0xa6f549e0 at /build/buildd/openjdk-7-7u9-2.3.3/build/openjdk/hotspot/src/share/vm/prims/jvm.cpp:1166
Event: 2.934 Thread 0x80b00c00 Threw 0xa6fbb508 at /build/buildd/openjdk-7-7u9-2.3.3/build/openjdk/hotspot/src/share/vm/prims/jni.cpp:742
Event: 3.476 Thread 0x80b0cc00 Threw 0xa6f599b8 at /build/buildd/openjdk-7-7u9-2.3.3/build/openjdk/hotspot/src/share/vm/prims/jvm.cpp:1166

Events (10 events):
Event: 4.095 Executing VM operation: EnableBiasedLocking
Event: 4.098 Executing VM operation: EnableBiasedLocking done
Event: 4.352 loading class 0x7def7ec8
Event: 4.353 loading class 0x7def7ec8 done
Event: 7.931 Thread 0x6f136800 Thread exited: 0x6f136800
Event: 9.091 loading class 0x7e49ff48
Event: 9.092 loading class 0x7e49ff48 done
Event: 9.092 Thread 0x80995400 Thread added: 0x80995400
Event: 9.092 loading class 0x7dc21678
Event: 9.092 loading class 0x7dc21678 done


Dynamic libraries:
00110000-0013a000 r-xp 00000000 08:01 2098033    /lib/i386-linux-gnu/libm-2.15.so
0013a000-0013b000 r--p 00029000 08:01 2098033    /lib/i386-linux-gnu/libm-2.15.so
0013b000-0013c000 rw-p 0002a000 08:01 2098033    /lib/i386-linux-gnu/libm-2.15.so
0013c000-00158000 r-xp 00000000 08:01 2098084    /lib/i386-linux-gnu/libgcc_s.so.1
00158000-00159000 r--p 0001b000 08:01 2098084    /lib/i386-linux-gnu/libgcc_s.so.1
00159000-0015a000 rw-p 0001c000 08:01 2098084    /lib/i386-linux-gnu/libgcc_s.so.1
0015a000-00161000 r-xp 00000000 08:01 2098029    /lib/i386-linux-gnu/librt-2.15.so
00161000-00162000 r--p 00006000 08:01 2098029    /lib/i386-linux-gnu/librt-2.15.so
00162000-00163000 rw-p 00007000 08:01 2098029    /lib/i386-linux-gnu/librt-2.15.so
00163000-0018a000 r-xp 00000000 08:01 1837354    /usr/lib/jvm/java-7-openjdk-i386/jre/lib/i386/libjava.so
0018a000-0018b000 r--p 00026000 08:01 1837354    /usr/lib/jvm/java-7-openjdk-i386/jre/lib/i386/libjava.so
0018b000-0018c000 rw-p 00027000 08:01 1837354    /usr/lib/jvm/java-7-openjdk-i386/jre/lib/i386/libjava.so
0018c000-00197000 r-xp 00000000 08:01 2098026    /lib/i386-linux-gnu/libnss_files-2.15.so
00197000-00198000 r--p 0000a000 08:01 2098026    /lib/i386-linux-gnu/libnss_files-2.15.so
00198000-00199000 rw-p 0000b000 08:01 2098026    /lib/i386-linux-gnu/libnss_files-2.15.so
00199000-001a1000 r-xp 00000000 08:01 1837359    /usr/lib/jvm/java-7-openjdk-i386/jre/lib/i386/libzip.so
001a1000-001a2000 r--p 00007000 08:01 1837359    /usr/lib/jvm/java-7-openjdk-i386/jre/lib/i386/libzip.so
001a2000-001a3000 rw-p 00008000 08:01 1837359    /usr/lib/jvm/java-7-openjdk-i386/jre/lib/i386/libzip.so
001a3000-00233000 r-xp 00000000 08:01 1837357    /usr/lib/jvm/java-7-openjdk-i386/jre/lib/i386/libawt.so
00233000-00234000 r--p 00090000 08:01 1837357    /usr/lib/jvm/java-7-openjdk-i386/jre/lib/i386/libawt.so
00234000-0023b000 rw-p 00091000 08:01 1837357    /usr/lib/jvm/java-7-openjdk-i386/jre/lib/i386/libawt.so
0023b000-0025f000 rw-p 00000000 00:00 0 
0025f000-00261000 r-xp 00000000 08:01 1705578    /usr/lib/i386-linux-gnu/libXinerama.so.1.0.0
00261000-00262000 r--p 00001000 08:01 1705578    /usr/lib/i386-linux-gnu/libXinerama.so.1.0.0
00262000-00263000 rw-p 00002000 08:01 1705578    /usr/lib/i386-linux-gnu/libXinerama.so.1.0.0
00265000-0026d000 r-xp 00000000 08:01 1706435    /usr/lib/i386-linux-gnu/libXrender.so.1.3.0
0026d000-0026e000 r--p 00007000 08:01 1706435    /usr/lib/i386-linux-gnu/libXrender.so.1.3.0
0026e000-0026f000 rw-p 00008000 08:01 1706435    /usr/lib/i386-linux-gnu/libXrender.so.1.3.0
0026f000-0028e000 r-xp 00000000 08:01 1708382    /usr/lib/i386-linux-gnu/libgdk_pixbuf-2.0.so.0.2600.1
0028e000-0028f000 r--p 0001e000 08:01 1708382    /usr/lib/i386-linux-gnu/libgdk_pixbuf-2.0.so.0.2600.1
0028f000-00290000 rw-p 0001f000 08:01 1708382    /usr/lib/i386-linux-gnu/libgdk_pixbuf-2.0.so.0.2600.1
00290000-002d7000 r-xp 00000000 08:01 1705072    /usr/lib/i386-linux-gnu/libpango-1.0.so.0.3000.0
002d7000-002d8000 ---p 00047000 08:01 1705072    /usr/lib/i386-linux-gnu/libpango-1.0.so.0.3000.0
002d8000-002d9000 r--p 00047000 08:01 1705072    /usr/lib/i386-linux-gnu/libpango-1.0.so.0.3000.0
002d9000-002da000 rw-p 00048000 08:01 1705072    /usr/lib/i386-linux-gnu/libpango-1.0.so.0.3000.0
002da000-002e5000 r-xp 00000000 08:01 1708068    /usr/lib/i386-linux-gnu/libpangocairo-1.0.so.0.3000.0
002e5000-002e6000 r--p 0000a000 08:01 1708068    /usr/lib/i386-linux-gnu/libpangocairo-1.0.so.0.3000.0
002e6000-002e7000 rw-p 0000b000 08:01 1708068    /usr/lib/i386-linux-gnu/libpangocairo-1.0.so.0.3000.0
002e7000-002ee000 r-xp 00000000 08:01 1709192    /usr/lib/i386-linux-gnu/libXrandr.so.2.2.0
002ee000-002ef000 r--p 00006000 08:01 1709192    /usr/lib/i386-linux-gnu/libXrandr.so.2.2.0
002ef000-002f0000 rw-p 00007000 08:01 1709192    /usr/lib/i386-linux-gnu/libXrandr.so.2.2.0
002f0000-002f2000 r-xp 00000000 08:01 1707118    /usr/lib/i386-linux-gnu/libXdamage.so.1.1.0
002f2000-002f3000 r--p 00001000 08:01 1707118    /usr/lib/i386-linux-gnu/libXdamage.so.1.1.0
002f3000-002f4000 rw-p 00002000 08:01 1707118    /usr/lib/i386-linux-gnu/libXdamage.so.1.1.0
002f7000-0030d000 r-xp 00000000 08:01 2098042    /lib/i386-linux-gnu/libnsl-2.15.so
0030d000-0030e000 r--p 00015000 08:01 2098042    /lib/i386-linux-gnu/libnsl-2.15.so
0030e000-0030f000 rw-p 00016000 08:01 2098042    /lib/i386-linux-gnu/libnsl-2.15.so
0030f000-00311000 rw-p 00000000 00:00 0 
00311000-00343000 r-xp 00000000 08:01 1704163    /usr/lib/i386-linux-gnu/libfontconfig.so.1.4.4
00343000-00344000 r--p 00032000 08:01 1704163    /usr/lib/i386-linux-gnu/libfontconfig.so.1.4.4
00344000-00345000 rw-p 00033000 08:01 1704163    /usr/lib/i386-linux-gnu/libfontconfig.so.1.4.4
00345000-00364000 r-xp 00000000 08:01 1706429    /usr/lib/i386-linux-gnu/libxcb.so.1.1.0
00364000-00365000 r--p 0001f000 08:01 1706429    /usr/lib/i386-linux-gnu/libxcb.so.1.1.0
00365000-00366000 rw-p 00020000 08:01 1706429    /usr/lib/i386-linux-gnu/libxcb.so.1.1.0
00366000-00383000 r-xp 00000000 08:01 1704114    /usr/lib/i386-linux-gnu/libatk-1.0.so.0.20409.1
00383000-00385000 r--p 0001c000 08:01 1704114    /usr/lib/i386-linux-gnu/libatk-1.0.so.0.20409.1
00385000-00386000 rw-p 0001e000 08:01 1704114    /usr/lib/i386-linux-gnu/libatk-1.0.so.0.20409.1
00388000-00398000 r-xp 00000000 08:01 1707120    /usr/lib/i386-linux-gnu/libXext.so.6.4.0
00398000-00399000 r--p 0000f000 08:01 1707120    /usr/lib/i386-linux-gnu/libXext.so.6.4.0
00399000-0039a000 rw-p 00010000 08:01 1707120    /usr/lib/i386-linux-gnu/libXext.so.6.4.0
0039a000-003a3000 r-xp 00000000 08:01 1709176    /usr/lib/i386-linux-gnu/libXcursor.so.1.0.2
003a3000-003a4000 r--p 00008000 08:01 1709176    /usr/lib/i386-linux-gnu/libXcursor.so.1.0.2
003a4000-003a5000 rw-p 00009000 08:01 1709176    /usr/lib/i386-linux-gnu/libXcursor.so.1.0.2
003a5000-003a8000 r-xp 00000000 08:01 1705745    /usr/lib/i386-linux-gnu/libgmodule-2.0.so.0.3200.3
003a8000-003a9000 r--p 00002000 08:01 1705745    /usr/lib/i386-linux-gnu/libgmodule-2.0.so.0.3200.3
003a9000-003aa000 rw-p 00003000 08:01 1705745    /usr/lib/i386-linux-gnu/libgmodule-2.0.so.0.3200.3
003aa000-003af000 r-xp 00000000 08:01 1706441    /usr/lib/i386-linux-gnu/libffi.so.6.0.0
003af000-003b0000 r--p 00004000 08:01 1706441    /usr/lib/i386-linux-gnu/libffi.so.6.0.0
003b0000-003b1000 rw-p 00005000 08:01 1706441    /usr/lib/i386-linux-gnu/libffi.so.6.0.0
003b1000-003b3000 r-xp 00000000 08:01 1705108    /usr/lib/i386-linux-gnu/libXau.so.6.0.0
003b3000-003b4000 r--p 00001000 08:01 1705108    /usr/lib/i386-linux-gnu/libXau.so.6.0.0
003b4000-003b5000 rw-p 00002000 08:01 1705108    /usr/lib/i386-linux-gnu/libXau.so.6.0.0
003b6000-00403000 r-xp 00000000 08:01 1705746    /usr/lib/i386-linux-gnu/libgobject-2.0.so.0.3200.3
00403000-00404000 r--p 0004c000 08:01 1705746    /usr/lib/i386-linux-gnu/libgobject-2.0.so.0.3200.3
00404000-00405000 rw-p 0004d000 08:01 1705746    /usr/lib/i386-linux-gnu/libgobject-2.0.so.0.3200.3
00405000-00418000 r-xp 00000000 08:01 2098027    /lib/i386-linux-gnu/libresolv-2.15.so
00418000-00419000 ---p 00013000 08:01 2098027    /lib/i386-linux-gnu/libresolv-2.15.so
00419000-0041a000 r--p 00013000 08:01 2098027    /lib/i386-linux-gnu/libresolv-2.15.so
0041a000-0041b000 rw-p 00014000 08:01 2098027    /lib/i386-linux-gnu/libresolv-2.15.so
0041b000-0041d000 rw-p 00000000 00:00 0 
0041d000-0041f000 r-xp 00000000 08:01 1706433    /usr/lib/i386-linux-gnu/libxcb-shm.so.0.0.0
0041f000-00420000 r--p 00001000 08:01 1706433    /usr/lib/i386-linux-gnu/libxcb-shm.so.0.0.0
00420000-00421000 rw-p 00002000 08:01 1706433    /usr/lib/i386-linux-gnu/libxcb-shm.so.0.0.0
00423000-0042f000 r-xp 00000000 08:01 1837363    /usr/lib/jvm/java-7-openjdk-i386/jre/lib/i386/jli/libjli.so
0042f000-00430000 r--p 0000c000 08:01 1837363    /usr/lib/jvm/java-7-openjdk-i386/jre/lib/i386/jli/libjli.so
00430000-00431000 rw-p 0000d000 08:01 1837363    /usr/lib/jvm/java-7-openjdk-i386/jre/lib/i386/jli/libjli.so
00431000-0044e000 r-xp 00000000 08:01 2097208    /lib/i386-linux-gnu/libselinux.so.1
0044e000-0044f000 r--p 0001c000 08:01 2097208    /lib/i386-linux-gnu/libselinux.so.1
0044f000-00450000 rw-p 0001d000 08:01 2097208    /lib/i386-linux-gnu/libselinux.so.1
00450000-0045c000 r-xp 00000000 08:01 1705828    /usr/lib/i386-linux-gnu/libavahi-common.so.3.5.3
0045c000-0045d000 r--p 0000b000 08:01 1705828    /usr/lib/i386-linux-gnu/libavahi-common.so.3.5.3
0045d000-0045e000 rw-p 0000c000 08:01 1705828    /usr/lib/i386-linux-gnu/libavahi-common.so.3.5.3
0045e000-00463000 r-xp 00000000 08:01 1706425    /usr/lib/i386-linux-gnu/libXdmcp.so.6.0.0
00463000-00464000 r--p 00004000 08:01 1706425    /usr/lib/i386-linux-gnu/libXdmcp.so.6.0.0
00464000-00465000 rw-p 00005000 08:01 1706425    /usr/lib/i386-linux-gnu/libXdmcp.so.6.0.0
00465000-00467000 r-xp 00000000 08:01 2098185    /lib/i386-linux-gnu/libkeyutils.so.1.4
00467000-00468000 r--p 00002000 08:01 2098185    /lib/i386-linux-gnu/libkeyutils.so.1.4
00468000-00469000 rw-p 00003000 08:01 2098185    /lib/i386-linux-gnu/libkeyutils.so.1.4
0046d000-00472000 r-xp 00000000 08:01 1707424    /usr/lib/i386-linux-gnu/libXtst.so.6.1.0
00472000-00473000 r--p 00004000 08:01 1707424    /usr/lib/i386-linux-gnu/libXtst.so.6.1.0
00473000-00474000 rw-p 00005000 08:01 1707424    /usr/lib/i386-linux-gnu/libXtst.so.6.1.0
00475000-00618000 r-xp 00000000 08:01 2098022    /lib/i386-linux-gnu/libc-2.15.so
00618000-00619000 ---p 001a3000 08:01 2098022    /lib/i386-linux-gnu/libc-2.15.so
00619000-0061b000 r--p 001a3000 08:01 2098022    /lib/i386-linux-gnu/libc-2.15.so
0061b000-0061c000 rw-p 001a5000 08:01 2098022    /lib/i386-linux-gnu/libc-2.15.so
0061c000-0061f000 rw-p 00000000 00:00 0 
0061f000-00645000 r-xp 00000000 08:01 2097180    /lib/i386-linux-gnu/libexpat.so.1.5.2
00645000-00646000 ---p 00026000 08:01 2097180    /lib/i386-linux-gnu/libexpat.so.1.5.2
00646000-00648000 r--p 00026000 08:01 2097180    /lib/i386-linux-gnu/libexpat.so.1.5.2
00648000-00649000 rw-p 00028000 08:01 2097180    /lib/i386-linux-gnu/libexpat.so.1.5.2
00649000-0064c000 r-xp 00000000 08:01 2098070    /lib/i386-linux-gnu/libgpg-error.so.0.8.0
0064c000-0064d000 r--p 00002000 08:01 2098070    /lib/i386-linux-gnu/libgpg-error.so.0.8.0
0064d000-0064e000 rw-p 00003000 08:01 2098070    /lib/i386-linux-gnu/libgpg-error.so.0.8.0
0064e000-00651000 r-xp 00000000 08:01 2097187    /lib/i386-linux-gnu/libcom_err.so.2.1
00651000-00652000 r--p 00002000 08:01 2097187    /lib/i386-linux-gnu/libcom_err.so.2.1
00652000-00653000 rw-p 00003000 08:01 2097187    /lib/i386-linux-gnu/libcom_err.so.2.1
00655000-0065f000 r-xp 00000000 08:01 2098030    /lib/i386-linux-gnu/libnss_nis-2.15.so
0065f000-00660000 r--p 00009000 08:01 2098030    /lib/i386-linux-gnu/libnss_nis-2.15.so
00660000-00661000 rw-p 0000a000 08:01 2098030    /lib/i386-linux-gnu/libnss_nis-2.15.so
00661000-00791000 r-xp 00000000 08:01 1709768    /usr/lib/i386-linux-gnu/libX11.so.6.3.0
00791000-00792000 r--p 0012f000 08:01 1709768    /usr/lib/i386-linux-gnu/libX11.so.6.3.0
00792000-00794000 rw-p 00130000 08:01 1709768    /usr/lib/i386-linux-gnu/libX11.so.6.3.0
00794000-00795000 rw-p 00000000 00:00 0 
00795000-007cf000 r-xp 00000000 08:01 2098175    /lib/i386-linux-gnu/libpcre.so.3.12.1
007cf000-007d0000 r--p 00039000 08:01 2098175    /lib/i386-linux-gnu/libpcre.so.3.12.1
007d0000-007d1000 rw-p 0003a000 08:01 2098175    /lib/i386-linux-gnu/libpcre.so.3.12.1
007d1000-007d4000 r-xp 00000000 08:01 1708043    /usr/lib/libXnCore.so
007d4000-007d5000 r--p 00002000 08:01 1708043    /usr/lib/libXnCore.so
007d5000-007d6000 rw-p 00003000 08:01 1708043    /usr/lib/libXnCore.so
007e0000-007e2000 r-xp 00000000 08:01 1707115    /usr/lib/i386-linux-gnu/libXcomposite.so.1.0.0
007e2000-007e3000 r--p 00001000 08:01 1707115    /usr/lib/i386-linux-gnu/libXcomposite.so.1.0.0
007e3000-007e4000 rw-p 00002000 08:01 1707115    /usr/lib/i386-linux-gnu/libXcomposite.so.1.0.0
007e6000-007ed000 r-xp 00000000 08:01 2098024    /lib/i386-linux-gnu/libnss_compat-2.15.so
007ed000-007ee000 r--p 00006000 08:01 2098024    /lib/i386-linux-gnu/libnss_compat-2.15.so
007ee000-007ef000 rw-p 00007000 08:01 2098024    /lib/i386-linux-gnu/libnss_compat-2.15.so
007ef000-0083e000 r-xp 00000000 08:01 1707492    /usr/lib/i386-linux-gnu/libcups.so.2
0083e000-00841000 r--p 0004e000 08:01 1707492    /usr/lib/i386-linux-gnu/libcups.so.2
00841000-00842000 rw-p 00051000 08:01 1707492    /usr/lib/i386-linux-gnu/libcups.so.2
00842000-00852000 r-xp 00000000 08:01 1706813    /usr/lib/i386-linux-gnu/libavahi-client.so.3.2.9
00852000-00853000 r--p 0000f000 08:01 1706813    /usr/lib/i386-linux-gnu/libavahi-client.so.3.2.9
00853000-00854000 rw-p 00010000 08:01 1706813    /usr/lib/i386-linux-gnu/libavahi-client.so.3.2.9
00854000-00864000 r-xp 00000000 08:01 1704083    /usr/lib/i386-linux-gnu/libtasn1.so.3.1.12
00864000-00865000 r--p 0000f000 08:01 1704083    /usr/lib/i386-linux-gnu/libtasn1.so.3.1.12
00865000-00866000 rw-p 00010000 08:01 1704083    /usr/lib/i386-linux-gnu/libtasn1.so.3.1.12
00866000-00876000 r-xp 00000000 08:01 1707354    /usr/lib/i386-linux-gnu/libp11-kit.so.0.0.0
00876000-00877000 r--p 0000f000 08:01 1707354    /usr/lib/i386-linux-gnu/libp11-kit.so.0.0.0
00877000-00878000 rw-p 00010000 08:01 1707354    /usr/lib/i386-linux-gnu/libp11-kit.so.0.0.0
00879000-0087d000 r-xp 00000000 08:01 1704744    /usr/lib/i386-linux-gnu/libXfixes.so.3.1.0
0087d000-0087e000 r--p 00004000 08:01 1704744    /usr/lib/i386-linux-gnu/libXfixes.so.3.1.0
0087e000-0087f000 rw-p 00005000 08:01 1704744    /usr/lib/i386-linux-gnu/libXfixes.so.3.1.0
0087f000-00895000 r-xp 00000000 08:01 1837388    /usr/lib/jvm/java-7-openjdk-i386/jre/lib/i386/libnet.so
00895000-00896000 r--p 00015000 08:01 1837388    /usr/lib/jvm/java-7-openjdk-i386/jre/lib/i386/libnet.so
00896000-00897000 rw-p 00016000 08:01 1837388    /usr/lib/jvm/java-7-openjdk-i386/jre/lib/i386/libnet.so
0089c000-008b0000 r-xp 00000000 08:01 2098157    /lib/i386-linux-gnu/libz.so.1.2.3.4
008b0000-008b1000 r--p 00013000 08:01 2098157    /lib/i386-linux-gnu/libz.so.1.2.3.4
008b1000-008b2000 rw-p 00014000 08:01 2098157    /lib/i386-linux-gnu/libz.so.1.2.3.4
008b2000-008da000 r-xp 00000000 08:01 2097257    /lib/i386-linux-gnu/libpng12.so.0.46.0
008da000-008db000 r--p 00027000 08:01 2097257    /lib/i386-linux-gnu/libpng12.so.0.46.0
008db000-008dc000 rw-p 00028000 08:01 2097257    /lib/i386-linux-gnu/libpng12.so.0.46.0
008e4000-00936000 r-xp 00000000 08:01 1969852    /usr/lib/jvm/java-7-openjdk-i386/jre/lib/i386/xawt/libmawt.so
00936000-00937000 r--p 00051000 08:01 1969852    /usr/lib/jvm/java-7-openjdk-i386/jre/lib/i386/xawt/libmawt.so
00937000-00939000 rw-p 00052000 08:01 1969852    /usr/lib/jvm/java-7-openjdk-i386/jre/lib/i386/xawt/libmawt.so
00939000-0093a000 rw-p 00000000 00:00 0 
0093a000-009e5000 r-xp 00000000 08:01 1707113    /usr/lib/i386-linux-gnu/libgdk-x11-2.0.so.0.2400.10
009e5000-009e6000 ---p 000ab000 08:01 1707113    /usr/lib/i386-linux-gnu/libgdk-x11-2.0.so.0.2400.10
009e6000-009e8000 r--p 000ab000 08:01 1707113    /usr/lib/i386-linux-gnu/libgdk-x11-2.0.so.0.2400.10
009e8000-009e9000 rw-p 000ad000 08:01 1707113    /usr/lib/i386-linux-gnu/libgdk-x11-2.0.so.0.2400.10
009e9000-00ae0000 r-xp 00000000 08:01 2098053    /lib/i386-linux-gnu/libglib-2.0.so.0.3200.3
00ae0000-00ae1000 r--p 000f6000 08:01 2098053    /lib/i386-linux-gnu/libglib-2.0.so.0.3200.3
00ae1000-00ae2000 rw-p 000f7000 08:01 2098053    /lib/i386-linux-gnu/libglib-2.0.so.0.3200.3
00ae2000-00af3000 r-xp 00000000 08:01 1837358    /usr/lib/jvm/java-7-openjdk-i386/jre/lib/i386/libnio.so
00af3000-00af4000 r--p 00010000 08:01 1837358    /usr/lib/jvm/java-7-openjdk-i386/jre/lib/i386/libnio.so
00af4000-00af5000 rw-p 00011000 08:01 1837358    /usr/lib/jvm/java-7-openjdk-i386/jre/lib/i386/libnio.so
00afd000-00b09000 r-xp 00000000 08:01 1837379    /usr/lib/jvm/java-7-openjdk-i386/jre/lib/i386/libverify.so
00b09000-00b0a000 r--p 0000b000 08:01 1837379    /usr/lib/jvm/java-7-openjdk-i386/jre/lib/i386/libverify.so
00b0a000-00b0b000 rw-p 0000c000 08:01 1837379    /usr/lib/jvm/java-7-openjdk-i386/jre/lib/i386/libverify.so
00b0b000-00c5e000 r-xp 00000000 08:01 1705743    /usr/lib/i386-linux-gnu/libgio-2.0.so.0.3200.3
00c5e000-00c60000 r--p 00153000 08:01 1705743    /usr/lib/i386-linux-gnu/libgio-2.0.so.0.3200.3
00c60000-00c61000 rw-p 00155000 08:01 1705743    /usr/lib/i386-linux-gnu/libgio-2.0.so.0.3200.3
00c61000-00c62000 rw-p 00000000 00:00 0 
00c71000-00c72000 r-xp 00000000 00:00 0          [vdso]
00c72000-00c98000 r-xp 00000000 08:01 1705544    /usr/lib/i386-linux-gnu/libk5crypto.so.3.1
00c98000-00c99000 r--p 00025000 08:01 1705544    /usr/lib/i386-linux-gnu/libk5crypto.so.3.1
00c99000-00c9a000 rw-p 00026000 08:01 1705544    /usr/lib/i386-linux-gnu/libk5crypto.so.3.1
00ca3000-00ccd000 r-xp 00000000 08:01 1708070    /usr/lib/i386-linux-gnu/libpangoft2-1.0.so.0.3000.0
00ccd000-00cce000 r--p 00029000 08:01 1708070    /usr/lib/i386-linux-gnu/libpangoft2-1.0.so.0.3000.0
00cce000-00ccf000 rw-p 0002a000 08:01 1708070    /usr/lib/i386-linux-gnu/libpangoft2-1.0.so.0.3000.0
00ccf000-00d0a000 r-xp 00000000 08:01 1704422    /usr/lib/i386-linux-gnu/libgssapi_krb5.so.2.2
00d0a000-00d0b000 ---p 0003b000 08:01 1704422    /usr/lib/i386-linux-gnu/libgssapi_krb5.so.2.2
00d0b000-00d0c000 r--p 0003b000 08:01 1704422    /usr/lib/i386-linux-gnu/libgssapi_krb5.so.2.2
00d0c000-00d0d000 rw-p 0003c000 08:01 1704422    /usr/lib/i386-linux-gnu/libgssapi_krb5.so.2.2
00d0d000-00d1b000 r-xp 00000000 08:01 2097259    /lib/i386-linux-gnu/libusb-1.0.so.0.1.0
00d1b000-00d1c000 r--p 0000d000 08:01 2097259    /lib/i386-linux-gnu/libusb-1.0.so.0.1.0
00d1c000-00d1d000 rw-p 0000e000 08:01 2097259    /lib/i386-linux-gnu/libusb-1.0.so.0.1.0
00d39000-00d47000 r-xp 00000000 08:01 1707177    /usr/lib/i386-linux-gnu/libXi.so.6.1.0
00d47000-00d48000 r--p 0000d000 08:01 1707177    /usr/lib/i386-linux-gnu/libXi.so.6.1.0
00d48000-00d49000 rw-p 0000e000 08:01 1707177    /usr/lib/i386-linux-gnu/libXi.so.6.1.0
00d5a000-00d61000 r-xp 00000000 08:01 1708190    /usr/lib/i386-linux-gnu/libkrb5support.so.0.1
00d61000-00d62000 r--p 00006000 08:01 1708190    /usr/lib/i386-linux-gnu/libkrb5support.so.0.1
00d62000-00d63000 rw-p 00007000 08:01 1708190    /usr/lib/i386-linux-gnu/libkrb5support.so.0.1
00d63000-00d82000 r-xp 00000000 08:01 1713812    /usr/lib/libnimRecorder.so
00d82000-00d83000 r--p 0001f000 08:01 1713812    /usr/lib/libnimRecorder.so
00d83000-00d84000 rw-p 00020000 08:01 1713812    /usr/lib/libnimRecorder.so
00d84000-00e5c000 r-xp 00000000 08:01 1704289    /usr/lib/i386-linux-gnu/libstdc++.so.6.0.16
00e5c000-00e5d000 ---p 000d8000 08:01 1704289    /usr/lib/i386-linux-gnu/libstdc++.so.6.0.16
00e5d000-00e61000 r--p 000d8000 08:01 1704289    /usr/lib/i386-linux-gnu/libstdc++.so.6.0.16
00e61000-00e62000 rw-p 000dc000 08:01 1704289    /usr/lib/i386-linux-gnu/libstdc++.so.6.0.16
00e62000-00e69000 rw-p 00000000 00:00 0 
00e8c000-00e8d000 r-xp 00000000 08:01 1704299    /usr/lib/i386-linux-gnu/libgthread-2.0.so.0.3200.3
00e8d000-00e8e000 r--p 00000000 08:01 1704299    /usr/lib/i386-linux-gnu/libgthread-2.0.so.0.3200.3
00e8e000-00e8f000 rw-p 00001000 08:01 1704299    /usr/lib/i386-linux-gnu/libgthread-2.0.so.0.3200.3
00ea7000-00ebe000 r-xp 00000000 08:01 2098031    /lib/i386-linux-gnu/libpthread-2.15.so
00ebe000-00ebf000 r--p 00016000 08:01 2098031    /lib/i386-linux-gnu/libpthread-2.15.so
00ebf000-00ec0000 rw-p 00017000 08:01 2098031    /lib/i386-linux-gnu/libpthread-2.15.so
00ec0000-00ec2000 rw-p 00000000 00:00 0 
00ec6000-00ece000 r-xp 00000000 08:01 1706431    /usr/lib/i386-linux-gnu/libxcb-render.so.0.0.0
00ece000-00ecf000 r--p 00008000 08:01 1706431    /usr/lib/i386-linux-gnu/libxcb-render.so.0.0.0
00ecf000-00ed0000 rw-p 00009000 08:01 1706431    /usr/lib/i386-linux-gnu/libxcb-render.so.0.0.0
00ed0000-00f17000 r-xp 00000000 08:01 2097236    /lib/i386-linux-gnu/libdbus-1.so.3.5.8
00f17000-00f18000 r--p 00047000 08:01 2097236    /lib/i386-linux-gnu/libdbus-1.so.3.5.8
00f18000-00f19000 rw-p 00048000 08:01 2097236    /lib/i386-linux-gnu/libdbus-1.so.3.5.8
00f19000-00f1c000 r-xp 00000000 08:01 2098037    /lib/i386-linux-gnu/libdl-2.15.so
00f1c000-00f1d000 r--p 00002000 08:01 2098037    /lib/i386-linux-gnu/libdl-2.15.so
00f1d000-00f1e000 rw-p 00003000 08:01 2098037    /lib/i386-linux-gnu/libdl-2.15.so
00f1e000-00fb3000 r-xp 00000000 08:01 1704168    /usr/lib/i386-linux-gnu/libfreetype.so.6.8.0
00fb3000-00fb7000 r--p 00094000 08:01 1704168    /usr/lib/i386-linux-gnu/libfreetype.so.6.8.0
00fb7000-00fb8000 rw-p 00098000 08:01 1704168    /usr/lib/i386-linux-gnu/libfreetype.so.6.8.0
00fbc000-00fdc000 r-xp 00000000 08:01 2098034    /lib/i386-linux-gnu/ld-2.15.so
00fdc000-00fdd000 r--p 0001f000 08:01 2098034    /lib/i386-linux-gnu/ld-2.15.so
00fdd000-00fde000 rw-p 00020000 08:01 2098034    /lib/i386-linux-gnu/ld-2.15.so
00fde000-018c3000 r-xp 00000000 08:01 1837373    /usr/lib/jvm/java-7-openjdk-i386/jre/lib/i386/server/libjvm.so
018c3000-0190a000 r--p 008e4000 08:01 1837373    /usr/lib/jvm/java-7-openjdk-i386/jre/lib/i386/server/libjvm.so
0190a000-0191e000 rw-p 0092b000 08:01 1837373    /usr/lib/jvm/java-7-openjdk-i386/jre/lib/i386/server/libjvm.so
0191e000-01d3a000 rw-p 00000000 00:00 0 
01d3a000-0219a000 r-xp 00000000 08:01 1707112    /usr/lib/i386-linux-gnu/libgtk-x11-2.0.so.0.2400.10
0219a000-0219e000 r--p 00460000 08:01 1707112    /usr/lib/i386-linux-gnu/libgtk-x11-2.0.so.0.2400.10
0219e000-021a0000 rw-p 00464000 08:01 1707112    /usr/lib/i386-linux-gnu/libgtk-x11-2.0.so.0.2400.10
021a0000-021a2000 rw-p 00000000 00:00 0 
021a2000-02224000 r-xp 00000000 08:01 2098111    /lib/i386-linux-gnu/libgcrypt.so.11.7.0
02224000-02225000 r--p 00081000 08:01 2098111    /lib/i386-linux-gnu/libgcrypt.so.11.7.0
02225000-02227000 rw-p 00082000 08:01 2098111    /lib/i386-linux-gnu/libgcrypt.so.11.7.0
0226d000-02347000 r-xp 00000000 08:01 1707368    /usr/lib/libXnVNite_1_5_2.so
02347000-02349000 r--p 000da000 08:01 1707368    /usr/lib/libXnVNite_1_5_2.so
02349000-0234a000 rw-p 000dc000 08:01 1707368    /usr/lib/libXnVNite_1_5_2.so
0234a000-02568000 r-xp 00000000 08:01 1708018    /usr/lib/libXnVFeatures_1_3_1.so
02568000-02569000 ---p 0021e000 08:01 1708018    /usr/lib/libXnVFeatures_1_3_1.so
02569000-0256c000 r--p 0021e000 08:01 1708018    /usr/lib/libXnVFeatures_1_3_1.so
0256c000-0256d000 rw-p 00221000 08:01 1708018    /usr/lib/libXnVFeatures_1_3_1.so
0256d000-02572000 rw-p 00000000 00:00 0 
02572000-02650000 r-xp 00000000 08:01 1708038    /usr/lib/libXnVHandGenerator_1_3_1.so
02650000-02653000 r--p 000dd000 08:01 1708038    /usr/lib/libXnVHandGenerator_1_3_1.so
02653000-02654000 rw-p 000e0000 08:01 1708038    /usr/lib/libXnVHandGenerator_1_3_1.so
02654000-02656000 rw-p 00000000 00:00 0 
02656000-0274c000 r-xp 00000000 08:01 1708041    /usr/lib/libXnVHandGenerator_1_5_2.so
0274c000-0274f000 r--p 000f5000 08:01 1708041    /usr/lib/libXnVHandGenerator_1_5_2.so
0274f000-02750000 rw-p 000f8000 08:01 1708041    /usr/lib/libXnVHandGenerator_1_5_2.so
02750000-0275c000 rw-p 00000000 00:00 0 
0275c000-027dc000 r-xp 00000000 08:01 1708046    /usr/lib/libXnDeviceSensorV2KM.so
027dc000-027dd000 ---p 00080000 08:01 1708046    /usr/lib/libXnDeviceSensorV2KM.so
027dd000-027e5000 r--p 00080000 08:01 1708046    /usr/lib/libXnDeviceSensorV2KM.so
027e5000-027e6000 rw-p 00088000 08:01 1708046    /usr/lib/libXnDeviceSensorV2KM.so
027e6000-0282b000 r-xp 00000000 08:01 1708044    /usr/lib/libXnDDK.so
0282b000-0282d000 r--p 00044000 08:01 1708044    /usr/lib/libXnDDK.so
0282d000-0282e000 rw-p 00046000 08:01 1708044    /usr/lib/libXnDDK.so
0282e000-0282f000 ---p 00000000 00:00 0 
0282f000-0302f000 rwxp 00000000 00:00 0 
0302f000-03032000 ---p 00000000 00:00 0 
03032000-03080000 rwxp 00000000 00:00 0 
03974000-03a3b000 r-xp 00000000 08:01 1706437    /usr/lib/i386-linux-gnu/libcairo.so.2.11000.2
03a3b000-03a3c000 r--p 000c7000 08:01 1706437    /usr/lib/i386-linux-gnu/libcairo.so.2.11000.2
03a3c000-03a3d000 rw-p 000c8000 08:01 1706437    /usr/lib/i386-linux-gnu/libcairo.so.2.11000.2
03a3d000-03a3f000 rw-p 00000000 00:00 0 
03d9e000-03e66000 r-xp 00000000 08:01 1705541    /usr/lib/i386-linux-gnu/libkrb5.so.3.3
03e66000-03e6c000 r--p 000c7000 08:01 1705541    /usr/lib/i386-linux-gnu/libkrb5.so.3.3
03e6c000-03e6d000 rw-p 000cd000 08:01 1705541    /usr/lib/i386-linux-gnu/libkrb5.so.3.3
03fb2000-0403c000 r-xp 00000000 08:01 1709462    /usr/lib/libXnDeviceSensorV2.so
0403c000-04044000 r--p 0008a000 08:01 1709462    /usr/lib/libXnDeviceSensorV2.so
04044000-04045000 rw-p 00092000 08:01 1709462    /usr/lib/libXnDeviceSensorV2.so
041fd000-04229000 r-xp 00000000 08:01 1713811    /usr/lib/libnimMockNodes.so
04229000-04230000 r--p 0002b000 08:01 1713811    /usr/lib/libnimMockNodes.so
04230000-04231000 rw-p 00032000 08:01 1713811    /usr/lib/libnimMockNodes.so
04410000-044a3000 r-xp 00000000 08:01 1704171    /usr/lib/i386-linux-gnu/libpixman-1.so.0.24.4
044a3000-044a7000 r--p 00092000 08:01 1704171    /usr/lib/i386-linux-gnu/libpixman-1.so.0.24.4
044a7000-044a8000 rw-p 00096000 08:01 1704171    /usr/lib/i386-linux-gnu/libpixman-1.so.0.24.4
04526000-0454d000 r-xp 00000000 08:01 1708045    /usr/lib/libXnDeviceFile.so
0454d000-0454e000 r--p 00027000 08:01 1708045    /usr/lib/libXnDeviceFile.so
0454e000-0454f000 rw-p 00028000 08:01 1708045    /usr/lib/libXnDeviceFile.so
048ee000-049a4000 r-xp 00000000 08:01 3803206    /home/odairbonin/workspace_oficina_kinect/PrimeiroKinect/lib/user/libSimpleOpenNI32.so
049a4000-049a6000 r--p 000b5000 08:01 3803206    /home/odairbonin/workspace_oficina_kinect/PrimeiroKinect/lib/user/libSimpleOpenNI32.so
049a6000-049a8000 rw-p 000b7000 08:01 3803206    /home/odairbonin/workspace_oficina_kinect/PrimeiroKinect/lib/user/libSimpleOpenNI32.so
04b34000-04d1b000 r-xp 00000000 08:01 1708023    /usr/lib/libXnVFeatures_1_4_1.so
04d1b000-04d1e000 r--p 001e6000 08:01 1708023    /usr/lib/libXnVFeatures_1_4_1.so
04d1e000-04d1f000 rw-p 001e9000 08:01 1708023    /usr/lib/libXnVFeatures_1_4_1.so
04d1f000-04d24000 rw-p 00000000 00:00 0 
05c2a000-06045000 r-xp 00000000 08:01 1708035    /usr/lib/libXnVFeatures_1_5_2.so
06045000-0604d000 r--p 0041a000 08:01 1708035    /usr/lib/libXnVFeatures_1_5_2.so
0604d000-0604e000 rw-p 00422000 08:01 1708035    /usr/lib/libXnVFeatures_1_5_2.so
0604e000-06062000 rw-p 00000000 00:00 0 
06397000-063d1000 r-xp 00000000 08:01 1837391    /usr/lib/jvm/java-7-openjdk-i386/jre/lib/i386/libfontmanager.so
063d1000-063d2000 ---p 0003a000 08:01 1837391    /usr/lib/jvm/java-7-openjdk-i386/jre/lib/i386/libfontmanager.so
063d2000-063d3000 r--p 0003a000 08:01 1837391    /usr/lib/jvm/java-7-openjdk-i386/jre/lib/i386/libfontmanager.so
063d3000-063d4000 rw-p 0003b000 08:01 1837391    /usr/lib/jvm/java-7-openjdk-i386/jre/lib/i386/libfontmanager.so
069b2000-06a86000 r-xp 00000000 08:01 1708039    /usr/lib/libXnVHandGenerator_1_4_1.so
06a86000-06a87000 ---p 000d4000 08:01 1708039    /usr/lib/libXnVHandGenerator_1_4_1.so
06a87000-06a89000 r--p 000d4000 08:01 1708039    /usr/lib/libXnVHandGenerator_1_4_1.so
06a89000-06a8a000 rw-p 000d6000 08:01 1708039    /usr/lib/libXnVHandGenerator_1_4_1.so
06a8a000-06a8c000 rw-p 00000000 00:00 0 
07091000-070b5000 r-xp 00000000 08:01 1708047    /usr/lib/libXnFormats.so
070b5000-070b6000 r--p 00023000 08:01 1708047    /usr/lib/libXnFormats.so
070b6000-070b7000 rw-p 00024000 08:01 1708047    /usr/lib/libXnFormats.so
070b7000-070d7000 rw-p 00000000 00:00 0 
072a7000-072dc000 r-xp 00000000 08:01 1713810    /usr/lib/libnimCodecs.so
072dc000-072de000 r--p 00034000 08:01 1713810    /usr/lib/libnimCodecs.so
072de000-072df000 rw-p 00036000 08:01 1713810    /usr/lib/libnimCodecs.so
072df000-072ff000 rw-p 00000000 00:00 0 
07b72000-07bef000 r-xp 00000000 08:01 1713814    /usr/lib/libOpenNI.so
07bef000-07bf1000 r--p 0007c000 08:01 1713814    /usr/lib/libOpenNI.so
07bf1000-07bf3000 rw-p 0007e000 08:01 1713814    /usr/lib/libOpenNI.so
07bf8000-07cb7000 r-xp 00000000 08:01 1714074    /usr/lib/i386-linux-gnu/libgnutls.so.26.21.8
07cb7000-07cbb000 r--p 000be000 08:01 1714074    /usr/lib/i386-linux-gnu/libgnutls.so.26.21.8
07cbb000-07cbc000 rw-p 000c2000 08:01 1714074    /usr/lib/i386-linux-gnu/libgnutls.so.26.21.8
08048000-08049000 r-xp 00000000 08:01 1837321    /usr/lib/jvm/java-7-openjdk-i386/jre/bin/java
08049000-0804a000 r--p 00000000 08:01 1837321    /usr/lib/jvm/java-7-openjdk-i386/jre/bin/java
0804a000-0804b000 rw-p 00001000 08:01 1837321    /usr/lib/jvm/java-7-openjdk-i386/jre/bin/java
0849a000-08681000 r-xp 00000000 08:01 1708028    /usr/lib/libXnVFeatures_1_4_2.so
08681000-08684000 r--p 001e6000 08:01 1708028    /usr/lib/libXnVFeatures_1_4_2.so
08684000-08685000 rw-p 001e9000 08:01 1708028    /usr/lib/libXnVFeatures_1_4_2.so
08685000-0868a000 rw-p 00000000 00:00 0 
0934c000-09421000 r-xp 00000000 08:01 1708040    /usr/lib/libXnVHandGenerator_1_4_2.so
09421000-09422000 ---p 000d5000 08:01 1708040    /usr/lib/libXnVHandGenerator_1_4_2.so
09422000-09424000 r--p 000d5000 08:01 1708040    /usr/lib/libXnVHandGenerator_1_4_2.so
09424000-09425000 rw-p 000d7000 08:01 1708040    /usr/lib/libXnVHandGenerator_1_4_2.so
09425000-09427000 rw-p 00000000 00:00 0 
095fb000-098ad000 rw-p 00000000 00:00 0          [heap]
6ead3000-6ec00000 rw-p 00000000 00:00 0 
6ec00000-6ec23000 rw-p 00000000 00:00 0 
6ec23000-6ed00000 ---p 00000000 00:00 0 
6ed78000-6eea6000 rw-p 00000000 00:00 0 
6eea6000-6efd2000 rw-s 00000000 00:04 12288002   /SYSV00000000 (deleted)
6efd2000-6f100000 rw-p 00000000 00:00 0 
6f100000-6f200000 rw-p 00000000 00:00 0 
6f200000-6f261000 rw-p 00000000 00:00 0 
6f261000-6f300000 ---p 00000000 00:00 0 
6f300000-6f4f6000 rw-p 00000000 00:00 0 
6f4f6000-6f500000 ---p 00000000 00:00 0 
6f500000-6f700000 rw-p 00000000 00:00 0 
6f700000-6f900000 rw-p 00000000 00:00 0 
6f900000-6fb00000 rw-p 00000000 00:00 0 
6fb00000-6fd00000 rw-p 00000000 00:00 0 
6fd00000-6ff00000 rw-p 00000000 00:00 0 
6ff00000-6ffff000 rw-p 00000000 00:00 0 
6ffff000-70000000 ---p 00000000 00:00 0 
70000000-70100000 rw-p 00000000 00:00 0 
70100000-702ff000 rw-p 00000000 00:00 0 
702ff000-70300000 ---p 00000000 00:00 0 
70300000-70500000 rw-p 00000000 00:00 0 
70500000-70700000 rw-p 00000000 00:00 0 
70700000-70900000 rw-p 00000000 00:00 0 
70900000-70b00000 rw-p 00000000 00:00 0 
70b00000-70d00000 rw-p 00000000 00:00 0 
70d00000-70f00000 rw-p 00000000 00:00 0 
70f00000-71100000 rw-p 00000000 00:00 0 
71100000-71300000 rw-p 00000000 00:00 0 
71300000-71500000 rw-p 00000000 00:00 0 
71500000-71700000 rw-p 00000000 00:00 0 
71700000-71900000 rw-p 00000000 00:00 0 
71900000-71b00000 rw-p 00000000 00:00 0 
71b00000-71d00000 rw-p 00000000 00:00 0 
71d00000-71f00000 rw-p 00000000 00:00 0 
71f00000-72100000 rw-p 00000000 00:00 0 
72100000-72300000 rw-p 00000000 00:00 0 
72300000-72500000 rw-p 00000000 00:00 0 
72500000-72700000 rw-p 00000000 00:00 0 
72700000-72900000 rw-p 00000000 00:00 0 
72900000-72b00000 rw-p 00000000 00:00 0 
72b00000-72d00000 rw-p 00000000 00:00 0 
72d00000-72e00000 rw-p 00000000 00:00 0 
72e24000-79200000 rw-p 00000000 00:00 0 
79200000-792f6000 rw-p 00000000 00:00 0 
792f6000-79300000 ---p 00000000 00:00 0 
79300000-79400000 rw-p 00000000 00:00 0 
79400000-794f5000 rw-p 00000000 00:00 0 
794f5000-79500000 ---p 00000000 00:00 0 
7953b000-79700000 rw-p 00000000 00:00 0 
79700000-797f0000 rw-p 00000000 00:00 0 
797f0000-79800000 ---p 00000000 00:00 0 
79850000-79e00000 rw-p 00000000 00:00 0 
79e00000-79ff7000 rw-p 00000000 00:00 0 
79ff7000-7a000000 ---p 00000000 00:00 0 
7a000000-7a100000 rw-p 00000000 00:00 0 
7a13b000-7a300000 rw-p 00000000 00:00 0 
7a300000-7a4f0000 rw-p 00000000 00:00 0 
7a4f0000-7a500000 ---p 00000000 00:00 0 
7a500000-7a5f8000 rw-p 00000000 00:00 0 
7a5f8000-7a600000 ---p 00000000 00:00 0 
7a602000-7b700000 rw-p 00000000 00:00 0 
7b700000-7b7f7000 rw-p 00000000 00:00 0 
7b7f7000-7b800000 ---p 00000000 00:00 0 
7b869000-7b900000 rw-p 00000000 00:00 0 
7b900000-7b9fa000 rw-p 00000000 00:00 0 
7b9fa000-7ba00000 ---p 00000000 00:00 0 
7ba69000-7bb00000 rw-p 00000000 00:00 0 
7bb00000-7bc00000 rw-p 00000000 00:00 0 
7bc00000-7bd00000 rw-p 00000000 00:00 0 
7bd69000-7be00000 rw-p 00000000 00:00 0 
7be00000-7beff000 rw-p 00000000 00:00 0 
7beff000-7bf00000 ---p 00000000 00:00 0 
7bf69000-7c000000 rw-p 00000000 00:00 0 
7c000000-7c1fa000 rw-p 00000000 00:00 0 
7c1fa000-7c200000 ---p 00000000 00:00 0 
7c200000-7c3f9000 rw-p 00000000 00:00 0 
7c3f9000-7c400000 ---p 00000000 00:00 0 
7c400000-7c5ff000 rw-p 00000000 00:00 0 
7c5ff000-7c600000 ---p 00000000 00:00 0 
7c600000-7c800000 rw-p 00000000 00:00 0 
7c800000-7c900000 rw-p 00000000 00:00 0 
7c942000-7c9d9000 rw-p 00000000 00:00 0 
7cdaa000-7ced7000 rw-p 00000000 00:00 0 
7ced7000-7d5df000 r--s 00000000 00:12 28472      /run/shm/6679_045e.02ae@1.9_Depth
7d5df000-7db0d000 rw-p 00000000 00:00 0 
7db0d000-7dc00000 rwxp 00000000 00:00 0 
7dc00000-7dc76000 rw-p 00000000 00:00 0 
7dc76000-7dd00000 ---p 00000000 00:00 0 
7dd0d000-7de00000 rwxp 00000000 00:00 0 
7de00000-7defd000 rw-p 00000000 00:00 0 
7defd000-7df00000 ---p 00000000 00:00 0 
7df09000-7df0a000 ---p 00000000 00:00 0 
7df0a000-7dfdb000 rwxp 00000000 00:00 0 
7dfdb000-7dfdc000 ---p 00000000 00:00 0 
7dfdc000-7e05c000 rwxp 00000000 00:00 0 
7e05c000-7e05d000 ---p 00000000 00:00 0 
7e05d000-7e0dd000 rwxp 00000000 00:00 0 
7e0dd000-7e2dd000 r--p 00000000 08:01 1704063    /usr/lib/locale/locale-archive
7e2dd000-7e37f000 rwxp 00000000 00:00 0 
7e37f000-7e380000 ---p 00000000 00:00 0 
7e380000-7e400000 rwxp 00000000 00:00 0 
7e400000-7e4eb000 rw-p 00000000 00:00 0 
7e4eb000-7e500000 ---p 00000000 00:00 0 
7e505000-7e556000 rwxp 00000000 00:00 0 
7e556000-7e59e000 rw-p 00000000 00:00 0 
7e59e000-7e749000 r--s 01cdb000 08:01 1837397    /usr/lib/jvm/java-7-openjdk-i386/jre/lib/rt.jar
7e749000-80900000 rw-p 00000000 00:00 0 
80900000-809fc000 rw-p 00000000 00:00 0 
809fc000-80a00000 ---p 00000000 00:00 0 
80a2e000-80a7f000 rwxp 00000000 00:00 0 
80a7f000-80a80000 ---p 00000000 00:00 0 
80a80000-80b00000 rwxp 00000000 00:00 0 
80b00000-80c00000 rw-p 00000000 00:00 0 
80c0f000-80c2b000 r--s 0048b000 08:01 3803197    /home/odairbonin/workspace_oficina_kinect/PrimeiroKinect/lib/base/core/jogl-all.jar
80c2b000-80c2c000 ---p 00000000 00:00 0 
80c2c000-80cac000 rwxp 00000000 00:00 0 
80cac000-80cbb000 rw-p 00000000 00:00 0 
80cbb000-80d94000 rw-p 00000000 00:00 0 
80d94000-80d9c000 rw-p 00000000 00:00 0 
80d9c000-80dd4000 rw-p 00000000 00:00 0 
80dd4000-80de3000 rw-p 00000000 00:00 0 
80de3000-80ebb000 rw-p 00000000 00:00 0 
80ebb000-80ec9000 rw-p 00000000 00:00 0 
80ec9000-80f2f000 rw-p 00000000 00:00 0 
80f2f000-81f30000 rw-p 00000000 00:00 0 
81f30000-88f30000 rw-p 00000000 00:00 0 
88f30000-8ac20000 rw-p 00000000 00:00 0 
8ac20000-a5de0000 rw-p 00000000 00:00 0 
a5de0000-a7740000 rw-p 00000000 00:00 0 
a7740000-b4530000 rw-p 00000000 00:00 0 
b4538000-b4541000 rw-p 00000000 00:00 0 
b4541000-b45f8000 rw-p 00000000 00:00 0 
b45f8000-b4838000 rwxp 00000000 00:00 0 
b4838000-b75f8000 rw-p 00000000 00:00 0 
b75f8000-b7600000 rw-s 00000000 08:01 3284699    /tmp/hsperfdata_odairbonin/6653
b7600000-b76f2000 rw-p 00000000 00:00 0 
b76f2000-b7700000 ---p 00000000 00:00 0 
b7703000-b7704000 rw-p 00000000 00:00 0 
b7704000-b7705000 rw-s 00000000 00:12 28476      /run/shm/045e.02ae@1.9-SM
b7705000-b7706000 rw-p 00000000 00:00 0 
b7706000-b770f000 r--s 000bc000 08:01 1710125    /usr/lib/jvm/java-7-openjdk-common/jre/lib/resources.jar
b770f000-b7712000 r--s 00022000 08:01 3803208    /home/odairbonin/workspace_oficina_kinect/PrimeiroKinect/lib/user/SimpleOpenNI.jar
b7712000-b7713000 r--s 00001000 08:01 3803196    /home/odairbonin/workspace_oficina_kinect/PrimeiroKinect/lib/base/core/gluegen-rt-natives-windows-i586.jar
b7713000-b7716000 r--s 00077000 08:01 3803195    /home/odairbonin/workspace_oficina_kinect/PrimeiroKinect/lib/base/core/core.jar
b7716000-b7718000 r--s 00020000 08:01 3803194    /home/odairbonin/workspace_oficina_kinect/PrimeiroKinect/lib/base/core/jogl-all-natives-windows-i586.jar
b7718000-b771d000 r--s 00030000 08:01 3803193    /home/odairbonin/workspace_oficina_kinect/PrimeiroKinect/lib/base/core/gluegen-rt.jar
b771d000-b771e000 r--s 00023000 08:01 3803192    /home/odairbonin/workspace_oficina_kinect/PrimeiroKinect/lib/base/core/jogl-all-natives-linux-i586.jar
b771e000-b771f000 r--s 0001b000 08:01 3803191    /home/odairbonin/workspace_oficina_kinect/PrimeiroKinect/lib/base/core/jogl-all-natives-windows-amd64.jar
b771f000-b7720000 r--s 00000000 08:01 3803190    /home/odairbonin/workspace_oficina_kinect/PrimeiroKinect/lib/base/core/gluegen-rt-natives-linux-amd64.jar
b7720000-b7721000 r--s 00023000 08:01 3803189    /home/odairbonin/workspace_oficina_kinect/PrimeiroKinect/lib/base/core/jogl-all-natives-linux-amd64.jar
b7721000-b7722000 r--s 00001000 08:01 3803188    /home/odairbonin/workspace_oficina_kinect/PrimeiroKinect/lib/base/core/gluegen-rt-natives-windows-amd64.jar
b7722000-b7723000 r--s 00000000 08:01 3803187    /home/odairbonin/workspace_oficina_kinect/PrimeiroKinect/lib/base/core/gluegen-rt-natives-linux-i586.jar
b7723000-b7724000 r--s 00000000 08:01 3803186    /home/odairbonin/workspace_oficina_kinect/PrimeiroKinect/lib/base/core/gluegen-rt-natives-macosx-universal.jar
b7724000-b7725000 r--s 00050000 08:01 3803185    /home/odairbonin/workspace_oficina_kinect/PrimeiroKinect/lib/base/core/jogl-all-natives-macosx-universal.jar
b7725000-b772d000 rw-p 00000000 00:00 0 
b772d000-b7765000 rw-p 00000000 00:00 0 
b7765000-b7766000 ---p 00000000 00:00 0 
b7766000-b77b6000 rwxp 00000000 00:00 0 
b77b6000-b77b8000 rw-p 00000000 00:00 0 
b77b8000-b77bb000 r--s 0000f000 08:01 1710119    /usr/lib/jvm/java-7-openjdk-common/jre/lib/ext/pulse-java.jar
b77bb000-b77bd000 r--s 00012000 08:01 1710118    /usr/lib/jvm/java-7-openjdk-common/jre/lib/ext/zipfs.jar
b77bd000-b77be000 r--s 00007000 08:01 2228686    /usr/share/java/java-atk-wrapper.jar
b77be000-b77c1000 r--s 0003c000 08:01 1710114    /usr/lib/jvm/java-7-openjdk-common/jre/lib/ext/sunpkcs11.jar
b77c1000-b77c5000 r--s 00085000 08:01 1710115    /usr/lib/jvm/java-7-openjdk-common/jre/lib/ext/localedata.jar
b77c5000-b77c8000 r--s 00032000 08:01 1710116    /usr/lib/jvm/java-7-openjdk-common/jre/lib/ext/sunjce_provider.jar
b77c8000-b77c9000 r--s 00002000 08:01 1710117    /usr/lib/jvm/java-7-openjdk-common/jre/lib/ext/dnsns.jar
b77c9000-b77ca000 r--p 002c5000 08:01 1704063    /usr/lib/locale/locale-archive
b77ca000-b77cb000 rw-p 00000000 00:00 0 
b77cb000-b77cc000 r--p 00000000 00:00 0 
b77cc000-b77cf000 rw-p 00000000 00:00 0 
bf937000-bf958000 rwxp 00000000 00:00 0          [stack]
bf958000-bf959000 rw-p 00000000 00:00 0 

VM Arguments:
jvm_args: -Djava.library.path=/home/odairbonin/workspace_oficina_kinect/PrimeiroKinect/lib/base/core:/home/odairbonin/workspace_oficina_kinect/PrimeiroKinect/lib/base/core:/home/odairbonin/workspace_oficina_kinect/PrimeiroKinect/lib/base/core:/home/odairbonin/workspace_oficina_kinect/PrimeiroKinect/lib/base/core:/home/odairbonin/workspace_oficina_kinect/PrimeiroKinect/lib/base/core:/home/odairbonin/workspace_oficina_kinect/PrimeiroKinect/lib/base/core:/home/odairbonin/workspace_oficina_kinect/PrimeiroKinect/lib/base/core:/home/odairbonin/workspace_oficina_kinect/PrimeiroKinect/lib/base/core:/home/odairbonin/workspace_oficina_kinect/PrimeiroKinect/lib/base/core:/home/odairbonin/workspace_oficina_kinect/PrimeiroKinect/lib/base/core:/home/odairbonin/workspace_oficina_kinect/PrimeiroKinect/lib/base/core:/home/odairbonin/workspace_oficina_kinect/PrimeiroKinect/lib/base/core:/home/odairbonin/workspace_oficina_kinect/PrimeiroKinect/lib/base/core:/home/odairbonin/workspace_oficina_kinect/PrimeiroKinect/lib/user -Djava.security.policy=java.policy.applet -Dfile.encoding=UTF-8 
java_command: sun.applet.AppletViewer primeirokinect.PrimeiroKinect1395495037987.html
Launcher Type: SUN_STANDARD

Environment Variables:
PATH=/usr/lib/lightdm/lightdm:/usr/local/sbin:/usr/local/bin:/usr/sbin:/usr/bin:/sbin:/bin:/usr/games
LD_LIBRARY_PATH=/usr/lib/jvm/java-7-openjdk-i386/jre/lib/i386/server:/usr/lib/jvm/java-7-openjdk-i386/jre/lib/i386:/usr/lib/jvm/java-7-openjdk-i386/jre/../lib/i386:/usr/lib/jvm/java-7-openjdk-i386/jre/lib/i386/client:/usr/lib/jvm/java-7-openjdk-i386/jre/lib/i386:
SHELL=/bin/bash
DISPLAY=:0.0

Signal Handlers:
SIGSEGV: [libjvm.so+0x753930], sa_mask[0]=0x7ffbfeff, sa_flags=0x10000004
SIGBUS: [libjvm.so+0x753930], sa_mask[0]=0x7ffbfeff, sa_flags=0x10000004
SIGFPE: [libjvm.so+0x5e94a0], sa_mask[0]=0x7ffbfeff, sa_flags=0x10000004
SIGPIPE: [libjvm.so+0x5e94a0], sa_mask[0]=0x7ffbfeff, sa_flags=0x10000004
SIGXFSZ: [libjvm.so+0x5e94a0], sa_mask[0]=0x7ffbfeff, sa_flags=0x10000004
SIGILL: [libjvm.so+0x5e94a0], sa_mask[0]=0x7ffbfeff, sa_flags=0x10000004
SIGUSR1: SIG_DFL, sa_mask[0]=0x00000000, sa_flags=0x00000000
SIGUSR2: [libjvm.so+0x5e9330], sa_mask[0]=0x00000004, sa_flags=0x10000004
SIGHUP: [libjvm.so+0x5e9960], sa_mask[0]=0x7ffbfeff, sa_flags=0x10000004
SIGINT: [libjvm.so+0x5e9960], sa_mask[0]=0x7ffbfeff, sa_flags=0x10000004
SIGTERM: [libjvm.so+0x5e9960], sa_mask[0]=0x7ffbfeff, sa_flags=0x10000004
SIGQUIT: [libjvm.so+0x5e9960], sa_mask[0]=0x7ffbfeff, sa_flags=0x10000004


---------------  S Y S T E M  ---------------

OS:Ubuntu 12.04 (precise)
uname:Linux 3.2.0-35-generic #55-Ubuntu SMP Wed Dec 5 17:45:18 UTC 2012 i686
libc:glibc 2.15 NPTL 2.15 
rlimit: STACK 8192k, CORE 0k, NPROC 22063, NOFILE 4096, AS infinity
load average:0.10 0.10 0.10

/proc/meminfo:
MemTotal:        2838692 kB
MemFree:         1140524 kB
Buffers:           82652 kB
Cached:           812992 kB
SwapCached:            0 kB
Active:          1217576 kB
Inactive:         418612 kB
Active(anon):     741192 kB
Inactive(anon):     9440 kB
Active(file):     476384 kB
Inactive(file):   409172 kB
Unevictable:          16 kB
Mlocked:              16 kB
HighTotal:       1974216 kB
HighFree:         410824 kB
LowTotal:         864476 kB
LowFree:          729700 kB
SwapTotal:        783356 kB
SwapFree:         783356 kB
Dirty:               168 kB
Writeback:             0 kB
AnonPages:        740572 kB
Mapped:           139728 kB
Shmem:             10092 kB
Slab:              40780 kB
SReclaimable:      26568 kB
SUnreclaim:        14212 kB
KernelStack:        3096 kB
PageTables:         7440 kB
NFS_Unstable:          0 kB
Bounce:                0 kB
WritebackTmp:          0 kB
CommitLimit:     2202700 kB
Committed_AS:    2652508 kB
VmallocTotal:     122880 kB
VmallocUsed:        4896 kB
VmallocChunk:      76740 kB
HardwareCorrupted:     0 kB
AnonHugePages:         0 kB
HugePages_Total:       0
HugePages_Free:        0
HugePages_Rsvd:        0
HugePages_Surp:        0
Hugepagesize:       4096 kB
DirectMap4k:       12280 kB
DirectMap4M:      897024 kB


CPU:total 2 (2 cores per cpu, 1 threads per core) family 6 model 42 stepping 7, cmov, cx8, fxsr, mmx, sse, sse2, sse3, ssse3, sse4.1, sse4.2, popcnt, avx, tsc, tscinvbit

/proc/cpuinfo:
processor	: 0
vendor_id	: GenuineIntel
cpu family	: 6
model		: 42
model name	: Intel(R) Core(TM) i7-2620M CPU @ 2.70GHz
stepping	: 7
cpu MHz		: 2693.000
cache size	: 4096 KB
physical id	: 0
siblings	: 2
core id		: 0
cpu cores	: 2
apicid		: 0
initial apicid	: 0
fdiv_bug	: no
hlt_bug		: no
f00f_bug	: no
coma_bug	: no
fpu		: yes
fpu_exception	: yes
cpuid level	: 13
wp		: yes
flags		: fpu vme de pse tsc msr pae mce cx8 apic mtrr pge mca cmov pat pse36 clflush mmx fxsr sse sse2 ss ht syscall nx rdtscp lm constant_tsc nonstop_tsc aperfmperf pni pclmulqdq ssse3 cx16 pcid sse4_1 sse4_2 x2apic popcnt aes xsave avx hypervisor lahf_lm ida arat epb pln pts dtherm
bogomips	: 5386.00
clflush size	: 64
cache_alignment	: 64
address sizes	: 36 bits physical, 48 bits virtual
power management:

processor	: 1
vendor_id	: GenuineIntel
cpu family	: 6
model		: 42
model name	: Intel(R) Core(TM) i7-2620M CPU @ 2.70GHz
stepping	: 7
cpu MHz		: 2693.000
cache size	: 4096 KB
physical id	: 0
siblings	: 2
core id		: 1
cpu cores	: 2
apicid		: 1
initial apicid	: 1
fdiv_bug	: no
hlt_bug		: no
f00f_bug	: no
coma_bug	: no
fpu		: yes
fpu_exception	: yes
cpuid level	: 13
wp		: yes
flags		: fpu vme de pse tsc msr pae mce cx8 apic mtrr pge mca cmov pat pse36 clflush mmx fxsr sse sse2 ss ht syscall nx rdtscp lm constant_tsc nonstop_tsc aperfmperf pni pclmulqdq ssse3 cx16 pcid sse4_1 sse4_2 x2apic popcnt aes xsave avx hypervisor lahf_lm ida arat epb pln pts dtherm
bogomips	: 5386.00
clflush size	: 64
cache_alignment	: 64
address sizes	: 36 bits physical, 48 bits virtual
power management:



Memory: 4k page, physical 2838692k(1140524k free), swap 783356k(783356k free)

vm_info: OpenJDK Server VM (23.2-b09) for linux-x86 JRE (1.7.0_09-b30), built on Oct 24 2012 18:55:39 by "buildd" with gcc 4.6.3

time: Sat Mar 22 10:30:47 2014
elapsed time: 9 seconds

