#
# A fatal error has been detected by the Java Runtime Environment:
#
#  SIGSEGV (0xb) at pc=0x03ec5c1f, pid=16163, tid=2107636544
#
# JRE version: 7.0_09-b30
# Java VM: OpenJDK Server VM (23.2-b09 mixed mode linux-x86 )
# Problematic frame:
# C  [libOpenNI.so+0x3cc1f]  xnSetSkeletonProfile+0x1f
#
# Failed to write core dump. Core dumps have been disabled. To enable core dumping, try "ulimit -c unlimited" before starting Java again
#
# If you would like to submit a bug report, please include
# instructions on how to reproduce the bug and visit:
#   https://bugs.launchpad.net/ubuntu/+source/openjdk-7/
# The crash happened outside the Java Virtual Machine in native code.
# See problematic frame for where to report the bug.
#

---------------  T H R E A D  ---------------

Current thread (0x80a10000):  JavaThread "Animation Thread" [_thread_in_native, id=16189, stack(0x7d9af000,0x7da00000)]

siginfo:si_signo=SIGSEGV: si_errno=0, si_code=1 (SEGV_MAPERR), si_addr=0x00000000

Registers:
EAX=0x00010012, EBX=0x03f07ff4, ECX=0x80a00018, EDX=0x80a65b10
ESP=0x7d9fec60, EBP=0x087889a0, ESI=0x00000000, EDI=0x7d9fed34
EIP=0x03ec5c1f, EFLAGS=0x00010212, CR2=0x00000000

Top of Stack: (sp=0x7d9fec60)
0x7d9fec60:   80a63240 08786ff4 80a30df0 7d9fed34
0x7d9fec70:   087889a0 0048f6a0 80a65b10 03ec5c00
0x7d9fec80:   00000000 08786ff4 80a30df0 0874f969
0x7d9fec90:   00000000 00000002 00000000 00000000
0x7d9feca0:   7d9fed54 00000000 00000000 80a197a0
0x7d9fecb0:   086e1b21 00000000 7d9fed4c 80a19701
0x7d9fecc0:   00000000 00000000 b463b740 00000400
0x7d9fecd0:   ffffffff 7d9fee00 086dbfc4 80a197a0 

Instructions: (pc=0x03ec5c1f)
0x03ec5bff:   00 83 ec 2c b8 12 00 01 00 89 74 24 28 8b 74 24
0x03ec5c0f:   30 89 5c 24 24 e8 3e 19 fd ff 81 c3 db 23 04 00
0x03ec5c1f:   8b 16 8b 4a 08 85 c9 74 48 8b 52 04 8b 12 81 e2
0x03ec5c2f:   00 00 00 02 74 3b 8b 46 24 c7 44 24 1c 00 00 00 

Register to memory mapping:

EAX=0x00010012 is an unknown value
EBX=0x03f07ff4: <offset 0x7eff4> in /usr/lib/libOpenNI.so at 0x03e89000
ECX=0x80a00018 is an unknown value
EDX=0x80a65b10 is an unknown value
ESP=0x7d9fec60 is pointing into the stack for thread: 0x80a10000
EBP=0x087889a0: _ZN7sOpenNI14ContextWrapper14_globalContextE+0 in /home/odairbonin/workspace_oficina_kinect/PrimeiroKinect/lib/user/libSimpleOpenNI32.so at 0x086cf000
ESI=0x00000000 is an unknown value
EDI=0x7d9fed34 is pointing into the stack for thread: 0x80a10000


Stack: [0x7d9af000,0x7da00000],  sp=0x7d9fec60,  free space=319k
Native frames: (J=compiled Java code, j=interpreted, Vv=VM code, C=native code)
C  [libOpenNI.so+0x3cc1f]  xnSetSkeletonProfile+0x1f

Java frames: (J=compiled Java code, j=interpreted, Vv=VM code)
j  SimpleOpenNI.SimpleOpenNIJNI.ContextWrapper_enableUserSwigExplicitContextWrapper(JLSimpleOpenNI/ContextWrapper;I)Z+0
j  SimpleOpenNI.ContextWrapper.enableUser(I)Z+28
j  SimpleOpenNI.SimpleOpenNI.enableUser(ILjava/lang/Object;)Z+17
j  SimpleOpenNI.SimpleOpenNI.enableUser(I)Z+6
j  primeirokinect.PrimeiroKinect.setup()V+43
j  processing.core.PApplet.handleDraw()V+196
j  processing.core.PGraphicsJava2D.requestDraw()V+4
j  processing.core.PApplet.run()V+176
j  java.lang.Thread.run()V+11
v  ~StubRoutines::call_stub

---------------  P R O C E S S  ---------------

Java Threads: ( => current thread )
=>0x80a10000 JavaThread "Animation Thread" [_thread_in_native, id=16189, stack(0x7d9af000,0x7da00000)]
  0x80a04000 JavaThread "AWT-EventQueue-1" [_thread_blocked, id=16188, stack(0x7db0d000,0x7db5e000)]
  0xb7608000 JavaThread "DestroyJavaVM" [_thread_blocked, id=16165, stack(0xb7716000,0xb7767000)]
  0x7dc49c00 JavaThread "AWT-EventQueue-0" [_thread_blocked, id=16186, stack(0x7db5e000,0x7dbaf000)]
  0x7dc42800 JavaThread "AWT-Shutdown" [_thread_blocked, id=16185, stack(0x7dbaf000,0x7dc00000)]
  0x7dc20c00 JavaThread "thread applet-primeirokinect.PrimeiroKinect.class" [_thread_blocked, id=16184, stack(0x7dd0d000,0x7dd5e000)]
  0x7dc08400 JavaThread "AWT-XAWT" daemon [_thread_in_native, id=16182, stack(0x7dd5e000,0x7ddaf000)]
  0x7ded4c00 JavaThread "Java2D Disposer" daemon [_thread_blocked, id=16180, stack(0x7ddaf000,0x7de00000)]
  0x80998400 JavaThread "Service Thread" daemon [_thread_blocked, id=16178, stack(0x7dfd7000,0x7e028000)]
  0x80996800 JavaThread "C2 CompilerThread1" daemon [_thread_blocked, id=16177, stack(0x7e028000,0x7e0a9000)]
  0x80994400 JavaThread "C2 CompilerThread0" daemon [_thread_blocked, id=16176, stack(0x7e0a9000,0x7e12a000)]
  0x80992c00 JavaThread "Signal Dispatcher" daemon [_thread_blocked, id=16175, stack(0x7e12a000,0x7e17b000)]
  0x80950800 JavaThread "Finalizer" daemon [_thread_blocked, id=16174, stack(0x7e37b000,0x7e3cc000)]
  0x8094ec00 JavaThread "Reference Handler" daemon [_thread_blocked, id=16173, stack(0x7e3cc000,0x7e41d000)]

Other Threads:
  0x80948800 VMThread [stack: 0x7e41d000,0x7e49e000] [id=16172]
  0x8099a000 WatcherThread [stack: 0x7df56000,0x7dfd7000] [id=16179]

VM state:not at safepoint (normal execution)

VM Mutex/Monitor currently owned by a thread: None

Heap
 PSYoungGen      total 12992K, used 9723K [0xa5de0000, 0xa6c50000, 0xb4530000)
  eden space 11200K, 86% used [0xa5de0000,0xa675efb0,0xa68d0000)
  from space 1792K, 0% used [0xa6a90000,0xa6a90000,0xa6c50000)
  to   space 1792K, 0% used [0xa68d0000,0xa68d0000,0xa6a90000)
 ParOldGen       total 29632K, used 0K [0x88f30000, 0x8ac20000, 0xa5de0000)
  object space 29632K, 0% used [0x88f30000,0x88f30000,0x8ac20000)
 PSPermGen       total 16384K, used 7419K [0x80f30000, 0x81f30000, 0x88f30000)
  object space 16384K, 45% used [0x80f30000,0x8166ecb0,0x81f30000)

Card table byte_map: [0x80d94000,0x80f30000] byte_map_base: 0x8098c680

Polling page: 0xb777c000

Code Cache  [0xb45f8000, 0xb4838000, 0xb75f8000)
 total_blobs=321 nmethods=24 adapters=250 free_code_cache=48743Kb largest_free_block=49901440

Compilation events (10 events):
Event: 0.655 Thread 0x80996800   19             java.util.Arrays::binarySearch0 (95 bytes)
Event: 0.657 Thread 0x80996800 nmethod 19 0xb4657508 code [0xb4657600, 0xb4657790]
Event: 0.661 Thread 0x80996800   20             java.lang.String::getChars (62 bytes)
Event: 0.662 Thread 0x80996800 nmethod 20 0xb4655c88 code [0xb4655d80, 0xb4655ed0]
Event: 0.662 Thread 0x80996800   21             java.lang.AbstractStringBuilder::append (48 bytes)
Event: 0.669 Thread 0x80996800 nmethod 21 0xb465a3c8 code [0xb465a4e0, 0xb465a890]
Event: 0.670 Thread 0x80994400   22             java.lang.StringBuilder::append (8 bytes)
Event: 0.675 Thread 0x80994400 nmethod 22 0xb4659b88 code [0xb4659ca0, 0xb465a050]
Event: 0.697 Thread 0x80994400   23             java.lang.Class::searchMethods (90 bytes)
Event: 0.702 Thread 0x80994400 nmethod 23 0xb4660988 code [0xb4660ac0, 0xb4660d44]

GC Heap History (0 events):
No events

Deoptimization events (4 events):
Event: 0.423 Thread 0x7dc49c00 Uncommon trap -34 fr.pc 0xb4645f18
Event: 0.423 Thread 0x7dc49c00 Uncommon trap -34 fr.pc 0xb4645f18
Event: 0.424 Thread 0x7dc49c00 Uncommon trap -34 fr.pc 0xb4645f18
Event: 0.424 Thread 0x7dc49c00 Uncommon trap -34 fr.pc 0xb4645f18

Internal exceptions (10 events):
Event: 0.638 Thread 0x7dc20c00 Threw 0xa60d59d0 at /build/buildd/openjdk-7-7u9-2.3.3/build/openjdk/hotspot/src/share/vm/prims/jvm.cpp:1166
Event: 0.655 Thread 0x7dc20c00 Threw 0xa639e0f0 at /build/buildd/openjdk-7-7u9-2.3.3/build/openjdk/hotspot/src/share/vm/prims/jvm.cpp:1166
Event: 0.659 Thread 0x80a10000 Threw 0xa6407088 at /build/buildd/openjdk-7-7u9-2.3.3/build/openjdk/hotspot/src/share/vm/prims/jvm.cpp:1166
Event: 0.664 Thread 0x80a10000 Threw 0xa640ce98 at /build/buildd/openjdk-7-7u9-2.3.3/build/openjdk/hotspot/src/share/vm/prims/jvm.cpp:1166
Event: 0.667 Thread 0x80a10000 Threw 0xa6425ce8 at /build/buildd/openjdk-7-7u9-2.3.3/build/openjdk/hotspot/src/share/vm/prims/jvm.cpp:1166
Event: 0.668 Thread 0x80a10000 Threw 0xa642e3b0 at /build/buildd/openjdk-7-7u9-2.3.3/build/openjdk/hotspot/src/share/vm/prims/jvm.cpp:1166
Event: 0.684 Thread 0x80a10000 Threw 0xa66aaeb8 at /build/buildd/openjdk-7-7u9-2.3.3/build/openjdk/hotspot/src/share/vm/prims/jvm.cpp:1166
Event: 0.689 Thread 0x80a10000 Threw 0xa66c0020 at /build/buildd/openjdk-7-7u9-2.3.3/build/openjdk/hotspot/src/share/vm/prims/jvm.cpp:1166
Event: 0.689 Thread 0x80a10000 Threw 0xa66c6980 at /build/buildd/openjdk-7-7u9-2.3.3/build/openjdk/hotspot/src/share/vm/prims/jvm.cpp:1166
Event: 0.691 Thread 0x80a10000 Threw 0xa66f8b50 at /build/buildd/openjdk-7-7u9-2.3.3/build/openjdk/hotspot/src/share/vm/prims/jvm.cpp:1166

Events (10 events):
Event: 0.695 loading class 0x809c4ef0
Event: 0.695 loading class 0x809c4ef0 done
Event: 0.696 loading class 0x7de1d8e0
Event: 0.696 loading class 0x7de1d8e0 done
Event: 0.701 loading class 0x7de1d1d0
Event: 0.701 loading class 0x7de1d1d0 done
Event: 0.701 loading class 0x809b7708
Event: 0.701 loading class 0x809b7708 done
Event: 0.702 loading class 0x809bb490
Event: 0.702 loading class 0x809bb490 done


Dynamic libraries:
00110000-00117000 r-xp 00000000 08:01 2098029    /lib/i386-linux-gnu/librt-2.15.so
00117000-00118000 r--p 00006000 08:01 2098029    /lib/i386-linux-gnu/librt-2.15.so
00118000-00119000 rw-p 00007000 08:01 2098029    /lib/i386-linux-gnu/librt-2.15.so
00119000-00125000 r-xp 00000000 08:01 1837379    /usr/lib/jvm/java-7-openjdk-i386/jre/lib/i386/libverify.so
00125000-00126000 r--p 0000b000 08:01 1837379    /usr/lib/jvm/java-7-openjdk-i386/jre/lib/i386/libverify.so
00126000-00127000 rw-p 0000c000 08:01 1837379    /usr/lib/jvm/java-7-openjdk-i386/jre/lib/i386/libverify.so
00127000-0013d000 r-xp 00000000 08:01 2098042    /lib/i386-linux-gnu/libnsl-2.15.so
0013d000-0013e000 r--p 00015000 08:01 2098042    /lib/i386-linux-gnu/libnsl-2.15.so
0013e000-0013f000 rw-p 00016000 08:01 2098042    /lib/i386-linux-gnu/libnsl-2.15.so
0013f000-00141000 rw-p 00000000 00:00 0 
00141000-0014b000 r-xp 00000000 08:01 2098030    /lib/i386-linux-gnu/libnss_nis-2.15.so
0014b000-0014c000 r--p 00009000 08:01 2098030    /lib/i386-linux-gnu/libnss_nis-2.15.so
0014c000-0014d000 rw-p 0000a000 08:01 2098030    /lib/i386-linux-gnu/libnss_nis-2.15.so
0014d000-00152000 r-xp 00000000 08:01 1707424    /usr/lib/i386-linux-gnu/libXtst.so.6.1.0
00152000-00153000 r--p 00004000 08:01 1707424    /usr/lib/i386-linux-gnu/libXtst.so.6.1.0
00153000-00154000 rw-p 00005000 08:01 1707424    /usr/lib/i386-linux-gnu/libXtst.so.6.1.0
00154000-00162000 r-xp 00000000 08:01 1707177    /usr/lib/i386-linux-gnu/libXi.so.6.1.0
00162000-00163000 r--p 0000d000 08:01 1707177    /usr/lib/i386-linux-gnu/libXi.so.6.1.0
00163000-00164000 rw-p 0000e000 08:01 1707177    /usr/lib/i386-linux-gnu/libXi.so.6.1.0
00164000-00165000 r-xp 00000000 08:01 1704299    /usr/lib/i386-linux-gnu/libgthread-2.0.so.0.3200.3
00165000-00166000 r--p 00000000 08:01 1704299    /usr/lib/i386-linux-gnu/libgthread-2.0.so.0.3200.3
00166000-00167000 rw-p 00001000 08:01 1704299    /usr/lib/i386-linux-gnu/libgthread-2.0.so.0.3200.3
00167000-0016b000 r-xp 00000000 08:01 1704744    /usr/lib/i386-linux-gnu/libXfixes.so.3.1.0
0016b000-0016c000 r--p 00004000 08:01 1704744    /usr/lib/i386-linux-gnu/libXfixes.so.3.1.0
0016c000-0016d000 rw-p 00005000 08:01 1704744    /usr/lib/i386-linux-gnu/libXfixes.so.3.1.0
0016d000-0016f000 r-xp 00000000 08:01 1705578    /usr/lib/i386-linux-gnu/libXinerama.so.1.0.0
0016f000-00170000 r--p 00001000 08:01 1705578    /usr/lib/i386-linux-gnu/libXinerama.so.1.0.0
00170000-00171000 rw-p 00002000 08:01 1705578    /usr/lib/i386-linux-gnu/libXinerama.so.1.0.0
00173000-00316000 r-xp 00000000 08:01 2098022    /lib/i386-linux-gnu/libc-2.15.so
00316000-00317000 ---p 001a3000 08:01 2098022    /lib/i386-linux-gnu/libc-2.15.so
00317000-00319000 r--p 001a3000 08:01 2098022    /lib/i386-linux-gnu/libc-2.15.so
00319000-0031a000 rw-p 001a5000 08:01 2098022    /lib/i386-linux-gnu/libc-2.15.so
0031a000-0031d000 rw-p 00000000 00:00 0 
0031d000-003f5000 r-xp 00000000 08:01 1704289    /usr/lib/i386-linux-gnu/libstdc++.so.6.0.16
003f5000-003f6000 ---p 000d8000 08:01 1704289    /usr/lib/i386-linux-gnu/libstdc++.so.6.0.16
003f6000-003fa000 r--p 000d8000 08:01 1704289    /usr/lib/i386-linux-gnu/libstdc++.so.6.0.16
003fa000-003fb000 rw-p 000dc000 08:01 1704289    /usr/lib/i386-linux-gnu/libstdc++.so.6.0.16
003fb000-00402000 rw-p 00000000 00:00 0 
00402000-00454000 r-xp 00000000 08:01 1969852    /usr/lib/jvm/java-7-openjdk-i386/jre/lib/i386/xawt/libmawt.so
00454000-00455000 r--p 00051000 08:01 1969852    /usr/lib/jvm/java-7-openjdk-i386/jre/lib/i386/xawt/libmawt.so
00455000-00457000 rw-p 00052000 08:01 1969852    /usr/lib/jvm/java-7-openjdk-i386/jre/lib/i386/xawt/libmawt.so
00457000-00458000 rw-p 00000000 00:00 0 
00458000-00477000 r-xp 00000000 08:01 1708382    /usr/lib/i386-linux-gnu/libgdk_pixbuf-2.0.so.0.2600.1
00477000-00478000 r--p 0001e000 08:01 1708382    /usr/lib/i386-linux-gnu/libgdk_pixbuf-2.0.so.0.2600.1
00478000-00479000 rw-p 0001f000 08:01 1708382    /usr/lib/i386-linux-gnu/libgdk_pixbuf-2.0.so.0.2600.1
0047b000-0049b000 r-xp 00000000 08:01 2098034    /lib/i386-linux-gnu/ld-2.15.so
0049b000-0049c000 r--p 0001f000 08:01 2098034    /lib/i386-linux-gnu/ld-2.15.so
0049c000-0049d000 rw-p 00020000 08:01 2098034    /lib/i386-linux-gnu/ld-2.15.so
0049d000-004e4000 r-xp 00000000 08:01 1705072    /usr/lib/i386-linux-gnu/libpango-1.0.so.0.3000.0
004e4000-004e5000 ---p 00047000 08:01 1705072    /usr/lib/i386-linux-gnu/libpango-1.0.so.0.3000.0
004e5000-004e6000 r--p 00047000 08:01 1705072    /usr/lib/i386-linux-gnu/libpango-1.0.so.0.3000.0
004e6000-004e7000 rw-p 00048000 08:01 1705072    /usr/lib/i386-linux-gnu/libpango-1.0.so.0.3000.0
004e7000-004f0000 r-xp 00000000 08:01 1709176    /usr/lib/i386-linux-gnu/libXcursor.so.1.0.2
004f0000-004f1000 r--p 00008000 08:01 1709176    /usr/lib/i386-linux-gnu/libXcursor.so.1.0.2
004f1000-004f2000 rw-p 00009000 08:01 1709176    /usr/lib/i386-linux-gnu/libXcursor.so.1.0.2
004f3000-00507000 r-xp 00000000 08:01 2098157    /lib/i386-linux-gnu/libz.so.1.2.3.4
00507000-00508000 r--p 00013000 08:01 2098157    /lib/i386-linux-gnu/libz.so.1.2.3.4
00508000-00509000 rw-p 00014000 08:01 2098157    /lib/i386-linux-gnu/libz.so.1.2.3.4
00509000-0050c000 r-xp 00000000 08:01 1705745    /usr/lib/i386-linux-gnu/libgmodule-2.0.so.0.3200.3
0050c000-0050d000 r--p 00002000 08:01 1705745    /usr/lib/i386-linux-gnu/libgmodule-2.0.so.0.3200.3
0050d000-0050e000 rw-p 00003000 08:01 1705745    /usr/lib/i386-linux-gnu/libgmodule-2.0.so.0.3200.3
0050e000-00510000 r-xp 00000000 08:01 1705108    /usr/lib/i386-linux-gnu/libXau.so.6.0.0
00510000-00511000 r--p 00001000 08:01 1705108    /usr/lib/i386-linux-gnu/libXau.so.6.0.0
00511000-00512000 rw-p 00002000 08:01 1705108    /usr/lib/i386-linux-gnu/libXau.so.6.0.0
00512000-0052e000 r-xp 00000000 08:01 2098084    /lib/i386-linux-gnu/libgcc_s.so.1
0052e000-0052f000 r--p 0001b000 08:01 2098084    /lib/i386-linux-gnu/libgcc_s.so.1
0052f000-00530000 rw-p 0001c000 08:01 2098084    /lib/i386-linux-gnu/libgcc_s.so.1
00530000-005c0000 r-xp 00000000 08:01 1837357    /usr/lib/jvm/java-7-openjdk-i386/jre/lib/i386/libawt.so
005c0000-005c1000 r--p 00090000 08:01 1837357    /usr/lib/jvm/java-7-openjdk-i386/jre/lib/i386/libawt.so
005c1000-005c8000 rw-p 00091000 08:01 1837357    /usr/lib/jvm/java-7-openjdk-i386/jre/lib/i386/libawt.so
005c8000-005ec000 rw-p 00000000 00:00 0 
005ec000-0061e000 r-xp 00000000 08:01 1704163    /usr/lib/i386-linux-gnu/libfontconfig.so.1.4.4
0061e000-0061f000 r--p 00032000 08:01 1704163    /usr/lib/i386-linux-gnu/libfontconfig.so.1.4.4
0061f000-00620000 rw-p 00033000 08:01 1704163    /usr/lib/i386-linux-gnu/libfontconfig.so.1.4.4
00620000-0066f000 r-xp 00000000 08:01 1707492    /usr/lib/i386-linux-gnu/libcups.so.2
0066f000-00672000 r--p 0004e000 08:01 1707492    /usr/lib/i386-linux-gnu/libcups.so.2
00672000-00673000 rw-p 00051000 08:01 1707492    /usr/lib/i386-linux-gnu/libcups.so.2
00673000-00678000 r-xp 00000000 08:01 1706441    /usr/lib/i386-linux-gnu/libffi.so.6.0.0
00678000-00679000 r--p 00004000 08:01 1706441    /usr/lib/i386-linux-gnu/libffi.so.6.0.0
00679000-0067a000 rw-p 00005000 08:01 1706441    /usr/lib/i386-linux-gnu/libffi.so.6.0.0
0067a000-0067d000 r-xp 00000000 08:01 2097187    /lib/i386-linux-gnu/libcom_err.so.2.1
0067d000-0067e000 r--p 00002000 08:01 2097187    /lib/i386-linux-gnu/libcom_err.so.2.1
0067e000-0067f000 rw-p 00003000 08:01 2097187    /lib/i386-linux-gnu/libcom_err.so.2.1
00680000-00697000 r-xp 00000000 08:01 2098031    /lib/i386-linux-gnu/libpthread-2.15.so
00697000-00698000 r--p 00016000 08:01 2098031    /lib/i386-linux-gnu/libpthread-2.15.so
00698000-00699000 rw-p 00017000 08:01 2098031    /lib/i386-linux-gnu/libpthread-2.15.so
00699000-0069b000 rw-p 00000000 00:00 0 
0069b000-006ba000 r-xp 00000000 08:01 1706429    /usr/lib/i386-linux-gnu/libxcb.so.1.1.0
006ba000-006bb000 r--p 0001f000 08:01 1706429    /usr/lib/i386-linux-gnu/libxcb.so.1.1.0
006bb000-006bc000 rw-p 00020000 08:01 1706429    /usr/lib/i386-linux-gnu/libxcb.so.1.1.0
006bc000-006d9000 r-xp 00000000 08:01 1704114    /usr/lib/i386-linux-gnu/libatk-1.0.so.0.20409.1
006d9000-006db000 r--p 0001c000 08:01 1704114    /usr/lib/i386-linux-gnu/libatk-1.0.so.0.20409.1
006db000-006dc000 rw-p 0001e000 08:01 1704114    /usr/lib/i386-linux-gnu/libatk-1.0.so.0.20409.1
006dc000-006ef000 r-xp 00000000 08:01 2098027    /lib/i386-linux-gnu/libresolv-2.15.so
006ef000-006f0000 ---p 00013000 08:01 2098027    /lib/i386-linux-gnu/libresolv-2.15.so
006f0000-006f1000 r--p 00013000 08:01 2098027    /lib/i386-linux-gnu/libresolv-2.15.so
006f1000-006f2000 rw-p 00014000 08:01 2098027    /lib/i386-linux-gnu/libresolv-2.15.so
006f2000-006f4000 rw-p 00000000 00:00 0 
006f4000-006f6000 r-xp 00000000 08:01 2098185    /lib/i386-linux-gnu/libkeyutils.so.1.4
006f6000-006f7000 r--p 00002000 08:01 2098185    /lib/i386-linux-gnu/libkeyutils.so.1.4
006f7000-006f8000 rw-p 00003000 08:01 2098185    /lib/i386-linux-gnu/libkeyutils.so.1.4
006f8000-006ff000 r-xp 00000000 08:01 2098024    /lib/i386-linux-gnu/libnss_compat-2.15.so
006ff000-00700000 r--p 00006000 08:01 2098024    /lib/i386-linux-gnu/libnss_compat-2.15.so
00700000-00701000 rw-p 00007000 08:01 2098024    /lib/i386-linux-gnu/libnss_compat-2.15.so
00701000-0072b000 r-xp 00000000 08:01 1708070    /usr/lib/i386-linux-gnu/libpangoft2-1.0.so.0.3000.0
0072b000-0072c000 r--p 00029000 08:01 1708070    /usr/lib/i386-linux-gnu/libpangoft2-1.0.so.0.3000.0
0072c000-0072d000 rw-p 0002a000 08:01 1708070    /usr/lib/i386-linux-gnu/libpangoft2-1.0.so.0.3000.0
0072d000-00739000 r-xp 00000000 08:01 1705828    /usr/lib/i386-linux-gnu/libavahi-common.so.3.5.3
00739000-0073a000 r--p 0000b000 08:01 1705828    /usr/lib/i386-linux-gnu/libavahi-common.so.3.5.3
0073a000-0073b000 rw-p 0000c000 08:01 1705828    /usr/lib/i386-linux-gnu/libavahi-common.so.3.5.3
0073b000-0073d000 r-xp 00000000 08:01 1707118    /usr/lib/i386-linux-gnu/libXdamage.so.1.1.0
0073d000-0073e000 r--p 00001000 08:01 1707118    /usr/lib/i386-linux-gnu/libXdamage.so.1.1.0
0073e000-0073f000 rw-p 00002000 08:01 1707118    /usr/lib/i386-linux-gnu/libXdamage.so.1.1.0
0073f000-0075c000 r-xp 00000000 08:01 2097208    /lib/i386-linux-gnu/libselinux.so.1
0075c000-0075d000 r--p 0001c000 08:01 2097208    /lib/i386-linux-gnu/libselinux.so.1
0075d000-0075e000 rw-p 0001d000 08:01 2097208    /lib/i386-linux-gnu/libselinux.so.1
0075e000-00763000 r-xp 00000000 08:01 1706425    /usr/lib/i386-linux-gnu/libXdmcp.so.6.0.0
00763000-00764000 r--p 00004000 08:01 1706425    /usr/lib/i386-linux-gnu/libXdmcp.so.6.0.0
00764000-00765000 rw-p 00005000 08:01 1706425    /usr/lib/i386-linux-gnu/libXdmcp.so.6.0.0
00765000-00768000 r-xp 00000000 08:01 2098070    /lib/i386-linux-gnu/libgpg-error.so.0.8.0
00768000-00769000 r--p 00002000 08:01 2098070    /lib/i386-linux-gnu/libgpg-error.so.0.8.0
00769000-0076a000 rw-p 00003000 08:01 2098070    /lib/i386-linux-gnu/libgpg-error.so.0.8.0
0076c000-00773000 r-xp 00000000 08:01 1709192    /usr/lib/i386-linux-gnu/libXrandr.so.2.2.0
00773000-00774000 r--p 00006000 08:01 1709192    /usr/lib/i386-linux-gnu/libXrandr.so.2.2.0
00774000-00775000 rw-p 00007000 08:01 1709192    /usr/lib/i386-linux-gnu/libXrandr.so.2.2.0
00775000-00785000 r-xp 00000000 08:01 1706813    /usr/lib/i386-linux-gnu/libavahi-client.so.3.2.9
00785000-00786000 r--p 0000f000 08:01 1706813    /usr/lib/i386-linux-gnu/libavahi-client.so.3.2.9
00786000-00787000 rw-p 00010000 08:01 1706813    /usr/lib/i386-linux-gnu/libavahi-client.so.3.2.9
00787000-0078f000 r-xp 00000000 08:01 1706431    /usr/lib/i386-linux-gnu/libxcb-render.so.0.0.0
0078f000-00790000 r--p 00008000 08:01 1706431    /usr/lib/i386-linux-gnu/libxcb-render.so.0.0.0
00790000-00791000 rw-p 00009000 08:01 1706431    /usr/lib/i386-linux-gnu/libxcb-render.so.0.0.0
00791000-00798000 r-xp 00000000 08:01 1708190    /usr/lib/i386-linux-gnu/libkrb5support.so.0.1
00798000-00799000 r--p 00006000 08:01 1708190    /usr/lib/i386-linux-gnu/libkrb5support.so.0.1
00799000-0079a000 rw-p 00007000 08:01 1708190    /usr/lib/i386-linux-gnu/libkrb5support.so.0.1
0079b000-007ab000 r-xp 00000000 08:01 1707120    /usr/lib/i386-linux-gnu/libXext.so.6.4.0
007ab000-007ac000 r--p 0000f000 08:01 1707120    /usr/lib/i386-linux-gnu/libXext.so.6.4.0
007ac000-007ad000 rw-p 00010000 08:01 1707120    /usr/lib/i386-linux-gnu/libXext.so.6.4.0
007ad000-007d3000 r-xp 00000000 08:01 2097180    /lib/i386-linux-gnu/libexpat.so.1.5.2
007d3000-007d4000 ---p 00026000 08:01 2097180    /lib/i386-linux-gnu/libexpat.so.1.5.2
007d4000-007d6000 r--p 00026000 08:01 2097180    /lib/i386-linux-gnu/libexpat.so.1.5.2
007d6000-007d7000 rw-p 00028000 08:01 2097180    /lib/i386-linux-gnu/libexpat.so.1.5.2
007d7000-00811000 r-xp 00000000 08:01 2098175    /lib/i386-linux-gnu/libpcre.so.3.12.1
00811000-00812000 r--p 00039000 08:01 2098175    /lib/i386-linux-gnu/libpcre.so.3.12.1
00812000-00813000 rw-p 0003a000 08:01 2098175    /lib/i386-linux-gnu/libpcre.so.3.12.1
00813000-00823000 r-xp 00000000 08:01 1704083    /usr/lib/i386-linux-gnu/libtasn1.so.3.1.12
00823000-00824000 r--p 0000f000 08:01 1704083    /usr/lib/i386-linux-gnu/libtasn1.so.3.1.12
00824000-00825000 rw-p 00010000 08:01 1704083    /usr/lib/i386-linux-gnu/libtasn1.so.3.1.12
00825000-00828000 r-xp 00000000 08:01 1708043    /usr/lib/libXnCore.so
00828000-00829000 r--p 00002000 08:01 1708043    /usr/lib/libXnCore.so
00829000-0082a000 rw-p 00003000 08:01 1708043    /usr/lib/libXnCore.so
00831000-00839000 r-xp 00000000 08:01 1837359    /usr/lib/jvm/java-7-openjdk-i386/jre/lib/i386/libzip.so
00839000-0083a000 r--p 00007000 08:01 1837359    /usr/lib/jvm/java-7-openjdk-i386/jre/lib/i386/libzip.so
0083a000-0083b000 rw-p 00008000 08:01 1837359    /usr/lib/jvm/java-7-openjdk-i386/jre/lib/i386/libzip.so
0083b000-008e6000 r-xp 00000000 08:01 1707113    /usr/lib/i386-linux-gnu/libgdk-x11-2.0.so.0.2400.10
008e6000-008e7000 ---p 000ab000 08:01 1707113    /usr/lib/i386-linux-gnu/libgdk-x11-2.0.so.0.2400.10
008e7000-008e9000 r--p 000ab000 08:01 1707113    /usr/lib/i386-linux-gnu/libgdk-x11-2.0.so.0.2400.10
008e9000-008ea000 rw-p 000ad000 08:01 1707113    /usr/lib/i386-linux-gnu/libgdk-x11-2.0.so.0.2400.10
008ea000-00912000 r-xp 00000000 08:01 2097257    /lib/i386-linux-gnu/libpng12.so.0.46.0
00912000-00913000 r--p 00027000 08:01 2097257    /lib/i386-linux-gnu/libpng12.so.0.46.0
00913000-00914000 rw-p 00028000 08:01 2097257    /lib/i386-linux-gnu/libpng12.so.0.46.0
00916000-00922000 r-xp 00000000 08:01 1837363    /usr/lib/jvm/java-7-openjdk-i386/jre/lib/i386/jli/libjli.so
00922000-00923000 r--p 0000c000 08:01 1837363    /usr/lib/jvm/java-7-openjdk-i386/jre/lib/i386/jli/libjli.so
00923000-00924000 rw-p 0000d000 08:01 1837363    /usr/lib/jvm/java-7-openjdk-i386/jre/lib/i386/jli/libjli.so
00924000-00a1b000 r-xp 00000000 08:01 2098053    /lib/i386-linux-gnu/libglib-2.0.so.0.3200.3
00a1b000-00a1c000 r--p 000f6000 08:01 2098053    /lib/i386-linux-gnu/libglib-2.0.so.0.3200.3
00a1c000-00a1d000 rw-p 000f7000 08:01 2098053    /lib/i386-linux-gnu/libglib-2.0.so.0.3200.3
00a20000-00a2b000 r-xp 00000000 08:01 2098026    /lib/i386-linux-gnu/libnss_files-2.15.so
00a2b000-00a2c000 r--p 0000a000 08:01 2098026    /lib/i386-linux-gnu/libnss_files-2.15.so
00a2c000-00a2d000 rw-p 0000b000 08:01 2098026    /lib/i386-linux-gnu/libnss_files-2.15.so
00a2d000-00a68000 r-xp 00000000 08:01 1704422    /usr/lib/i386-linux-gnu/libgssapi_krb5.so.2.2
00a68000-00a69000 ---p 0003b000 08:01 1704422    /usr/lib/i386-linux-gnu/libgssapi_krb5.so.2.2
00a69000-00a6a000 r--p 0003b000 08:01 1704422    /usr/lib/i386-linux-gnu/libgssapi_krb5.so.2.2
00a6a000-00a6b000 rw-p 0003c000 08:01 1704422    /usr/lib/i386-linux-gnu/libgssapi_krb5.so.2.2
00a78000-00a9f000 r-xp 00000000 08:01 1837354    /usr/lib/jvm/java-7-openjdk-i386/jre/lib/i386/libjava.so
00a9f000-00aa0000 r--p 00026000 08:01 1837354    /usr/lib/jvm/java-7-openjdk-i386/jre/lib/i386/libjava.so
00aa0000-00aa1000 rw-p 00027000 08:01 1837354    /usr/lib/jvm/java-7-openjdk-i386/jre/lib/i386/libjava.so
00aa1000-00bd1000 r-xp 00000000 08:01 1709768    /usr/lib/i386-linux-gnu/libX11.so.6.3.0
00bd1000-00bd2000 r--p 0012f000 08:01 1709768    /usr/lib/i386-linux-gnu/libX11.so.6.3.0
00bd2000-00bd4000 rw-p 00130000 08:01 1709768    /usr/lib/i386-linux-gnu/libX11.so.6.3.0
00bd4000-00bd5000 rw-p 00000000 00:00 0 
00bd5000-00be5000 r-xp 00000000 08:01 1707354    /usr/lib/i386-linux-gnu/libp11-kit.so.0.0.0
00be5000-00be6000 r--p 0000f000 08:01 1707354    /usr/lib/i386-linux-gnu/libp11-kit.so.0.0.0
00be6000-00be7000 rw-p 00010000 08:01 1707354    /usr/lib/i386-linux-gnu/libp11-kit.so.0.0.0
00be7000-00c2e000 r-xp 00000000 08:01 2097236    /lib/i386-linux-gnu/libdbus-1.so.3.5.8
00c2e000-00c2f000 r--p 00047000 08:01 2097236    /lib/i386-linux-gnu/libdbus-1.so.3.5.8
00c2f000-00c30000 rw-p 00048000 08:01 2097236    /lib/i386-linux-gnu/libdbus-1.so.3.5.8
00c38000-00c3a000 r-xp 00000000 08:01 1707115    /usr/lib/i386-linux-gnu/libXcomposite.so.1.0.0
00c3a000-00c3b000 r--p 00001000 08:01 1707115    /usr/lib/i386-linux-gnu/libXcomposite.so.1.0.0
00c3b000-00c3c000 rw-p 00002000 08:01 1707115    /usr/lib/i386-linux-gnu/libXcomposite.so.1.0.0
00c3c000-00c76000 r-xp 00000000 08:01 1837391    /usr/lib/jvm/java-7-openjdk-i386/jre/lib/i386/libfontmanager.so
00c76000-00c77000 ---p 0003a000 08:01 1837391    /usr/lib/jvm/java-7-openjdk-i386/jre/lib/i386/libfontmanager.so
00c77000-00c78000 r--p 0003a000 08:01 1837391    /usr/lib/jvm/java-7-openjdk-i386/jre/lib/i386/libfontmanager.so
00c78000-00c79000 rw-p 0003b000 08:01 1837391    /usr/lib/jvm/java-7-openjdk-i386/jre/lib/i386/libfontmanager.so
00c88000-00cb2000 r-xp 00000000 08:01 2098033    /lib/i386-linux-gnu/libm-2.15.so
00cb2000-00cb3000 r--p 00029000 08:01 2098033    /lib/i386-linux-gnu/libm-2.15.so
00cb3000-00cb4000 rw-p 0002a000 08:01 2098033    /lib/i386-linux-gnu/libm-2.15.so
00cb4000-00cca000 r-xp 00000000 08:01 1837388    /usr/lib/jvm/java-7-openjdk-i386/jre/lib/i386/libnet.so
00cca000-00ccb000 r--p 00015000 08:01 1837388    /usr/lib/jvm/java-7-openjdk-i386/jre/lib/i386/libnet.so
00ccb000-00ccc000 rw-p 00016000 08:01 1837388    /usr/lib/jvm/java-7-openjdk-i386/jre/lib/i386/libnet.so
00ccc000-00cdd000 r-xp 00000000 08:01 1837358    /usr/lib/jvm/java-7-openjdk-i386/jre/lib/i386/libnio.so
00cdd000-00cde000 r--p 00010000 08:01 1837358    /usr/lib/jvm/java-7-openjdk-i386/jre/lib/i386/libnio.so
00cde000-00cdf000 rw-p 00011000 08:01 1837358    /usr/lib/jvm/java-7-openjdk-i386/jre/lib/i386/libnio.so
00cdf000-00ced000 r-xp 00000000 08:01 2097259    /lib/i386-linux-gnu/libusb-1.0.so.0.1.0
00ced000-00cee000 r--p 0000d000 08:01 2097259    /lib/i386-linux-gnu/libusb-1.0.so.0.1.0
00cee000-00cef000 rw-p 0000e000 08:01 2097259    /lib/i386-linux-gnu/libusb-1.0.so.0.1.0
00cf3000-00cfb000 r-xp 00000000 08:01 1706435    /usr/lib/i386-linux-gnu/libXrender.so.1.3.0
00cfb000-00cfc000 r--p 00007000 08:01 1706435    /usr/lib/i386-linux-gnu/libXrender.so.1.3.0
00cfc000-00cfd000 rw-p 00008000 08:01 1706435    /usr/lib/i386-linux-gnu/libXrender.so.1.3.0
00d0f000-00d1a000 r-xp 00000000 08:01 1708068    /usr/lib/i386-linux-gnu/libpangocairo-1.0.so.0.3000.0
00d1a000-00d1b000 r--p 0000a000 08:01 1708068    /usr/lib/i386-linux-gnu/libpangocairo-1.0.so.0.3000.0
00d1b000-00d1c000 rw-p 0000b000 08:01 1708068    /usr/lib/i386-linux-gnu/libpangocairo-1.0.so.0.3000.0
00d1c000-00d3b000 r-xp 00000000 08:01 1713812    /usr/lib/libnimRecorder.so
00d3b000-00d3c000 r--p 0001f000 08:01 1713812    /usr/lib/libnimRecorder.so
00d3c000-00d3d000 rw-p 00020000 08:01 1713812    /usr/lib/libnimRecorder.so
00d4d000-00d73000 r-xp 00000000 08:01 1705544    /usr/lib/i386-linux-gnu/libk5crypto.so.3.1
00d73000-00d74000 r--p 00025000 08:01 1705544    /usr/lib/i386-linux-gnu/libk5crypto.so.3.1
00d74000-00d75000 rw-p 00026000 08:01 1705544    /usr/lib/i386-linux-gnu/libk5crypto.so.3.1
00d75000-00da1000 r-xp 00000000 08:01 1713811    /usr/lib/libnimMockNodes.so
00da1000-00da8000 r--p 0002b000 08:01 1713811    /usr/lib/libnimMockNodes.so
00da8000-00da9000 rw-p 00032000 08:01 1713811    /usr/lib/libnimMockNodes.so
00daa000-00df7000 r-xp 00000000 08:01 1705746    /usr/lib/i386-linux-gnu/libgobject-2.0.so.0.3200.3
00df7000-00df8000 r--p 0004c000 08:01 1705746    /usr/lib/i386-linux-gnu/libgobject-2.0.so.0.3200.3
00df8000-00df9000 rw-p 0004d000 08:01 1705746    /usr/lib/i386-linux-gnu/libgobject-2.0.so.0.3200.3
00df9000-00e20000 r-xp 00000000 08:01 1708045    /usr/lib/libXnDeviceFile.so
00e20000-00e21000 r--p 00027000 08:01 1708045    /usr/lib/libXnDeviceFile.so
00e21000-00e22000 rw-p 00028000 08:01 1708045    /usr/lib/libXnDeviceFile.so
00e37000-00e39000 r-xp 00000000 08:01 1706433    /usr/lib/i386-linux-gnu/libxcb-shm.so.0.0.0
00e39000-00e3a000 r--p 00001000 08:01 1706433    /usr/lib/i386-linux-gnu/libxcb-shm.so.0.0.0
00e3a000-00e3b000 rw-p 00002000 08:01 1706433    /usr/lib/i386-linux-gnu/libxcb-shm.so.0.0.0
00e3b000-00e3e000 r-xp 00000000 08:01 2098037    /lib/i386-linux-gnu/libdl-2.15.so
00e3e000-00e3f000 r--p 00002000 08:01 2098037    /lib/i386-linux-gnu/libdl-2.15.so
00e3f000-00e40000 rw-p 00003000 08:01 2098037    /lib/i386-linux-gnu/libdl-2.15.so
00e40000-00f93000 r-xp 00000000 08:01 1705743    /usr/lib/i386-linux-gnu/libgio-2.0.so.0.3200.3
00f93000-00f95000 r--p 00153000 08:01 1705743    /usr/lib/i386-linux-gnu/libgio-2.0.so.0.3200.3
00f95000-00f96000 rw-p 00155000 08:01 1705743    /usr/lib/i386-linux-gnu/libgio-2.0.so.0.3200.3
00f96000-00f97000 rw-p 00000000 00:00 0 
00fce000-00fcf000 r-xp 00000000 00:00 0          [vdso]
00fcf000-018b4000 r-xp 00000000 08:01 1837373    /usr/lib/jvm/java-7-openjdk-i386/jre/lib/i386/server/libjvm.so
018b4000-018fb000 r--p 008e4000 08:01 1837373    /usr/lib/jvm/java-7-openjdk-i386/jre/lib/i386/server/libjvm.so
018fb000-0190f000 rw-p 0092b000 08:01 1837373    /usr/lib/jvm/java-7-openjdk-i386/jre/lib/i386/server/libjvm.so
0190f000-01d2b000 rw-p 00000000 00:00 0 
01d2b000-0218b000 r-xp 00000000 08:01 1707112    /usr/lib/i386-linux-gnu/libgtk-x11-2.0.so.0.2400.10
0218b000-0218f000 r--p 00460000 08:01 1707112    /usr/lib/i386-linux-gnu/libgtk-x11-2.0.so.0.2400.10
0218f000-02191000 rw-p 00464000 08:01 1707112    /usr/lib/i386-linux-gnu/libgtk-x11-2.0.so.0.2400.10
02191000-02193000 rw-p 00000000 00:00 0 
021b5000-021ea000 r-xp 00000000 08:01 1713810    /usr/lib/libnimCodecs.so
021ea000-021ec000 r--p 00034000 08:01 1713810    /usr/lib/libnimCodecs.so
021ec000-021ed000 rw-p 00036000 08:01 1713810    /usr/lib/libnimCodecs.so
021ed000-0220d000 rw-p 00000000 00:00 0 
0220d000-02303000 r-xp 00000000 08:01 1708041    /usr/lib/libXnVHandGenerator_1_5_2.so
02303000-02306000 r--p 000f5000 08:01 1708041    /usr/lib/libXnVHandGenerator_1_5_2.so
02306000-02307000 rw-p 000f8000 08:01 1708041    /usr/lib/libXnVHandGenerator_1_5_2.so
02307000-02313000 rw-p 00000000 00:00 0 
02313000-0239d000 r-xp 00000000 08:01 1709462    /usr/lib/libXnDeviceSensorV2.so
0239d000-023a5000 r--p 0008a000 08:01 1709462    /usr/lib/libXnDeviceSensorV2.so
023a5000-023a6000 rw-p 00092000 08:01 1709462    /usr/lib/libXnDeviceSensorV2.so
03326000-033ee000 r-xp 00000000 08:01 1705541    /usr/lib/i386-linux-gnu/libkrb5.so.3.3
033ee000-033f4000 r--p 000c7000 08:01 1705541    /usr/lib/i386-linux-gnu/libkrb5.so.3.3
033f4000-033f5000 rw-p 000cd000 08:01 1705541    /usr/lib/i386-linux-gnu/libkrb5.so.3.3
035cd000-03662000 r-xp 00000000 08:01 1704168    /usr/lib/i386-linux-gnu/libfreetype.so.6.8.0
03662000-03666000 r--p 00094000 08:01 1704168    /usr/lib/i386-linux-gnu/libfreetype.so.6.8.0
03666000-03667000 rw-p 00098000 08:01 1704168    /usr/lib/i386-linux-gnu/libfreetype.so.6.8.0
03bfe000-03c80000 r-xp 00000000 08:01 2098111    /lib/i386-linux-gnu/libgcrypt.so.11.7.0
03c80000-03c81000 r--p 00081000 08:01 2098111    /lib/i386-linux-gnu/libgcrypt.so.11.7.0
03c81000-03c83000 rw-p 00082000 08:01 2098111    /lib/i386-linux-gnu/libgcrypt.so.11.7.0
03e89000-03f06000 r-xp 00000000 08:01 1713814    /usr/lib/libOpenNI.so
03f06000-03f08000 r--p 0007c000 08:01 1713814    /usr/lib/libOpenNI.so
03f08000-03f0a000 rw-p 0007e000 08:01 1713814    /usr/lib/libOpenNI.so
042e8000-04703000 r-xp 00000000 08:01 1708035    /usr/lib/libXnVFeatures_1_5_2.so
04703000-0470b000 r--p 0041a000 08:01 1708035    /usr/lib/libXnVFeatures_1_5_2.so
0470b000-0470c000 rw-p 00422000 08:01 1708035    /usr/lib/libXnVFeatures_1_5_2.so
0470c000-04720000 rw-p 00000000 00:00 0 
04a23000-04aa3000 r-xp 00000000 08:01 1708046    /usr/lib/libXnDeviceSensorV2KM.so
04aa3000-04aa4000 ---p 00080000 08:01 1708046    /usr/lib/libXnDeviceSensorV2KM.so
04aa4000-04aac000 r--p 00080000 08:01 1708046    /usr/lib/libXnDeviceSensorV2KM.so
04aac000-04aad000 rw-p 00088000 08:01 1708046    /usr/lib/libXnDeviceSensorV2KM.so
04bd3000-04dba000 r-xp 00000000 08:01 1708023    /usr/lib/libXnVFeatures_1_4_1.so
04dba000-04dbd000 r--p 001e6000 08:01 1708023    /usr/lib/libXnVFeatures_1_4_1.so
04dbd000-04dbe000 rw-p 001e9000 08:01 1708023    /usr/lib/libXnVFeatures_1_4_1.so
04dbe000-04dc3000 rw-p 00000000 00:00 0 
055f3000-056b2000 r-xp 00000000 08:01 1714074    /usr/lib/i386-linux-gnu/libgnutls.so.26.21.8
056b2000-056b6000 r--p 000be000 08:01 1714074    /usr/lib/i386-linux-gnu/libgnutls.so.26.21.8
056b6000-056b7000 rw-p 000c2000 08:01 1714074    /usr/lib/i386-linux-gnu/libgnutls.so.26.21.8
056e5000-05778000 r-xp 00000000 08:01 1704171    /usr/lib/i386-linux-gnu/libpixman-1.so.0.24.4
05778000-0577c000 r--p 00092000 08:01 1704171    /usr/lib/i386-linux-gnu/libpixman-1.so.0.24.4
0577c000-0577d000 rw-p 00096000 08:01 1704171    /usr/lib/i386-linux-gnu/libpixman-1.so.0.24.4
05970000-05b8e000 r-xp 00000000 08:01 1708018    /usr/lib/libXnVFeatures_1_3_1.so
05b8e000-05b8f000 ---p 0021e000 08:01 1708018    /usr/lib/libXnVFeatures_1_3_1.so
05b8f000-05b92000 r--p 0021e000 08:01 1708018    /usr/lib/libXnVFeatures_1_3_1.so
05b92000-05b93000 rw-p 00221000 08:01 1708018    /usr/lib/libXnVFeatures_1_3_1.so
05b93000-05b98000 rw-p 00000000 00:00 0 
060c7000-0610c000 r-xp 00000000 08:01 1708044    /usr/lib/libXnDDK.so
0610c000-0610e000 r--p 00044000 08:01 1708044    /usr/lib/libXnDDK.so
0610e000-0610f000 rw-p 00046000 08:01 1708044    /usr/lib/libXnDDK.so
06150000-06217000 r-xp 00000000 08:01 1706437    /usr/lib/i386-linux-gnu/libcairo.so.2.11000.2
06217000-06218000 r--p 000c7000 08:01 1706437    /usr/lib/i386-linux-gnu/libcairo.so.2.11000.2
06218000-06219000 rw-p 000c8000 08:01 1706437    /usr/lib/i386-linux-gnu/libcairo.so.2.11000.2
06219000-0621b000 rw-p 00000000 00:00 0 
067a8000-067cc000 r-xp 00000000 08:01 1708047    /usr/lib/libXnFormats.so
067cc000-067cd000 r--p 00023000 08:01 1708047    /usr/lib/libXnFormats.so
067cd000-067ce000 rw-p 00024000 08:01 1708047    /usr/lib/libXnFormats.so
067ce000-067ee000 rw-p 00000000 00:00 0 
06f15000-06fe9000 r-xp 00000000 08:01 1708039    /usr/lib/libXnVHandGenerator_1_4_1.so
06fe9000-06fea000 ---p 000d4000 08:01 1708039    /usr/lib/libXnVHandGenerator_1_4_1.so
06fea000-06fec000 r--p 000d4000 08:01 1708039    /usr/lib/libXnVHandGenerator_1_4_1.so
06fec000-06fed000 rw-p 000d6000 08:01 1708039    /usr/lib/libXnVHandGenerator_1_4_1.so
06fed000-06fef000 rw-p 00000000 00:00 0 
07220000-072fa000 r-xp 00000000 08:01 1707368    /usr/lib/libXnVNite_1_5_2.so
072fa000-072fc000 r--p 000da000 08:01 1707368    /usr/lib/libXnVNite_1_5_2.so
072fc000-072fd000 rw-p 000dc000 08:01 1707368    /usr/lib/libXnVNite_1_5_2.so
074fa000-075d8000 r-xp 00000000 08:01 1708038    /usr/lib/libXnVHandGenerator_1_3_1.so
075d8000-075db000 r--p 000dd000 08:01 1708038    /usr/lib/libXnVHandGenerator_1_3_1.so
075db000-075dc000 rw-p 000e0000 08:01 1708038    /usr/lib/libXnVHandGenerator_1_3_1.so
075dc000-075de000 rw-p 00000000 00:00 0 
07cb2000-07e99000 r-xp 00000000 08:01 1708028    /usr/lib/libXnVFeatures_1_4_2.so
07e99000-07e9c000 r--p 001e6000 08:01 1708028    /usr/lib/libXnVFeatures_1_4_2.so
07e9c000-07e9d000 rw-p 001e9000 08:01 1708028    /usr/lib/libXnVFeatures_1_4_2.so
07e9d000-07ea2000 rw-p 00000000 00:00 0 
08048000-08049000 r-xp 00000000 08:01 1837321    /usr/lib/jvm/java-7-openjdk-i386/jre/bin/java
08049000-0804a000 r--p 00000000 08:01 1837321    /usr/lib/jvm/java-7-openjdk-i386/jre/bin/java
0804a000-0804b000 rw-p 00001000 08:01 1837321    /usr/lib/jvm/java-7-openjdk-i386/jre/bin/java
086cf000-08785000 r-xp 00000000 08:01 3803206    /home/odairbonin/workspace_oficina_kinect/PrimeiroKinect/lib/user/libSimpleOpenNI32.so
08785000-08787000 r--p 000b5000 08:01 3803206    /home/odairbonin/workspace_oficina_kinect/PrimeiroKinect/lib/user/libSimpleOpenNI32.so
08787000-08789000 rw-p 000b7000 08:01 3803206    /home/odairbonin/workspace_oficina_kinect/PrimeiroKinect/lib/user/libSimpleOpenNI32.so
08c66000-08d3b000 r-xp 00000000 08:01 1708040    /usr/lib/libXnVHandGenerator_1_4_2.so
08d3b000-08d3c000 ---p 000d5000 08:01 1708040    /usr/lib/libXnVHandGenerator_1_4_2.so
08d3c000-08d3e000 r--p 000d5000 08:01 1708040    /usr/lib/libXnVHandGenerator_1_4_2.so
08d3e000-08d3f000 rw-p 000d7000 08:01 1708040    /usr/lib/libXnVHandGenerator_1_4_2.so
08d3f000-08d41000 rw-p 00000000 00:00 0 
093ad000-095f0000 rw-p 00000000 00:00 0          [heap]
7d9af000-7da00000 rwxp 00000000 00:00 0 
7da00000-7da29000 rw-p 00000000 00:00 0 
7da29000-7db00000 ---p 00000000 00:00 0 
7db0d000-7dc00000 rwxp 00000000 00:00 0 
7dc00000-7dc5b000 rw-p 00000000 00:00 0 
7dc5b000-7dd00000 ---p 00000000 00:00 0 
7dd0d000-7de00000 rwxp 00000000 00:00 0 
7de00000-7deff000 rw-p 00000000 00:00 0 
7deff000-7df00000 ---p 00000000 00:00 0 
7df4d000-7df56000 r--s 000bc000 08:01 1710125    /usr/lib/jvm/java-7-openjdk-common/jre/lib/resources.jar
7df56000-7df57000 ---p 00000000 00:00 0 
7df57000-7e028000 rwxp 00000000 00:00 0 
7e028000-7e029000 ---p 00000000 00:00 0 
7e029000-7e0a9000 rwxp 00000000 00:00 0 
7e0a9000-7e0aa000 ---p 00000000 00:00 0 
7e0aa000-7e17b000 rwxp 00000000 00:00 0 
7e17b000-7e37b000 r--p 00000000 08:01 1704063    /usr/lib/locale/locale-archive
7e37b000-7e41d000 rwxp 00000000 00:00 0 
7e41d000-7e41e000 ---p 00000000 00:00 0 
7e41e000-7e49e000 rwxp 00000000 00:00 0 
7e49e000-7e649000 r--s 01cdb000 08:01 1837397    /usr/lib/jvm/java-7-openjdk-i386/jre/lib/rt.jar
7e649000-80800000 rw-p 00000000 00:00 0 
80800000-808fe000 rw-p 00000000 00:00 0 
808fe000-80900000 ---p 00000000 00:00 0 
80900000-809eb000 rw-p 00000000 00:00 0 
809eb000-80a00000 ---p 00000000 00:00 0 
80a00000-80aa3000 rw-p 00000000 00:00 0 
80aa3000-80b00000 ---p 00000000 00:00 0 
80b03000-80b06000 r--s 00022000 08:01 3803208    /home/odairbonin/workspace_oficina_kinect/PrimeiroKinect/lib/user/SimpleOpenNI.jar
80b06000-80b22000 r--s 0048b000 08:01 3803197    /home/odairbonin/workspace_oficina_kinect/PrimeiroKinect/lib/base/core/jogl-all.jar
80b22000-80b6a000 rw-p 00000000 00:00 0 
80b6a000-80b6b000 ---p 00000000 00:00 0 
80b6b000-80beb000 rwxp 00000000 00:00 0 
80beb000-80bec000 ---p 00000000 00:00 0 
80bec000-80c6c000 rwxp 00000000 00:00 0 
80c6c000-80c74000 rw-p 00000000 00:00 0 
80c74000-80cac000 rw-p 00000000 00:00 0 
80cac000-80cbb000 rw-p 00000000 00:00 0 
80cbb000-80d94000 rw-p 00000000 00:00 0 
80d94000-80d9c000 rw-p 00000000 00:00 0 
80d9c000-80dd4000 rw-p 00000000 00:00 0 
80dd4000-80de3000 rw-p 00000000 00:00 0 
80de3000-80ebb000 rw-p 00000000 00:00 0 
80ebb000-80ec3000 rw-p 00000000 00:00 0 
80ec3000-80f2f000 rw-p 00000000 00:00 0 
80f2f000-81f30000 rw-p 00000000 00:00 0 
81f30000-88f30000 rw-p 00000000 00:00 0 
88f30000-8ac20000 rw-p 00000000 00:00 0 
8ac20000-a5de0000 rw-p 00000000 00:00 0 
a5de0000-a6c50000 rw-p 00000000 00:00 0 
a6c50000-b4530000 rw-p 00000000 00:00 0 
b4538000-b4541000 rw-p 00000000 00:00 0 
b4541000-b45f8000 rw-p 00000000 00:00 0 
b45f8000-b4838000 rwxp 00000000 00:00 0 
b4838000-b75f8000 rw-p 00000000 00:00 0 
b75f8000-b7600000 rw-s 00000000 08:01 3284910    /tmp/hsperfdata_odairbonin/16163
b7600000-b76f2000 rw-p 00000000 00:00 0 
b76f2000-b7700000 ---p 00000000 00:00 0 
b7702000-b7703000 rw-p 00000000 00:00 0 
b7703000-b7704000 r--s 00001000 08:01 3803196    /home/odairbonin/workspace_oficina_kinect/PrimeiroKinect/lib/base/core/gluegen-rt-natives-windows-i586.jar
b7704000-b7707000 r--s 00077000 08:01 3803195    /home/odairbonin/workspace_oficina_kinect/PrimeiroKinect/lib/base/core/core.jar
b7707000-b7709000 r--s 00020000 08:01 3803194    /home/odairbonin/workspace_oficina_kinect/PrimeiroKinect/lib/base/core/jogl-all-natives-windows-i586.jar
b7709000-b770e000 r--s 00030000 08:01 3803193    /home/odairbonin/workspace_oficina_kinect/PrimeiroKinect/lib/base/core/gluegen-rt.jar
b770e000-b770f000 r--s 00023000 08:01 3803192    /home/odairbonin/workspace_oficina_kinect/PrimeiroKinect/lib/base/core/jogl-all-natives-linux-i586.jar
b770f000-b7710000 r--s 0001b000 08:01 3803191    /home/odairbonin/workspace_oficina_kinect/PrimeiroKinect/lib/base/core/jogl-all-natives-windows-amd64.jar
b7710000-b7711000 r--s 00000000 08:01 3803190    /home/odairbonin/workspace_oficina_kinect/PrimeiroKinect/lib/base/core/gluegen-rt-natives-linux-amd64.jar
b7711000-b7712000 r--s 00023000 08:01 3803189    /home/odairbonin/workspace_oficina_kinect/PrimeiroKinect/lib/base/core/jogl-all-natives-linux-amd64.jar
b7712000-b7713000 r--s 00001000 08:01 3803188    /home/odairbonin/workspace_oficina_kinect/PrimeiroKinect/lib/base/core/gluegen-rt-natives-windows-amd64.jar
b7713000-b7714000 r--s 00000000 08:01 3803187    /home/odairbonin/workspace_oficina_kinect/PrimeiroKinect/lib/base/core/gluegen-rt-natives-linux-i586.jar
b7714000-b7715000 r--s 00000000 08:01 3803186    /home/odairbonin/workspace_oficina_kinect/PrimeiroKinect/lib/base/core/gluegen-rt-natives-macosx-universal.jar
b7715000-b7716000 r--s 00050000 08:01 3803185    /home/odairbonin/workspace_oficina_kinect/PrimeiroKinect/lib/base/core/jogl-all-natives-macosx-universal.jar
b7716000-b7717000 ---p 00000000 00:00 0 
b7717000-b7767000 rwxp 00000000 00:00 0 
b7767000-b7769000 rw-p 00000000 00:00 0 
b7769000-b776c000 r--s 0000f000 08:01 1710119    /usr/lib/jvm/java-7-openjdk-common/jre/lib/ext/pulse-java.jar
b776c000-b776e000 r--s 00012000 08:01 1710118    /usr/lib/jvm/java-7-openjdk-common/jre/lib/ext/zipfs.jar
b776e000-b776f000 r--s 00007000 08:01 2228686    /usr/share/java/java-atk-wrapper.jar
b776f000-b7772000 r--s 0003c000 08:01 1710114    /usr/lib/jvm/java-7-openjdk-common/jre/lib/ext/sunpkcs11.jar
b7772000-b7776000 r--s 00085000 08:01 1710115    /usr/lib/jvm/java-7-openjdk-common/jre/lib/ext/localedata.jar
b7776000-b7779000 r--s 00032000 08:01 1710116    /usr/lib/jvm/java-7-openjdk-common/jre/lib/ext/sunjce_provider.jar
b7779000-b777a000 r--s 00002000 08:01 1710117    /usr/lib/jvm/java-7-openjdk-common/jre/lib/ext/dnsns.jar
b777a000-b777b000 r--p 002c5000 08:01 1704063    /usr/lib/locale/locale-archive
b777b000-b777c000 rw-p 00000000 00:00 0 
b777c000-b777d000 r--p 00000000 00:00 0 
b777d000-b7780000 rw-p 00000000 00:00 0 
bfe99000-bfeb9000 rwxp 00000000 00:00 0          [stack]
bfeb9000-bfebb000 rw-p 00000000 00:00 0 

VM Arguments:
jvm_args: -Djava.library.path=/home/odairbonin/workspace_oficina_kinect/PrimeiroKinect/lib/base/core:/home/odairbonin/workspace_oficina_kinect/PrimeiroKinect/lib/base/core:/home/odairbonin/workspace_oficina_kinect/PrimeiroKinect/lib/base/core:/home/odairbonin/workspace_oficina_kinect/PrimeiroKinect/lib/base/core:/home/odairbonin/workspace_oficina_kinect/PrimeiroKinect/lib/base/core:/home/odairbonin/workspace_oficina_kinect/PrimeiroKinect/lib/base/core:/home/odairbonin/workspace_oficina_kinect/PrimeiroKinect/lib/base/core:/home/odairbonin/workspace_oficina_kinect/PrimeiroKinect/lib/base/core:/home/odairbonin/workspace_oficina_kinect/PrimeiroKinect/lib/base/core:/home/odairbonin/workspace_oficina_kinect/PrimeiroKinect/lib/base/core:/home/odairbonin/workspace_oficina_kinect/PrimeiroKinect/lib/base/core:/home/odairbonin/workspace_oficina_kinect/PrimeiroKinect/lib/base/core:/home/odairbonin/workspace_oficina_kinect/PrimeiroKinect/lib/base/core:/home/odairbonin/workspace_oficina_kinect/PrimeiroKinect/lib/user -Djava.security.policy=java.policy.applet -Dfile.encoding=UTF-8 
java_command: sun.applet.AppletViewer primeirokinect.PrimeiroKinect1397309834382.html
Launcher Type: SUN_STANDARD

Environment Variables:
PATH=/usr/lib/lightdm/lightdm:/usr/local/sbin:/usr/local/bin:/usr/sbin:/usr/bin:/sbin:/bin:/usr/games
LD_LIBRARY_PATH=/usr/lib/jvm/java-7-openjdk-i386/jre/lib/i386/server:/usr/lib/jvm/java-7-openjdk-i386/jre/lib/i386:/usr/lib/jvm/java-7-openjdk-i386/jre/../lib/i386:/usr/lib/jvm/java-7-openjdk-i386/jre/lib/i386/client:/usr/lib/jvm/java-7-openjdk-i386/jre/lib/i386:
SHELL=/bin/bash
DISPLAY=:0.0

Signal Handlers:
SIGSEGV: [libjvm.so+0x753930], sa_mask[0]=0x7ffbfeff, sa_flags=0x10000004
SIGBUS: [libjvm.so+0x753930], sa_mask[0]=0x7ffbfeff, sa_flags=0x10000004
SIGFPE: [libjvm.so+0x5e94a0], sa_mask[0]=0x7ffbfeff, sa_flags=0x10000004
SIGPIPE: [libjvm.so+0x5e94a0], sa_mask[0]=0x7ffbfeff, sa_flags=0x10000004
SIGXFSZ: [libjvm.so+0x5e94a0], sa_mask[0]=0x7ffbfeff, sa_flags=0x10000004
SIGILL: [libjvm.so+0x5e94a0], sa_mask[0]=0x7ffbfeff, sa_flags=0x10000004
SIGUSR1: SIG_DFL, sa_mask[0]=0x00000000, sa_flags=0x00000000
SIGUSR2: [libjvm.so+0x5e9330], sa_mask[0]=0x00000004, sa_flags=0x10000004
SIGHUP: [libjvm.so+0x5e9960], sa_mask[0]=0x7ffbfeff, sa_flags=0x10000004
SIGINT: [libjvm.so+0x5e9960], sa_mask[0]=0x7ffbfeff, sa_flags=0x10000004
SIGTERM: [libjvm.so+0x5e9960], sa_mask[0]=0x7ffbfeff, sa_flags=0x10000004
SIGQUIT: [libjvm.so+0x5e9960], sa_mask[0]=0x7ffbfeff, sa_flags=0x10000004


---------------  S Y S T E M  ---------------

OS:Ubuntu 12.04 (precise)
uname:Linux 3.2.0-35-generic #55-Ubuntu SMP Wed Dec 5 17:45:18 UTC 2012 i686
libc:glibc 2.15 NPTL 2.15 
rlimit: STACK 8192k, CORE 0k, NPROC 22063, NOFILE 4096, AS infinity
load average:1.31 0.58 0.40

/proc/meminfo:
MemTotal:        2838692 kB
MemFree:          638984 kB
Buffers:          117424 kB
Cached:           593892 kB
SwapCached:         4424 kB
Active:          1386716 kB
Inactive:         720544 kB
Active(anon):    1027524 kB
Inactive(anon):   382680 kB
Active(file):     359192 kB
Inactive(file):   337864 kB
Unevictable:          16 kB
Mlocked:              16 kB
HighTotal:       1974216 kB
HighFree:         261032 kB
LowTotal:         864476 kB
LowFree:          377952 kB
SwapTotal:        783356 kB
SwapFree:         762704 kB
Dirty:              1848 kB
Writeback:             0 kB
AnonPages:       1392736 kB
Mapped:           126676 kB
Shmem:             14056 kB
Slab:              67068 kB
SReclaimable:      51036 kB
SUnreclaim:        16032 kB
KernelStack:        3952 kB
PageTables:        10704 kB
NFS_Unstable:          0 kB
Bounce:                0 kB
WritebackTmp:          0 kB
CommitLimit:     2202700 kB
Committed_AS:    4351520 kB
VmallocTotal:     122880 kB
VmallocUsed:        4920 kB
VmallocChunk:      75252 kB
HardwareCorrupted:     0 kB
AnonHugePages:         0 kB
HugePages_Total:       0
HugePages_Free:        0
HugePages_Rsvd:        0
HugePages_Surp:        0
Hugepagesize:       4096 kB
DirectMap4k:       12280 kB
DirectMap4M:      897024 kB


CPU:total 2 (2 cores per cpu, 1 threads per core) family 6 model 42 stepping 7, cmov, cx8, fxsr, mmx, sse, sse2, sse3, ssse3, sse4.1, sse4.2, popcnt, avx, tsc, tscinvbit

/proc/cpuinfo:
processor	: 0
vendor_id	: GenuineIntel
cpu family	: 6
model		: 42
model name	: Intel(R) Core(TM) i7-2620M CPU @ 2.70GHz
stepping	: 7
cpu MHz		: 2693.000
cache size	: 4096 KB
physical id	: 0
siblings	: 2
core id		: 0
cpu cores	: 2
apicid		: 0
initial apicid	: 0
fdiv_bug	: no
hlt_bug		: no
f00f_bug	: no
coma_bug	: no
fpu		: yes
fpu_exception	: yes
cpuid level	: 13
wp		: yes
flags		: fpu vme de pse tsc msr pae mce cx8 apic mtrr pge mca cmov pat pse36 clflush mmx fxsr sse sse2 ss ht syscall nx rdtscp lm constant_tsc nonstop_tsc aperfmperf pni pclmulqdq ssse3 cx16 pcid sse4_1 sse4_2 x2apic popcnt aes xsave avx hypervisor lahf_lm ida arat epb pln pts dtherm
bogomips	: 5386.00
clflush size	: 64
cache_alignment	: 64
address sizes	: 36 bits physical, 48 bits virtual
power management:

processor	: 1
vendor_id	: GenuineIntel
cpu family	: 6
model		: 42
model name	: Intel(R) Core(TM) i7-2620M CPU @ 2.70GHz
stepping	: 7
cpu MHz		: 2693.000
cache size	: 4096 KB
physical id	: 0
siblings	: 2
core id		: 1
cpu cores	: 2
apicid		: 1
initial apicid	: 1
fdiv_bug	: no
hlt_bug		: no
f00f_bug	: no
coma_bug	: no
fpu		: yes
fpu_exception	: yes
cpuid level	: 13
wp		: yes
flags		: fpu vme de pse tsc msr pae mce cx8 apic mtrr pge mca cmov pat pse36 clflush mmx fxsr sse sse2 ss ht syscall nx rdtscp lm constant_tsc nonstop_tsc aperfmperf pni pclmulqdq ssse3 cx16 pcid sse4_1 sse4_2 x2apic popcnt aes xsave avx hypervisor lahf_lm ida arat epb pln pts dtherm
bogomips	: 5386.00
clflush size	: 64
cache_alignment	: 64
address sizes	: 36 bits physical, 48 bits virtual
power management:



Memory: 4k page, physical 2838692k(638984k free), swap 783356k(762704k free)

vm_info: OpenJDK Server VM (23.2-b09) for linux-x86 JRE (1.7.0_09-b30), built on Oct 24 2012 18:55:39 by "buildd" with gcc 4.6.3

time: Sat Apr 12 10:37:15 2014
elapsed time: 0 seconds

