#
# A fatal error has been detected by the Java Runtime Environment:
#
#  SIGSEGV (0xb) at pc=0x04b1ac1f, pid=2042, tid=2109070144
#
# JRE version: 7.0_09-b30
# Java VM: OpenJDK Server VM (23.2-b09 mixed mode linux-x86 )
# Problematic frame:
# C  [libOpenNI.so+0x3cc1f]  xnSetSkeletonProfile+0x1f
#
# Failed to write core dump. Core dumps have been disabled. To enable core dumping, try "ulimit -c unlimited" before starting Java again
#
# If you would like to submit a bug report, please include
# instructions on how to reproduce the bug and visit:
#   https://bugs.launchpad.net/ubuntu/+source/openjdk-7/
# The crash happened outside the Java Virtual Machine in native code.
# See problematic frame for where to report the bug.
#

---------------  T H R E A D  ---------------

Current thread (0x80a10000):  JavaThread "Animation Thread" [_thread_in_native, id=2066, stack(0x7db0d000,0x7db5e000)]

siginfo:si_signo=SIGSEGV: si_errno=0, si_code=1 (SEGV_MAPERR), si_addr=0x00000000

Registers:
EAX=0x00010012, EBX=0x04b5cff4, ECX=0x80a00018, EDX=0x80a65958
ESP=0x7db5cce0, EBP=0x05d959a0, ESI=0x00000000, EDI=0x7db5cdb4
EIP=0x04b1ac1f, EFLAGS=0x00010212, CR2=0x00000000

Top of Stack: (sp=0x7db5cce0)
0x7db5cce0:   80a63050 05d93ff4 80a30b40 7db5cdb4
0x7db5ccf0:   05d959a0 006486a0 80a65958 04b1ac00
0x7db5cd00:   00000000 05d93ff4 80a30b40 05d5c969
0x7db5cd10:   00000000 00000002 00000000 00000000
0x7db5cd20:   7db5cdd4 00000000 00000000 80a19558
0x7db5cd30:   05ceeb21 00000000 7db5cdcc 80a19501
0x7db5cd40:   00000000 00000000 b463b740 00000400
0x7db5cd50:   ffffffff 7db5ce00 05ce8fc4 80a19558 

Instructions: (pc=0x04b1ac1f)
0x04b1abff:   00 83 ec 2c b8 12 00 01 00 89 74 24 28 8b 74 24
0x04b1ac0f:   30 89 5c 24 24 e8 3e 19 fd ff 81 c3 db 23 04 00
0x04b1ac1f:   8b 16 8b 4a 08 85 c9 74 48 8b 52 04 8b 12 81 e2
0x04b1ac2f:   00 00 00 02 74 3b 8b 46 24 c7 44 24 1c 00 00 00 

Register to memory mapping:

EAX=0x00010012 is an unknown value
EBX=0x04b5cff4: <offset 0x7eff4> in /usr/lib/libOpenNI.so at 0x04ade000
ECX=0x80a00018 is an unknown value
EDX=0x80a65958 is an unknown value
ESP=0x7db5cce0 is pointing into the stack for thread: 0x80a10000
EBP=0x05d959a0: _ZN7sOpenNI14ContextWrapper14_globalContextE+0 in /home/odairbonin/workspace_oficina_kinect/PrimeiroKinect/lib/user/libSimpleOpenNI32.so at 0x05cdc000
ESI=0x00000000 is an unknown value
EDI=0x7db5cdb4 is pointing into the stack for thread: 0x80a10000


Stack: [0x7db0d000,0x7db5e000],  sp=0x7db5cce0,  free space=319k
Native frames: (J=compiled Java code, j=interpreted, Vv=VM code, C=native code)
C  [libOpenNI.so+0x3cc1f]  xnSetSkeletonProfile+0x1f

Java frames: (J=compiled Java code, j=interpreted, Vv=VM code)
j  SimpleOpenNI.SimpleOpenNIJNI.ContextWrapper_enableUserSwigExplicitContextWrapper(JLSimpleOpenNI/ContextWrapper;I)Z+0
j  SimpleOpenNI.ContextWrapper.enableUser(I)Z+28
j  SimpleOpenNI.SimpleOpenNI.enableUser(ILjava/lang/Object;)Z+17
j  SimpleOpenNI.SimpleOpenNI.enableUser(I)Z+6
j  primeirokinect.PrimeiroKinect.setup()V+43
j  processing.core.PApplet.handleDraw()V+196
j  processing.core.PGraphicsJava2D.requestDraw()V+4
j  processing.core.PApplet.run()V+176
j  java.lang.Thread.run()V+11
v  ~StubRoutines::call_stub

---------------  P R O C E S S  ---------------

Java Threads: ( => current thread )
=>0x80a10000 JavaThread "Animation Thread" [_thread_in_native, id=2066, stack(0x7db0d000,0x7db5e000)]
  0x80a04000 JavaThread "AWT-EventQueue-1" [_thread_blocked, id=2065, stack(0x7db5e000,0x7dbaf000)]
  0xb7608000 JavaThread "DestroyJavaVM" [_thread_blocked, id=2047, stack(0xb7721000,0xb7772000)]
  0x7dc6f400 JavaThread "AWT-EventQueue-0" [_thread_blocked, id=2063, stack(0x7dbaf000,0x7dc00000)]
  0x7dc68400 JavaThread "AWT-Shutdown" [_thread_blocked, id=2062, stack(0x7dd0d000,0x7dd5e000)]
  0x7dc46c00 JavaThread "thread applet-primeirokinect.PrimeiroKinect.class" [_thread_blocked, id=2061, stack(0x7dd5e000,0x7ddaf000)]
  0x7dc2e400 JavaThread "AWT-XAWT" daemon [_thread_in_native, id=2059, stack(0x7ddaf000,0x7de00000)]
  0x7def4c00 JavaThread "Java2D Disposer" daemon [_thread_blocked, id=2058, stack(0x7df05000,0x7df56000)]
  0x80998400 JavaThread "Service Thread" daemon [_thread_blocked, id=2056, stack(0x7dfd7000,0x7e028000)]
  0x80996800 JavaThread "C2 CompilerThread1" daemon [_thread_blocked, id=2055, stack(0x7e028000,0x7e0a9000)]
  0x80994400 JavaThread "C2 CompilerThread0" daemon [_thread_blocked, id=2054, stack(0x7e0a9000,0x7e12a000)]
  0x80992c00 JavaThread "Signal Dispatcher" daemon [_thread_blocked, id=2053, stack(0x7e12a000,0x7e17b000)]
  0x80950800 JavaThread "Finalizer" daemon [_thread_blocked, id=2052, stack(0x7e37b000,0x7e3cc000)]
  0x8094ec00 JavaThread "Reference Handler" daemon [_thread_blocked, id=2051, stack(0x7e3cc000,0x7e41d000)]

Other Threads:
  0x80948800 VMThread [stack: 0x7e41d000,0x7e49e000] [id=2050]
  0x8099a000 WatcherThread [stack: 0x7df56000,0x7dfd7000] [id=2057]

VM state:not at safepoint (normal execution)

VM Mutex/Monitor currently owned by a thread: None

Heap
 PSYoungGen      total 12992K, used 9710K [0xa5de0000, 0xa6c50000, 0xb4530000)
  eden space 11200K, 86% used [0xa5de0000,0xa675bb10,0xa68d0000)
  from space 1792K, 0% used [0xa6a90000,0xa6a90000,0xa6c50000)
  to   space 1792K, 0% used [0xa68d0000,0xa68d0000,0xa6a90000)
 ParOldGen       total 29632K, used 0K [0x88f30000, 0x8ac20000, 0xa5de0000)
  object space 29632K, 0% used [0x88f30000,0x88f30000,0x8ac20000)
 PSPermGen       total 16384K, used 7419K [0x80f30000, 0x81f30000, 0x88f30000)
  object space 16384K, 45% used [0x80f30000,0x8166ed18,0x81f30000)

Card table byte_map: [0x80d94000,0x80f30000] byte_map_base: 0x8098c680

Polling page: 0xb7787000

Code Cache  [0xb45f8000, 0xb4838000, 0xb75f8000)
 total_blobs=321 nmethods=24 adapters=250 free_code_cache=48752Kb largest_free_block=49905408

Compilation events (10 events):
Event: 0.542 Thread 0x80996800   20             java.lang.String::getChars (62 bytes)
Event: 0.542 Thread 0x80994400   21             java.lang.AbstractStringBuilder::append (48 bytes)
Event: 0.543 Thread 0x80996800 nmethod 20 0xb4658848 code [0xb4658940, 0xb4658a90]
Event: 0.546 Thread 0x80994400 nmethod 21 0xb4656788 code [0xb46568a0, 0xb4656c70]
Event: 0.569 Thread 0x80996800   22             java.lang.StringBuilder::append (8 bytes)
Event: 0.581 Thread 0x80996800 nmethod 22 0xb4655f48 code [0xb4656060, 0xb4656430]
Event: 0.646 Thread 0x80996800   23             java.lang.Class::searchMethods (90 bytes)
Event: 0.647 Thread 0x80994400   24             java.lang.reflect.Method::getName (5 bytes)
Event: 0.647 Thread 0x80994400 nmethod 24 0xb465e608 code [0xb465e6e0, 0xb465e730]
Event: 0.653 Thread 0x80996800 nmethod 23 0xb465ca48 code [0xb465cb80, 0xb465ce04]

GC Heap History (0 events):
No events

Deoptimization events (4 events):
Event: 0.290 Thread 0x7dc6f400 Uncommon trap -34 fr.pc 0xb4645c28
Event: 0.290 Thread 0x7dc6f400 Uncommon trap -34 fr.pc 0xb4645c28
Event: 0.291 Thread 0x7dc6f400 Uncommon trap -34 fr.pc 0xb4645c28
Event: 0.291 Thread 0x7dc6f400 Uncommon trap -34 fr.pc 0xb4645c28

Internal exceptions (10 events):
Event: 0.517 Thread 0x7dc46c00 Threw 0xa60d5a18 at /build/buildd/openjdk-7-7u9-2.3.3/build/openjdk/hotspot/src/share/vm/prims/jvm.cpp:1166
Event: 0.535 Thread 0x7dc46c00 Threw 0xa639ac58 at /build/buildd/openjdk-7-7u9-2.3.3/build/openjdk/hotspot/src/share/vm/prims/jvm.cpp:1166
Event: 0.540 Thread 0x80a10000 Threw 0xa6403bf0 at /build/buildd/openjdk-7-7u9-2.3.3/build/openjdk/hotspot/src/share/vm/prims/jvm.cpp:1166
Event: 0.584 Thread 0x80a10000 Threw 0xa6409a00 at /build/buildd/openjdk-7-7u9-2.3.3/build/openjdk/hotspot/src/share/vm/prims/jvm.cpp:1166
Event: 0.616 Thread 0x80a10000 Threw 0xa6422850 at /build/buildd/openjdk-7-7u9-2.3.3/build/openjdk/hotspot/src/share/vm/prims/jvm.cpp:1166
Event: 0.617 Thread 0x80a10000 Threw 0xa642af18 at /build/buildd/openjdk-7-7u9-2.3.3/build/openjdk/hotspot/src/share/vm/prims/jvm.cpp:1166
Event: 0.626 Thread 0x80a10000 Threw 0xa66a7a20 at /build/buildd/openjdk-7-7u9-2.3.3/build/openjdk/hotspot/src/share/vm/prims/jvm.cpp:1166
Event: 0.636 Thread 0x80a10000 Threw 0xa66bcb88 at /build/buildd/openjdk-7-7u9-2.3.3/build/openjdk/hotspot/src/share/vm/prims/jvm.cpp:1166
Event: 0.637 Thread 0x80a10000 Threw 0xa66c34e8 at /build/buildd/openjdk-7-7u9-2.3.3/build/openjdk/hotspot/src/share/vm/prims/jvm.cpp:1166
Event: 0.639 Thread 0x80a10000 Threw 0xa66f56b8 at /build/buildd/openjdk-7-7u9-2.3.3/build/openjdk/hotspot/src/share/vm/prims/jvm.cpp:1166

Events (10 events):
Event: 0.643 loading class 0x80a62860 done
Event: 0.644 loading class 0x7de1f688 done
Event: 0.644 loading class 0x7de1f5c8
Event: 0.644 loading class 0x7de1f5c8 done
Event: 0.644 loading class 0x7de1f6e0
Event: 0.644 loading class 0x7de1f6e0 done
Event: 0.644 loading class 0x809c4f90
Event: 0.644 loading class 0x809c4f90 done
Event: 0.645 loading class 0x7de1d8e0
Event: 0.645 loading class 0x7de1d8e0 done


Dynamic libraries:
00110000-00126000 r-xp 00000000 08:01 2098042    /lib/i386-linux-gnu/libnsl-2.15.so
00126000-00127000 r--p 00015000 08:01 2098042    /lib/i386-linux-gnu/libnsl-2.15.so
00127000-00128000 rw-p 00016000 08:01 2098042    /lib/i386-linux-gnu/libnsl-2.15.so
00128000-0012a000 rw-p 00000000 00:00 0 
0012a000-0012e000 r-xp 00000000 08:01 1704744    /usr/lib/i386-linux-gnu/libXfixes.so.3.1.0
0012e000-0012f000 r--p 00004000 08:01 1704744    /usr/lib/i386-linux-gnu/libXfixes.so.3.1.0
0012f000-00130000 rw-p 00005000 08:01 1704744    /usr/lib/i386-linux-gnu/libXfixes.so.3.1.0
00132000-00159000 r-xp 00000000 08:01 1837354    /usr/lib/jvm/java-7-openjdk-i386/jre/lib/i386/libjava.so
00159000-0015a000 r--p 00026000 08:01 1837354    /usr/lib/jvm/java-7-openjdk-i386/jre/lib/i386/libjava.so
0015a000-0015b000 rw-p 00027000 08:01 1837354    /usr/lib/jvm/java-7-openjdk-i386/jre/lib/i386/libjava.so
0015b000-00166000 r-xp 00000000 08:01 2098026    /lib/i386-linux-gnu/libnss_files-2.15.so
00166000-00167000 r--p 0000a000 08:01 2098026    /lib/i386-linux-gnu/libnss_files-2.15.so
00167000-00168000 rw-p 0000b000 08:01 2098026    /lib/i386-linux-gnu/libnss_files-2.15.so
00168000-00170000 r-xp 00000000 08:01 1706435    /usr/lib/i386-linux-gnu/libXrender.so.1.3.0
00170000-00171000 r--p 00007000 08:01 1706435    /usr/lib/i386-linux-gnu/libXrender.so.1.3.0
00171000-00172000 rw-p 00008000 08:01 1706435    /usr/lib/i386-linux-gnu/libXrender.so.1.3.0
00172000-00180000 r-xp 00000000 08:01 1707177    /usr/lib/i386-linux-gnu/libXi.so.6.1.0
00180000-00181000 r--p 0000d000 08:01 1707177    /usr/lib/i386-linux-gnu/libXi.so.6.1.0
00181000-00182000 rw-p 0000e000 08:01 1707177    /usr/lib/i386-linux-gnu/libXi.so.6.1.0
00182000-0018d000 r-xp 00000000 08:01 1708068    /usr/lib/i386-linux-gnu/libpangocairo-1.0.so.0.3000.0
0018d000-0018e000 r--p 0000a000 08:01 1708068    /usr/lib/i386-linux-gnu/libpangocairo-1.0.so.0.3000.0
0018e000-0018f000 rw-p 0000b000 08:01 1708068    /usr/lib/i386-linux-gnu/libpangocairo-1.0.so.0.3000.0
0018f000-00191000 r-xp 00000000 08:01 1705578    /usr/lib/i386-linux-gnu/libXinerama.so.1.0.0
00191000-00192000 r--p 00001000 08:01 1705578    /usr/lib/i386-linux-gnu/libXinerama.so.1.0.0
00192000-00193000 rw-p 00002000 08:01 1705578    /usr/lib/i386-linux-gnu/libXinerama.so.1.0.0
00193000-00195000 r-xp 00000000 08:01 1707118    /usr/lib/i386-linux-gnu/libXdamage.so.1.1.0
00195000-00196000 r--p 00001000 08:01 1707118    /usr/lib/i386-linux-gnu/libXdamage.so.1.1.0
00196000-00197000 rw-p 00002000 08:01 1707118    /usr/lib/i386-linux-gnu/libXdamage.so.1.1.0
00198000-001a2000 r-xp 00000000 08:01 2098030    /lib/i386-linux-gnu/libnss_nis-2.15.so
001a2000-001a3000 r--p 00009000 08:01 2098030    /lib/i386-linux-gnu/libnss_nis-2.15.so
001a3000-001a4000 rw-p 0000a000 08:01 2098030    /lib/i386-linux-gnu/libnss_nis-2.15.so
001a4000-00234000 r-xp 00000000 08:01 1837357    /usr/lib/jvm/java-7-openjdk-i386/jre/lib/i386/libawt.so
00234000-00235000 r--p 00090000 08:01 1837357    /usr/lib/jvm/java-7-openjdk-i386/jre/lib/i386/libawt.so
00235000-0023c000 rw-p 00091000 08:01 1837357    /usr/lib/jvm/java-7-openjdk-i386/jre/lib/i386/libawt.so
0023c000-00260000 rw-p 00000000 00:00 0 
00260000-00267000 r-xp 00000000 08:01 1709192    /usr/lib/i386-linux-gnu/libXrandr.so.2.2.0
00267000-00268000 r--p 00006000 08:01 1709192    /usr/lib/i386-linux-gnu/libXrandr.so.2.2.0
00268000-00269000 rw-p 00007000 08:01 1709192    /usr/lib/i386-linux-gnu/libXrandr.so.2.2.0
00269000-00272000 r-xp 00000000 08:01 1709176    /usr/lib/i386-linux-gnu/libXcursor.so.1.0.2
00272000-00273000 r--p 00008000 08:01 1709176    /usr/lib/i386-linux-gnu/libXcursor.so.1.0.2
00273000-00274000 rw-p 00009000 08:01 1709176    /usr/lib/i386-linux-gnu/libXcursor.so.1.0.2
00274000-00417000 r-xp 00000000 08:01 2098022    /lib/i386-linux-gnu/libc-2.15.so
00417000-00418000 ---p 001a3000 08:01 2098022    /lib/i386-linux-gnu/libc-2.15.so
00418000-0041a000 r--p 001a3000 08:01 2098022    /lib/i386-linux-gnu/libc-2.15.so
0041a000-0041b000 rw-p 001a5000 08:01 2098022    /lib/i386-linux-gnu/libc-2.15.so
0041b000-0041e000 rw-p 00000000 00:00 0 
0041e000-00470000 r-xp 00000000 08:01 1969852    /usr/lib/jvm/java-7-openjdk-i386/jre/lib/i386/xawt/libmawt.so
00470000-00471000 r--p 00051000 08:01 1969852    /usr/lib/jvm/java-7-openjdk-i386/jre/lib/i386/xawt/libmawt.so
00471000-00473000 rw-p 00052000 08:01 1969852    /usr/lib/jvm/java-7-openjdk-i386/jre/lib/i386/xawt/libmawt.so
00473000-00474000 rw-p 00000000 00:00 0 
00474000-00493000 r-xp 00000000 08:01 1708382    /usr/lib/i386-linux-gnu/libgdk_pixbuf-2.0.so.0.2600.1
00493000-00494000 r--p 0001e000 08:01 1708382    /usr/lib/i386-linux-gnu/libgdk_pixbuf-2.0.so.0.2600.1
00494000-00495000 rw-p 0001f000 08:01 1708382    /usr/lib/i386-linux-gnu/libgdk_pixbuf-2.0.so.0.2600.1
00495000-004c7000 r-xp 00000000 08:01 1704163    /usr/lib/i386-linux-gnu/libfontconfig.so.1.4.4
004c7000-004c8000 r--p 00032000 08:01 1704163    /usr/lib/i386-linux-gnu/libfontconfig.so.1.4.4
004c8000-004c9000 rw-p 00033000 08:01 1704163    /usr/lib/i386-linux-gnu/libfontconfig.so.1.4.4
004c9000-004cc000 r-xp 00000000 08:01 1705745    /usr/lib/i386-linux-gnu/libgmodule-2.0.so.0.3200.3
004cc000-004cd000 r--p 00002000 08:01 1705745    /usr/lib/i386-linux-gnu/libgmodule-2.0.so.0.3200.3
004cd000-004ce000 rw-p 00003000 08:01 1705745    /usr/lib/i386-linux-gnu/libgmodule-2.0.so.0.3200.3
004ce000-004d3000 r-xp 00000000 08:01 1706441    /usr/lib/i386-linux-gnu/libffi.so.6.0.0
004d3000-004d4000 r--p 00004000 08:01 1706441    /usr/lib/i386-linux-gnu/libffi.so.6.0.0
004d4000-004d5000 rw-p 00005000 08:01 1706441    /usr/lib/i386-linux-gnu/libffi.so.6.0.0
004d5000-004d7000 r-xp 00000000 08:01 1705108    /usr/lib/i386-linux-gnu/libXau.so.6.0.0
004d7000-004d8000 r--p 00001000 08:01 1705108    /usr/lib/i386-linux-gnu/libXau.so.6.0.0
004d8000-004d9000 rw-p 00002000 08:01 1705108    /usr/lib/i386-linux-gnu/libXau.so.6.0.0
004d9000-005b1000 r-xp 00000000 08:01 1704289    /usr/lib/i386-linux-gnu/libstdc++.so.6.0.16
005b1000-005b2000 ---p 000d8000 08:01 1704289    /usr/lib/i386-linux-gnu/libstdc++.so.6.0.16
005b2000-005b6000 r--p 000d8000 08:01 1704289    /usr/lib/i386-linux-gnu/libstdc++.so.6.0.16
005b6000-005b7000 rw-p 000dc000 08:01 1704289    /usr/lib/i386-linux-gnu/libstdc++.so.6.0.16
005b7000-005be000 rw-p 00000000 00:00 0 
005be000-00605000 r-xp 00000000 08:01 1705072    /usr/lib/i386-linux-gnu/libpango-1.0.so.0.3000.0
00605000-00606000 ---p 00047000 08:01 1705072    /usr/lib/i386-linux-gnu/libpango-1.0.so.0.3000.0
00606000-00607000 r--p 00047000 08:01 1705072    /usr/lib/i386-linux-gnu/libpango-1.0.so.0.3000.0
00607000-00608000 rw-p 00048000 08:01 1705072    /usr/lib/i386-linux-gnu/libpango-1.0.so.0.3000.0
00608000-00627000 r-xp 00000000 08:01 1706429    /usr/lib/i386-linux-gnu/libxcb.so.1.1.0
00627000-00628000 r--p 0001f000 08:01 1706429    /usr/lib/i386-linux-gnu/libxcb.so.1.1.0
00628000-00629000 rw-p 00020000 08:01 1706429    /usr/lib/i386-linux-gnu/libxcb.so.1.1.0
00629000-0062e000 r-xp 00000000 08:01 1706425    /usr/lib/i386-linux-gnu/libXdmcp.so.6.0.0
0062e000-0062f000 r--p 00004000 08:01 1706425    /usr/lib/i386-linux-gnu/libXdmcp.so.6.0.0
0062f000-00630000 rw-p 00005000 08:01 1706425    /usr/lib/i386-linux-gnu/libXdmcp.so.6.0.0
00630000-00632000 r-xp 00000000 08:01 2098185    /lib/i386-linux-gnu/libkeyutils.so.1.4
00632000-00633000 r--p 00002000 08:01 2098185    /lib/i386-linux-gnu/libkeyutils.so.1.4
00633000-00634000 rw-p 00003000 08:01 2098185    /lib/i386-linux-gnu/libkeyutils.so.1.4
00634000-00654000 r-xp 00000000 08:01 2098034    /lib/i386-linux-gnu/ld-2.15.so
00654000-00655000 r--p 0001f000 08:01 2098034    /lib/i386-linux-gnu/ld-2.15.so
00655000-00656000 rw-p 00020000 08:01 2098034    /lib/i386-linux-gnu/ld-2.15.so
00656000-00673000 r-xp 00000000 08:01 1704114    /usr/lib/i386-linux-gnu/libatk-1.0.so.0.20409.1
00673000-00675000 r--p 0001c000 08:01 1704114    /usr/lib/i386-linux-gnu/libatk-1.0.so.0.20409.1
00675000-00676000 rw-p 0001e000 08:01 1704114    /usr/lib/i386-linux-gnu/libatk-1.0.so.0.20409.1
00676000-00693000 r-xp 00000000 08:01 2097208    /lib/i386-linux-gnu/libselinux.so.1
00693000-00694000 r--p 0001c000 08:01 2097208    /lib/i386-linux-gnu/libselinux.so.1
00694000-00695000 rw-p 0001d000 08:01 2097208    /lib/i386-linux-gnu/libselinux.so.1
00695000-0069d000 r-xp 00000000 08:01 1706431    /usr/lib/i386-linux-gnu/libxcb-render.so.0.0.0
0069d000-0069e000 r--p 00008000 08:01 1706431    /usr/lib/i386-linux-gnu/libxcb-render.so.0.0.0
0069e000-0069f000 rw-p 00009000 08:01 1706431    /usr/lib/i386-linux-gnu/libxcb-render.so.0.0.0
006a1000-006cb000 r-xp 00000000 08:01 2098033    /lib/i386-linux-gnu/libm-2.15.so
006cb000-006cc000 r--p 00029000 08:01 2098033    /lib/i386-linux-gnu/libm-2.15.so
006cc000-006cd000 rw-p 0002a000 08:01 2098033    /lib/i386-linux-gnu/libm-2.15.so
006cd000-006e0000 r-xp 00000000 08:01 2098027    /lib/i386-linux-gnu/libresolv-2.15.so
006e0000-006e1000 ---p 00013000 08:01 2098027    /lib/i386-linux-gnu/libresolv-2.15.so
006e1000-006e2000 r--p 00013000 08:01 2098027    /lib/i386-linux-gnu/libresolv-2.15.so
006e2000-006e3000 rw-p 00014000 08:01 2098027    /lib/i386-linux-gnu/libresolv-2.15.so
006e3000-006e5000 rw-p 00000000 00:00 0 
006e5000-006f1000 r-xp 00000000 08:01 1705828    /usr/lib/i386-linux-gnu/libavahi-common.so.3.5.3
006f1000-006f2000 r--p 0000b000 08:01 1705828    /usr/lib/i386-linux-gnu/libavahi-common.so.3.5.3
006f2000-006f3000 rw-p 0000c000 08:01 1705828    /usr/lib/i386-linux-gnu/libavahi-common.so.3.5.3
006f7000-006fe000 r-xp 00000000 08:01 2098029    /lib/i386-linux-gnu/librt-2.15.so
006fe000-006ff000 r--p 00006000 08:01 2098029    /lib/i386-linux-gnu/librt-2.15.so
006ff000-00700000 rw-p 00007000 08:01 2098029    /lib/i386-linux-gnu/librt-2.15.so
00700000-007ab000 r-xp 00000000 08:01 1707113    /usr/lib/i386-linux-gnu/libgdk-x11-2.0.so.0.2400.10
007ab000-007ac000 ---p 000ab000 08:01 1707113    /usr/lib/i386-linux-gnu/libgdk-x11-2.0.so.0.2400.10
007ac000-007ae000 r--p 000ab000 08:01 1707113    /usr/lib/i386-linux-gnu/libgdk-x11-2.0.so.0.2400.10
007ae000-007af000 rw-p 000ad000 08:01 1707113    /usr/lib/i386-linux-gnu/libgdk-x11-2.0.so.0.2400.10
007af000-007bf000 r-xp 00000000 08:01 1706813    /usr/lib/i386-linux-gnu/libavahi-client.so.3.2.9
007bf000-007c0000 r--p 0000f000 08:01 1706813    /usr/lib/i386-linux-gnu/libavahi-client.so.3.2.9
007c0000-007c1000 rw-p 00010000 08:01 1706813    /usr/lib/i386-linux-gnu/libavahi-client.so.3.2.9
007c1000-007c4000 r-xp 00000000 08:01 2097187    /lib/i386-linux-gnu/libcom_err.so.2.1
007c4000-007c5000 r--p 00002000 08:01 2097187    /lib/i386-linux-gnu/libcom_err.so.2.1
007c5000-007c6000 rw-p 00003000 08:01 2097187    /lib/i386-linux-gnu/libcom_err.so.2.1
007c6000-007cd000 r-xp 00000000 08:01 1708190    /usr/lib/i386-linux-gnu/libkrb5support.so.0.1
007cd000-007ce000 r--p 00006000 08:01 1708190    /usr/lib/i386-linux-gnu/libkrb5support.so.0.1
007ce000-007cf000 rw-p 00007000 08:01 1708190    /usr/lib/i386-linux-gnu/libkrb5support.so.0.1
007cf000-007d2000 r-xp 00000000 08:01 2098070    /lib/i386-linux-gnu/libgpg-error.so.0.8.0
007d2000-007d3000 r--p 00002000 08:01 2098070    /lib/i386-linux-gnu/libgpg-error.so.0.8.0
007d3000-007d4000 rw-p 00003000 08:01 2098070    /lib/i386-linux-gnu/libgpg-error.so.0.8.0
007d8000-007db000 r-xp 00000000 08:01 2098037    /lib/i386-linux-gnu/libdl-2.15.so
007db000-007dc000 r--p 00002000 08:01 2098037    /lib/i386-linux-gnu/libdl-2.15.so
007dc000-007dd000 rw-p 00003000 08:01 2098037    /lib/i386-linux-gnu/libdl-2.15.so
007dd000-0082a000 r-xp 00000000 08:01 1705746    /usr/lib/i386-linux-gnu/libgobject-2.0.so.0.3200.3
0082a000-0082b000 r--p 0004c000 08:01 1705746    /usr/lib/i386-linux-gnu/libgobject-2.0.so.0.3200.3
0082b000-0082c000 rw-p 0004d000 08:01 1705746    /usr/lib/i386-linux-gnu/libgobject-2.0.so.0.3200.3
0082c000-00856000 r-xp 00000000 08:01 1708070    /usr/lib/i386-linux-gnu/libpangoft2-1.0.so.0.3000.0
00856000-00857000 r--p 00029000 08:01 1708070    /usr/lib/i386-linux-gnu/libpangoft2-1.0.so.0.3000.0
00857000-00858000 rw-p 0002a000 08:01 1708070    /usr/lib/i386-linux-gnu/libpangoft2-1.0.so.0.3000.0
00858000-00868000 r-xp 00000000 08:01 1704083    /usr/lib/i386-linux-gnu/libtasn1.so.3.1.12
00868000-00869000 r--p 0000f000 08:01 1704083    /usr/lib/i386-linux-gnu/libtasn1.so.3.1.12
00869000-0086a000 rw-p 00010000 08:01 1704083    /usr/lib/i386-linux-gnu/libtasn1.so.3.1.12
0086a000-00878000 r-xp 00000000 08:01 2097259    /lib/i386-linux-gnu/libusb-1.0.so.0.1.0
00878000-00879000 r--p 0000d000 08:01 2097259    /lib/i386-linux-gnu/libusb-1.0.so.0.1.0
00879000-0087a000 rw-p 0000e000 08:01 2097259    /lib/i386-linux-gnu/libusb-1.0.so.0.1.0
0087b000-00892000 r-xp 00000000 08:01 2098031    /lib/i386-linux-gnu/libpthread-2.15.so
00892000-00893000 r--p 00016000 08:01 2098031    /lib/i386-linux-gnu/libpthread-2.15.so
00893000-00894000 rw-p 00017000 08:01 2098031    /lib/i386-linux-gnu/libpthread-2.15.so
00894000-00896000 rw-p 00000000 00:00 0 
00896000-0098d000 r-xp 00000000 08:01 2098053    /lib/i386-linux-gnu/libglib-2.0.so.0.3200.3
0098d000-0098e000 r--p 000f6000 08:01 2098053    /lib/i386-linux-gnu/libglib-2.0.so.0.3200.3
0098e000-0098f000 rw-p 000f7000 08:01 2098053    /lib/i386-linux-gnu/libglib-2.0.so.0.3200.3
0098f000-009b5000 r-xp 00000000 08:01 2097180    /lib/i386-linux-gnu/libexpat.so.1.5.2
009b5000-009b6000 ---p 00026000 08:01 2097180    /lib/i386-linux-gnu/libexpat.so.1.5.2
009b6000-009b8000 r--p 00026000 08:01 2097180    /lib/i386-linux-gnu/libexpat.so.1.5.2
009b8000-009b9000 rw-p 00028000 08:01 2097180    /lib/i386-linux-gnu/libexpat.so.1.5.2
009ba000-009bc000 r-xp 00000000 08:01 1706433    /usr/lib/i386-linux-gnu/libxcb-shm.so.0.0.0
009bc000-009bd000 r--p 00001000 08:01 1706433    /usr/lib/i386-linux-gnu/libxcb-shm.so.0.0.0
009bd000-009be000 rw-p 00002000 08:01 1706433    /usr/lib/i386-linux-gnu/libxcb-shm.so.0.0.0
009c2000-009d2000 r-xp 00000000 08:01 1707120    /usr/lib/i386-linux-gnu/libXext.so.6.4.0
009d2000-009d3000 r--p 0000f000 08:01 1707120    /usr/lib/i386-linux-gnu/libXext.so.6.4.0
009d3000-009d4000 rw-p 00010000 08:01 1707120    /usr/lib/i386-linux-gnu/libXext.so.6.4.0
009d4000-009e4000 r-xp 00000000 08:01 1707354    /usr/lib/i386-linux-gnu/libp11-kit.so.0.0.0
009e4000-009e5000 r--p 0000f000 08:01 1707354    /usr/lib/i386-linux-gnu/libp11-kit.so.0.0.0
009e5000-009e6000 rw-p 00010000 08:01 1707354    /usr/lib/i386-linux-gnu/libp11-kit.so.0.0.0
009e7000-009f3000 r-xp 00000000 08:01 1837379    /usr/lib/jvm/java-7-openjdk-i386/jre/lib/i386/libverify.so
009f3000-009f4000 r--p 0000b000 08:01 1837379    /usr/lib/jvm/java-7-openjdk-i386/jre/lib/i386/libverify.so
009f4000-009f5000 rw-p 0000c000 08:01 1837379    /usr/lib/jvm/java-7-openjdk-i386/jre/lib/i386/libverify.so
009f5000-00a44000 r-xp 00000000 08:01 1707492    /usr/lib/i386-linux-gnu/libcups.so.2
00a44000-00a47000 r--p 0004e000 08:01 1707492    /usr/lib/i386-linux-gnu/libcups.so.2
00a47000-00a48000 rw-p 00051000 08:01 1707492    /usr/lib/i386-linux-gnu/libcups.so.2
00a48000-00a82000 r-xp 00000000 08:01 2098175    /lib/i386-linux-gnu/libpcre.so.3.12.1
00a82000-00a83000 r--p 00039000 08:01 2098175    /lib/i386-linux-gnu/libpcre.so.3.12.1
00a83000-00a84000 rw-p 0003a000 08:01 2098175    /lib/i386-linux-gnu/libpcre.so.3.12.1
00a87000-00a93000 r-xp 00000000 08:01 1837363    /usr/lib/jvm/java-7-openjdk-i386/jre/lib/i386/jli/libjli.so
00a93000-00a94000 r--p 0000c000 08:01 1837363    /usr/lib/jvm/java-7-openjdk-i386/jre/lib/i386/jli/libjli.so
00a94000-00a95000 rw-p 0000d000 08:01 1837363    /usr/lib/jvm/java-7-openjdk-i386/jre/lib/i386/jli/libjli.so
00a95000-00bc5000 r-xp 00000000 08:01 1709768    /usr/lib/i386-linux-gnu/libX11.so.6.3.0
00bc5000-00bc6000 r--p 0012f000 08:01 1709768    /usr/lib/i386-linux-gnu/libX11.so.6.3.0
00bc6000-00bc8000 rw-p 00130000 08:01 1709768    /usr/lib/i386-linux-gnu/libX11.so.6.3.0
00bc8000-00bc9000 rw-p 00000000 00:00 0 
00bc9000-00bcc000 r-xp 00000000 08:01 1708043    /usr/lib/libXnCore.so
00bcc000-00bcd000 r--p 00002000 08:01 1708043    /usr/lib/libXnCore.so
00bcd000-00bce000 rw-p 00003000 08:01 1708043    /usr/lib/libXnCore.so
00bd5000-00bf1000 r-xp 00000000 08:01 2098084    /lib/i386-linux-gnu/libgcc_s.so.1
00bf1000-00bf2000 r--p 0001b000 08:01 2098084    /lib/i386-linux-gnu/libgcc_s.so.1
00bf2000-00bf3000 rw-p 0001c000 08:01 2098084    /lib/i386-linux-gnu/libgcc_s.so.1
00bf3000-00c2e000 r-xp 00000000 08:01 1704422    /usr/lib/i386-linux-gnu/libgssapi_krb5.so.2.2
00c2e000-00c2f000 ---p 0003b000 08:01 1704422    /usr/lib/i386-linux-gnu/libgssapi_krb5.so.2.2
00c2f000-00c30000 r--p 0003b000 08:01 1704422    /usr/lib/i386-linux-gnu/libgssapi_krb5.so.2.2
00c30000-00c31000 rw-p 0003c000 08:01 1704422    /usr/lib/i386-linux-gnu/libgssapi_krb5.so.2.2
00c31000-00c59000 r-xp 00000000 08:01 2097257    /lib/i386-linux-gnu/libpng12.so.0.46.0
00c59000-00c5a000 r--p 00027000 08:01 2097257    /lib/i386-linux-gnu/libpng12.so.0.46.0
00c5a000-00c5b000 rw-p 00028000 08:01 2097257    /lib/i386-linux-gnu/libpng12.so.0.46.0
00c5b000-00c6c000 r-xp 00000000 08:01 1837358    /usr/lib/jvm/java-7-openjdk-i386/jre/lib/i386/libnio.so
00c6c000-00c6d000 r--p 00010000 08:01 1837358    /usr/lib/jvm/java-7-openjdk-i386/jre/lib/i386/libnio.so
00c6d000-00c6e000 rw-p 00011000 08:01 1837358    /usr/lib/jvm/java-7-openjdk-i386/jre/lib/i386/libnio.so
00c6e000-00c6f000 r-xp 00000000 00:00 0          [vdso]
00c6f000-00c95000 r-xp 00000000 08:01 1705544    /usr/lib/i386-linux-gnu/libk5crypto.so.3.1
00c95000-00c96000 r--p 00025000 08:01 1705544    /usr/lib/i386-linux-gnu/libk5crypto.so.3.1
00c96000-00c97000 rw-p 00026000 08:01 1705544    /usr/lib/i386-linux-gnu/libk5crypto.so.3.1
00c97000-00cd1000 r-xp 00000000 08:01 1837391    /usr/lib/jvm/java-7-openjdk-i386/jre/lib/i386/libfontmanager.so
00cd1000-00cd2000 ---p 0003a000 08:01 1837391    /usr/lib/jvm/java-7-openjdk-i386/jre/lib/i386/libfontmanager.so
00cd2000-00cd3000 r--p 0003a000 08:01 1837391    /usr/lib/jvm/java-7-openjdk-i386/jre/lib/i386/libfontmanager.so
00cd3000-00cd4000 rw-p 0003b000 08:01 1837391    /usr/lib/jvm/java-7-openjdk-i386/jre/lib/i386/libfontmanager.so
00cda000-00cdc000 r-xp 00000000 08:01 1707115    /usr/lib/i386-linux-gnu/libXcomposite.so.1.0.0
00cdc000-00cdd000 r--p 00001000 08:01 1707115    /usr/lib/i386-linux-gnu/libXcomposite.so.1.0.0
00cdd000-00cde000 rw-p 00002000 08:01 1707115    /usr/lib/i386-linux-gnu/libXcomposite.so.1.0.0
00cf2000-00cf7000 r-xp 00000000 08:01 1707424    /usr/lib/i386-linux-gnu/libXtst.so.6.1.0
00cf7000-00cf8000 r--p 00004000 08:01 1707424    /usr/lib/i386-linux-gnu/libXtst.so.6.1.0
00cf8000-00cf9000 rw-p 00005000 08:01 1707424    /usr/lib/i386-linux-gnu/libXtst.so.6.1.0
00cf9000-00d0f000 r-xp 00000000 08:01 1837388    /usr/lib/jvm/java-7-openjdk-i386/jre/lib/i386/libnet.so
00d0f000-00d10000 r--p 00015000 08:01 1837388    /usr/lib/jvm/java-7-openjdk-i386/jre/lib/i386/libnet.so
00d10000-00d11000 rw-p 00016000 08:01 1837388    /usr/lib/jvm/java-7-openjdk-i386/jre/lib/i386/libnet.so
00d27000-00d28000 r-xp 00000000 08:01 1704299    /usr/lib/i386-linux-gnu/libgthread-2.0.so.0.3200.3
00d28000-00d29000 r--p 00000000 08:01 1704299    /usr/lib/i386-linux-gnu/libgthread-2.0.so.0.3200.3
00d29000-00d2a000 rw-p 00001000 08:01 1704299    /usr/lib/i386-linux-gnu/libgthread-2.0.so.0.3200.3
00d2a000-00d71000 r-xp 00000000 08:01 2097236    /lib/i386-linux-gnu/libdbus-1.so.3.5.8
00d71000-00d72000 r--p 00047000 08:01 2097236    /lib/i386-linux-gnu/libdbus-1.so.3.5.8
00d72000-00d73000 rw-p 00048000 08:01 2097236    /lib/i386-linux-gnu/libdbus-1.so.3.5.8
00d90000-00d97000 r-xp 00000000 08:01 2098024    /lib/i386-linux-gnu/libnss_compat-2.15.so
00d97000-00d98000 r--p 00006000 08:01 2098024    /lib/i386-linux-gnu/libnss_compat-2.15.so
00d98000-00d99000 rw-p 00007000 08:01 2098024    /lib/i386-linux-gnu/libnss_compat-2.15.so
00dab000-00db3000 r-xp 00000000 08:01 1837359    /usr/lib/jvm/java-7-openjdk-i386/jre/lib/i386/libzip.so
00db3000-00db4000 r--p 00007000 08:01 1837359    /usr/lib/jvm/java-7-openjdk-i386/jre/lib/i386/libzip.so
00db4000-00db5000 rw-p 00008000 08:01 1837359    /usr/lib/jvm/java-7-openjdk-i386/jre/lib/i386/libzip.so
00dc1000-00dd5000 r-xp 00000000 08:01 2098157    /lib/i386-linux-gnu/libz.so.1.2.3.4
00dd5000-00dd6000 r--p 00013000 08:01 2098157    /lib/i386-linux-gnu/libz.so.1.2.3.4
00dd6000-00dd7000 rw-p 00014000 08:01 2098157    /lib/i386-linux-gnu/libz.so.1.2.3.4
00dd7000-016bc000 r-xp 00000000 08:01 1837373    /usr/lib/jvm/java-7-openjdk-i386/jre/lib/i386/server/libjvm.so
016bc000-01703000 r--p 008e4000 08:01 1837373    /usr/lib/jvm/java-7-openjdk-i386/jre/lib/i386/server/libjvm.so
01703000-01717000 rw-p 0092b000 08:01 1837373    /usr/lib/jvm/java-7-openjdk-i386/jre/lib/i386/server/libjvm.so
01717000-01b33000 rw-p 00000000 00:00 0 
01b33000-01c0d000 r-xp 00000000 08:01 1707368    /usr/lib/libXnVNite_1_5_2.so
01c0d000-01c0f000 r--p 000da000 08:01 1707368    /usr/lib/libXnVNite_1_5_2.so
01c0f000-01c10000 rw-p 000dc000 08:01 1707368    /usr/lib/libXnVNite_1_5_2.so
01c10000-01c3c000 r-xp 00000000 08:01 1713811    /usr/lib/libnimMockNodes.so
01c3c000-01c43000 r--p 0002b000 08:01 1713811    /usr/lib/libnimMockNodes.so
01c43000-01c44000 rw-p 00032000 08:01 1713811    /usr/lib/libnimMockNodes.so
01c44000-01e62000 r-xp 00000000 08:01 1708018    /usr/lib/libXnVFeatures_1_3_1.so
01e62000-01e63000 ---p 0021e000 08:01 1708018    /usr/lib/libXnVFeatures_1_3_1.so
01e63000-01e66000 r--p 0021e000 08:01 1708018    /usr/lib/libXnVFeatures_1_3_1.so
01e66000-01e67000 rw-p 00221000 08:01 1708018    /usr/lib/libXnVFeatures_1_3_1.so
01e67000-01e6c000 rw-p 00000000 00:00 0 
01e6c000-01eec000 r-xp 00000000 08:01 1708046    /usr/lib/libXnDeviceSensorV2KM.so
01eec000-01eed000 ---p 00080000 08:01 1708046    /usr/lib/libXnDeviceSensorV2KM.so
01eed000-01ef5000 r--p 00080000 08:01 1708046    /usr/lib/libXnDeviceSensorV2KM.so
01ef5000-01ef6000 rw-p 00088000 08:01 1708046    /usr/lib/libXnDeviceSensorV2KM.so
01fee000-02078000 r-xp 00000000 08:01 1709462    /usr/lib/libXnDeviceSensorV2.so
02078000-02080000 r--p 0008a000 08:01 1709462    /usr/lib/libXnDeviceSensorV2.so
02080000-02081000 rw-p 00092000 08:01 1709462    /usr/lib/libXnDeviceSensorV2.so
02725000-0290c000 r-xp 00000000 08:01 1708028    /usr/lib/libXnVFeatures_1_4_2.so
0290c000-0290f000 r--p 001e6000 08:01 1708028    /usr/lib/libXnVFeatures_1_4_2.so
0290f000-02910000 rw-p 001e9000 08:01 1708028    /usr/lib/libXnVFeatures_1_4_2.so
02910000-02915000 rw-p 00000000 00:00 0 
02df3000-02e38000 r-xp 00000000 08:01 1708044    /usr/lib/libXnDDK.so
02e38000-02e3a000 r--p 00044000 08:01 1708044    /usr/lib/libXnDDK.so
02e3a000-02e3b000 rw-p 00046000 08:01 1708044    /usr/lib/libXnDDK.so
030a9000-0313c000 r-xp 00000000 08:01 1704171    /usr/lib/i386-linux-gnu/libpixman-1.so.0.24.4
0313c000-03140000 r--p 00092000 08:01 1704171    /usr/lib/i386-linux-gnu/libpixman-1.so.0.24.4
03140000-03141000 rw-p 00096000 08:01 1704171    /usr/lib/i386-linux-gnu/libpixman-1.so.0.24.4
0344c000-03633000 r-xp 00000000 08:01 1708023    /usr/lib/libXnVFeatures_1_4_1.so
03633000-03636000 r--p 001e6000 08:01 1708023    /usr/lib/libXnVFeatures_1_4_1.so
03636000-03637000 rw-p 001e9000 08:01 1708023    /usr/lib/libXnVFeatures_1_4_1.so
03637000-0363c000 rw-p 00000000 00:00 0 
038b9000-03980000 r-xp 00000000 08:01 1706437    /usr/lib/i386-linux-gnu/libcairo.so.2.11000.2
03980000-03981000 r--p 000c7000 08:01 1706437    /usr/lib/i386-linux-gnu/libcairo.so.2.11000.2
03981000-03982000 rw-p 000c8000 08:01 1706437    /usr/lib/i386-linux-gnu/libcairo.so.2.11000.2
03982000-03984000 rw-p 00000000 00:00 0 
03a67000-03bba000 r-xp 00000000 08:01 1705743    /usr/lib/i386-linux-gnu/libgio-2.0.so.0.3200.3
03bba000-03bbc000 r--p 00153000 08:01 1705743    /usr/lib/i386-linux-gnu/libgio-2.0.so.0.3200.3
03bbc000-03bbd000 rw-p 00155000 08:01 1705743    /usr/lib/i386-linux-gnu/libgio-2.0.so.0.3200.3
03bbd000-03bbe000 rw-p 00000000 00:00 0 
03fab000-03fd2000 r-xp 00000000 08:01 1708045    /usr/lib/libXnDeviceFile.so
03fd2000-03fd3000 r--p 00027000 08:01 1708045    /usr/lib/libXnDeviceFile.so
03fd3000-03fd4000 rw-p 00028000 08:01 1708045    /usr/lib/libXnDeviceFile.so
041bb000-041da000 r-xp 00000000 08:01 1713812    /usr/lib/libnimRecorder.so
041da000-041db000 r--p 0001f000 08:01 1713812    /usr/lib/libnimRecorder.so
041db000-041dc000 rw-p 00020000 08:01 1713812    /usr/lib/libnimRecorder.so
04215000-042ea000 r-xp 00000000 08:01 1708040    /usr/lib/libXnVHandGenerator_1_4_2.so
042ea000-042eb000 ---p 000d5000 08:01 1708040    /usr/lib/libXnVHandGenerator_1_4_2.so
042eb000-042ed000 r--p 000d5000 08:01 1708040    /usr/lib/libXnVHandGenerator_1_4_2.so
042ed000-042ee000 rw-p 000d7000 08:01 1708040    /usr/lib/libXnVHandGenerator_1_4_2.so
042ee000-042f0000 rw-p 00000000 00:00 0 
043ab000-047c6000 r-xp 00000000 08:01 1708035    /usr/lib/libXnVFeatures_1_5_2.so
047c6000-047ce000 r--p 0041a000 08:01 1708035    /usr/lib/libXnVFeatures_1_5_2.so
047ce000-047cf000 rw-p 00422000 08:01 1708035    /usr/lib/libXnVFeatures_1_5_2.so
047cf000-047e3000 rw-p 00000000 00:00 0 
04ade000-04b5b000 r-xp 00000000 08:01 1713814    /usr/lib/libOpenNI.so
04b5b000-04b5d000 r--p 0007c000 08:01 1713814    /usr/lib/libOpenNI.so
04b5d000-04b5f000 rw-p 0007e000 08:01 1713814    /usr/lib/libOpenNI.so
05462000-054f7000 r-xp 00000000 08:01 1704168    /usr/lib/i386-linux-gnu/libfreetype.so.6.8.0
054f7000-054fb000 r--p 00094000 08:01 1704168    /usr/lib/i386-linux-gnu/libfreetype.so.6.8.0
054fb000-054fc000 rw-p 00098000 08:01 1704168    /usr/lib/i386-linux-gnu/libfreetype.so.6.8.0
05ae0000-05ba8000 r-xp 00000000 08:01 1705541    /usr/lib/i386-linux-gnu/libkrb5.so.3.3
05ba8000-05bae000 r--p 000c7000 08:01 1705541    /usr/lib/i386-linux-gnu/libkrb5.so.3.3
05bae000-05baf000 rw-p 000cd000 08:01 1705541    /usr/lib/i386-linux-gnu/libkrb5.so.3.3
05cdc000-05d92000 r-xp 00000000 08:01 3803206    /home/odairbonin/workspace_oficina_kinect/PrimeiroKinect/lib/user/libSimpleOpenNI32.so
05d92000-05d94000 r--p 000b5000 08:01 3803206    /home/odairbonin/workspace_oficina_kinect/PrimeiroKinect/lib/user/libSimpleOpenNI32.so
05d94000-05d96000 rw-p 000b7000 08:01 3803206    /home/odairbonin/workspace_oficina_kinect/PrimeiroKinect/lib/user/libSimpleOpenNI32.so
06215000-0624a000 r-xp 00000000 08:01 1713810    /usr/lib/libnimCodecs.so
0624a000-0624c000 r--p 00034000 08:01 1713810    /usr/lib/libnimCodecs.so
0624c000-0624d000 rw-p 00036000 08:01 1713810    /usr/lib/libnimCodecs.so
0624d000-0626d000 rw-p 00000000 00:00 0 
0649c000-06592000 r-xp 00000000 08:01 1708041    /usr/lib/libXnVHandGenerator_1_5_2.so
06592000-06595000 r--p 000f5000 08:01 1708041    /usr/lib/libXnVHandGenerator_1_5_2.so
06595000-06596000 rw-p 000f8000 08:01 1708041    /usr/lib/libXnVHandGenerator_1_5_2.so
06596000-065a2000 rw-p 00000000 00:00 0 
06fb8000-0708c000 r-xp 00000000 08:01 1708039    /usr/lib/libXnVHandGenerator_1_4_1.so
0708c000-0708d000 ---p 000d4000 08:01 1708039    /usr/lib/libXnVHandGenerator_1_4_1.so
0708d000-0708f000 r--p 000d4000 08:01 1708039    /usr/lib/libXnVHandGenerator_1_4_1.so
0708f000-07090000 rw-p 000d6000 08:01 1708039    /usr/lib/libXnVHandGenerator_1_4_1.so
07090000-07092000 rw-p 00000000 00:00 0 
07795000-07bf5000 r-xp 00000000 08:01 1707112    /usr/lib/i386-linux-gnu/libgtk-x11-2.0.so.0.2400.10
07bf5000-07bf9000 r--p 00460000 08:01 1707112    /usr/lib/i386-linux-gnu/libgtk-x11-2.0.so.0.2400.10
07bf9000-07bfb000 rw-p 00464000 08:01 1707112    /usr/lib/i386-linux-gnu/libgtk-x11-2.0.so.0.2400.10
07bfb000-07bfd000 rw-p 00000000 00:00 0 
08048000-08049000 r-xp 00000000 08:01 1837321    /usr/lib/jvm/java-7-openjdk-i386/jre/bin/java
08049000-0804a000 r--p 00000000 08:01 1837321    /usr/lib/jvm/java-7-openjdk-i386/jre/bin/java
0804a000-0804b000 rw-p 00001000 08:01 1837321    /usr/lib/jvm/java-7-openjdk-i386/jre/bin/java
080b7000-080db000 r-xp 00000000 08:01 1708047    /usr/lib/libXnFormats.so
080db000-080dc000 r--p 00023000 08:01 1708047    /usr/lib/libXnFormats.so
080dc000-080dd000 rw-p 00024000 08:01 1708047    /usr/lib/libXnFormats.so
080dd000-080fd000 rw-p 00000000 00:00 0 
0810b000-0818d000 r-xp 00000000 08:01 2098111    /lib/i386-linux-gnu/libgcrypt.so.11.7.0
0818d000-0818e000 r--p 00081000 08:01 2098111    /lib/i386-linux-gnu/libgcrypt.so.11.7.0
0818e000-08190000 rw-p 00082000 08:01 2098111    /lib/i386-linux-gnu/libgcrypt.so.11.7.0
086f7000-087d5000 r-xp 00000000 08:01 1708038    /usr/lib/libXnVHandGenerator_1_3_1.so
087d5000-087d8000 r--p 000dd000 08:01 1708038    /usr/lib/libXnVHandGenerator_1_3_1.so
087d8000-087d9000 rw-p 000e0000 08:01 1708038    /usr/lib/libXnVHandGenerator_1_3_1.so
087d9000-087db000 rw-p 00000000 00:00 0 
0896f000-08a2e000 r-xp 00000000 08:01 1714074    /usr/lib/i386-linux-gnu/libgnutls.so.26.21.8
08a2e000-08a32000 r--p 000be000 08:01 1714074    /usr/lib/i386-linux-gnu/libgnutls.so.26.21.8
08a32000-08a33000 rw-p 000c2000 08:01 1714074    /usr/lib/i386-linux-gnu/libgnutls.so.26.21.8
08aae000-08ccc000 rw-p 00000000 00:00 0          [heap]
7db0d000-7dc00000 rwxp 00000000 00:00 0 
7dc00000-7dca9000 rw-p 00000000 00:00 0 
7dca9000-7dd00000 ---p 00000000 00:00 0 
7dd0d000-7de00000 rwxp 00000000 00:00 0 
7de00000-7def9000 rw-p 00000000 00:00 0 
7def9000-7df00000 ---p 00000000 00:00 0 
7df05000-7df56000 rwxp 00000000 00:00 0 
7df56000-7df57000 ---p 00000000 00:00 0 
7df57000-7e028000 rwxp 00000000 00:00 0 
7e028000-7e029000 ---p 00000000 00:00 0 
7e029000-7e0a9000 rwxp 00000000 00:00 0 
7e0a9000-7e0aa000 ---p 00000000 00:00 0 
7e0aa000-7e17b000 rwxp 00000000 00:00 0 
7e17b000-7e37b000 r--p 00000000 08:01 1704063    /usr/lib/locale/locale-archive
7e37b000-7e41d000 rwxp 00000000 00:00 0 
7e41d000-7e41e000 ---p 00000000 00:00 0 
7e41e000-7e49e000 rwxp 00000000 00:00 0 
7e49e000-7e649000 r--s 01cdb000 08:01 1837397    /usr/lib/jvm/java-7-openjdk-i386/jre/lib/rt.jar
7e649000-80800000 rw-p 00000000 00:00 0 
80800000-808b5000 rw-p 00000000 00:00 0 
808b5000-80900000 ---p 00000000 00:00 0 
80900000-809eb000 rw-p 00000000 00:00 0 
809eb000-80a00000 ---p 00000000 00:00 0 
80a00000-80aa3000 rw-p 00000000 00:00 0 
80aa3000-80b00000 ---p 00000000 00:00 0 
80b06000-80b22000 r--s 0048b000 08:01 3803197    /home/odairbonin/workspace_oficina_kinect/PrimeiroKinect/lib/base/core/jogl-all.jar
80b22000-80b6a000 rw-p 00000000 00:00 0 
80b6a000-80b6b000 ---p 00000000 00:00 0 
80b6b000-80beb000 rwxp 00000000 00:00 0 
80beb000-80bec000 ---p 00000000 00:00 0 
80bec000-80c6c000 rwxp 00000000 00:00 0 
80c6c000-80c74000 rw-p 00000000 00:00 0 
80c74000-80cac000 rw-p 00000000 00:00 0 
80cac000-80cbb000 rw-p 00000000 00:00 0 
80cbb000-80d94000 rw-p 00000000 00:00 0 
80d94000-80d9c000 rw-p 00000000 00:00 0 
80d9c000-80dd4000 rw-p 00000000 00:00 0 
80dd4000-80de3000 rw-p 00000000 00:00 0 
80de3000-80ebb000 rw-p 00000000 00:00 0 
80ebb000-80ec3000 rw-p 00000000 00:00 0 
80ec3000-80f2f000 rw-p 00000000 00:00 0 
80f2f000-81f30000 rw-p 00000000 00:00 0 
81f30000-88f30000 rw-p 00000000 00:00 0 
88f30000-8ac20000 rw-p 00000000 00:00 0 
8ac20000-a5de0000 rw-p 00000000 00:00 0 
a5de0000-a6c50000 rw-p 00000000 00:00 0 
a6c50000-b4530000 rw-p 00000000 00:00 0 
b4538000-b4541000 rw-p 00000000 00:00 0 
b4541000-b45f8000 rw-p 00000000 00:00 0 
b45f8000-b4838000 rwxp 00000000 00:00 0 
b4838000-b75f8000 rw-p 00000000 00:00 0 
b75f8000-b7600000 rw-s 00000000 08:01 3277777    /tmp/hsperfdata_odairbonin/2042
b7600000-b76f2000 rw-p 00000000 00:00 0 
b76f2000-b7700000 ---p 00000000 00:00 0 
b7701000-b7702000 rw-p 00000000 00:00 0 
b7702000-b770b000 r--s 000bc000 08:01 1710125    /usr/lib/jvm/java-7-openjdk-common/jre/lib/resources.jar
b770b000-b770e000 r--s 00022000 08:01 3803208    /home/odairbonin/workspace_oficina_kinect/PrimeiroKinect/lib/user/SimpleOpenNI.jar
b770e000-b770f000 r--s 00001000 08:01 3803196    /home/odairbonin/workspace_oficina_kinect/PrimeiroKinect/lib/base/core/gluegen-rt-natives-windows-i586.jar
b770f000-b7712000 r--s 00077000 08:01 3803195    /home/odairbonin/workspace_oficina_kinect/PrimeiroKinect/lib/base/core/core.jar
b7712000-b7714000 r--s 00020000 08:01 3803194    /home/odairbonin/workspace_oficina_kinect/PrimeiroKinect/lib/base/core/jogl-all-natives-windows-i586.jar
b7714000-b7719000 r--s 00030000 08:01 3803193    /home/odairbonin/workspace_oficina_kinect/PrimeiroKinect/lib/base/core/gluegen-rt.jar
b7719000-b771a000 r--s 00023000 08:01 3803192    /home/odairbonin/workspace_oficina_kinect/PrimeiroKinect/lib/base/core/jogl-all-natives-linux-i586.jar
b771a000-b771b000 r--s 0001b000 08:01 3803191    /home/odairbonin/workspace_oficina_kinect/PrimeiroKinect/lib/base/core/jogl-all-natives-windows-amd64.jar
b771b000-b771c000 r--s 00000000 08:01 3803190    /home/odairbonin/workspace_oficina_kinect/PrimeiroKinect/lib/base/core/gluegen-rt-natives-linux-amd64.jar
b771c000-b771d000 r--s 00023000 08:01 3803189    /home/odairbonin/workspace_oficina_kinect/PrimeiroKinect/lib/base/core/jogl-all-natives-linux-amd64.jar
b771d000-b771e000 r--s 00001000 08:01 3803188    /home/odairbonin/workspace_oficina_kinect/PrimeiroKinect/lib/base/core/gluegen-rt-natives-windows-amd64.jar
b771e000-b771f000 r--s 00000000 08:01 3803187    /home/odairbonin/workspace_oficina_kinect/PrimeiroKinect/lib/base/core/gluegen-rt-natives-linux-i586.jar
b771f000-b7720000 r--s 00000000 08:01 3803186    /home/odairbonin/workspace_oficina_kinect/PrimeiroKinect/lib/base/core/gluegen-rt-natives-macosx-universal.jar
b7720000-b7721000 r--s 00050000 08:01 3803185    /home/odairbonin/workspace_oficina_kinect/PrimeiroKinect/lib/base/core/jogl-all-natives-macosx-universal.jar
b7721000-b7722000 ---p 00000000 00:00 0 
b7722000-b7772000 rwxp 00000000 00:00 0 
b7772000-b7774000 rw-p 00000000 00:00 0 
b7774000-b7777000 r--s 0000f000 08:01 1710119    /usr/lib/jvm/java-7-openjdk-common/jre/lib/ext/pulse-java.jar
b7777000-b7779000 r--s 00012000 08:01 1710118    /usr/lib/jvm/java-7-openjdk-common/jre/lib/ext/zipfs.jar
b7779000-b777a000 r--s 00007000 08:01 2228686    /usr/share/java/java-atk-wrapper.jar
b777a000-b777d000 r--s 0003c000 08:01 1710114    /usr/lib/jvm/java-7-openjdk-common/jre/lib/ext/sunpkcs11.jar
b777d000-b7781000 r--s 00085000 08:01 1710115    /usr/lib/jvm/java-7-openjdk-common/jre/lib/ext/localedata.jar
b7781000-b7784000 r--s 00032000 08:01 1710116    /usr/lib/jvm/java-7-openjdk-common/jre/lib/ext/sunjce_provider.jar
b7784000-b7785000 r--s 00002000 08:01 1710117    /usr/lib/jvm/java-7-openjdk-common/jre/lib/ext/dnsns.jar
b7785000-b7786000 r--p 002c5000 08:01 1704063    /usr/lib/locale/locale-archive
b7786000-b7787000 rw-p 00000000 00:00 0 
b7787000-b7788000 r--p 00000000 00:00 0 
b7788000-b778b000 rw-p 00000000 00:00 0 
bfa63000-bfa84000 rwxp 00000000 00:00 0          [stack]
bfa84000-bfa85000 rw-p 00000000 00:00 0 

VM Arguments:
jvm_args: -Djava.library.path=/home/odairbonin/workspace_oficina_kinect/PrimeiroKinect/lib/base/core:/home/odairbonin/workspace_oficina_kinect/PrimeiroKinect/lib/base/core:/home/odairbonin/workspace_oficina_kinect/PrimeiroKinect/lib/base/core:/home/odairbonin/workspace_oficina_kinect/PrimeiroKinect/lib/base/core:/home/odairbonin/workspace_oficina_kinect/PrimeiroKinect/lib/base/core:/home/odairbonin/workspace_oficina_kinect/PrimeiroKinect/lib/base/core:/home/odairbonin/workspace_oficina_kinect/PrimeiroKinect/lib/base/core:/home/odairbonin/workspace_oficina_kinect/PrimeiroKinect/lib/base/core:/home/odairbonin/workspace_oficina_kinect/PrimeiroKinect/lib/base/core:/home/odairbonin/workspace_oficina_kinect/PrimeiroKinect/lib/base/core:/home/odairbonin/workspace_oficina_kinect/PrimeiroKinect/lib/base/core:/home/odairbonin/workspace_oficina_kinect/PrimeiroKinect/lib/base/core:/home/odairbonin/workspace_oficina_kinect/PrimeiroKinect/lib/base/core:/home/odairbonin/workspace_oficina_kinect/PrimeiroKinect/lib/user -Djava.security.policy=java.policy.applet -Dfile.encoding=UTF-8 
java_command: sun.applet.AppletViewer primeirokinect.PrimeiroKinect1394994670657.html
Launcher Type: SUN_STANDARD

Environment Variables:
PATH=/usr/lib/lightdm/lightdm:/usr/local/sbin:/usr/local/bin:/usr/sbin:/usr/bin:/sbin:/bin:/usr/games
LD_LIBRARY_PATH=/usr/lib/jvm/java-7-openjdk-i386/jre/lib/i386/server:/usr/lib/jvm/java-7-openjdk-i386/jre/lib/i386:/usr/lib/jvm/java-7-openjdk-i386/jre/../lib/i386:/usr/lib/jvm/java-7-openjdk-i386/jre/lib/i386/client:/usr/lib/jvm/java-7-openjdk-i386/jre/lib/i386:
SHELL=/bin/bash
DISPLAY=:0.0

Signal Handlers:
SIGSEGV: [libjvm.so+0x753930], sa_mask[0]=0x7ffbfeff, sa_flags=0x10000004
SIGBUS: [libjvm.so+0x753930], sa_mask[0]=0x7ffbfeff, sa_flags=0x10000004
SIGFPE: [libjvm.so+0x5e94a0], sa_mask[0]=0x7ffbfeff, sa_flags=0x10000004
SIGPIPE: [libjvm.so+0x5e94a0], sa_mask[0]=0x7ffbfeff, sa_flags=0x10000004
SIGXFSZ: [libjvm.so+0x5e94a0], sa_mask[0]=0x7ffbfeff, sa_flags=0x10000004
SIGILL: [libjvm.so+0x5e94a0], sa_mask[0]=0x7ffbfeff, sa_flags=0x10000004
SIGUSR1: SIG_DFL, sa_mask[0]=0x00000000, sa_flags=0x00000000
SIGUSR2: [libjvm.so+0x5e9330], sa_mask[0]=0x00000004, sa_flags=0x10000004
SIGHUP: [libjvm.so+0x5e9960], sa_mask[0]=0x7ffbfeff, sa_flags=0x10000004
SIGINT: [libjvm.so+0x5e9960], sa_mask[0]=0x7ffbfeff, sa_flags=0x10000004
SIGTERM: [libjvm.so+0x5e9960], sa_mask[0]=0x7ffbfeff, sa_flags=0x10000004
SIGQUIT: [libjvm.so+0x5e9960], sa_mask[0]=0x7ffbfeff, sa_flags=0x10000004


---------------  S Y S T E M  ---------------

OS:Ubuntu 12.04 (precise)
uname:Linux 3.2.0-35-generic #55-Ubuntu SMP Wed Dec 5 17:45:18 UTC 2012 i686
libc:glibc 2.15 NPTL 2.15 
rlimit: STACK 8192k, CORE 0k, NPROC 22063, NOFILE 4096, AS infinity
load average:2.08 0.87 0.32

/proc/meminfo:
MemTotal:        2838692 kB
MemFree:         2061860 kB
Buffers:           57588 kB
Cached:           322280 kB
SwapCached:            0 kB
Active:           425568 kB
Inactive:         307548 kB
Active(anon):     353980 kB
Inactive(anon):     1036 kB
Active(file):      71588 kB
Inactive(file):   306512 kB
Unevictable:          16 kB
Mlocked:              16 kB
HighTotal:       1974216 kB
HighFree:        1289736 kB
LowTotal:         864476 kB
LowFree:          772124 kB
SwapTotal:        783356 kB
SwapFree:         783356 kB
Dirty:               316 kB
Writeback:             0 kB
AnonPages:        353432 kB
Mapped:            93580 kB
Shmem:              1692 kB
Slab:              25380 kB
SReclaimable:      12808 kB
SUnreclaim:        12572 kB
KernelStack:        3048 kB
PageTables:         6440 kB
NFS_Unstable:          0 kB
Bounce:                0 kB
WritebackTmp:          0 kB
CommitLimit:     2202700 kB
Committed_AS:    2151984 kB
VmallocTotal:     122880 kB
VmallocUsed:        4920 kB
VmallocChunk:      62060 kB
HardwareCorrupted:     0 kB
AnonHugePages:         0 kB
HugePages_Total:       0
HugePages_Free:        0
HugePages_Rsvd:        0
HugePages_Surp:        0
Hugepagesize:       4096 kB
DirectMap4k:       12280 kB
DirectMap4M:      897024 kB


CPU:total 2 (2 cores per cpu, 1 threads per core) family 6 model 42 stepping 7, cmov, cx8, fxsr, mmx, sse, sse2, sse3, ssse3, sse4.1, sse4.2, popcnt, avx, tsc, tscinvbit

/proc/cpuinfo:
processor	: 0
vendor_id	: GenuineIntel
cpu family	: 6
model		: 42
model name	: Intel(R) Core(TM) i7-2620M CPU @ 2.70GHz
stepping	: 7
cpu MHz		: 2693.000
cache size	: 4096 KB
physical id	: 0
siblings	: 2
core id		: 0
cpu cores	: 2
apicid		: 0
initial apicid	: 0
fdiv_bug	: no
hlt_bug		: no
f00f_bug	: no
coma_bug	: no
fpu		: yes
fpu_exception	: yes
cpuid level	: 13
wp		: yes
flags		: fpu vme de pse tsc msr pae mce cx8 apic mtrr pge mca cmov pat pse36 clflush mmx fxsr sse sse2 ss ht syscall nx rdtscp lm constant_tsc nonstop_tsc aperfmperf pni pclmulqdq ssse3 cx16 pcid sse4_1 sse4_2 x2apic popcnt aes xsave avx hypervisor lahf_lm ida arat epb pln pts dtherm
bogomips	: 5386.00
clflush size	: 64
cache_alignment	: 64
address sizes	: 36 bits physical, 48 bits virtual
power management:

processor	: 1
vendor_id	: GenuineIntel
cpu family	: 6
model		: 42
model name	: Intel(R) Core(TM) i7-2620M CPU @ 2.70GHz
stepping	: 7
cpu MHz		: 2693.000
cache size	: 4096 KB
physical id	: 0
siblings	: 2
core id		: 1
cpu cores	: 2
apicid		: 1
initial apicid	: 1
fdiv_bug	: no
hlt_bug		: no
f00f_bug	: no
coma_bug	: no
fpu		: yes
fpu_exception	: yes
cpuid level	: 13
wp		: yes
flags		: fpu vme de pse tsc msr pae mce cx8 apic mtrr pge mca cmov pat pse36 clflush mmx fxsr sse sse2 ss ht syscall nx rdtscp lm constant_tsc nonstop_tsc aperfmperf pni pclmulqdq ssse3 cx16 pcid sse4_1 sse4_2 x2apic popcnt aes xsave avx hypervisor lahf_lm ida arat epb pln pts dtherm
bogomips	: 5386.00
clflush size	: 64
cache_alignment	: 64
address sizes	: 36 bits physical, 48 bits virtual
power management:



Memory: 4k page, physical 2838692k(2061736k free), swap 783356k(783356k free)

vm_info: OpenJDK Server VM (23.2-b09) for linux-x86 JRE (1.7.0_09-b30), built on Oct 24 2012 18:55:39 by "buildd" with gcc 4.6.3

time: Sun Mar 16 15:31:11 2014
elapsed time: 0 seconds

