#
# A fatal error has been detected by the Java Runtime Environment:
#
#  SIGSEGV (0xb) at pc=0x00936c3a, pid=3447, tid=2107636544
#
# JRE version: 7.0_09-b30
# Java VM: OpenJDK Server VM (23.2-b09 mixed mode linux-x86 )
# Problematic frame:
# C  [libc.so.6+0x134c3a]  getaliasbyname_r+0x478a
#
# Failed to write core dump. Core dumps have been disabled. To enable core dumping, try "ulimit -c unlimited" before starting Java again
#
# If you would like to submit a bug report, please include
# instructions on how to reproduce the bug and visit:
#   https://bugs.launchpad.net/ubuntu/+source/openjdk-7/
# The crash happened outside the Java Virtual Machine in native code.
# See problematic frame for where to report the bug.
#

---------------  T H R E A D  ---------------

Current thread (0x80a10000):  JavaThread "Animation Thread" [_thread_in_native, id=3472, stack(0x7d9af000,0x7da00000)]

siginfo:si_signo=SIGSEGV: si_errno=0, si_code=1 (SEGV_MAPERR), si_addr=0x00000000

Registers:
EAX=0x00000000, EBX=0x00000800, ECX=0x00038400, EDX=0x00000000
ESP=0x7d9feab4, EBP=0x80a30c38, ESI=0x80a30c38, EDI=0x00000000
EIP=0x00936c3a, EFLAGS=0x00010246, CR2=0x00000000

Top of Stack: (sp=0x7d9feab4)
0x7d9feab4:   6d4a6008 01d55ff4 01d2aebc 00000000
0x7d9feac4:   00000000 000e1000 02940aab 80a30cd8
0x7d9fead4:   00000000 02976ff4 02940eaa 00000000
0x7d9feae4:   00000000 000e1000 000001e0 00000000
0x7d9feaf4:   00000000 000001e0 027f0c7f 0012c000
0x7d9feb04:   018a6ff4 8901c010 02976ff4 80a30c38
0x7d9feb14:   6d4a6008 80a30c38 029410f2 80a30c38
0x7d9feb24:   00000000 00000000 02976ff4 80a10128 

Instructions: (pc=0x00936c3a)
0x00936c1a:   62 ff ff 81 c3 13 4f 03 00 03 1c 8b 01 ca ff e3
0x00936c2a:   8d b6 00 00 00 00 89 d7 89 ca c1 e9 02 83 e2 03
0x00936c3a:   f3 ab 74 12 83 fa 02 72 0b 66 89 07 83 c7 02 83
0x00936c4a:   ea 02 74 02 88 07 5f 8b 44 24 08 5b c3 89 f6 8d 

Register to memory mapping:

EAX=0x00000000 is an unknown value
EBX=0x00000800 is an unknown value
ECX=0x00038400 is an unknown value
EDX=0x00000000 is an unknown value
ESP=0x7d9feab4 is pointing into the stack for thread: 0x80a10000
EBP=0x80a30c38 is an unknown value
ESI=0x80a30c38 is an unknown value
EDI=0x00000000 is an unknown value


Stack: [0x7d9af000,0x7da00000],  sp=0x7d9feab4,  free space=318k
Native frames: (J=compiled Java code, j=interpreted, Vv=VM code, C=native code)
C  [libc.so.6+0x134c3a]  getaliasbyname_r+0x478a

Java frames: (J=compiled Java code, j=interpreted, Vv=VM code)
j  SimpleOpenNI.SimpleOpenNIJNI.ContextWrapper_depthImage(JLSimpleOpenNI/ContextWrapper;[I)I+0
j  SimpleOpenNI.ContextWrapper.depthImage([I)I+6
j  SimpleOpenNI.SimpleOpenNI.updateDepthImage()V+40
j  SimpleOpenNI.SimpleOpenNI.depthImage()Lprocessing/core/PImage;+1
J  primeirokinect.PrimeiroKinect.draw()V
j  processing.core.PApplet.handleDraw()V+283
j  processing.core.PGraphicsJava2D.requestDraw()V+4
j  processing.core.PApplet.run()V+176
j  java.lang.Thread.run()V+11
v  ~StubRoutines::call_stub

---------------  P R O C E S S  ---------------

Java Threads: ( => current thread )
  0x7da22800 JavaThread "Thread-1" [_thread_blocked, id=3481, stack(0x07da8000,0x07df9000)]
=>0x80a10000 JavaThread "Animation Thread" [_thread_in_native, id=3472, stack(0x7d9af000,0x7da00000)]
  0x80a04000 JavaThread "AWT-EventQueue-1" [_thread_blocked, id=3471, stack(0x7db0d000,0x7db5e000)]
  0xb7508000 JavaThread "DestroyJavaVM" [_thread_blocked, id=3452, stack(0xb76ca000,0xb771b000)]
  0x7dc6f800 JavaThread "AWT-EventQueue-0" [_thread_blocked, id=3468, stack(0x7db5e000,0x7dbaf000)]
  0x7dc68400 JavaThread "AWT-Shutdown" [_thread_blocked, id=3467, stack(0x7dbaf000,0x7dc00000)]
  0x7dc47000 JavaThread "thread applet-primeirokinect.PrimeiroKinect.class" [_thread_in_native, id=3466, stack(0x7dd0d000,0x7dd5e000)]
  0x7dc2e400 JavaThread "AWT-XAWT" daemon [_thread_in_native, id=3464, stack(0x7dd5e000,0x7ddaf000)]
  0x7def4c00 JavaThread "Java2D Disposer" daemon [_thread_blocked, id=3463, stack(0x7ddaf000,0x7de00000)]
  0x80998400 JavaThread "Service Thread" daemon [_thread_blocked, id=3461, stack(0x7df8f000,0x7dfe0000)]
  0x80996800 JavaThread "C2 CompilerThread1" daemon [_thread_blocked, id=3460, stack(0x7dfe0000,0x7e061000)]
  0x80994400 JavaThread "C2 CompilerThread0" daemon [_thread_blocked, id=3459, stack(0x7e061000,0x7e0e2000)]
  0x80992c00 JavaThread "Signal Dispatcher" daemon [_thread_blocked, id=3458, stack(0x7e0e2000,0x7e133000)]
  0x80950800 JavaThread "Finalizer" daemon [_thread_blocked, id=3457, stack(0x7e333000,0x7e384000)]
  0x8094ec00 JavaThread "Reference Handler" daemon [_thread_blocked, id=3456, stack(0x7e384000,0x7e3d5000)]

Other Threads:
  0x80948800 VMThread [stack: 0x7e3d5000,0x7e456000] [id=3455]
  0x8099a000 WatcherThread [stack: 0x7df0e000,0x7df8f000] [id=3462]

VM state:not at safepoint (normal execution)

VM Mutex/Monitor currently owned by a thread: None

Heap
 PSYoungGen      total 99264K, used 54196K [0xa5da0000, 0xb0790000, 0xb44f0000)
  eden space 75520K, 69% used [0xa5da0000,0xa90b0f30,0xaa760000)
  from space 23744K, 8% used [0xaa760000,0xaa93c2c0,0xabe90000)
  to   space 22720K, 0% used [0xaf160000,0xaf160000,0xb0790000)
 ParOldGen       total 69696K, used 34653K [0x88ef0000, 0x8d300000, 0xa5da0000)
  object space 69696K, 49% used [0x88ef0000,0x8b0c75a0,0x8d300000)
 PSPermGen       total 16384K, used 7732K [0x80ef0000, 0x81ef0000, 0x88ef0000)
  object space 16384K, 47% used [0x80ef0000,0x8167d328,0x81ef0000)

Card table byte_map: [0x80d54000,0x80ef0000] byte_map_base: 0x8094c880

Polling page: 0xb7730000

Code Cache  [0xb44f8000, 0xb4738000, 0xb74f8000)
 total_blobs=463 nmethods=152 adapters=263 free_code_cache=48571Kb largest_free_block=49714368

Compilation events (10 events):
Event: 30.241 Thread 0x80996800  142             java.awt.BasicStroke::getEndCap (5 bytes)
Event: 30.241 Thread 0x80996800 nmethod 142 0xb4584d48 code [0xb4584e20, 0xb4584e70]
Event: 30.309 Thread 0x80996800  143             sun.java2d.StateTrackableDelegate::markDirty (6 bytes)
Event: 30.309 Thread 0x80996800 nmethod 143 0xb4584bc8 code [0xb4584ca0, 0xb4584cf0]
Event: 30.439 Thread 0x80994400  144             sun.java2d.SurfaceData::isValid (5 bytes)
Event: 30.440 Thread 0x80994400 nmethod 144 0xb4584a48 code [0xb4584b20, 0xb4584b70]
Event: 30.663 Thread 0x80996800  145             sun.java2d.pisces.Helpers::filterOutNotInAB (53 bytes)
Event: 30.666 Thread 0x80996800 nmethod 145 0xb4584708 code [0xb4584800, 0xb4584990]
Event: 30.835 Thread 0x80994400  146             java.util.concurrent.locks.ReentrantLock$Sync::nonfairTryAcquire (67 bytes)
Event: 30.837 Thread 0x80994400 nmethod 146 0xb4584ec8 code [0xb4584fc0, 0xb4585070]

GC Heap History (10 events):
Event: 17.311 GC heap before
{Heap before GC invocations=4 (full 1):
 PSYoungGen      total 24192K, used 1778K [0xa5da0000, 0xa8ce0000, 0xb44f0000)
  eden space 22400K, 0% used [0xa5da0000,0xa5da0000,0xa7380000)
  from space 1792K, 99% used [0xa7380000,0xa753cac0,0xa7540000)
  to   space 1792K, 0% used [0xa8b20000,0xa8b20000,0xa8ce0000)
 ParOldGen       total 34112K, used 34041K [0x88ef0000, 0x8b040000, 0xa5da0000)
  object space 34112K, 99% used [0x88ef0000,0x8b02e588,0x8b040000)
 PSPermGen       total 16384K, used 7695K [0x80ef0000, 0x81ef0000, 0x88ef0000)
  object space 16384K, 46% used [0x80ef0000,0x81673de0,0x81ef0000)
Event: 17.663 GC heap after
Heap after GC invocations=4 (full 1):
 PSYoungGen      total 24192K, used 1545K [0xa5da0000, 0xa8ce0000, 0xb44f0000)
  eden space 22400K, 0% used [0xa5da0000,0xa5da0000,0xa7380000)
  from space 1792K, 86% used [0xa7380000,0xa7502480,0xa7540000)
  to   space 1792K, 0% used [0xa8b20000,0xa8b20000,0xa8ce0000)
 ParOldGen       total 69696K, used 34110K [0x88ef0000, 0x8d300000, 0xa5da0000)
  object space 69696K, 48% used [0x88ef0000,0x8b03fac8,0x8d300000)
 PSPermGen       total 16384K, used 7692K [0x80ef0000, 0x81ef0000, 0x88ef0000)
  object space 16384K, 46% used [0x80ef0000,0x81673188,0x81ef0000)
}
Event: 18.935 GC heap before
{Heap before GC invocations=5 (full 1):
 PSYoungGen      total 24192K, used 23945K [0xa5da0000, 0xa8ce0000, 0xb44f0000)
  eden space 22400K, 100% used [0xa5da0000,0xa7380000,0xa7380000)
  from space 1792K, 86% used [0xa7380000,0xa7502480,0xa7540000)
  to   space 1792K, 0% used [0xa8b20000,0xa8b20000,0xa8ce0000)
 ParOldGen       total 69696K, used 34110K [0x88ef0000, 0x8d300000, 0xa5da0000)
  object space 69696K, 48% used [0x88ef0000,0x8b03fac8,0x8d300000)
 PSPermGen       total 16384K, used 7696K [0x80ef0000, 0x81ef0000, 0x88ef0000)
  object space 16384K, 46% used [0x80ef0000,0x81674290,0x81ef0000)
Event: 18.950 GC heap after
Heap after GC invocations=5 (full 1):
 PSYoungGen      total 43136K, used 1790K [0xa5da0000, 0xa8ce0000, 0xb44f0000)
  eden space 41344K, 0% used [0xa5da0000,0xa5da0000,0xa8600000)
  from space 1792K, 99% used [0xa8b20000,0xa8cdfb00,0xa8ce0000)
  to   space 1792K, 0% used [0xa8960000,0xa8960000,0xa8b20000)
 ParOldGen       total 69696K, used 34142K [0x88ef0000, 0x8d300000, 0xa5da0000)
  object space 69696K, 48% used [0x88ef0000,0x8b047ac8,0x8d300000)
 PSPermGen       total 16384K, used 7696K [0x80ef0000, 0x81ef0000, 0x88ef0000)
  object space 16384K, 46% used [0x80ef0000,0x81674290,0x81ef0000)
}
Event: 21.472 GC heap before
{Heap before GC invocations=6 (full 1):
 PSYoungGen      total 43136K, used 43134K [0xa5da0000, 0xa8ce0000, 0xb44f0000)
  eden space 41344K, 100% used [0xa5da0000,0xa8600000,0xa8600000)
  from space 1792K, 99% used [0xa8b20000,0xa8cdfb00,0xa8ce0000)
  to   space 1792K, 0% used [0xa8960000,0xa8960000,0xa8b20000)
 ParOldGen       total 69696K, used 34142K [0x88ef0000, 0x8d300000, 0xa5da0000)
  object space 69696K, 48% used [0x88ef0000,0x8b047ac8,0x8d300000)
 PSPermGen       total 16384K, used 7706K [0x80ef0000, 0x81ef0000, 0x88ef0000)
  object space 16384K, 47% used [0x80ef0000,0x816769c0,0x81ef0000)
Event: 21.482 GC heap after
Heap after GC invocations=6 (full 1):
 PSYoungGen      total 46592K, used 1776K [0xa5da0000, 0xad6b0000, 0xb44f0000)
  eden space 44800K, 0% used [0xa5da0000,0xa5da0000,0xa8960000)
  from space 1792K, 99% used [0xa8960000,0xa8b1c2e0,0xa8b20000)
  to   space 24704K, 0% used [0xabe90000,0xabe90000,0xad6b0000)
 ParOldGen       total 69696K, used 34310K [0x88ef0000, 0x8d300000, 0xa5da0000)
  object space 69696K, 49% used [0x88ef0000,0x8b071ac8,0x8d300000)
 PSPermGen       total 16384K, used 7706K [0x80ef0000, 0x81ef0000, 0x88ef0000)
  object space 16384K, 47% used [0x80ef0000,0x816769c0,0x81ef0000)
}
Event: 23.989 GC heap before
{Heap before GC invocations=7 (full 1):
 PSYoungGen      total 46592K, used 46576K [0xa5da0000, 0xad6b0000, 0xb44f0000)
  eden space 44800K, 100% used [0xa5da0000,0xa8960000,0xa8960000)
  from space 1792K, 99% used [0xa8960000,0xa8b1c2e0,0xa8b20000)
  to   space 24704K, 0% used [0xabe90000,0xabe90000,0xad6b0000)
 ParOldGen       total 69696K, used 34310K [0x88ef0000, 0x8d300000, 0xa5da0000)
  object space 69696K, 49% used [0x88ef0000,0x8b071ac8,0x8d300000)
 PSPermGen       total 16384K, used 7710K [0x80ef0000, 0x81ef0000, 0x88ef0000)
  object space 16384K, 47% used [0x80ef0000,0x816779f8,0x81ef0000)
Event: 23.997 GC heap after
Heap after GC invocations=7 (full 1):
 PSYoungGen      total 100224K, used 1984K [0xa5da0000, 0xad8e0000, 0xb44f0000)
  eden space 75520K, 0% used [0xa5da0000,0xa5da0000,0xaa760000)
  from space 24704K, 8% used [0xabe90000,0xac0802e0,0xad6b0000)
  to   space 23744K, 0% used [0xaa760000,0xaa760000,0xabe90000)
 ParOldGen       total 69696K, used 34310K [0x88ef0000, 0x8d300000, 0xa5da0000)
  object space 69696K, 49% used [0x88ef0000,0x8b071ac8,0x8d300000)
 PSPermGen       total 16384K, used 7710K [0x80ef0000, 0x81ef0000, 0x88ef0000)
  object space 16384K, 47% used [0x80ef0000,0x816779f8,0x81ef0000)
}
Event: 28.293 GC heap before
{Heap before GC invocations=8 (full 1):
 PSYoungGen      total 100224K, used 77504K [0xa5da0000, 0xad8e0000, 0xb44f0000)
  eden space 75520K, 100% used [0xa5da0000,0xaa760000,0xaa760000)
  from space 24704K, 8% used [0xabe90000,0xac0802e0,0xad6b0000)
  to   space 23744K, 0% used [0xaa760000,0xaa760000,0xabe90000)
 ParOldGen       total 69696K, used 34310K [0x88ef0000, 0x8d300000, 0xa5da0000)
  object space 69696K, 49% used [0x88ef0000,0x8b071ac8,0x8d300000)
 PSPermGen       total 16384K, used 7725K [0x80ef0000, 0x81ef0000, 0x88ef0000)
  object space 16384K, 47% used [0x80ef0000,0x8167b570,0x81ef0000)
Event: 28.303 GC heap after
Heap after GC invocations=8 (full 1):
 PSYoungGen      total 99264K, used 1904K [0xa5da0000, 0xb0790000, 0xb44f0000)
  eden space 75520K, 0% used [0xa5da0000,0xa5da0000,0xaa760000)
  from space 23744K, 8% used [0xaa760000,0xaa93c2c0,0xabe90000)
  to   space 22720K, 0% used [0xaf160000,0xaf160000,0xb0790000)
 ParOldGen       total 69696K, used 34653K [0x88ef0000, 0x8d300000, 0xa5da0000)
  object space 69696K, 49% used [0x88ef0000,0x8b0c75a0,0x8d300000)
 PSPermGen       total 16384K, used 7725K [0x80ef0000, 0x81ef0000, 0x88ef0000)
  object space 16384K, 47% used [0x80ef0000,0x8167b570,0x81ef0000)
}

Deoptimization events (9 events):
Event: 0.304 Thread 0x7dc6f800 Uncommon trap -34 fr.pc 0xb4545f28
Event: 0.304 Thread 0x7dc6f800 Uncommon trap -34 fr.pc 0xb4545f28
Event: 0.305 Thread 0x7dc6f800 Uncommon trap -34 fr.pc 0xb4545f28
Event: 0.305 Thread 0x7dc6f800 Uncommon trap -34 fr.pc 0xb4545f28
Event: 16.878 Thread 0x80a10000 Uncommon trap 115 fr.pc 0xb455f55c
Event: 28.306 Thread 0x80950800 Uncommon trap -83 fr.pc 0xb457d6ac
Event: 28.308 Thread 0x80950800 Uncommon trap -83 fr.pc 0xb457df40
Event: 28.308 Thread 0x80950800 Uncommon trap -83 fr.pc 0xb457d028
Event: 31.362 Thread 0x7dc6f800 Uncommon trap -83 fr.pc 0xb457f2ac

Internal exceptions (10 events):
Event: 0.580 Thread 0x80a10000 Threw 0xa66679f0 at /build/buildd/openjdk-7-7u9-2.3.3/build/openjdk/hotspot/src/share/vm/prims/jvm.cpp:1166
Event: 0.590 Thread 0x80a10000 Threw 0xa667cb58 at /build/buildd/openjdk-7-7u9-2.3.3/build/openjdk/hotspot/src/share/vm/prims/jvm.cpp:1166
Event: 0.591 Thread 0x80a10000 Threw 0xa66834b8 at /build/buildd/openjdk-7-7u9-2.3.3/build/openjdk/hotspot/src/share/vm/prims/jvm.cpp:1166
Event: 0.592 Thread 0x80a10000 Threw 0xa66b5688 at /build/buildd/openjdk-7-7u9-2.3.3/build/openjdk/hotspot/src/share/vm/prims/jvm.cpp:1166
Event: 0.660 Thread 0x80a10000 Threw 0xa6032238 at /build/buildd/openjdk-7-7u9-2.3.3/build/openjdk/hotspot/src/share/vm/prims/jvm.cpp:1166
Event: 1.317 Thread 0x80a10000 Threw 0xa6f98c48 at /build/buildd/openjdk-7-7u9-2.3.3/build/openjdk/hotspot/src/share/vm/prims/jvm.cpp:1166
Event: 1.319 Thread 0x80a04000 Threw 0xa5e08998 at /build/buildd/openjdk-7-7u9-2.3.3/build/openjdk/hotspot/src/share/vm/prims/jni.cpp:742
Event: 1.873 Thread 0x80a10000 Threw 0xa6f9dc20 at /build/buildd/openjdk-7-7u9-2.3.3/build/openjdk/hotspot/src/share/vm/prims/jvm.cpp:1166
Event: 16.859 Thread 0x80a10000 Threw 0xa7220418 at /build/buildd/openjdk-7-7u9-2.3.3/build/openjdk/hotspot/src/share/vm/prims/jvm.cpp:1166
Event: 16.878 Thread 0x80a10000 Threw 0xa7226ba8 at /build/buildd/openjdk-7-7u9-2.3.3/build/openjdk/hotspot/src/share/vm/prims/jvm.cpp:1166

Events (10 events):
Event: 28.308 Thread 0x80950800 DEOPT PACKING pc=0xb457d028 sp=0x7e382e10
Event: 28.308 Thread 0x80950800 DEOPT UNPACKING pc=0xb4525efc sp=0x7e382df0 mode 2
Event: 29.829 Thread 0x80994400 flushing nmethod 0xb455f308
Event: 31.356 loading class 0x8099fea8
Event: 31.356 loading class 0x8099fea8 done
Event: 31.358 Thread 0x7da22800 Thread added: 0x7da22800
Event: 31.358 loading class 0x7dc3d828
Event: 31.359 loading class 0x7dc3d828 done
Event: 31.362 Thread 0x7dc6f800 DEOPT PACKING pc=0xb457f2ac sp=0x7dbade60
Event: 31.362 Thread 0x7dc6f800 DEOPT UNPACKING pc=0xb4525efc sp=0x7dbade30 mode 2


Dynamic libraries:
00110000-0013a000 r-xp 00000000 08:01 2098033    /lib/i386-linux-gnu/libm-2.15.so
0013a000-0013b000 r--p 00029000 08:01 2098033    /lib/i386-linux-gnu/libm-2.15.so
0013b000-0013c000 rw-p 0002a000 08:01 2098033    /lib/i386-linux-gnu/libm-2.15.so
0013c000-00147000 r-xp 00000000 08:01 2098026    /lib/i386-linux-gnu/libnss_files-2.15.so
00147000-00148000 r--p 0000a000 08:01 2098026    /lib/i386-linux-gnu/libnss_files-2.15.so
00148000-00149000 rw-p 0000b000 08:01 2098026    /lib/i386-linux-gnu/libnss_files-2.15.so
00149000-001d9000 r-xp 00000000 08:01 1837357    /usr/lib/jvm/java-7-openjdk-i386/jre/lib/i386/libawt.so
001d9000-001da000 r--p 00090000 08:01 1837357    /usr/lib/jvm/java-7-openjdk-i386/jre/lib/i386/libawt.so
001da000-001e1000 rw-p 00091000 08:01 1837357    /usr/lib/jvm/java-7-openjdk-i386/jre/lib/i386/libawt.so
001e1000-00205000 rw-p 00000000 00:00 0 
00205000-00257000 r-xp 00000000 08:01 1969852    /usr/lib/jvm/java-7-openjdk-i386/jre/lib/i386/xawt/libmawt.so
00257000-00258000 r--p 00051000 08:01 1969852    /usr/lib/jvm/java-7-openjdk-i386/jre/lib/i386/xawt/libmawt.so
00258000-0025a000 rw-p 00052000 08:01 1969852    /usr/lib/jvm/java-7-openjdk-i386/jre/lib/i386/xawt/libmawt.so
0025a000-0025b000 rw-p 00000000 00:00 0 
0025b000-0038b000 r-xp 00000000 08:01 1709768    /usr/lib/i386-linux-gnu/libX11.so.6.3.0
0038b000-0038c000 r--p 0012f000 08:01 1709768    /usr/lib/i386-linux-gnu/libX11.so.6.3.0
0038c000-0038e000 rw-p 00130000 08:01 1709768    /usr/lib/i386-linux-gnu/libX11.so.6.3.0
0038e000-0038f000 rw-p 00000000 00:00 0 
0038f000-00397000 r-xp 00000000 08:01 1706435    /usr/lib/i386-linux-gnu/libXrender.so.1.3.0
00397000-00398000 r--p 00007000 08:01 1706435    /usr/lib/i386-linux-gnu/libXrender.so.1.3.0
00398000-00399000 rw-p 00008000 08:01 1706435    /usr/lib/i386-linux-gnu/libXrender.so.1.3.0
00399000-0039d000 r-xp 00000000 08:01 1704744    /usr/lib/i386-linux-gnu/libXfixes.so.3.1.0
0039d000-0039e000 r--p 00004000 08:01 1704744    /usr/lib/i386-linux-gnu/libXfixes.so.3.1.0
0039e000-0039f000 rw-p 00005000 08:01 1704744    /usr/lib/i386-linux-gnu/libXfixes.so.3.1.0
0039f000-003ab000 r-xp 00000000 08:01 1837363    /usr/lib/jvm/java-7-openjdk-i386/jre/lib/i386/jli/libjli.so
003ab000-003ac000 r--p 0000c000 08:01 1837363    /usr/lib/jvm/java-7-openjdk-i386/jre/lib/i386/jli/libjli.so
003ac000-003ad000 rw-p 0000d000 08:01 1837363    /usr/lib/jvm/java-7-openjdk-i386/jre/lib/i386/jli/libjli.so
003ad000-003b2000 r-xp 00000000 08:01 1707424    /usr/lib/i386-linux-gnu/libXtst.so.6.1.0
003b2000-003b3000 r--p 00004000 08:01 1707424    /usr/lib/i386-linux-gnu/libXtst.so.6.1.0
003b3000-003b4000 rw-p 00005000 08:01 1707424    /usr/lib/i386-linux-gnu/libXtst.so.6.1.0
003b4000-003c2000 r-xp 00000000 08:01 1707177    /usr/lib/i386-linux-gnu/libXi.so.6.1.0
003c2000-003c3000 r--p 0000d000 08:01 1707177    /usr/lib/i386-linux-gnu/libXi.so.6.1.0
003c3000-003c4000 rw-p 0000e000 08:01 1707177    /usr/lib/i386-linux-gnu/libXi.so.6.1.0
003c4000-0046f000 r-xp 00000000 08:01 1707113    /usr/lib/i386-linux-gnu/libgdk-x11-2.0.so.0.2400.10
0046f000-00470000 ---p 000ab000 08:01 1707113    /usr/lib/i386-linux-gnu/libgdk-x11-2.0.so.0.2400.10
00470000-00472000 r--p 000ab000 08:01 1707113    /usr/lib/i386-linux-gnu/libgdk-x11-2.0.so.0.2400.10
00472000-00473000 rw-p 000ad000 08:01 1707113    /usr/lib/i386-linux-gnu/libgdk-x11-2.0.so.0.2400.10
00473000-00475000 r-xp 00000000 08:01 1705578    /usr/lib/i386-linux-gnu/libXinerama.so.1.0.0
00475000-00476000 r--p 00001000 08:01 1705578    /usr/lib/i386-linux-gnu/libXinerama.so.1.0.0
00476000-00477000 rw-p 00002000 08:01 1705578    /usr/lib/i386-linux-gnu/libXinerama.so.1.0.0
00477000-00479000 r-xp 00000000 08:01 1707115    /usr/lib/i386-linux-gnu/libXcomposite.so.1.0.0
00479000-0047a000 r--p 00001000 08:01 1707115    /usr/lib/i386-linux-gnu/libXcomposite.so.1.0.0
0047a000-0047b000 rw-p 00002000 08:01 1707115    /usr/lib/i386-linux-gnu/libXcomposite.so.1.0.0
0047c000-00483000 r-xp 00000000 08:01 2098029    /lib/i386-linux-gnu/librt-2.15.so
00483000-00484000 r--p 00006000 08:01 2098029    /lib/i386-linux-gnu/librt-2.15.so
00484000-00485000 rw-p 00007000 08:01 2098029    /lib/i386-linux-gnu/librt-2.15.so
00485000-004a4000 r-xp 00000000 08:01 1708382    /usr/lib/i386-linux-gnu/libgdk_pixbuf-2.0.so.0.2600.1
004a4000-004a5000 r--p 0001e000 08:01 1708382    /usr/lib/i386-linux-gnu/libgdk_pixbuf-2.0.so.0.2600.1
004a5000-004a6000 rw-p 0001f000 08:01 1708382    /usr/lib/i386-linux-gnu/libgdk_pixbuf-2.0.so.0.2600.1
004a9000-004b0000 r-xp 00000000 08:01 2098024    /lib/i386-linux-gnu/libnss_compat-2.15.so
004b0000-004b1000 r--p 00006000 08:01 2098024    /lib/i386-linux-gnu/libnss_compat-2.15.so
004b1000-004b2000 rw-p 00007000 08:01 2098024    /lib/i386-linux-gnu/libnss_compat-2.15.so
004b2000-004f9000 r-xp 00000000 08:01 1705072    /usr/lib/i386-linux-gnu/libpango-1.0.so.0.3000.0
004f9000-004fa000 ---p 00047000 08:01 1705072    /usr/lib/i386-linux-gnu/libpango-1.0.so.0.3000.0
004fa000-004fb000 r--p 00047000 08:01 1705072    /usr/lib/i386-linux-gnu/libpango-1.0.so.0.3000.0
004fb000-004fc000 rw-p 00048000 08:01 1705072    /usr/lib/i386-linux-gnu/libpango-1.0.so.0.3000.0
004fc000-00507000 r-xp 00000000 08:01 1708068    /usr/lib/i386-linux-gnu/libpangocairo-1.0.so.0.3000.0
00507000-00508000 r--p 0000a000 08:01 1708068    /usr/lib/i386-linux-gnu/libpangocairo-1.0.so.0.3000.0
00508000-00509000 rw-p 0000b000 08:01 1708068    /usr/lib/i386-linux-gnu/libpangocairo-1.0.so.0.3000.0
00509000-00530000 r-xp 00000000 08:01 1837354    /usr/lib/jvm/java-7-openjdk-i386/jre/lib/i386/libjava.so
00530000-00531000 r--p 00026000 08:01 1837354    /usr/lib/jvm/java-7-openjdk-i386/jre/lib/i386/libjava.so
00531000-00532000 rw-p 00027000 08:01 1837354    /usr/lib/jvm/java-7-openjdk-i386/jre/lib/i386/libjava.so
00532000-00564000 r-xp 00000000 08:01 1704163    /usr/lib/i386-linux-gnu/libfontconfig.so.1.4.4
00564000-00565000 r--p 00032000 08:01 1704163    /usr/lib/i386-linux-gnu/libfontconfig.so.1.4.4
00565000-00566000 rw-p 00033000 08:01 1704163    /usr/lib/i386-linux-gnu/libfontconfig.so.1.4.4
00568000-00574000 r-xp 00000000 08:01 1837379    /usr/lib/jvm/java-7-openjdk-i386/jre/lib/i386/libverify.so
00574000-00575000 r--p 0000b000 08:01 1837379    /usr/lib/jvm/java-7-openjdk-i386/jre/lib/i386/libverify.so
00575000-00576000 rw-p 0000c000 08:01 1837379    /usr/lib/jvm/java-7-openjdk-i386/jre/lib/i386/libverify.so
00576000-00595000 r-xp 00000000 08:01 1706429    /usr/lib/i386-linux-gnu/libxcb.so.1.1.0
00595000-00596000 r--p 0001f000 08:01 1706429    /usr/lib/i386-linux-gnu/libxcb.so.1.1.0
00596000-00597000 rw-p 00020000 08:01 1706429    /usr/lib/i386-linux-gnu/libxcb.so.1.1.0
00597000-0059e000 r-xp 00000000 08:01 1709192    /usr/lib/i386-linux-gnu/libXrandr.so.2.2.0
0059e000-0059f000 r--p 00006000 08:01 1709192    /usr/lib/i386-linux-gnu/libXrandr.so.2.2.0
0059f000-005a0000 rw-p 00007000 08:01 1709192    /usr/lib/i386-linux-gnu/libXrandr.so.2.2.0
005a0000-005a9000 r-xp 00000000 08:01 1709176    /usr/lib/i386-linux-gnu/libXcursor.so.1.0.2
005a9000-005aa000 r--p 00008000 08:01 1709176    /usr/lib/i386-linux-gnu/libXcursor.so.1.0.2
005aa000-005ab000 rw-p 00009000 08:01 1709176    /usr/lib/i386-linux-gnu/libXcursor.so.1.0.2
005ab000-005ae000 r-xp 00000000 08:01 1705745    /usr/lib/i386-linux-gnu/libgmodule-2.0.so.0.3200.3
005ae000-005af000 r--p 00002000 08:01 1705745    /usr/lib/i386-linux-gnu/libgmodule-2.0.so.0.3200.3
005af000-005b0000 rw-p 00003000 08:01 1705745    /usr/lib/i386-linux-gnu/libgmodule-2.0.so.0.3200.3
005b0000-005b2000 r-xp 00000000 08:01 1705108    /usr/lib/i386-linux-gnu/libXau.so.6.0.0
005b2000-005b3000 r--p 00001000 08:01 1705108    /usr/lib/i386-linux-gnu/libXau.so.6.0.0
005b3000-005b4000 rw-p 00002000 08:01 1705108    /usr/lib/i386-linux-gnu/libXau.so.6.0.0
005b5000-0068d000 r-xp 00000000 08:01 1704289    /usr/lib/i386-linux-gnu/libstdc++.so.6.0.16
0068d000-0068e000 ---p 000d8000 08:01 1704289    /usr/lib/i386-linux-gnu/libstdc++.so.6.0.16
0068e000-00692000 r--p 000d8000 08:01 1704289    /usr/lib/i386-linux-gnu/libstdc++.so.6.0.16
00692000-00693000 rw-p 000dc000 08:01 1704289    /usr/lib/i386-linux-gnu/libstdc++.so.6.0.16
00693000-0069a000 rw-p 00000000 00:00 0 
0069a000-006e7000 r-xp 00000000 08:01 1705746    /usr/lib/i386-linux-gnu/libgobject-2.0.so.0.3200.3
006e7000-006e8000 r--p 0004c000 08:01 1705746    /usr/lib/i386-linux-gnu/libgobject-2.0.so.0.3200.3
006e8000-006e9000 rw-p 0004d000 08:01 1705746    /usr/lib/i386-linux-gnu/libgobject-2.0.so.0.3200.3
006e9000-00738000 r-xp 00000000 08:01 1707492    /usr/lib/i386-linux-gnu/libcups.so.2
00738000-0073b000 r--p 0004e000 08:01 1707492    /usr/lib/i386-linux-gnu/libcups.so.2
0073b000-0073c000 rw-p 00051000 08:01 1707492    /usr/lib/i386-linux-gnu/libcups.so.2
0073c000-00766000 r-xp 00000000 08:01 1708070    /usr/lib/i386-linux-gnu/libpangoft2-1.0.so.0.3000.0
00766000-00767000 r--p 00029000 08:01 1708070    /usr/lib/i386-linux-gnu/libpangoft2-1.0.so.0.3000.0
00767000-00768000 rw-p 0002a000 08:01 1708070    /usr/lib/i386-linux-gnu/libpangoft2-1.0.so.0.3000.0
00768000-0076d000 r-xp 00000000 08:01 1706441    /usr/lib/i386-linux-gnu/libffi.so.6.0.0
0076d000-0076e000 r--p 00004000 08:01 1706441    /usr/lib/i386-linux-gnu/libffi.so.6.0.0
0076e000-0076f000 rw-p 00005000 08:01 1706441    /usr/lib/i386-linux-gnu/libffi.so.6.0.0
0076f000-0077b000 r-xp 00000000 08:01 1705828    /usr/lib/i386-linux-gnu/libavahi-common.so.3.5.3
0077b000-0077c000 r--p 0000b000 08:01 1705828    /usr/lib/i386-linux-gnu/libavahi-common.so.3.5.3
0077c000-0077d000 rw-p 0000c000 08:01 1705828    /usr/lib/i386-linux-gnu/libavahi-common.so.3.5.3
0077d000-0077f000 r-xp 00000000 08:01 1706433    /usr/lib/i386-linux-gnu/libxcb-shm.so.0.0.0
0077f000-00780000 r--p 00001000 08:01 1706433    /usr/lib/i386-linux-gnu/libxcb-shm.so.0.0.0
00780000-00781000 rw-p 00002000 08:01 1706433    /usr/lib/i386-linux-gnu/libxcb-shm.so.0.0.0
00783000-00785000 r-xp 00000000 08:01 1707118    /usr/lib/i386-linux-gnu/libXdamage.so.1.1.0
00785000-00786000 r--p 00001000 08:01 1707118    /usr/lib/i386-linux-gnu/libXdamage.so.1.1.0
00786000-00787000 rw-p 00002000 08:01 1707118    /usr/lib/i386-linux-gnu/libXdamage.so.1.1.0
00787000-0078c000 r-xp 00000000 08:01 1706425    /usr/lib/i386-linux-gnu/libXdmcp.so.6.0.0
0078c000-0078d000 r--p 00004000 08:01 1706425    /usr/lib/i386-linux-gnu/libXdmcp.so.6.0.0
0078d000-0078e000 rw-p 00005000 08:01 1706425    /usr/lib/i386-linux-gnu/libXdmcp.so.6.0.0
0078e000-00791000 r-xp 00000000 08:01 2097187    /lib/i386-linux-gnu/libcom_err.so.2.1
00791000-00792000 r--p 00002000 08:01 2097187    /lib/i386-linux-gnu/libcom_err.so.2.1
00792000-00793000 rw-p 00003000 08:01 2097187    /lib/i386-linux-gnu/libcom_err.so.2.1
00793000-007b3000 r-xp 00000000 08:01 2098034    /lib/i386-linux-gnu/ld-2.15.so
007b3000-007b4000 r--p 0001f000 08:01 2098034    /lib/i386-linux-gnu/ld-2.15.so
007b4000-007b5000 rw-p 00020000 08:01 2098034    /lib/i386-linux-gnu/ld-2.15.so
007b5000-007c5000 r-xp 00000000 08:01 1706813    /usr/lib/i386-linux-gnu/libavahi-client.so.3.2.9
007c5000-007c6000 r--p 0000f000 08:01 1706813    /usr/lib/i386-linux-gnu/libavahi-client.so.3.2.9
007c6000-007c7000 rw-p 00010000 08:01 1706813    /usr/lib/i386-linux-gnu/libavahi-client.so.3.2.9
007c7000-007c9000 r-xp 00000000 08:01 2098185    /lib/i386-linux-gnu/libkeyutils.so.1.4
007c9000-007ca000 r--p 00002000 08:01 2098185    /lib/i386-linux-gnu/libkeyutils.so.1.4
007ca000-007cb000 rw-p 00003000 08:01 2098185    /lib/i386-linux-gnu/libkeyutils.so.1.4
007cb000-007d3000 r-xp 00000000 08:01 1837359    /usr/lib/jvm/java-7-openjdk-i386/jre/lib/i386/libzip.so
007d3000-007d4000 r--p 00007000 08:01 1837359    /usr/lib/jvm/java-7-openjdk-i386/jre/lib/i386/libzip.so
007d4000-007d5000 rw-p 00008000 08:01 1837359    /usr/lib/jvm/java-7-openjdk-i386/jre/lib/i386/libzip.so
007d5000-007f2000 r-xp 00000000 08:01 2097208    /lib/i386-linux-gnu/libselinux.so.1
007f2000-007f3000 r--p 0001c000 08:01 2097208    /lib/i386-linux-gnu/libselinux.so.1
007f3000-007f4000 rw-p 0001d000 08:01 2097208    /lib/i386-linux-gnu/libselinux.so.1
007f4000-007fc000 r-xp 00000000 08:01 1706431    /usr/lib/i386-linux-gnu/libxcb-render.so.0.0.0
007fc000-007fd000 r--p 00008000 08:01 1706431    /usr/lib/i386-linux-gnu/libxcb-render.so.0.0.0
007fd000-007fe000 rw-p 00009000 08:01 1706431    /usr/lib/i386-linux-gnu/libxcb-render.so.0.0.0
00802000-009a5000 r-xp 00000000 08:01 2098022    /lib/i386-linux-gnu/libc-2.15.so
009a5000-009a6000 ---p 001a3000 08:01 2098022    /lib/i386-linux-gnu/libc-2.15.so
009a6000-009a8000 r--p 001a3000 08:01 2098022    /lib/i386-linux-gnu/libc-2.15.so
009a8000-009a9000 rw-p 001a5000 08:01 2098022    /lib/i386-linux-gnu/libc-2.15.so
009a9000-009ac000 rw-p 00000000 00:00 0 
009ac000-009b3000 r-xp 00000000 08:01 1708190    /usr/lib/i386-linux-gnu/libkrb5support.so.0.1
009b3000-009b4000 r--p 00006000 08:01 1708190    /usr/lib/i386-linux-gnu/libkrb5support.so.0.1
009b4000-009b5000 rw-p 00007000 08:01 1708190    /usr/lib/i386-linux-gnu/libkrb5support.so.0.1
009b5000-009b8000 r-xp 00000000 08:01 2098070    /lib/i386-linux-gnu/libgpg-error.so.0.8.0
009b8000-009b9000 r--p 00002000 08:01 2098070    /lib/i386-linux-gnu/libgpg-error.so.0.8.0
009b9000-009ba000 rw-p 00003000 08:01 2098070    /lib/i386-linux-gnu/libgpg-error.so.0.8.0
009bc000-009bd000 r-xp 00000000 08:01 1704299    /usr/lib/i386-linux-gnu/libgthread-2.0.so.0.3200.3
009bd000-009be000 r--p 00000000 08:01 1704299    /usr/lib/i386-linux-gnu/libgthread-2.0.so.0.3200.3
009be000-009bf000 rw-p 00001000 08:01 1704299    /usr/lib/i386-linux-gnu/libgthread-2.0.so.0.3200.3
009bf000-009cf000 r-xp 00000000 08:01 1704083    /usr/lib/i386-linux-gnu/libtasn1.so.3.1.12
009cf000-009d0000 r--p 0000f000 08:01 1704083    /usr/lib/i386-linux-gnu/libtasn1.so.3.1.12
009d0000-009d1000 rw-p 00010000 08:01 1704083    /usr/lib/i386-linux-gnu/libtasn1.so.3.1.12
009d1000-009e1000 r-xp 00000000 08:01 1707354    /usr/lib/i386-linux-gnu/libp11-kit.so.0.0.0
009e1000-009e2000 r--p 0000f000 08:01 1707354    /usr/lib/i386-linux-gnu/libp11-kit.so.0.0.0
009e2000-009e3000 rw-p 00010000 08:01 1707354    /usr/lib/i386-linux-gnu/libp11-kit.so.0.0.0
009e3000-009e6000 r-xp 00000000 08:01 1708043    /usr/lib/libXnCore.so
009e6000-009e7000 r--p 00002000 08:01 1708043    /usr/lib/libXnCore.so
009e7000-009e8000 rw-p 00003000 08:01 1708043    /usr/lib/libXnCore.so
009e8000-009fb000 r-xp 00000000 08:01 2098027    /lib/i386-linux-gnu/libresolv-2.15.so
009fb000-009fc000 ---p 00013000 08:01 2098027    /lib/i386-linux-gnu/libresolv-2.15.so
009fc000-009fd000 r--p 00013000 08:01 2098027    /lib/i386-linux-gnu/libresolv-2.15.so
009fd000-009fe000 rw-p 00014000 08:01 2098027    /lib/i386-linux-gnu/libresolv-2.15.so
009fe000-00a00000 rw-p 00000000 00:00 0 
00a0c000-00a16000 r-xp 00000000 08:01 2098030    /lib/i386-linux-gnu/libnss_nis-2.15.so
00a16000-00a17000 r--p 00009000 08:01 2098030    /lib/i386-linux-gnu/libnss_nis-2.15.so
00a17000-00a18000 rw-p 0000a000 08:01 2098030    /lib/i386-linux-gnu/libnss_nis-2.15.so
00a18000-00b6b000 r-xp 00000000 08:01 1705743    /usr/lib/i386-linux-gnu/libgio-2.0.so.0.3200.3
00b6b000-00b6d000 r--p 00153000 08:01 1705743    /usr/lib/i386-linux-gnu/libgio-2.0.so.0.3200.3
00b6d000-00b6e000 rw-p 00155000 08:01 1705743    /usr/lib/i386-linux-gnu/libgio-2.0.so.0.3200.3
00b6e000-00b6f000 rw-p 00000000 00:00 0 
00b6f000-00b95000 r-xp 00000000 08:01 2097180    /lib/i386-linux-gnu/libexpat.so.1.5.2
00b95000-00b96000 ---p 00026000 08:01 2097180    /lib/i386-linux-gnu/libexpat.so.1.5.2
00b96000-00b98000 r--p 00026000 08:01 2097180    /lib/i386-linux-gnu/libexpat.so.1.5.2
00b98000-00b99000 rw-p 00028000 08:01 2097180    /lib/i386-linux-gnu/libexpat.so.1.5.2
00b99000-00bc1000 r-xp 00000000 08:01 2097257    /lib/i386-linux-gnu/libpng12.so.0.46.0
00bc1000-00bc2000 r--p 00027000 08:01 2097257    /lib/i386-linux-gnu/libpng12.so.0.46.0
00bc2000-00bc3000 rw-p 00028000 08:01 2097257    /lib/i386-linux-gnu/libpng12.so.0.46.0
00bd2000-00be2000 r-xp 00000000 08:01 1707120    /usr/lib/i386-linux-gnu/libXext.so.6.4.0
00be2000-00be3000 r--p 0000f000 08:01 1707120    /usr/lib/i386-linux-gnu/libXext.so.6.4.0
00be3000-00be4000 rw-p 00010000 08:01 1707120    /usr/lib/i386-linux-gnu/libXext.so.6.4.0
00be4000-00c79000 r-xp 00000000 08:01 1704168    /usr/lib/i386-linux-gnu/libfreetype.so.6.8.0
00c79000-00c7d000 r--p 00094000 08:01 1704168    /usr/lib/i386-linux-gnu/libfreetype.so.6.8.0
00c7d000-00c7e000 rw-p 00098000 08:01 1704168    /usr/lib/i386-linux-gnu/libfreetype.so.6.8.0
00c7e000-00c94000 r-xp 00000000 08:01 1837388    /usr/lib/jvm/java-7-openjdk-i386/jre/lib/i386/libnet.so
00c94000-00c95000 r--p 00015000 08:01 1837388    /usr/lib/jvm/java-7-openjdk-i386/jre/lib/i386/libnet.so
00c95000-00c96000 rw-p 00016000 08:01 1837388    /usr/lib/jvm/java-7-openjdk-i386/jre/lib/i386/libnet.so
00ca0000-00cb6000 r-xp 00000000 08:01 2098042    /lib/i386-linux-gnu/libnsl-2.15.so
00cb6000-00cb7000 r--p 00015000 08:01 2098042    /lib/i386-linux-gnu/libnsl-2.15.so
00cb7000-00cb8000 rw-p 00016000 08:01 2098042    /lib/i386-linux-gnu/libnsl-2.15.so
00cb8000-00cba000 rw-p 00000000 00:00 0 
00cba000-00cf4000 r-xp 00000000 08:01 2098175    /lib/i386-linux-gnu/libpcre.so.3.12.1
00cf4000-00cf5000 r--p 00039000 08:01 2098175    /lib/i386-linux-gnu/libpcre.so.3.12.1
00cf5000-00cf6000 rw-p 0003a000 08:01 2098175    /lib/i386-linux-gnu/libpcre.so.3.12.1
00cf6000-00d07000 r-xp 00000000 08:01 1837358    /usr/lib/jvm/java-7-openjdk-i386/jre/lib/i386/libnio.so
00d07000-00d08000 r--p 00010000 08:01 1837358    /usr/lib/jvm/java-7-openjdk-i386/jre/lib/i386/libnio.so
00d08000-00d09000 rw-p 00011000 08:01 1837358    /usr/lib/jvm/java-7-openjdk-i386/jre/lib/i386/libnio.so
00d11000-00d2e000 r-xp 00000000 08:01 1704114    /usr/lib/i386-linux-gnu/libatk-1.0.so.0.20409.1
00d2e000-00d30000 r--p 0001c000 08:01 1704114    /usr/lib/i386-linux-gnu/libatk-1.0.so.0.20409.1
00d30000-00d31000 rw-p 0001e000 08:01 1704114    /usr/lib/i386-linux-gnu/libatk-1.0.so.0.20409.1
00d31000-00d3f000 r-xp 00000000 08:01 2097259    /lib/i386-linux-gnu/libusb-1.0.so.0.1.0
00d3f000-00d40000 r--p 0000d000 08:01 2097259    /lib/i386-linux-gnu/libusb-1.0.so.0.1.0
00d40000-00d41000 rw-p 0000e000 08:01 2097259    /lib/i386-linux-gnu/libusb-1.0.so.0.1.0
00d4a000-00d4b000 r-xp 00000000 00:00 0          [vdso]
00d4b000-00d86000 r-xp 00000000 08:01 1704422    /usr/lib/i386-linux-gnu/libgssapi_krb5.so.2.2
00d86000-00d87000 ---p 0003b000 08:01 1704422    /usr/lib/i386-linux-gnu/libgssapi_krb5.so.2.2
00d87000-00d88000 r--p 0003b000 08:01 1704422    /usr/lib/i386-linux-gnu/libgssapi_krb5.so.2.2
00d88000-00d89000 rw-p 0003c000 08:01 1704422    /usr/lib/i386-linux-gnu/libgssapi_krb5.so.2.2
00d96000-00db2000 r-xp 00000000 08:01 2098084    /lib/i386-linux-gnu/libgcc_s.so.1
00db2000-00db3000 r--p 0001b000 08:01 2098084    /lib/i386-linux-gnu/libgcc_s.so.1
00db3000-00db4000 rw-p 0001c000 08:01 2098084    /lib/i386-linux-gnu/libgcc_s.so.1
00db4000-00dd3000 r-xp 00000000 08:01 1713812    /usr/lib/libnimRecorder.so
00dd3000-00dd4000 r--p 0001f000 08:01 1713812    /usr/lib/libnimRecorder.so
00dd4000-00dd5000 rw-p 00020000 08:01 1713812    /usr/lib/libnimRecorder.so
00dda000-00dee000 r-xp 00000000 08:01 2098157    /lib/i386-linux-gnu/libz.so.1.2.3.4
00dee000-00def000 r--p 00013000 08:01 2098157    /lib/i386-linux-gnu/libz.so.1.2.3.4
00def000-00df0000 rw-p 00014000 08:01 2098157    /lib/i386-linux-gnu/libz.so.1.2.3.4
00dff000-00e25000 r-xp 00000000 08:01 1705544    /usr/lib/i386-linux-gnu/libk5crypto.so.3.1
00e25000-00e26000 r--p 00025000 08:01 1705544    /usr/lib/i386-linux-gnu/libk5crypto.so.3.1
00e26000-00e27000 rw-p 00026000 08:01 1705544    /usr/lib/i386-linux-gnu/libk5crypto.so.3.1
00e27000-00e6e000 r-xp 00000000 08:01 2097236    /lib/i386-linux-gnu/libdbus-1.so.3.5.8
00e6e000-00e6f000 r--p 00047000 08:01 2097236    /lib/i386-linux-gnu/libdbus-1.so.3.5.8
00e6f000-00e70000 rw-p 00048000 08:01 2097236    /lib/i386-linux-gnu/libdbus-1.so.3.5.8
00e7e000-00e95000 r-xp 00000000 08:01 2098031    /lib/i386-linux-gnu/libpthread-2.15.so
00e95000-00e96000 r--p 00016000 08:01 2098031    /lib/i386-linux-gnu/libpthread-2.15.so
00e96000-00e97000 rw-p 00017000 08:01 2098031    /lib/i386-linux-gnu/libpthread-2.15.so
00e97000-00e99000 rw-p 00000000 00:00 0 
00e99000-00f60000 r-xp 00000000 08:01 1706437    /usr/lib/i386-linux-gnu/libcairo.so.2.11000.2
00f60000-00f61000 r--p 000c7000 08:01 1706437    /usr/lib/i386-linux-gnu/libcairo.so.2.11000.2
00f61000-00f62000 rw-p 000c8000 08:01 1706437    /usr/lib/i386-linux-gnu/libcairo.so.2.11000.2
00f62000-00f64000 rw-p 00000000 00:00 0 
00f76000-00f79000 r-xp 00000000 08:01 2098037    /lib/i386-linux-gnu/libdl-2.15.so
00f79000-00f7a000 r--p 00002000 08:01 2098037    /lib/i386-linux-gnu/libdl-2.15.so
00f7a000-00f7b000 rw-p 00003000 08:01 2098037    /lib/i386-linux-gnu/libdl-2.15.so
00f7b000-01860000 r-xp 00000000 08:01 1837373    /usr/lib/jvm/java-7-openjdk-i386/jre/lib/i386/server/libjvm.so
01860000-018a7000 r--p 008e4000 08:01 1837373    /usr/lib/jvm/java-7-openjdk-i386/jre/lib/i386/server/libjvm.so
018a7000-018bb000 rw-p 0092b000 08:01 1837373    /usr/lib/jvm/java-7-openjdk-i386/jre/lib/i386/server/libjvm.so
018bb000-01cd7000 rw-p 00000000 00:00 0 
01cd7000-01d54000 r-xp 00000000 08:01 1713814    /usr/lib/libOpenNI.so
01d54000-01d56000 r--p 0007c000 08:01 1713814    /usr/lib/libOpenNI.so
01d56000-01d58000 rw-p 0007e000 08:01 1713814    /usr/lib/libOpenNI.so
01d58000-02173000 r-xp 00000000 08:01 1708035    /usr/lib/libXnVFeatures_1_5_2.so
02173000-0217b000 r--p 0041a000 08:01 1708035    /usr/lib/libXnVFeatures_1_5_2.so
0217b000-0217c000 rw-p 00422000 08:01 1708035    /usr/lib/libXnVFeatures_1_5_2.so
0217c000-02190000 rw-p 00000000 00:00 0 
02190000-02265000 r-xp 00000000 08:01 1708040    /usr/lib/libXnVHandGenerator_1_4_2.so
02265000-02266000 ---p 000d5000 08:01 1708040    /usr/lib/libXnVHandGenerator_1_4_2.so
02266000-02268000 r--p 000d5000 08:01 1708040    /usr/lib/libXnVHandGenerator_1_4_2.so
02268000-02269000 rw-p 000d7000 08:01 1708040    /usr/lib/libXnVHandGenerator_1_4_2.so
02269000-0226b000 rw-p 00000000 00:00 0 
0232a000-023f2000 r-xp 00000000 08:01 1705541    /usr/lib/i386-linux-gnu/libkrb5.so.3.3
023f2000-023f8000 r--p 000c7000 08:01 1705541    /usr/lib/i386-linux-gnu/libkrb5.so.3.3
023f8000-023f9000 rw-p 000cd000 08:01 1705541    /usr/lib/i386-linux-gnu/libkrb5.so.3.3
028bf000-02975000 r-xp 00000000 08:01 3803206    /home/odairbonin/workspace_oficina_kinect/PrimeiroKinect/lib/user/libSimpleOpenNI32.so
02975000-02977000 r--p 000b5000 08:01 3803206    /home/odairbonin/workspace_oficina_kinect/PrimeiroKinect/lib/user/libSimpleOpenNI32.so
02977000-02979000 rw-p 000b7000 08:01 3803206    /home/odairbonin/workspace_oficina_kinect/PrimeiroKinect/lib/user/libSimpleOpenNI32.so
02d9c000-02e2f000 r-xp 00000000 08:01 1704171    /usr/lib/i386-linux-gnu/libpixman-1.so.0.24.4
02e2f000-02e33000 r--p 00092000 08:01 1704171    /usr/lib/i386-linux-gnu/libpixman-1.so.0.24.4
02e33000-02e34000 rw-p 00096000 08:01 1704171    /usr/lib/i386-linux-gnu/libpixman-1.so.0.24.4
03242000-03266000 r-xp 00000000 08:01 1708047    /usr/lib/libXnFormats.so
03266000-03267000 r--p 00023000 08:01 1708047    /usr/lib/libXnFormats.so
03267000-03268000 rw-p 00024000 08:01 1708047    /usr/lib/libXnFormats.so
03268000-03288000 rw-p 00000000 00:00 0 
03288000-03289000 ---p 00000000 00:00 0 
03289000-03a89000 rwxp 00000000 00:00 0 
03a9a000-03b74000 r-xp 00000000 08:01 1707368    /usr/lib/libXnVNite_1_5_2.so
03b74000-03b76000 r--p 000da000 08:01 1707368    /usr/lib/libXnVNite_1_5_2.so
03b76000-03b77000 rw-p 000dc000 08:01 1707368    /usr/lib/libXnVNite_1_5_2.so
03f5b000-03fdd000 r-xp 00000000 08:01 2098111    /lib/i386-linux-gnu/libgcrypt.so.11.7.0
03fdd000-03fde000 r--p 00081000 08:01 2098111    /lib/i386-linux-gnu/libgcrypt.so.11.7.0
03fde000-03fe0000 rw-p 00082000 08:01 2098111    /lib/i386-linux-gnu/libgcrypt.so.11.7.0
04412000-04630000 r-xp 00000000 08:01 1708018    /usr/lib/libXnVFeatures_1_3_1.so
04630000-04631000 ---p 0021e000 08:01 1708018    /usr/lib/libXnVFeatures_1_3_1.so
04631000-04634000 r--p 0021e000 08:01 1708018    /usr/lib/libXnVFeatures_1_3_1.so
04634000-04635000 rw-p 00221000 08:01 1708018    /usr/lib/libXnVFeatures_1_3_1.so
04635000-0463a000 rw-p 00000000 00:00 0 
04648000-046d2000 r-xp 00000000 08:01 1709462    /usr/lib/libXnDeviceSensorV2.so
046d2000-046da000 r--p 0008a000 08:01 1709462    /usr/lib/libXnDeviceSensorV2.so
046da000-046db000 rw-p 00092000 08:01 1709462    /usr/lib/libXnDeviceSensorV2.so
0474c000-04bac000 r-xp 00000000 08:01 1707112    /usr/lib/i386-linux-gnu/libgtk-x11-2.0.so.0.2400.10
04bac000-04bb0000 r--p 00460000 08:01 1707112    /usr/lib/i386-linux-gnu/libgtk-x11-2.0.so.0.2400.10
04bb0000-04bb2000 rw-p 00464000 08:01 1707112    /usr/lib/i386-linux-gnu/libgtk-x11-2.0.so.0.2400.10
04bb2000-04bb4000 rw-p 00000000 00:00 0 
04f06000-04fda000 r-xp 00000000 08:01 1708039    /usr/lib/libXnVHandGenerator_1_4_1.so
04fda000-04fdb000 ---p 000d4000 08:01 1708039    /usr/lib/libXnVHandGenerator_1_4_1.so
04fdb000-04fdd000 r--p 000d4000 08:01 1708039    /usr/lib/libXnVHandGenerator_1_4_1.so
04fdd000-04fde000 rw-p 000d6000 08:01 1708039    /usr/lib/libXnVHandGenerator_1_4_1.so
04fde000-04fe0000 rw-p 00000000 00:00 0 
054a1000-05688000 r-xp 00000000 08:01 1708023    /usr/lib/libXnVFeatures_1_4_1.so
05688000-0568b000 r--p 001e6000 08:01 1708023    /usr/lib/libXnVFeatures_1_4_1.so
0568b000-0568c000 rw-p 001e9000 08:01 1708023    /usr/lib/libXnVFeatures_1_4_1.so
0568c000-05691000 rw-p 00000000 00:00 0 
058c4000-05aab000 r-xp 00000000 08:01 1708028    /usr/lib/libXnVFeatures_1_4_2.so
05aab000-05aae000 r--p 001e6000 08:01 1708028    /usr/lib/libXnVFeatures_1_4_2.so
05aae000-05aaf000 rw-p 001e9000 08:01 1708028    /usr/lib/libXnVFeatures_1_4_2.so
05aaf000-05ab4000 rw-p 00000000 00:00 0 
05caf000-05da5000 r-xp 00000000 08:01 1708041    /usr/lib/libXnVHandGenerator_1_5_2.so
05da5000-05da8000 r--p 000f5000 08:01 1708041    /usr/lib/libXnVHandGenerator_1_5_2.so
05da8000-05da9000 rw-p 000f8000 08:01 1708041    /usr/lib/libXnVHandGenerator_1_5_2.so
05da9000-05db5000 rw-p 00000000 00:00 0 
06532000-06559000 r-xp 00000000 08:01 1708045    /usr/lib/libXnDeviceFile.so
06559000-0655a000 r--p 00027000 08:01 1708045    /usr/lib/libXnDeviceFile.so
0655a000-0655b000 rw-p 00028000 08:01 1708045    /usr/lib/libXnDeviceFile.so
06714000-06759000 r-xp 00000000 08:01 1708044    /usr/lib/libXnDDK.so
06759000-0675b000 r--p 00044000 08:01 1708044    /usr/lib/libXnDDK.so
0675b000-0675c000 rw-p 00046000 08:01 1708044    /usr/lib/libXnDDK.so
06ab1000-06b70000 r-xp 00000000 08:01 1714074    /usr/lib/i386-linux-gnu/libgnutls.so.26.21.8
06b70000-06b74000 r--p 000be000 08:01 1714074    /usr/lib/i386-linux-gnu/libgnutls.so.26.21.8
06b74000-06b75000 rw-p 000c2000 08:01 1714074    /usr/lib/i386-linux-gnu/libgnutls.so.26.21.8
06ba3000-06bdd000 r-xp 00000000 08:01 1837391    /usr/lib/jvm/java-7-openjdk-i386/jre/lib/i386/libfontmanager.so
06bdd000-06bde000 ---p 0003a000 08:01 1837391    /usr/lib/jvm/java-7-openjdk-i386/jre/lib/i386/libfontmanager.so
06bde000-06bdf000 r--p 0003a000 08:01 1837391    /usr/lib/jvm/java-7-openjdk-i386/jre/lib/i386/libfontmanager.so
06bdf000-06be0000 rw-p 0003b000 08:01 1837391    /usr/lib/jvm/java-7-openjdk-i386/jre/lib/i386/libfontmanager.so
075ef000-076cd000 r-xp 00000000 08:01 1708038    /usr/lib/libXnVHandGenerator_1_3_1.so
076cd000-076d0000 r--p 000dd000 08:01 1708038    /usr/lib/libXnVHandGenerator_1_3_1.so
076d0000-076d1000 rw-p 000e0000 08:01 1708038    /usr/lib/libXnVHandGenerator_1_3_1.so
076d1000-076d3000 rw-p 00000000 00:00 0 
079e4000-07a19000 r-xp 00000000 08:01 1713810    /usr/lib/libnimCodecs.so
07a19000-07a1b000 r--p 00034000 08:01 1713810    /usr/lib/libnimCodecs.so
07a1b000-07a1c000 rw-p 00036000 08:01 1713810    /usr/lib/libnimCodecs.so
07a1c000-07a3c000 rw-p 00000000 00:00 0 
07c42000-07d39000 r-xp 00000000 08:01 2098053    /lib/i386-linux-gnu/libglib-2.0.so.0.3200.3
07d39000-07d3a000 r--p 000f6000 08:01 2098053    /lib/i386-linux-gnu/libglib-2.0.so.0.3200.3
07d3a000-07d3b000 rw-p 000f7000 08:01 2098053    /lib/i386-linux-gnu/libglib-2.0.so.0.3200.3
07da8000-07dab000 ---p 00000000 00:00 0 
07dab000-07df9000 rwxp 00000000 00:00 0 
07e99000-07f19000 r-xp 00000000 08:01 1708046    /usr/lib/libXnDeviceSensorV2KM.so
07f19000-07f1a000 ---p 00080000 08:01 1708046    /usr/lib/libXnDeviceSensorV2KM.so
07f1a000-07f22000 r--p 00080000 08:01 1708046    /usr/lib/libXnDeviceSensorV2KM.so
07f22000-07f23000 rw-p 00088000 08:01 1708046    /usr/lib/libXnDeviceSensorV2KM.so
08048000-08049000 r-xp 00000000 08:01 1837321    /usr/lib/jvm/java-7-openjdk-i386/jre/bin/java
08049000-0804a000 r--p 00000000 08:01 1837321    /usr/lib/jvm/java-7-openjdk-i386/jre/bin/java
0804a000-0804b000 rw-p 00001000 08:01 1837321    /usr/lib/jvm/java-7-openjdk-i386/jre/bin/java
08619000-08645000 r-xp 00000000 08:01 1713811    /usr/lib/libnimMockNodes.so
08645000-0864c000 r--p 0002b000 08:01 1713811    /usr/lib/libnimMockNodes.so
0864c000-0864d000 rw-p 00032000 08:01 1713811    /usr/lib/libnimMockNodes.so
08cc1000-08f30000 rw-p 00000000 00:00 0          [heap]
6d4a6000-6d700000 rw-p 00000000 00:00 0 
6d700000-6d7f2000 rw-p 00000000 00:00 0 
6d7f2000-6d800000 ---p 00000000 00:00 0 
6da00000-6db22000 rw-p 00000000 00:00 0 
6db22000-6dc00000 ---p 00000000 00:00 0 
6dc00000-6dcfc000 rw-p 00000000 00:00 0 
6dcfc000-6dd00000 ---p 00000000 00:00 0 
6dd00000-6ddfb000 rw-p 00000000 00:00 0 
6ddfb000-6de00000 ---p 00000000 00:00 0 
6de00000-6defa000 rw-p 00000000 00:00 0 
6defa000-6df00000 ---p 00000000 00:00 0 
6e500000-6e5f6000 rw-p 00000000 00:00 0 
6e5f6000-6e600000 ---p 00000000 00:00 0 
6e700000-6e7fb000 rw-p 00000000 00:00 0 
6e7fb000-6e800000 ---p 00000000 00:00 0 
6ea00000-6eb00000 rw-p 00000000 00:00 0 
6eba5000-6eba6000 rw-s 00000000 00:12 14734      /run/shm/045e.02ae@1.7-SM
6eba6000-6ecd4000 rw-p 00000000 00:00 0 
6ecd4000-6ee00000 rw-s 00000000 00:04 557058     /SYSV00000000 (deleted)
6ee00000-6eeb1000 rw-p 00000000 00:00 0 
6eeb1000-6ef00000 ---p 00000000 00:00 0 
6ef69000-6f000000 rw-p 00000000 00:00 0 
6f000000-6f0f2000 rw-p 00000000 00:00 0 
6f0f2000-6f100000 ---p 00000000 00:00 0 
6f169000-6f200000 rw-p 00000000 00:00 0 
6f200000-6f3fa000 rw-p 00000000 00:00 0 
6f3fa000-6f400000 ---p 00000000 00:00 0 
6f400000-6f600000 rw-p 00000000 00:00 0 
6f600000-6f800000 rw-p 00000000 00:00 0 
6f800000-6fa00000 rw-p 00000000 00:00 0 
6fa00000-6fc00000 rw-p 00000000 00:00 0 
6fc00000-6fe00000 rw-p 00000000 00:00 0 
6fe00000-70000000 rw-p 00000000 00:00 0 
70000000-700ff000 rw-p 00000000 00:00 0 
700ff000-70100000 ---p 00000000 00:00 0 
70100000-701ff000 rw-p 00000000 00:00 0 
701ff000-70200000 ---p 00000000 00:00 0 
70200000-70400000 rw-p 00000000 00:00 0 
70400000-70600000 rw-p 00000000 00:00 0 
70600000-70800000 rw-p 00000000 00:00 0 
70800000-70a00000 rw-p 00000000 00:00 0 
70a00000-70c00000 rw-p 00000000 00:00 0 
70c00000-70e00000 rw-p 00000000 00:00 0 
70e00000-71000000 rw-p 00000000 00:00 0 
71000000-71200000 rw-p 00000000 00:00 0 
71200000-71400000 rw-p 00000000 00:00 0 
71400000-71600000 rw-p 00000000 00:00 0 
71600000-71800000 rw-p 00000000 00:00 0 
71800000-71a00000 rw-p 00000000 00:00 0 
71a00000-71c00000 rw-p 00000000 00:00 0 
71c00000-71e00000 rw-p 00000000 00:00 0 
71e00000-72000000 rw-p 00000000 00:00 0 
72000000-72200000 rw-p 00000000 00:00 0 
72200000-72400000 rw-p 00000000 00:00 0 
72400000-72600000 rw-p 00000000 00:00 0 
72600000-72800000 rw-p 00000000 00:00 0 
72800000-72a00000 rw-p 00000000 00:00 0 
72a00000-72c00000 rw-p 00000000 00:00 0 
72c00000-72d00000 rw-p 00000000 00:00 0 
72d24000-79100000 rw-p 00000000 00:00 0 
79100000-791fe000 rw-p 00000000 00:00 0 
791fe000-79200000 ---p 00000000 00:00 0 
79200000-79300000 rw-p 00000000 00:00 0 
79300000-793f5000 rw-p 00000000 00:00 0 
793f5000-79400000 ---p 00000000 00:00 0 
79422000-79b00000 rw-p 00000000 00:00 0 
79b00000-79bd5000 rw-p 00000000 00:00 0 
79bd5000-79c00000 ---p 00000000 00:00 0 
79c69000-79d00000 rw-p 00000000 00:00 0 
79d00000-79efb000 rw-p 00000000 00:00 0 
79efb000-79f00000 ---p 00000000 00:00 0 
79f00000-7a000000 rw-p 00000000 00:00 0 
7a03b000-7a200000 rw-p 00000000 00:00 0 
7a200000-7a2ff000 rw-p 00000000 00:00 0 
7a2ff000-7a300000 ---p 00000000 00:00 0 
7a300000-7a3f1000 rw-p 00000000 00:00 0 
7a3f1000-7a400000 ---p 00000000 00:00 0 
7a400000-7a4f8000 rw-p 00000000 00:00 0 
7a4f8000-7a500000 ---p 00000000 00:00 0 
7a502000-7b600000 rw-p 00000000 00:00 0 
7b600000-7b6f8000 rw-p 00000000 00:00 0 
7b6f8000-7b700000 ---p 00000000 00:00 0 
7b769000-7b800000 rw-p 00000000 00:00 0 
7b800000-7b8fd000 rw-p 00000000 00:00 0 
7b8fd000-7b900000 ---p 00000000 00:00 0 
7b969000-7ba00000 rw-p 00000000 00:00 0 
7ba00000-7baff000 rw-p 00000000 00:00 0 
7baff000-7bb00000 ---p 00000000 00:00 0 
7bb00000-7bc00000 rw-p 00000000 00:00 0 
7bc00000-7bcfb000 rw-p 00000000 00:00 0 
7bcfb000-7bd00000 ---p 00000000 00:00 0 
7bd3b000-7bf00000 rw-p 00000000 00:00 0 
7bf00000-7c0df000 rw-p 00000000 00:00 0 
7c0df000-7c100000 ---p 00000000 00:00 0 
7c100000-7c1fd000 rw-p 00000000 00:00 0 
7c1fd000-7c200000 ---p 00000000 00:00 0 
7c200000-7c2ff000 rw-p 00000000 00:00 0 
7c2ff000-7c300000 ---p 00000000 00:00 0 
7c300000-7c4f6000 rw-p 00000000 00:00 0 
7c4f6000-7c500000 ---p 00000000 00:00 0 
7c500000-7c700000 rw-p 00000000 00:00 0 
7c700000-7c800000 rw-p 00000000 00:00 0 
7cd79000-7d481000 r--s 00000000 00:12 14730      /run/shm/3439_045e.02ae@1.7_Depth
7d481000-7d9af000 rw-p 00000000 00:00 0 
7d9af000-7da00000 rwxp 00000000 00:00 0 
7da00000-7daf9000 rw-p 00000000 00:00 0 
7daf9000-7db00000 ---p 00000000 00:00 0 
7db0d000-7dc00000 rwxp 00000000 00:00 0 
7dc00000-7dc8e000 rw-p 00000000 00:00 0 
7dc8e000-7dd00000 ---p 00000000 00:00 0 
7dd0d000-7de00000 rwxp 00000000 00:00 0 
7de00000-7def9000 rw-p 00000000 00:00 0 
7def9000-7df00000 ---p 00000000 00:00 0 
7df0d000-7df0e000 rw-p 00000000 00:00 0 
7df0e000-7df0f000 ---p 00000000 00:00 0 
7df0f000-7dfe0000 rwxp 00000000 00:00 0 
7dfe0000-7dfe1000 ---p 00000000 00:00 0 
7dfe1000-7e061000 rwxp 00000000 00:00 0 
7e061000-7e062000 ---p 00000000 00:00 0 
7e062000-7e133000 rwxp 00000000 00:00 0 
7e133000-7e333000 r--p 00000000 08:01 1704063    /usr/lib/locale/locale-archive
7e333000-7e3d5000 rwxp 00000000 00:00 0 
7e3d5000-7e3d6000 ---p 00000000 00:00 0 
7e3d6000-7e456000 rwxp 00000000 00:00 0 
7e456000-7e49e000 rw-p 00000000 00:00 0 
7e49e000-7e649000 r--s 01cdb000 08:01 1837397    /usr/lib/jvm/java-7-openjdk-i386/jre/lib/rt.jar
7e649000-80800000 rw-p 00000000 00:00 0 
80800000-808f9000 rw-p 00000000 00:00 0 
808f9000-80900000 ---p 00000000 00:00 0 
80900000-809eb000 rw-p 00000000 00:00 0 
809eb000-80a00000 ---p 00000000 00:00 0 
80a00000-80b00000 rw-p 00000000 00:00 0 
80b00000-80b01000 rw-p 00000000 00:00 0 
80b01000-80b0a000 r--s 000bc000 08:01 1710125    /usr/lib/jvm/java-7-openjdk-common/jre/lib/resources.jar
80b0a000-80b0d000 r--s 00022000 08:01 3803208    /home/odairbonin/workspace_oficina_kinect/PrimeiroKinect/lib/user/SimpleOpenNI.jar
80b0d000-80b29000 r--s 0048b000 08:01 3803197    /home/odairbonin/workspace_oficina_kinect/PrimeiroKinect/lib/base/core/jogl-all.jar
80b29000-80b2a000 r--s 00001000 08:01 3803196    /home/odairbonin/workspace_oficina_kinect/PrimeiroKinect/lib/base/core/gluegen-rt-natives-windows-i586.jar
80b2a000-80b2b000 ---p 00000000 00:00 0 
80b2b000-80bab000 rwxp 00000000 00:00 0 
80bab000-80bac000 ---p 00000000 00:00 0 
80bac000-80c2c000 rwxp 00000000 00:00 0 
80c2c000-80c34000 rw-p 00000000 00:00 0 
80c34000-80c6c000 rw-p 00000000 00:00 0 
80c6c000-80c8f000 rw-p 00000000 00:00 0 
80c8f000-80d54000 rw-p 00000000 00:00 0 
80d54000-80d5c000 rw-p 00000000 00:00 0 
80d5c000-80d94000 rw-p 00000000 00:00 0 
80d94000-80db7000 rw-p 00000000 00:00 0 
80db7000-80e7b000 rw-p 00000000 00:00 0 
80e7b000-80ed1000 rw-p 00000000 00:00 0 
80ed1000-80eef000 rw-p 00000000 00:00 0 
80eef000-81ef0000 rw-p 00000000 00:00 0 
81ef0000-88ef0000 rw-p 00000000 00:00 0 
88ef0000-8d300000 rw-p 00000000 00:00 0 
8d300000-a5da0000 rw-p 00000000 00:00 0 
a5da0000-b0790000 rw-p 00000000 00:00 0 
b0790000-b44f0000 rw-p 00000000 00:00 0 
b44f0000-b44f3000 r--s 00077000 08:01 3803195    /home/odairbonin/workspace_oficina_kinect/PrimeiroKinect/lib/base/core/core.jar
b44f3000-b44f8000 r--s 00030000 08:01 3803193    /home/odairbonin/workspace_oficina_kinect/PrimeiroKinect/lib/base/core/gluegen-rt.jar
b44f8000-b4738000 rwxp 00000000 00:00 0 
b4738000-b74f8000 rw-p 00000000 00:00 0 
b74f8000-b7500000 rw-s 00000000 08:01 3284678    /tmp/hsperfdata_odairbonin/3447
b7500000-b75f2000 rw-p 00000000 00:00 0 
b75f2000-b7600000 ---p 00000000 00:00 0 
b7600000-b7602000 r--s 00020000 08:01 3803194    /home/odairbonin/workspace_oficina_kinect/PrimeiroKinect/lib/base/core/jogl-all-natives-windows-i586.jar
b7602000-b7603000 r--s 00023000 08:01 3803192    /home/odairbonin/workspace_oficina_kinect/PrimeiroKinect/lib/base/core/jogl-all-natives-linux-i586.jar
b7603000-b7604000 r--s 0001b000 08:01 3803191    /home/odairbonin/workspace_oficina_kinect/PrimeiroKinect/lib/base/core/jogl-all-natives-windows-amd64.jar
b7604000-b7605000 r--s 00000000 08:01 3803190    /home/odairbonin/workspace_oficina_kinect/PrimeiroKinect/lib/base/core/gluegen-rt-natives-linux-amd64.jar
b7605000-b7606000 r--s 00023000 08:01 3803189    /home/odairbonin/workspace_oficina_kinect/PrimeiroKinect/lib/base/core/jogl-all-natives-linux-amd64.jar
b7606000-b7607000 r--s 00001000 08:01 3803188    /home/odairbonin/workspace_oficina_kinect/PrimeiroKinect/lib/base/core/gluegen-rt-natives-windows-amd64.jar
b7607000-b7608000 r--s 00000000 08:01 3803187    /home/odairbonin/workspace_oficina_kinect/PrimeiroKinect/lib/base/core/gluegen-rt-natives-linux-i586.jar
b7608000-b7609000 r--s 00000000 08:01 3803186    /home/odairbonin/workspace_oficina_kinect/PrimeiroKinect/lib/base/core/gluegen-rt-natives-macosx-universal.jar
b7609000-b760a000 r--s 00050000 08:01 3803185    /home/odairbonin/workspace_oficina_kinect/PrimeiroKinect/lib/base/core/jogl-all-natives-macosx-universal.jar
b760a000-b7613000 rw-p 00000000 00:00 0 
b7613000-b76ca000 rw-p 00000000 00:00 0 
b76ca000-b76cb000 ---p 00000000 00:00 0 
b76cb000-b771b000 rwxp 00000000 00:00 0 
b771b000-b771d000 rw-p 00000000 00:00 0 
b771d000-b7720000 r--s 0000f000 08:01 1710119    /usr/lib/jvm/java-7-openjdk-common/jre/lib/ext/pulse-java.jar
b7720000-b7722000 r--s 00012000 08:01 1710118    /usr/lib/jvm/java-7-openjdk-common/jre/lib/ext/zipfs.jar
b7722000-b7723000 r--s 00007000 08:01 2228686    /usr/share/java/java-atk-wrapper.jar
b7723000-b7726000 r--s 0003c000 08:01 1710114    /usr/lib/jvm/java-7-openjdk-common/jre/lib/ext/sunpkcs11.jar
b7726000-b772a000 r--s 00085000 08:01 1710115    /usr/lib/jvm/java-7-openjdk-common/jre/lib/ext/localedata.jar
b772a000-b772d000 r--s 00032000 08:01 1710116    /usr/lib/jvm/java-7-openjdk-common/jre/lib/ext/sunjce_provider.jar
b772d000-b772e000 r--s 00002000 08:01 1710117    /usr/lib/jvm/java-7-openjdk-common/jre/lib/ext/dnsns.jar
b772e000-b772f000 r--p 002c5000 08:01 1704063    /usr/lib/locale/locale-archive
b772f000-b7730000 rw-p 00000000 00:00 0 
b7730000-b7731000 r--p 00000000 00:00 0 
b7731000-b7734000 rw-p 00000000 00:00 0 
bf8c9000-bf8ea000 rwxp 00000000 00:00 0          [stack]
bf8ea000-bf8eb000 rw-p 00000000 00:00 0 

VM Arguments:
jvm_args: -Djava.library.path=/home/odairbonin/workspace_oficina_kinect/PrimeiroKinect/lib/base/core:/home/odairbonin/workspace_oficina_kinect/PrimeiroKinect/lib/base/core:/home/odairbonin/workspace_oficina_kinect/PrimeiroKinect/lib/base/core:/home/odairbonin/workspace_oficina_kinect/PrimeiroKinect/lib/base/core:/home/odairbonin/workspace_oficina_kinect/PrimeiroKinect/lib/base/core:/home/odairbonin/workspace_oficina_kinect/PrimeiroKinect/lib/base/core:/home/odairbonin/workspace_oficina_kinect/PrimeiroKinect/lib/base/core:/home/odairbonin/workspace_oficina_kinect/PrimeiroKinect/lib/base/core:/home/odairbonin/workspace_oficina_kinect/PrimeiroKinect/lib/base/core:/home/odairbonin/workspace_oficina_kinect/PrimeiroKinect/lib/base/core:/home/odairbonin/workspace_oficina_kinect/PrimeiroKinect/lib/base/core:/home/odairbonin/workspace_oficina_kinect/PrimeiroKinect/lib/base/core:/home/odairbonin/workspace_oficina_kinect/PrimeiroKinect/lib/base/core:/home/odairbonin/workspace_oficina_kinect/PrimeiroKinect/lib/user -Djava.security.policy=java.policy.applet -Dfile.encoding=UTF-8 
java_command: sun.applet.AppletViewer primeirokinect.PrimeiroKinect1396668550490.html
Launcher Type: SUN_STANDARD

Environment Variables:
PATH=/usr/lib/lightdm/lightdm:/usr/local/sbin:/usr/local/bin:/usr/sbin:/usr/bin:/sbin:/bin:/usr/games
LD_LIBRARY_PATH=/usr/lib/jvm/java-7-openjdk-i386/jre/lib/i386/server:/usr/lib/jvm/java-7-openjdk-i386/jre/lib/i386:/usr/lib/jvm/java-7-openjdk-i386/jre/../lib/i386:/usr/lib/jvm/java-7-openjdk-i386/jre/lib/i386/client:/usr/lib/jvm/java-7-openjdk-i386/jre/lib/i386:
SHELL=/bin/bash
DISPLAY=:0.0

Signal Handlers:
SIGSEGV: [libjvm.so+0x753930], sa_mask[0]=0x7ffbfeff, sa_flags=0x10000004
SIGBUS: [libjvm.so+0x753930], sa_mask[0]=0x7ffbfeff, sa_flags=0x10000004
SIGFPE: [libjvm.so+0x5e94a0], sa_mask[0]=0x7ffbfeff, sa_flags=0x10000004
SIGPIPE: [libjvm.so+0x5e94a0], sa_mask[0]=0x7ffbfeff, sa_flags=0x10000004
SIGXFSZ: [libjvm.so+0x5e94a0], sa_mask[0]=0x7ffbfeff, sa_flags=0x10000004
SIGILL: [libjvm.so+0x5e94a0], sa_mask[0]=0x7ffbfeff, sa_flags=0x10000004
SIGUSR1: SIG_DFL, sa_mask[0]=0x00000000, sa_flags=0x00000000
SIGUSR2: [libjvm.so+0x5e9330], sa_mask[0]=0x00000004, sa_flags=0x10000004
SIGHUP: [libjvm.so+0x5e9960], sa_mask[0]=0x7ffbfeff, sa_flags=0x10000004
SIGINT: [libjvm.so+0x5e9960], sa_mask[0]=0x7ffbfeff, sa_flags=0x10000004
SIGTERM: [libjvm.so+0x5e9960], sa_mask[0]=0x7ffbfeff, sa_flags=0x10000004
SIGQUIT: [libjvm.so+0x5e9960], sa_mask[0]=0x7ffbfeff, sa_flags=0x10000004


---------------  S Y S T E M  ---------------

OS:Ubuntu 12.04 (precise)
uname:Linux 3.2.0-35-generic #55-Ubuntu SMP Wed Dec 5 17:45:18 UTC 2012 i686
libc:glibc 2.15 NPTL 2.15 
rlimit: STACK 8192k, CORE 0k, NPROC 22063, NOFILE 4096, AS infinity
load average:0.89 0.40 0.21

/proc/meminfo:
MemTotal:        2838692 kB
MemFree:         1212408 kB
Buffers:           67164 kB
Cached:           658724 kB
SwapCached:            0 kB
Active:          1170508 kB
Inactive:         403504 kB
Active(anon):     848772 kB
Inactive(anon):     9448 kB
Active(file):     321736 kB
Inactive(file):   394056 kB
Unevictable:          16 kB
Mlocked:              16 kB
HighTotal:       1974216 kB
HighFree:         457324 kB
LowTotal:         864476 kB
LowFree:          755084 kB
SwapTotal:        783356 kB
SwapFree:         783356 kB
Dirty:               188 kB
Writeback:             0 kB
AnonPages:        848152 kB
Mapped:           139912 kB
Shmem:             10100 kB
Slab:              31424 kB
SReclaimable:      17908 kB
SUnreclaim:        13516 kB
KernelStack:        3144 kB
PageTables:         7352 kB
NFS_Unstable:          0 kB
Bounce:                0 kB
WritebackTmp:          0 kB
CommitLimit:     2202700 kB
Committed_AS:    2870408 kB
VmallocTotal:     122880 kB
VmallocUsed:        4896 kB
VmallocChunk:      61340 kB
HardwareCorrupted:     0 kB
AnonHugePages:         0 kB
HugePages_Total:       0
HugePages_Free:        0
HugePages_Rsvd:        0
HugePages_Surp:        0
Hugepagesize:       4096 kB
DirectMap4k:       12280 kB
DirectMap4M:      897024 kB


CPU:total 2 (2 cores per cpu, 1 threads per core) family 6 model 42 stepping 7, cmov, cx8, fxsr, mmx, sse, sse2, sse3, ssse3, sse4.1, sse4.2, popcnt, avx, tsc, tscinvbit

/proc/cpuinfo:
processor	: 0
vendor_id	: GenuineIntel
cpu family	: 6
model		: 42
model name	: Intel(R) Core(TM) i7-2620M CPU @ 2.70GHz
stepping	: 7
cpu MHz		: 2693.000
cache size	: 4096 KB
physical id	: 0
siblings	: 2
core id		: 0
cpu cores	: 2
apicid		: 0
initial apicid	: 0
fdiv_bug	: no
hlt_bug		: no
f00f_bug	: no
coma_bug	: no
fpu		: yes
fpu_exception	: yes
cpuid level	: 13
wp		: yes
flags		: fpu vme de pse tsc msr pae mce cx8 apic mtrr pge mca cmov pat pse36 clflush mmx fxsr sse sse2 ss ht syscall nx rdtscp lm constant_tsc nonstop_tsc aperfmperf pni pclmulqdq ssse3 cx16 pcid sse4_1 sse4_2 x2apic popcnt aes xsave avx hypervisor lahf_lm ida arat epb pln pts dtherm
bogomips	: 5386.00
clflush size	: 64
cache_alignment	: 64
address sizes	: 36 bits physical, 48 bits virtual
power management:

processor	: 1
vendor_id	: GenuineIntel
cpu family	: 6
model		: 42
model name	: Intel(R) Core(TM) i7-2620M CPU @ 2.70GHz
stepping	: 7
cpu MHz		: 2693.000
cache size	: 4096 KB
physical id	: 0
siblings	: 2
core id		: 1
cpu cores	: 2
apicid		: 1
initial apicid	: 1
fdiv_bug	: no
hlt_bug		: no
f00f_bug	: no
coma_bug	: no
fpu		: yes
fpu_exception	: yes
cpuid level	: 13
wp		: yes
flags		: fpu vme de pse tsc msr pae mce cx8 apic mtrr pge mca cmov pat pse36 clflush mmx fxsr sse sse2 ss ht syscall nx rdtscp lm constant_tsc nonstop_tsc aperfmperf pni pclmulqdq ssse3 cx16 pcid sse4_1 sse4_2 x2apic popcnt aes xsave avx hypervisor lahf_lm ida arat epb pln pts dtherm
bogomips	: 5386.00
clflush size	: 64
cache_alignment	: 64
address sizes	: 36 bits physical, 48 bits virtual
power management:



Memory: 4k page, physical 2838692k(1212312k free), swap 783356k(783356k free)

vm_info: OpenJDK Server VM (23.2-b09) for linux-x86 JRE (1.7.0_09-b30), built on Oct 24 2012 18:55:39 by "buildd" with gcc 4.6.3

time: Sat Apr  5 00:29:41 2014
elapsed time: 31 seconds

