#
# A fatal error has been detected by the Java Runtime Environment:
#
#  SIGSEGV (0xb) at pc=0x04889c1f, pid=16360, tid=2109070144
#
# JRE version: 7.0_09-b30
# Java VM: OpenJDK Server VM (23.2-b09 mixed mode linux-x86 )
# Problematic frame:
# C  [libOpenNI.so+0x3cc1f]  xnSetSkeletonProfile+0x1f
#
# Failed to write core dump. Core dumps have been disabled. To enable core dumping, try "ulimit -c unlimited" before starting Java again
#
# If you would like to submit a bug report, please include
# instructions on how to reproduce the bug and visit:
#   https://bugs.launchpad.net/ubuntu/+source/openjdk-7/
# The crash happened outside the Java Virtual Machine in native code.
# See problematic frame for where to report the bug.
#

---------------  T H R E A D  ---------------

Current thread (0x80b10000):  JavaThread "Animation Thread" [_thread_in_native, id=16385, stack(0x7db0d000,0x7db5e000)]

siginfo:si_signo=SIGSEGV: si_errno=0, si_code=1 (SEGV_MAPERR), si_addr=0x00000000

Registers:
EAX=0x00010012, EBX=0x048cbff4, ECX=0x80b00018, EDX=0x80b658e0
ESP=0x7db5cbe0, EBP=0x05ca89a0, ESI=0x00000000, EDI=0x7db5ccb4
EIP=0x04889c1f, EFLAGS=0x00010212, CR2=0x00000000

Top of Stack: (sp=0x7db5cbe0)
0x7db5cbe0:   80b62fe8 05ca6ff4 80b30bb8 7db5ccb4
0x7db5cbf0:   05ca89a0 007536a0 80b658e0 04889c00
0x7db5cc00:   00000000 05ca6ff4 80b30bb8 05c6f969
0x7db5cc10:   00000000 00000002 00000000 00000000
0x7db5cc20:   7db5ccd4 00000000 00000000 80b19560
0x7db5cc30:   05c01b21 00000000 7db5cccc 80b19501
0x7db5cc40:   00000000 00000000 b463b740 00000400
0x7db5cc50:   ffffffff 7db5cd00 05bfbfc4 80b19560 

Instructions: (pc=0x04889c1f)
0x04889bff:   00 83 ec 2c b8 12 00 01 00 89 74 24 28 8b 74 24
0x04889c0f:   30 89 5c 24 24 e8 3e 19 fd ff 81 c3 db 23 04 00
0x04889c1f:   8b 16 8b 4a 08 85 c9 74 48 8b 52 04 8b 12 81 e2
0x04889c2f:   00 00 00 02 74 3b 8b 46 24 c7 44 24 1c 00 00 00 

Register to memory mapping:

EAX=0x00010012 is an unknown value
EBX=0x048cbff4: <offset 0x7eff4> in /usr/lib/libOpenNI.so at 0x0484d000
ECX=0x80b00018 is an unknown value
EDX=0x80b658e0 is an unknown value
ESP=0x7db5cbe0 is pointing into the stack for thread: 0x80b10000
EBP=0x05ca89a0: _ZN7sOpenNI14ContextWrapper14_globalContextE+0 in /home/odairbonin/workspace_oficina_kinect/PrimeiroKinect/lib/user/libSimpleOpenNI32.so at 0x05bef000
ESI=0x00000000 is an unknown value
EDI=0x7db5ccb4 is pointing into the stack for thread: 0x80b10000


Stack: [0x7db0d000,0x7db5e000],  sp=0x7db5cbe0,  free space=318k
Native frames: (J=compiled Java code, j=interpreted, Vv=VM code, C=native code)
C  [libOpenNI.so+0x3cc1f]  xnSetSkeletonProfile+0x1f

Java frames: (J=compiled Java code, j=interpreted, Vv=VM code)
j  SimpleOpenNI.SimpleOpenNIJNI.ContextWrapper_enableUserSwigExplicitContextWrapper(JLSimpleOpenNI/ContextWrapper;I)Z+0
j  SimpleOpenNI.ContextWrapper.enableUser(I)Z+28
j  SimpleOpenNI.SimpleOpenNI.enableUser(ILjava/lang/Object;)Z+17
j  SimpleOpenNI.SimpleOpenNI.enableUser(I)Z+6
j  primeirokinect.PrimeiroKinect.setup()V+43
j  processing.core.PApplet.handleDraw()V+196
j  processing.core.PGraphicsJava2D.requestDraw()V+4
j  processing.core.PApplet.run()V+176
j  java.lang.Thread.run()V+11
v  ~StubRoutines::call_stub

---------------  P R O C E S S  ---------------

Java Threads: ( => current thread )
=>0x80b10000 JavaThread "Animation Thread" [_thread_in_native, id=16385, stack(0x7db0d000,0x7db5e000)]
  0x80b04000 JavaThread "AWT-EventQueue-1" [_thread_blocked, id=16384, stack(0x7db5e000,0x7dbaf000)]
  0xb7608000 JavaThread "DestroyJavaVM" [_thread_blocked, id=16362, stack(0xb7771000,0xb77c2000)]
  0x7dc5c800 JavaThread "AWT-EventQueue-0" [_thread_blocked, id=16382, stack(0x7dbaf000,0x7dc00000)]
  0x7dc57000 JavaThread "AWT-Shutdown" [_thread_blocked, id=16381, stack(0x7dd0d000,0x7dd5e000)]
  0x7dc32c00 JavaThread "thread applet-primeirokinect.PrimeiroKinect.class" [_thread_blocked, id=16380, stack(0x7dd5e000,0x7ddaf000)]
  0x7dc1a400 JavaThread "AWT-XAWT" daemon [_thread_in_native, id=16378, stack(0x7ddaf000,0x7de00000)]
  0x7dee4c00 JavaThread "Java2D Disposer" daemon [_thread_blocked, id=16377, stack(0x7df09000,0x7df5a000)]
  0x7e498400 JavaThread "Service Thread" daemon [_thread_blocked, id=16375, stack(0x7dfdb000,0x7e02c000)]
  0x7e496800 JavaThread "C2 CompilerThread1" daemon [_thread_blocked, id=16374, stack(0x7e02c000,0x7e0ad000)]
  0x7e494400 JavaThread "C2 CompilerThread0" daemon [_thread_blocked, id=16373, stack(0x7e0ad000,0x7e12e000)]
  0x7e492c00 JavaThread "Signal Dispatcher" daemon [_thread_blocked, id=16372, stack(0x7e505000,0x7e556000)]
  0x7e450800 JavaThread "Finalizer" daemon [_thread_blocked, id=16371, stack(0x80a2e000,0x80a7f000)]
  0x7e44ec00 JavaThread "Reference Handler" daemon [_thread_blocked, id=16370, stack(0x7e32e000,0x7e37f000)]

Other Threads:
  0x7e448800 VMThread [stack: 0x7e37f000,0x7e400000] [id=16369]
  0x7e49a000 WatcherThread [stack: 0x7df5a000,0x7dfdb000] [id=16376]

VM state:not at safepoint (normal execution)

VM Mutex/Monitor currently owned by a thread: None

Heap
 PSYoungGen      total 12992K, used 9584K [0xa5de0000, 0xa6c50000, 0xb4530000)
  eden space 11200K, 85% used [0xa5de0000,0xa673c118,0xa68d0000)
  from space 1792K, 0% used [0xa6a90000,0xa6a90000,0xa6c50000)
  to   space 1792K, 0% used [0xa68d0000,0xa68d0000,0xa6a90000)
 ParOldGen       total 29632K, used 0K [0x88f30000, 0x8ac20000, 0xa5de0000)
  object space 29632K, 0% used [0x88f30000,0x88f30000,0x8ac20000)
 PSPermGen       total 16384K, used 7419K [0x80f30000, 0x81f30000, 0x88f30000)
  object space 16384K, 45% used [0x80f30000,0x8166eca0,0x81f30000)

Card table byte_map: [0x80d94000,0x80f30000] byte_map_base: 0x8098c680

Polling page: 0xb77d7000

Code Cache  [0xb45f8000, 0xb4838000, 0xb75f8000)
 total_blobs=321 nmethods=24 adapters=250 free_code_cache=48752Kb largest_free_block=49905600

Compilation events (10 events):
Event: 0.633 Thread 0x7e494400   20             java.lang.String::getChars (62 bytes)
Event: 0.634 Thread 0x7e496800   21             java.lang.AbstractStringBuilder::append (48 bytes)
Event: 0.639 Thread 0x7e496800 nmethod 21 0xb4652848 code [0xb4652960, 0xb4652d10]
Event: 0.640 Thread 0x7e494400 nmethod 20 0xb4659648 code [0xb4659740, 0xb4659890]
Event: 0.640 Thread 0x7e496800   22             java.lang.StringBuilder::append (8 bytes)
Event: 0.647 Thread 0x7e496800 nmethod 22 0xb4654008 code [0xb4654120, 0xb46544d0]
Event: 0.665 Thread 0x7e494400   23             java.lang.Class::searchMethods (90 bytes)
Event: 0.665 Thread 0x7e496800   24             java.lang.reflect.Method::getName (5 bytes)
Event: 0.666 Thread 0x7e496800 nmethod 24 0xb465e548 code [0xb465e620, 0xb465e670]
Event: 0.668 Thread 0x7e494400 nmethod 23 0xb465c988 code [0xb465cac0, 0xb465cd44]

GC Heap History (0 events):
No events

Deoptimization events (4 events):
Event: 0.310 Thread 0xb7608000 Uncommon trap -34 fr.pc 0xb4645f28
Event: 0.310 Thread 0xb7608000 Uncommon trap -34 fr.pc 0xb4645f28
Event: 0.311 Thread 0xb7608000 Uncommon trap -34 fr.pc 0xb4645f28
Event: 0.311 Thread 0xb7608000 Uncommon trap -34 fr.pc 0xb4645f28

Internal exceptions (10 events):
Event: 0.601 Thread 0x7dc32c00 Threw 0xa60d5ad0 at /build/buildd/openjdk-7-7u9-2.3.3/build/openjdk/hotspot/src/share/vm/prims/jvm.cpp:1166
Event: 0.616 Thread 0x7dc32c00 Threw 0xa63b0920 at /build/buildd/openjdk-7-7u9-2.3.3/build/openjdk/hotspot/src/share/vm/prims/jvm.cpp:1166
Event: 0.620 Thread 0x80b10000 Threw 0xa6419a40 at /build/buildd/openjdk-7-7u9-2.3.3/build/openjdk/hotspot/src/share/vm/prims/jvm.cpp:1166
Event: 0.631 Thread 0x80b10000 Threw 0xa641f898 at /build/buildd/openjdk-7-7u9-2.3.3/build/openjdk/hotspot/src/share/vm/prims/jvm.cpp:1166
Event: 0.633 Thread 0x80b10000 Threw 0xa64386e8 at /build/buildd/openjdk-7-7u9-2.3.3/build/openjdk/hotspot/src/share/vm/prims/jvm.cpp:1166
Event: 0.635 Thread 0x80b10000 Threw 0xa6440db0 at /build/buildd/openjdk-7-7u9-2.3.3/build/openjdk/hotspot/src/share/vm/prims/jvm.cpp:1166
Event: 0.650 Thread 0x80b10000 Threw 0xa66bd870 at /build/buildd/openjdk-7-7u9-2.3.3/build/openjdk/hotspot/src/share/vm/prims/jvm.cpp:1166
Event: 0.656 Thread 0x80b10000 Threw 0xa66d29d8 at /build/buildd/openjdk-7-7u9-2.3.3/build/openjdk/hotspot/src/share/vm/prims/jvm.cpp:1166
Event: 0.658 Thread 0x80b10000 Threw 0xa66d8a80 at /build/buildd/openjdk-7-7u9-2.3.3/build/openjdk/hotspot/src/share/vm/prims/jvm.cpp:1166
Event: 0.659 Thread 0x80b10000 Threw 0xa670b948 at /build/buildd/openjdk-7-7u9-2.3.3/build/openjdk/hotspot/src/share/vm/prims/jvm.cpp:1166

Events (10 events):
Event: 0.663 loading class 0x80b627d8 done
Event: 0.663 loading class 0x7de1f688 done
Event: 0.663 loading class 0x7de1f5c8
Event: 0.663 loading class 0x7de1f5c8 done
Event: 0.663 loading class 0x7de1f6e0
Event: 0.663 loading class 0x7de1f6e0 done
Event: 0.663 loading class 0x7e4c4f90
Event: 0.663 loading class 0x7e4c4f90 done
Event: 0.664 loading class 0x7de1d8e0
Event: 0.664 loading class 0x7de1d8e0 done


Dynamic libraries:
00110000-001e8000 r-xp 00000000 08:01 1704289    /usr/lib/i386-linux-gnu/libstdc++.so.6.0.16
001e8000-001e9000 ---p 000d8000 08:01 1704289    /usr/lib/i386-linux-gnu/libstdc++.so.6.0.16
001e9000-001ed000 r--p 000d8000 08:01 1704289    /usr/lib/i386-linux-gnu/libstdc++.so.6.0.16
001ed000-001ee000 rw-p 000dc000 08:01 1704289    /usr/lib/i386-linux-gnu/libstdc++.so.6.0.16
001ee000-001f5000 rw-p 00000000 00:00 0 
001f5000-00211000 r-xp 00000000 08:01 2098084    /lib/i386-linux-gnu/libgcc_s.so.1
00211000-00212000 r--p 0001b000 08:01 2098084    /lib/i386-linux-gnu/libgcc_s.so.1
00212000-00213000 rw-p 0001c000 08:01 2098084    /lib/i386-linux-gnu/libgcc_s.so.1
00213000-0021b000 r-xp 00000000 08:01 1837359    /usr/lib/jvm/java-7-openjdk-i386/jre/lib/i386/libzip.so
0021b000-0021c000 r--p 00007000 08:01 1837359    /usr/lib/jvm/java-7-openjdk-i386/jre/lib/i386/libzip.so
0021c000-0021d000 rw-p 00008000 08:01 1837359    /usr/lib/jvm/java-7-openjdk-i386/jre/lib/i386/libzip.so
0021d000-003c0000 r-xp 00000000 08:01 2098022    /lib/i386-linux-gnu/libc-2.15.so
003c0000-003c1000 ---p 001a3000 08:01 2098022    /lib/i386-linux-gnu/libc-2.15.so
003c1000-003c3000 r--p 001a3000 08:01 2098022    /lib/i386-linux-gnu/libc-2.15.so
003c3000-003c4000 rw-p 001a5000 08:01 2098022    /lib/i386-linux-gnu/libc-2.15.so
003c4000-003c7000 rw-p 00000000 00:00 0 
003c7000-003d3000 r-xp 00000000 08:01 1837379    /usr/lib/jvm/java-7-openjdk-i386/jre/lib/i386/libverify.so
003d3000-003d4000 r--p 0000b000 08:01 1837379    /usr/lib/jvm/java-7-openjdk-i386/jre/lib/i386/libverify.so
003d4000-003d5000 rw-p 0000c000 08:01 1837379    /usr/lib/jvm/java-7-openjdk-i386/jre/lib/i386/libverify.so
003d5000-003df000 r-xp 00000000 08:01 2098030    /lib/i386-linux-gnu/libnss_nis-2.15.so
003df000-003e0000 r--p 00009000 08:01 2098030    /lib/i386-linux-gnu/libnss_nis-2.15.so
003e0000-003e1000 rw-p 0000a000 08:01 2098030    /lib/i386-linux-gnu/libnss_nis-2.15.so
003e1000-00433000 r-xp 00000000 08:01 1969852    /usr/lib/jvm/java-7-openjdk-i386/jre/lib/i386/xawt/libmawt.so
00433000-00434000 r--p 00051000 08:01 1969852    /usr/lib/jvm/java-7-openjdk-i386/jre/lib/i386/xawt/libmawt.so
00434000-00436000 rw-p 00052000 08:01 1969852    /usr/lib/jvm/java-7-openjdk-i386/jre/lib/i386/xawt/libmawt.so
00436000-00437000 rw-p 00000000 00:00 0 
00437000-00447000 r-xp 00000000 08:01 1707120    /usr/lib/i386-linux-gnu/libXext.so.6.4.0
00447000-00448000 r--p 0000f000 08:01 1707120    /usr/lib/i386-linux-gnu/libXext.so.6.4.0
00448000-00449000 rw-p 00010000 08:01 1707120    /usr/lib/i386-linux-gnu/libXext.so.6.4.0
00449000-00468000 r-xp 00000000 08:01 1708382    /usr/lib/i386-linux-gnu/libgdk_pixbuf-2.0.so.0.2600.1
00468000-00469000 r--p 0001e000 08:01 1708382    /usr/lib/i386-linux-gnu/libgdk_pixbuf-2.0.so.0.2600.1
00469000-0046a000 rw-p 0001f000 08:01 1708382    /usr/lib/i386-linux-gnu/libgdk_pixbuf-2.0.so.0.2600.1
0046a000-0049c000 r-xp 00000000 08:01 1704163    /usr/lib/i386-linux-gnu/libfontconfig.so.1.4.4
0049c000-0049d000 r--p 00032000 08:01 1704163    /usr/lib/i386-linux-gnu/libfontconfig.so.1.4.4
0049d000-0049e000 rw-p 00033000 08:01 1704163    /usr/lib/i386-linux-gnu/libfontconfig.so.1.4.4
0049e000-0049f000 r-xp 00000000 08:01 1704299    /usr/lib/i386-linux-gnu/libgthread-2.0.so.0.3200.3
0049f000-004a0000 r--p 00000000 08:01 1704299    /usr/lib/i386-linux-gnu/libgthread-2.0.so.0.3200.3
004a0000-004a1000 rw-p 00001000 08:01 1704299    /usr/lib/i386-linux-gnu/libgthread-2.0.so.0.3200.3
004a3000-005d3000 r-xp 00000000 08:01 1709768    /usr/lib/i386-linux-gnu/libX11.so.6.3.0
005d3000-005d4000 r--p 0012f000 08:01 1709768    /usr/lib/i386-linux-gnu/libX11.so.6.3.0
005d4000-005d6000 rw-p 00130000 08:01 1709768    /usr/lib/i386-linux-gnu/libX11.so.6.3.0
005d6000-005d7000 rw-p 00000000 00:00 0 
005d7000-005df000 r-xp 00000000 08:01 1706435    /usr/lib/i386-linux-gnu/libXrender.so.1.3.0
005df000-005e0000 r--p 00007000 08:01 1706435    /usr/lib/i386-linux-gnu/libXrender.so.1.3.0
005e0000-005e1000 rw-p 00008000 08:01 1706435    /usr/lib/i386-linux-gnu/libXrender.so.1.3.0
005e1000-0062e000 r-xp 00000000 08:01 1705746    /usr/lib/i386-linux-gnu/libgobject-2.0.so.0.3200.3
0062e000-0062f000 r--p 0004c000 08:01 1705746    /usr/lib/i386-linux-gnu/libgobject-2.0.so.0.3200.3
0062f000-00630000 rw-p 0004d000 08:01 1705746    /usr/lib/i386-linux-gnu/libgobject-2.0.so.0.3200.3
00630000-0067f000 r-xp 00000000 08:01 1707492    /usr/lib/i386-linux-gnu/libcups.so.2
0067f000-00682000 r--p 0004e000 08:01 1707492    /usr/lib/i386-linux-gnu/libcups.so.2
00682000-00683000 rw-p 00051000 08:01 1707492    /usr/lib/i386-linux-gnu/libcups.so.2
00683000-00687000 r-xp 00000000 08:01 1704744    /usr/lib/i386-linux-gnu/libXfixes.so.3.1.0
00687000-00688000 r--p 00004000 08:01 1704744    /usr/lib/i386-linux-gnu/libXfixes.so.3.1.0
00688000-00689000 rw-p 00005000 08:01 1704744    /usr/lib/i386-linux-gnu/libXfixes.so.3.1.0
00689000-0068b000 r-xp 00000000 08:01 1705578    /usr/lib/i386-linux-gnu/libXinerama.so.1.0.0
0068b000-0068c000 r--p 00001000 08:01 1705578    /usr/lib/i386-linux-gnu/libXinerama.so.1.0.0
0068c000-0068d000 rw-p 00002000 08:01 1705578    /usr/lib/i386-linux-gnu/libXinerama.so.1.0.0
0068d000-006a1000 r-xp 00000000 08:01 2098157    /lib/i386-linux-gnu/libz.so.1.2.3.4
006a1000-006a2000 r--p 00013000 08:01 2098157    /lib/i386-linux-gnu/libz.so.1.2.3.4
006a2000-006a3000 rw-p 00014000 08:01 2098157    /lib/i386-linux-gnu/libz.so.1.2.3.4
006a3000-006c2000 r-xp 00000000 08:01 1706429    /usr/lib/i386-linux-gnu/libxcb.so.1.1.0
006c2000-006c3000 r--p 0001f000 08:01 1706429    /usr/lib/i386-linux-gnu/libxcb.so.1.1.0
006c3000-006c4000 rw-p 00020000 08:01 1706429    /usr/lib/i386-linux-gnu/libxcb.so.1.1.0
006c4000-006cd000 r-xp 00000000 08:01 1709176    /usr/lib/i386-linux-gnu/libXcursor.so.1.0.2
006cd000-006ce000 r--p 00008000 08:01 1709176    /usr/lib/i386-linux-gnu/libXcursor.so.1.0.2
006ce000-006cf000 rw-p 00009000 08:01 1709176    /usr/lib/i386-linux-gnu/libXcursor.so.1.0.2
006cf000-006d1000 r-xp 00000000 08:01 1707115    /usr/lib/i386-linux-gnu/libXcomposite.so.1.0.0
006d1000-006d2000 r--p 00001000 08:01 1707115    /usr/lib/i386-linux-gnu/libXcomposite.so.1.0.0
006d2000-006d3000 rw-p 00002000 08:01 1707115    /usr/lib/i386-linux-gnu/libXcomposite.so.1.0.0
006d3000-006d5000 r-xp 00000000 08:01 1707118    /usr/lib/i386-linux-gnu/libXdamage.so.1.1.0
006d5000-006d6000 r--p 00001000 08:01 1707118    /usr/lib/i386-linux-gnu/libXdamage.so.1.1.0
006d6000-006d7000 rw-p 00002000 08:01 1707118    /usr/lib/i386-linux-gnu/libXdamage.so.1.1.0
006d7000-006d9000 r-xp 00000000 08:01 1705108    /usr/lib/i386-linux-gnu/libXau.so.6.0.0
006d9000-006da000 r--p 00001000 08:01 1705108    /usr/lib/i386-linux-gnu/libXau.so.6.0.0
006da000-006db000 rw-p 00002000 08:01 1705108    /usr/lib/i386-linux-gnu/libXau.so.6.0.0
006db000-006e6000 r-xp 00000000 08:01 1708068    /usr/lib/i386-linux-gnu/libpangocairo-1.0.so.0.3000.0
006e6000-006e7000 r--p 0000a000 08:01 1708068    /usr/lib/i386-linux-gnu/libpangocairo-1.0.so.0.3000.0
006e7000-006e8000 rw-p 0000b000 08:01 1708068    /usr/lib/i386-linux-gnu/libpangocairo-1.0.so.0.3000.0
006e8000-00705000 r-xp 00000000 08:01 1704114    /usr/lib/i386-linux-gnu/libatk-1.0.so.0.20409.1
00705000-00707000 r--p 0001c000 08:01 1704114    /usr/lib/i386-linux-gnu/libatk-1.0.so.0.20409.1
00707000-00708000 rw-p 0001e000 08:01 1704114    /usr/lib/i386-linux-gnu/libatk-1.0.so.0.20409.1
00708000-0070b000 r-xp 00000000 08:01 1705745    /usr/lib/i386-linux-gnu/libgmodule-2.0.so.0.3200.3
0070b000-0070c000 r--p 00002000 08:01 1705745    /usr/lib/i386-linux-gnu/libgmodule-2.0.so.0.3200.3
0070c000-0070d000 rw-p 00003000 08:01 1705745    /usr/lib/i386-linux-gnu/libgmodule-2.0.so.0.3200.3
0070d000-00712000 r-xp 00000000 08:01 1706441    /usr/lib/i386-linux-gnu/libffi.so.6.0.0
00712000-00713000 r--p 00004000 08:01 1706441    /usr/lib/i386-linux-gnu/libffi.so.6.0.0
00713000-00714000 rw-p 00005000 08:01 1706441    /usr/lib/i386-linux-gnu/libffi.so.6.0.0
00716000-0072c000 r-xp 00000000 08:01 2098042    /lib/i386-linux-gnu/libnsl-2.15.so
0072c000-0072d000 r--p 00015000 08:01 2098042    /lib/i386-linux-gnu/libnsl-2.15.so
0072d000-0072e000 rw-p 00016000 08:01 2098042    /lib/i386-linux-gnu/libnsl-2.15.so
0072e000-00730000 rw-p 00000000 00:00 0 
00730000-0073c000 r-xp 00000000 08:01 1705828    /usr/lib/i386-linux-gnu/libavahi-common.so.3.5.3
0073c000-0073d000 r--p 0000b000 08:01 1705828    /usr/lib/i386-linux-gnu/libavahi-common.so.3.5.3
0073d000-0073e000 rw-p 0000c000 08:01 1705828    /usr/lib/i386-linux-gnu/libavahi-common.so.3.5.3
0073f000-0075f000 r-xp 00000000 08:01 2098034    /lib/i386-linux-gnu/ld-2.15.so
0075f000-00760000 r--p 0001f000 08:01 2098034    /lib/i386-linux-gnu/ld-2.15.so
00760000-00761000 rw-p 00020000 08:01 2098034    /lib/i386-linux-gnu/ld-2.15.so
00761000-00763000 r-xp 00000000 08:01 1706433    /usr/lib/i386-linux-gnu/libxcb-shm.so.0.0.0
00763000-00764000 r--p 00001000 08:01 1706433    /usr/lib/i386-linux-gnu/libxcb-shm.so.0.0.0
00764000-00765000 rw-p 00002000 08:01 1706433    /usr/lib/i386-linux-gnu/libxcb-shm.so.0.0.0
00767000-00772000 r-xp 00000000 08:01 2098026    /lib/i386-linux-gnu/libnss_files-2.15.so
00772000-00773000 r--p 0000a000 08:01 2098026    /lib/i386-linux-gnu/libnss_files-2.15.so
00773000-00774000 rw-p 0000b000 08:01 2098026    /lib/i386-linux-gnu/libnss_files-2.15.so
00774000-00787000 r-xp 00000000 08:01 2098027    /lib/i386-linux-gnu/libresolv-2.15.so
00787000-00788000 ---p 00013000 08:01 2098027    /lib/i386-linux-gnu/libresolv-2.15.so
00788000-00789000 r--p 00013000 08:01 2098027    /lib/i386-linux-gnu/libresolv-2.15.so
00789000-0078a000 rw-p 00014000 08:01 2098027    /lib/i386-linux-gnu/libresolv-2.15.so
0078a000-0078c000 rw-p 00000000 00:00 0 
0078f000-0079d000 r-xp 00000000 08:01 1707177    /usr/lib/i386-linux-gnu/libXi.so.6.1.0
0079d000-0079e000 r--p 0000d000 08:01 1707177    /usr/lib/i386-linux-gnu/libXi.so.6.1.0
0079e000-0079f000 rw-p 0000e000 08:01 1707177    /usr/lib/i386-linux-gnu/libXi.so.6.1.0
0079f000-007c9000 r-xp 00000000 08:01 1708070    /usr/lib/i386-linux-gnu/libpangoft2-1.0.so.0.3000.0
007c9000-007ca000 r--p 00029000 08:01 1708070    /usr/lib/i386-linux-gnu/libpangoft2-1.0.so.0.3000.0
007ca000-007cb000 rw-p 0002a000 08:01 1708070    /usr/lib/i386-linux-gnu/libpangoft2-1.0.so.0.3000.0
007cb000-007e8000 r-xp 00000000 08:01 2097208    /lib/i386-linux-gnu/libselinux.so.1
007e8000-007e9000 r--p 0001c000 08:01 2097208    /lib/i386-linux-gnu/libselinux.so.1
007e9000-007ea000 rw-p 0001d000 08:01 2097208    /lib/i386-linux-gnu/libselinux.so.1
007ea000-00810000 r-xp 00000000 08:01 2097180    /lib/i386-linux-gnu/libexpat.so.1.5.2
00810000-00811000 ---p 00026000 08:01 2097180    /lib/i386-linux-gnu/libexpat.so.1.5.2
00811000-00813000 r--p 00026000 08:01 2097180    /lib/i386-linux-gnu/libexpat.so.1.5.2
00813000-00814000 rw-p 00028000 08:01 2097180    /lib/i386-linux-gnu/libexpat.so.1.5.2
00814000-00819000 r-xp 00000000 08:01 1706425    /usr/lib/i386-linux-gnu/libXdmcp.so.6.0.0
00819000-0081a000 r--p 00004000 08:01 1706425    /usr/lib/i386-linux-gnu/libXdmcp.so.6.0.0
0081a000-0081b000 rw-p 00005000 08:01 1706425    /usr/lib/i386-linux-gnu/libXdmcp.so.6.0.0
0081d000-00847000 r-xp 00000000 08:01 2098033    /lib/i386-linux-gnu/libm-2.15.so
00847000-00848000 r--p 00029000 08:01 2098033    /lib/i386-linux-gnu/libm-2.15.so
00848000-00849000 rw-p 0002a000 08:01 2098033    /lib/i386-linux-gnu/libm-2.15.so
00849000-008f4000 r-xp 00000000 08:01 1707113    /usr/lib/i386-linux-gnu/libgdk-x11-2.0.so.0.2400.10
008f4000-008f5000 ---p 000ab000 08:01 1707113    /usr/lib/i386-linux-gnu/libgdk-x11-2.0.so.0.2400.10
008f5000-008f7000 r--p 000ab000 08:01 1707113    /usr/lib/i386-linux-gnu/libgdk-x11-2.0.so.0.2400.10
008f7000-008f8000 rw-p 000ad000 08:01 1707113    /usr/lib/i386-linux-gnu/libgdk-x11-2.0.so.0.2400.10
008f8000-00a4b000 r-xp 00000000 08:01 1705743    /usr/lib/i386-linux-gnu/libgio-2.0.so.0.3200.3
00a4b000-00a4d000 r--p 00153000 08:01 1705743    /usr/lib/i386-linux-gnu/libgio-2.0.so.0.3200.3
00a4d000-00a4e000 rw-p 00155000 08:01 1705743    /usr/lib/i386-linux-gnu/libgio-2.0.so.0.3200.3
00a4e000-00a4f000 rw-p 00000000 00:00 0 
00a4f000-00a89000 r-xp 00000000 08:01 2098175    /lib/i386-linux-gnu/libpcre.so.3.12.1
00a89000-00a8a000 r--p 00039000 08:01 2098175    /lib/i386-linux-gnu/libpcre.so.3.12.1
00a8a000-00a8b000 rw-p 0003a000 08:01 2098175    /lib/i386-linux-gnu/libpcre.so.3.12.1
00a8b000-00a93000 r-xp 00000000 08:01 1706431    /usr/lib/i386-linux-gnu/libxcb-render.so.0.0.0
00a93000-00a94000 r--p 00008000 08:01 1706431    /usr/lib/i386-linux-gnu/libxcb-render.so.0.0.0
00a94000-00a95000 rw-p 00009000 08:01 1706431    /usr/lib/i386-linux-gnu/libxcb-render.so.0.0.0
00a98000-00a9f000 r-xp 00000000 08:01 2098029    /lib/i386-linux-gnu/librt-2.15.so
00a9f000-00aa0000 r--p 00006000 08:01 2098029    /lib/i386-linux-gnu/librt-2.15.so
00aa0000-00aa1000 rw-p 00007000 08:01 2098029    /lib/i386-linux-gnu/librt-2.15.so
00aa1000-00aa4000 r-xp 00000000 08:01 2097187    /lib/i386-linux-gnu/libcom_err.so.2.1
00aa4000-00aa5000 r--p 00002000 08:01 2097187    /lib/i386-linux-gnu/libcom_err.so.2.1
00aa5000-00aa6000 rw-p 00003000 08:01 2097187    /lib/i386-linux-gnu/libcom_err.so.2.1
00aa6000-00aa8000 r-xp 00000000 08:01 2098185    /lib/i386-linux-gnu/libkeyutils.so.1.4
00aa8000-00aa9000 r--p 00002000 08:01 2098185    /lib/i386-linux-gnu/libkeyutils.so.1.4
00aa9000-00aaa000 rw-p 00003000 08:01 2098185    /lib/i386-linux-gnu/libkeyutils.so.1.4
00aae000-00aba000 r-xp 00000000 08:01 1837363    /usr/lib/jvm/java-7-openjdk-i386/jre/lib/i386/jli/libjli.so
00aba000-00abb000 r--p 0000c000 08:01 1837363    /usr/lib/jvm/java-7-openjdk-i386/jre/lib/i386/jli/libjli.so
00abb000-00abc000 rw-p 0000d000 08:01 1837363    /usr/lib/jvm/java-7-openjdk-i386/jre/lib/i386/jli/libjli.so
00abc000-00acc000 r-xp 00000000 08:01 1706813    /usr/lib/i386-linux-gnu/libavahi-client.so.3.2.9
00acc000-00acd000 r--p 0000f000 08:01 1706813    /usr/lib/i386-linux-gnu/libavahi-client.so.3.2.9
00acd000-00ace000 rw-p 00010000 08:01 1706813    /usr/lib/i386-linux-gnu/libavahi-client.so.3.2.9
00ace000-00ad5000 r-xp 00000000 08:01 1708190    /usr/lib/i386-linux-gnu/libkrb5support.so.0.1
00ad5000-00ad6000 r--p 00006000 08:01 1708190    /usr/lib/i386-linux-gnu/libkrb5support.so.0.1
00ad6000-00ad7000 rw-p 00007000 08:01 1708190    /usr/lib/i386-linux-gnu/libkrb5support.so.0.1
00ad7000-00ada000 r-xp 00000000 08:01 2098070    /lib/i386-linux-gnu/libgpg-error.so.0.8.0
00ada000-00adb000 r--p 00002000 08:01 2098070    /lib/i386-linux-gnu/libgpg-error.so.0.8.0
00adb000-00adc000 rw-p 00003000 08:01 2098070    /lib/i386-linux-gnu/libgpg-error.so.0.8.0
00add000-00b6d000 r-xp 00000000 08:01 1837357    /usr/lib/jvm/java-7-openjdk-i386/jre/lib/i386/libawt.so
00b6d000-00b6e000 r--p 00090000 08:01 1837357    /usr/lib/jvm/java-7-openjdk-i386/jre/lib/i386/libawt.so
00b6e000-00b75000 rw-p 00091000 08:01 1837357    /usr/lib/jvm/java-7-openjdk-i386/jre/lib/i386/libawt.so
00b75000-00b99000 rw-p 00000000 00:00 0 
00b99000-00c90000 r-xp 00000000 08:01 2098053    /lib/i386-linux-gnu/libglib-2.0.so.0.3200.3
00c90000-00c91000 r--p 000f6000 08:01 2098053    /lib/i386-linux-gnu/libglib-2.0.so.0.3200.3
00c91000-00c92000 rw-p 000f7000 08:01 2098053    /lib/i386-linux-gnu/libglib-2.0.so.0.3200.3
00c92000-00ca2000 r-xp 00000000 08:01 1704083    /usr/lib/i386-linux-gnu/libtasn1.so.3.1.12
00ca2000-00ca3000 r--p 0000f000 08:01 1704083    /usr/lib/i386-linux-gnu/libtasn1.so.3.1.12
00ca3000-00ca4000 rw-p 00010000 08:01 1704083    /usr/lib/i386-linux-gnu/libtasn1.so.3.1.12
00ca4000-00ca7000 r-xp 00000000 08:01 1708043    /usr/lib/libXnCore.so
00ca7000-00ca8000 r--p 00002000 08:01 1708043    /usr/lib/libXnCore.so
00ca8000-00ca9000 rw-p 00003000 08:01 1708043    /usr/lib/libXnCore.so
00ca9000-00cb0000 r-xp 00000000 08:01 2098024    /lib/i386-linux-gnu/libnss_compat-2.15.so
00cb0000-00cb1000 r--p 00006000 08:01 2098024    /lib/i386-linux-gnu/libnss_compat-2.15.so
00cb1000-00cb2000 rw-p 00007000 08:01 2098024    /lib/i386-linux-gnu/libnss_compat-2.15.so
00cb2000-00ced000 r-xp 00000000 08:01 1704422    /usr/lib/i386-linux-gnu/libgssapi_krb5.so.2.2
00ced000-00cee000 ---p 0003b000 08:01 1704422    /usr/lib/i386-linux-gnu/libgssapi_krb5.so.2.2
00cee000-00cef000 r--p 0003b000 08:01 1704422    /usr/lib/i386-linux-gnu/libgssapi_krb5.so.2.2
00cef000-00cf0000 rw-p 0003c000 08:01 1704422    /usr/lib/i386-linux-gnu/libgssapi_krb5.so.2.2
00cf0000-00d18000 r-xp 00000000 08:01 2097257    /lib/i386-linux-gnu/libpng12.so.0.46.0
00d18000-00d19000 r--p 00027000 08:01 2097257    /lib/i386-linux-gnu/libpng12.so.0.46.0
00d19000-00d1a000 rw-p 00028000 08:01 2097257    /lib/i386-linux-gnu/libpng12.so.0.46.0
00d1a000-00d2a000 r-xp 00000000 08:01 1707354    /usr/lib/i386-linux-gnu/libp11-kit.so.0.0.0
00d2a000-00d2b000 r--p 0000f000 08:01 1707354    /usr/lib/i386-linux-gnu/libp11-kit.so.0.0.0
00d2b000-00d2c000 rw-p 00010000 08:01 1707354    /usr/lib/i386-linux-gnu/libp11-kit.so.0.0.0
00d34000-00d39000 r-xp 00000000 08:01 1707424    /usr/lib/i386-linux-gnu/libXtst.so.6.1.0
00d39000-00d3a000 r--p 00004000 08:01 1707424    /usr/lib/i386-linux-gnu/libXtst.so.6.1.0
00d3a000-00d3b000 rw-p 00005000 08:01 1707424    /usr/lib/i386-linux-gnu/libXtst.so.6.1.0
00d3b000-00dd0000 r-xp 00000000 08:01 1704168    /usr/lib/i386-linux-gnu/libfreetype.so.6.8.0
00dd0000-00dd4000 r--p 00094000 08:01 1704168    /usr/lib/i386-linux-gnu/libfreetype.so.6.8.0
00dd4000-00dd5000 rw-p 00098000 08:01 1704168    /usr/lib/i386-linux-gnu/libfreetype.so.6.8.0
00de3000-00e0a000 r-xp 00000000 08:01 1837354    /usr/lib/jvm/java-7-openjdk-i386/jre/lib/i386/libjava.so
00e0a000-00e0b000 r--p 00026000 08:01 1837354    /usr/lib/jvm/java-7-openjdk-i386/jre/lib/i386/libjava.so
00e0b000-00e0c000 rw-p 00027000 08:01 1837354    /usr/lib/jvm/java-7-openjdk-i386/jre/lib/i386/libjava.so
00e0c000-00e1d000 r-xp 00000000 08:01 1837358    /usr/lib/jvm/java-7-openjdk-i386/jre/lib/i386/libnio.so
00e1d000-00e1e000 r--p 00010000 08:01 1837358    /usr/lib/jvm/java-7-openjdk-i386/jre/lib/i386/libnio.so
00e1e000-00e1f000 rw-p 00011000 08:01 1837358    /usr/lib/jvm/java-7-openjdk-i386/jre/lib/i386/libnio.so
00e23000-00e24000 r-xp 00000000 00:00 0          [vdso]
00e24000-00e32000 r-xp 00000000 08:01 2097259    /lib/i386-linux-gnu/libusb-1.0.so.0.1.0
00e32000-00e33000 r--p 0000d000 08:01 2097259    /lib/i386-linux-gnu/libusb-1.0.so.0.1.0
00e33000-00e34000 rw-p 0000e000 08:01 2097259    /lib/i386-linux-gnu/libusb-1.0.so.0.1.0
00e38000-00e3f000 r-xp 00000000 08:01 1709192    /usr/lib/i386-linux-gnu/libXrandr.so.2.2.0
00e3f000-00e40000 r--p 00006000 08:01 1709192    /usr/lib/i386-linux-gnu/libXrandr.so.2.2.0
00e40000-00e41000 rw-p 00007000 08:01 1709192    /usr/lib/i386-linux-gnu/libXrandr.so.2.2.0
00e41000-00e67000 r-xp 00000000 08:01 1705544    /usr/lib/i386-linux-gnu/libk5crypto.so.3.1
00e67000-00e68000 r--p 00025000 08:01 1705544    /usr/lib/i386-linux-gnu/libk5crypto.so.3.1
00e68000-00e69000 rw-p 00026000 08:01 1705544    /usr/lib/i386-linux-gnu/libk5crypto.so.3.1
00e76000-00e79000 r-xp 00000000 08:01 2098037    /lib/i386-linux-gnu/libdl-2.15.so
00e79000-00e7a000 r--p 00002000 08:01 2098037    /lib/i386-linux-gnu/libdl-2.15.so
00e7a000-00e7b000 rw-p 00003000 08:01 2098037    /lib/i386-linux-gnu/libdl-2.15.so
00e81000-00ec8000 r-xp 00000000 08:01 1705072    /usr/lib/i386-linux-gnu/libpango-1.0.so.0.3000.0
00ec8000-00ec9000 ---p 00047000 08:01 1705072    /usr/lib/i386-linux-gnu/libpango-1.0.so.0.3000.0
00ec9000-00eca000 r--p 00047000 08:01 1705072    /usr/lib/i386-linux-gnu/libpango-1.0.so.0.3000.0
00eca000-00ecb000 rw-p 00048000 08:01 1705072    /usr/lib/i386-linux-gnu/libpango-1.0.so.0.3000.0
00ecb000-00f12000 r-xp 00000000 08:01 2097236    /lib/i386-linux-gnu/libdbus-1.so.3.5.8
00f12000-00f13000 r--p 00047000 08:01 2097236    /lib/i386-linux-gnu/libdbus-1.so.3.5.8
00f13000-00f14000 rw-p 00048000 08:01 2097236    /lib/i386-linux-gnu/libdbus-1.so.3.5.8
00f14000-00f2a000 r-xp 00000000 08:01 1837388    /usr/lib/jvm/java-7-openjdk-i386/jre/lib/i386/libnet.so
00f2a000-00f2b000 r--p 00015000 08:01 1837388    /usr/lib/jvm/java-7-openjdk-i386/jre/lib/i386/libnet.so
00f2b000-00f2c000 rw-p 00016000 08:01 1837388    /usr/lib/jvm/java-7-openjdk-i386/jre/lib/i386/libnet.so
00f31000-00f48000 r-xp 00000000 08:01 2098031    /lib/i386-linux-gnu/libpthread-2.15.so
00f48000-00f49000 r--p 00016000 08:01 2098031    /lib/i386-linux-gnu/libpthread-2.15.so
00f49000-00f4a000 rw-p 00017000 08:01 2098031    /lib/i386-linux-gnu/libpthread-2.15.so
00f4a000-00f4c000 rw-p 00000000 00:00 0 
00f4c000-01831000 r-xp 00000000 08:01 1837373    /usr/lib/jvm/java-7-openjdk-i386/jre/lib/i386/server/libjvm.so
01831000-01878000 r--p 008e4000 08:01 1837373    /usr/lib/jvm/java-7-openjdk-i386/jre/lib/i386/server/libjvm.so
01878000-0188c000 rw-p 0092b000 08:01 1837373    /usr/lib/jvm/java-7-openjdk-i386/jre/lib/i386/server/libjvm.so
0188c000-01ca8000 rw-p 00000000 00:00 0 
01ca8000-01ec6000 r-xp 00000000 08:01 1708018    /usr/lib/libXnVFeatures_1_3_1.so
01ec6000-01ec7000 ---p 0021e000 08:01 1708018    /usr/lib/libXnVFeatures_1_3_1.so
01ec7000-01eca000 r--p 0021e000 08:01 1708018    /usr/lib/libXnVFeatures_1_3_1.so
01eca000-01ecb000 rw-p 00221000 08:01 1708018    /usr/lib/libXnVFeatures_1_3_1.so
01ecb000-01ed0000 rw-p 00000000 00:00 0 
01ed0000-020b7000 r-xp 00000000 08:01 1708023    /usr/lib/libXnVFeatures_1_4_1.so
020b7000-020ba000 r--p 001e6000 08:01 1708023    /usr/lib/libXnVFeatures_1_4_1.so
020ba000-020bb000 rw-p 001e9000 08:01 1708023    /usr/lib/libXnVFeatures_1_4_1.so
020bb000-020c0000 rw-p 00000000 00:00 0 
020c0000-022a7000 r-xp 00000000 08:01 1708028    /usr/lib/libXnVFeatures_1_4_2.so
022a7000-022aa000 r--p 001e6000 08:01 1708028    /usr/lib/libXnVFeatures_1_4_2.so
022aa000-022ab000 rw-p 001e9000 08:01 1708028    /usr/lib/libXnVFeatures_1_4_2.so
022ab000-022b0000 rw-p 00000000 00:00 0 
022b0000-02330000 r-xp 00000000 08:01 1708046    /usr/lib/libXnDeviceSensorV2KM.so
02330000-02331000 ---p 00080000 08:01 1708046    /usr/lib/libXnDeviceSensorV2KM.so
02331000-02339000 r--p 00080000 08:01 1708046    /usr/lib/libXnDeviceSensorV2KM.so
02339000-0233a000 rw-p 00088000 08:01 1708046    /usr/lib/libXnDeviceSensorV2KM.so
0233a000-0235e000 r-xp 00000000 08:01 1708047    /usr/lib/libXnFormats.so
0235e000-0235f000 r--p 00023000 08:01 1708047    /usr/lib/libXnFormats.so
0235f000-02360000 rw-p 00024000 08:01 1708047    /usr/lib/libXnFormats.so
02360000-02380000 rw-p 00000000 00:00 0 
02380000-023c5000 r-xp 00000000 08:01 1708044    /usr/lib/libXnDDK.so
023c5000-023c7000 r--p 00044000 08:01 1708044    /usr/lib/libXnDDK.so
023c7000-023c8000 rw-p 00046000 08:01 1708044    /usr/lib/libXnDDK.so
023c8000-023ef000 r-xp 00000000 08:01 1708045    /usr/lib/libXnDeviceFile.so
023ef000-023f0000 r--p 00027000 08:01 1708045    /usr/lib/libXnDeviceFile.so
023f0000-023f1000 rw-p 00028000 08:01 1708045    /usr/lib/libXnDeviceFile.so
03120000-031df000 r-xp 00000000 08:01 1714074    /usr/lib/i386-linux-gnu/libgnutls.so.26.21.8
031df000-031e3000 r--p 000be000 08:01 1714074    /usr/lib/i386-linux-gnu/libgnutls.so.26.21.8
031e3000-031e4000 rw-p 000c2000 08:01 1714074    /usr/lib/i386-linux-gnu/libgnutls.so.26.21.8
033cb000-034a5000 r-xp 00000000 08:01 1707368    /usr/lib/libXnVNite_1_5_2.so
034a5000-034a7000 r--p 000da000 08:01 1707368    /usr/lib/libXnVNite_1_5_2.so
034a7000-034a8000 rw-p 000dc000 08:01 1707368    /usr/lib/libXnVNite_1_5_2.so
03c05000-03c8f000 r-xp 00000000 08:01 1709462    /usr/lib/libXnDeviceSensorV2.so
03c8f000-03c97000 r--p 0008a000 08:01 1709462    /usr/lib/libXnDeviceSensorV2.so
03c97000-03c98000 rw-p 00092000 08:01 1709462    /usr/lib/libXnDeviceSensorV2.so
0412d000-04159000 r-xp 00000000 08:01 1713811    /usr/lib/libnimMockNodes.so
04159000-04160000 r--p 0002b000 08:01 1713811    /usr/lib/libnimMockNodes.so
04160000-04161000 rw-p 00032000 08:01 1713811    /usr/lib/libnimMockNodes.so
04217000-0424c000 r-xp 00000000 08:01 1713810    /usr/lib/libnimCodecs.so
0424c000-0424e000 r--p 00034000 08:01 1713810    /usr/lib/libnimCodecs.so
0424e000-0424f000 rw-p 00036000 08:01 1713810    /usr/lib/libnimCodecs.so
0424f000-0426f000 rw-p 00000000 00:00 0 
0484d000-048ca000 r-xp 00000000 08:01 1713814    /usr/lib/libOpenNI.so
048ca000-048cc000 r--p 0007c000 08:01 1713814    /usr/lib/libOpenNI.so
048cc000-048ce000 rw-p 0007e000 08:01 1713814    /usr/lib/libOpenNI.so
049e3000-04a1d000 r-xp 00000000 08:01 1837391    /usr/lib/jvm/java-7-openjdk-i386/jre/lib/i386/libfontmanager.so
04a1d000-04a1e000 ---p 0003a000 08:01 1837391    /usr/lib/jvm/java-7-openjdk-i386/jre/lib/i386/libfontmanager.so
04a1e000-04a1f000 r--p 0003a000 08:01 1837391    /usr/lib/jvm/java-7-openjdk-i386/jre/lib/i386/libfontmanager.so
04a1f000-04a20000 rw-p 0003b000 08:01 1837391    /usr/lib/jvm/java-7-openjdk-i386/jre/lib/i386/libfontmanager.so
0599e000-05a66000 r-xp 00000000 08:01 1705541    /usr/lib/i386-linux-gnu/libkrb5.so.3.3
05a66000-05a6c000 r--p 000c7000 08:01 1705541    /usr/lib/i386-linux-gnu/libkrb5.so.3.3
05a6c000-05a6d000 rw-p 000cd000 08:01 1705541    /usr/lib/i386-linux-gnu/libkrb5.so.3.3
05bef000-05ca5000 r-xp 00000000 08:01 3803206    /home/odairbonin/workspace_oficina_kinect/PrimeiroKinect/lib/user/libSimpleOpenNI32.so
05ca5000-05ca7000 r--p 000b5000 08:01 3803206    /home/odairbonin/workspace_oficina_kinect/PrimeiroKinect/lib/user/libSimpleOpenNI32.so
05ca7000-05ca9000 rw-p 000b7000 08:01 3803206    /home/odairbonin/workspace_oficina_kinect/PrimeiroKinect/lib/user/libSimpleOpenNI32.so
05db1000-05e78000 r-xp 00000000 08:01 1706437    /usr/lib/i386-linux-gnu/libcairo.so.2.11000.2
05e78000-05e79000 r--p 000c7000 08:01 1706437    /usr/lib/i386-linux-gnu/libcairo.so.2.11000.2
05e79000-05e7a000 rw-p 000c8000 08:01 1706437    /usr/lib/i386-linux-gnu/libcairo.so.2.11000.2
05e7a000-05e7c000 rw-p 00000000 00:00 0 
05ee2000-05fd8000 r-xp 00000000 08:01 1708041    /usr/lib/libXnVHandGenerator_1_5_2.so
05fd8000-05fdb000 r--p 000f5000 08:01 1708041    /usr/lib/libXnVHandGenerator_1_5_2.so
05fdb000-05fdc000 rw-p 000f8000 08:01 1708041    /usr/lib/libXnVHandGenerator_1_5_2.so
05fdc000-05fe8000 rw-p 00000000 00:00 0 
06924000-06d3f000 r-xp 00000000 08:01 1708035    /usr/lib/libXnVFeatures_1_5_2.so
06d3f000-06d47000 r--p 0041a000 08:01 1708035    /usr/lib/libXnVFeatures_1_5_2.so
06d47000-06d48000 rw-p 00422000 08:01 1708035    /usr/lib/libXnVFeatures_1_5_2.so
06d48000-06d5c000 rw-p 00000000 00:00 0 
0736b000-07449000 r-xp 00000000 08:01 1708038    /usr/lib/libXnVHandGenerator_1_3_1.so
07449000-0744c000 r--p 000dd000 08:01 1708038    /usr/lib/libXnVHandGenerator_1_3_1.so
0744c000-0744d000 rw-p 000e0000 08:01 1708038    /usr/lib/libXnVHandGenerator_1_3_1.so
0744d000-0744f000 rw-p 00000000 00:00 0 
07601000-07620000 r-xp 00000000 08:01 1713812    /usr/lib/libnimRecorder.so
07620000-07621000 r--p 0001f000 08:01 1713812    /usr/lib/libnimRecorder.so
07621000-07622000 rw-p 00020000 08:01 1713812    /usr/lib/libnimRecorder.so
079b3000-07e13000 r-xp 00000000 08:01 1707112    /usr/lib/i386-linux-gnu/libgtk-x11-2.0.so.0.2400.10
07e13000-07e17000 r--p 00460000 08:01 1707112    /usr/lib/i386-linux-gnu/libgtk-x11-2.0.so.0.2400.10
07e17000-07e19000 rw-p 00464000 08:01 1707112    /usr/lib/i386-linux-gnu/libgtk-x11-2.0.so.0.2400.10
07e19000-07e1b000 rw-p 00000000 00:00 0 
08048000-08049000 r-xp 00000000 08:01 1837321    /usr/lib/jvm/java-7-openjdk-i386/jre/bin/java
08049000-0804a000 r--p 00000000 08:01 1837321    /usr/lib/jvm/java-7-openjdk-i386/jre/bin/java
0804a000-0804b000 rw-p 00001000 08:01 1837321    /usr/lib/jvm/java-7-openjdk-i386/jre/bin/java
080d7000-081ab000 r-xp 00000000 08:01 1708039    /usr/lib/libXnVHandGenerator_1_4_1.so
081ab000-081ac000 ---p 000d4000 08:01 1708039    /usr/lib/libXnVHandGenerator_1_4_1.so
081ac000-081ae000 r--p 000d4000 08:01 1708039    /usr/lib/libXnVHandGenerator_1_4_1.so
081ae000-081af000 rw-p 000d6000 08:01 1708039    /usr/lib/libXnVHandGenerator_1_4_1.so
081af000-081b1000 rw-p 00000000 00:00 0 
08ba1000-08c76000 r-xp 00000000 08:01 1708040    /usr/lib/libXnVHandGenerator_1_4_2.so
08c76000-08c77000 ---p 000d5000 08:01 1708040    /usr/lib/libXnVHandGenerator_1_4_2.so
08c77000-08c79000 r--p 000d5000 08:01 1708040    /usr/lib/libXnVHandGenerator_1_4_2.so
08c79000-08c7a000 rw-p 000d7000 08:01 1708040    /usr/lib/libXnVHandGenerator_1_4_2.so
08c7a000-08c7c000 rw-p 00000000 00:00 0 
08d76000-08df8000 r-xp 00000000 08:01 2098111    /lib/i386-linux-gnu/libgcrypt.so.11.7.0
08df8000-08df9000 r--p 00081000 08:01 2098111    /lib/i386-linux-gnu/libgcrypt.so.11.7.0
08df9000-08dfb000 rw-p 00082000 08:01 2098111    /lib/i386-linux-gnu/libgcrypt.so.11.7.0
0900e000-090a1000 r-xp 00000000 08:01 1704171    /usr/lib/i386-linux-gnu/libpixman-1.so.0.24.4
090a1000-090a5000 r--p 00092000 08:01 1704171    /usr/lib/i386-linux-gnu/libpixman-1.so.0.24.4
090a5000-090a6000 rw-p 00096000 08:01 1704171    /usr/lib/i386-linux-gnu/libpixman-1.so.0.24.4
098e7000-09aec000 rw-p 00000000 00:00 0          [heap]
7db0d000-7dc00000 rwxp 00000000 00:00 0 
7dc00000-7dcbc000 rw-p 00000000 00:00 0 
7dcbc000-7dd00000 ---p 00000000 00:00 0 
7dd0d000-7de00000 rwxp 00000000 00:00 0 
7de00000-7defd000 rw-p 00000000 00:00 0 
7defd000-7df00000 ---p 00000000 00:00 0 
7df09000-7df5a000 rwxp 00000000 00:00 0 
7df5a000-7df5b000 ---p 00000000 00:00 0 
7df5b000-7e02c000 rwxp 00000000 00:00 0 
7e02c000-7e02d000 ---p 00000000 00:00 0 
7e02d000-7e0ad000 rwxp 00000000 00:00 0 
7e0ad000-7e0ae000 ---p 00000000 00:00 0 
7e0ae000-7e12e000 rwxp 00000000 00:00 0 
7e12e000-7e32e000 r--p 00000000 08:01 1704063    /usr/lib/locale/locale-archive
7e32e000-7e37f000 rwxp 00000000 00:00 0 
7e37f000-7e380000 ---p 00000000 00:00 0 
7e380000-7e400000 rwxp 00000000 00:00 0 
7e400000-7e4eb000 rw-p 00000000 00:00 0 
7e4eb000-7e500000 ---p 00000000 00:00 0 
7e505000-7e556000 rwxp 00000000 00:00 0 
7e556000-7e59e000 rw-p 00000000 00:00 0 
7e59e000-7e749000 r--s 01cdb000 08:01 1837397    /usr/lib/jvm/java-7-openjdk-i386/jre/lib/rt.jar
7e749000-80900000 rw-p 00000000 00:00 0 
80900000-809f8000 rw-p 00000000 00:00 0 
809f8000-80a00000 ---p 00000000 00:00 0 
80a2e000-80a7f000 rwxp 00000000 00:00 0 
80a7f000-80a80000 ---p 00000000 00:00 0 
80a80000-80b00000 rwxp 00000000 00:00 0 
80b00000-80ba3000 rw-p 00000000 00:00 0 
80ba3000-80c00000 ---p 00000000 00:00 0 
80c22000-80c2b000 r--s 000bc000 08:01 1710125    /usr/lib/jvm/java-7-openjdk-common/jre/lib/resources.jar
80c2b000-80c2c000 ---p 00000000 00:00 0 
80c2c000-80cac000 rwxp 00000000 00:00 0 
80cac000-80cbb000 rw-p 00000000 00:00 0 
80cbb000-80d94000 rw-p 00000000 00:00 0 
80d94000-80d9c000 rw-p 00000000 00:00 0 
80d9c000-80dd4000 rw-p 00000000 00:00 0 
80dd4000-80de3000 rw-p 00000000 00:00 0 
80de3000-80ebb000 rw-p 00000000 00:00 0 
80ebb000-80ec3000 rw-p 00000000 00:00 0 
80ec3000-80f2f000 rw-p 00000000 00:00 0 
80f2f000-81f30000 rw-p 00000000 00:00 0 
81f30000-88f30000 rw-p 00000000 00:00 0 
88f30000-8ac20000 rw-p 00000000 00:00 0 
8ac20000-a5de0000 rw-p 00000000 00:00 0 
a5de0000-a6c50000 rw-p 00000000 00:00 0 
a6c50000-b4530000 rw-p 00000000 00:00 0 
b4535000-b4538000 r--s 00022000 08:01 3803208    /home/odairbonin/workspace_oficina_kinect/PrimeiroKinect/lib/user/SimpleOpenNI.jar
b4538000-b4541000 rw-p 00000000 00:00 0 
b4541000-b45f8000 rw-p 00000000 00:00 0 
b45f8000-b4838000 rwxp 00000000 00:00 0 
b4838000-b75f8000 rw-p 00000000 00:00 0 
b75f8000-b7600000 rw-s 00000000 08:01 3283670    /tmp/hsperfdata_odairbonin/16360
b7600000-b76f2000 rw-p 00000000 00:00 0 
b76f2000-b7700000 ---p 00000000 00:00 0 
b7701000-b7702000 rw-p 00000000 00:00 0 
b7702000-b771e000 r--s 0048b000 08:01 3803197    /home/odairbonin/workspace_oficina_kinect/PrimeiroKinect/lib/base/core/jogl-all.jar
b771e000-b771f000 r--s 00001000 08:01 3803196    /home/odairbonin/workspace_oficina_kinect/PrimeiroKinect/lib/base/core/gluegen-rt-natives-windows-i586.jar
b771f000-b7722000 r--s 00077000 08:01 3803195    /home/odairbonin/workspace_oficina_kinect/PrimeiroKinect/lib/base/core/core.jar
b7722000-b7724000 r--s 00020000 08:01 3803194    /home/odairbonin/workspace_oficina_kinect/PrimeiroKinect/lib/base/core/jogl-all-natives-windows-i586.jar
b7724000-b7729000 r--s 00030000 08:01 3803193    /home/odairbonin/workspace_oficina_kinect/PrimeiroKinect/lib/base/core/gluegen-rt.jar
b7729000-b772a000 r--s 00023000 08:01 3803192    /home/odairbonin/workspace_oficina_kinect/PrimeiroKinect/lib/base/core/jogl-all-natives-linux-i586.jar
b772a000-b772b000 r--s 0001b000 08:01 3803191    /home/odairbonin/workspace_oficina_kinect/PrimeiroKinect/lib/base/core/jogl-all-natives-windows-amd64.jar
b772b000-b772c000 r--s 00000000 08:01 3803190    /home/odairbonin/workspace_oficina_kinect/PrimeiroKinect/lib/base/core/gluegen-rt-natives-linux-amd64.jar
b772c000-b772d000 r--s 00023000 08:01 3803189    /home/odairbonin/workspace_oficina_kinect/PrimeiroKinect/lib/base/core/jogl-all-natives-linux-amd64.jar
b772d000-b772e000 r--s 00001000 08:01 3803188    /home/odairbonin/workspace_oficina_kinect/PrimeiroKinect/lib/base/core/gluegen-rt-natives-windows-amd64.jar
b772e000-b772f000 r--s 00000000 08:01 3803187    /home/odairbonin/workspace_oficina_kinect/PrimeiroKinect/lib/base/core/gluegen-rt-natives-linux-i586.jar
b772f000-b7730000 r--s 00000000 08:01 3803186    /home/odairbonin/workspace_oficina_kinect/PrimeiroKinect/lib/base/core/gluegen-rt-natives-macosx-universal.jar
b7730000-b7731000 r--s 00050000 08:01 3803185    /home/odairbonin/workspace_oficina_kinect/PrimeiroKinect/lib/base/core/jogl-all-natives-macosx-universal.jar
b7731000-b7739000 rw-p 00000000 00:00 0 
b7739000-b7771000 rw-p 00000000 00:00 0 
b7771000-b7772000 ---p 00000000 00:00 0 
b7772000-b77c2000 rwxp 00000000 00:00 0 
b77c2000-b77c4000 rw-p 00000000 00:00 0 
b77c4000-b77c7000 r--s 0000f000 08:01 1710119    /usr/lib/jvm/java-7-openjdk-common/jre/lib/ext/pulse-java.jar
b77c7000-b77c9000 r--s 00012000 08:01 1710118    /usr/lib/jvm/java-7-openjdk-common/jre/lib/ext/zipfs.jar
b77c9000-b77ca000 r--s 00007000 08:01 2228686    /usr/share/java/java-atk-wrapper.jar
b77ca000-b77cd000 r--s 0003c000 08:01 1710114    /usr/lib/jvm/java-7-openjdk-common/jre/lib/ext/sunpkcs11.jar
b77cd000-b77d1000 r--s 00085000 08:01 1710115    /usr/lib/jvm/java-7-openjdk-common/jre/lib/ext/localedata.jar
b77d1000-b77d4000 r--s 00032000 08:01 1710116    /usr/lib/jvm/java-7-openjdk-common/jre/lib/ext/sunjce_provider.jar
b77d4000-b77d5000 r--s 00002000 08:01 1710117    /usr/lib/jvm/java-7-openjdk-common/jre/lib/ext/dnsns.jar
b77d5000-b77d6000 r--p 002c5000 08:01 1704063    /usr/lib/locale/locale-archive
b77d6000-b77d7000 rw-p 00000000 00:00 0 
b77d7000-b77d8000 r--p 00000000 00:00 0 
b77d8000-b77db000 rw-p 00000000 00:00 0 
bff89000-bffaa000 rwxp 00000000 00:00 0          [stack]
bffaa000-bffab000 rw-p 00000000 00:00 0 

VM Arguments:
jvm_args: -Djava.library.path=/home/odairbonin/workspace_oficina_kinect/PrimeiroKinect/lib/base/core:/home/odairbonin/workspace_oficina_kinect/PrimeiroKinect/lib/base/core:/home/odairbonin/workspace_oficina_kinect/PrimeiroKinect/lib/base/core:/home/odairbonin/workspace_oficina_kinect/PrimeiroKinect/lib/base/core:/home/odairbonin/workspace_oficina_kinect/PrimeiroKinect/lib/base/core:/home/odairbonin/workspace_oficina_kinect/PrimeiroKinect/lib/base/core:/home/odairbonin/workspace_oficina_kinect/PrimeiroKinect/lib/base/core:/home/odairbonin/workspace_oficina_kinect/PrimeiroKinect/lib/base/core:/home/odairbonin/workspace_oficina_kinect/PrimeiroKinect/lib/base/core:/home/odairbonin/workspace_oficina_kinect/PrimeiroKinect/lib/base/core:/home/odairbonin/workspace_oficina_kinect/PrimeiroKinect/lib/base/core:/home/odairbonin/workspace_oficina_kinect/PrimeiroKinect/lib/base/core:/home/odairbonin/workspace_oficina_kinect/PrimeiroKinect/lib/base/core:/home/odairbonin/workspace_oficina_kinect/PrimeiroKinect/lib/user -Djava.security.policy=java.policy.applet -Dfile.encoding=UTF-8 
java_command: sun.applet.AppletViewer primeirokinect.PrimeiroKinect1397310100568.html
Launcher Type: SUN_STANDARD

Environment Variables:
PATH=/usr/lib/lightdm/lightdm:/usr/local/sbin:/usr/local/bin:/usr/sbin:/usr/bin:/sbin:/bin:/usr/games
LD_LIBRARY_PATH=/usr/lib/jvm/java-7-openjdk-i386/jre/lib/i386/server:/usr/lib/jvm/java-7-openjdk-i386/jre/lib/i386:/usr/lib/jvm/java-7-openjdk-i386/jre/../lib/i386:/usr/lib/jvm/java-7-openjdk-i386/jre/lib/i386/client:/usr/lib/jvm/java-7-openjdk-i386/jre/lib/i386:
SHELL=/bin/bash
DISPLAY=:0.0

Signal Handlers:
SIGSEGV: [libjvm.so+0x753930], sa_mask[0]=0x7ffbfeff, sa_flags=0x10000004
SIGBUS: [libjvm.so+0x753930], sa_mask[0]=0x7ffbfeff, sa_flags=0x10000004
SIGFPE: [libjvm.so+0x5e94a0], sa_mask[0]=0x7ffbfeff, sa_flags=0x10000004
SIGPIPE: [libjvm.so+0x5e94a0], sa_mask[0]=0x7ffbfeff, sa_flags=0x10000004
SIGXFSZ: [libjvm.so+0x5e94a0], sa_mask[0]=0x7ffbfeff, sa_flags=0x10000004
SIGILL: [libjvm.so+0x5e94a0], sa_mask[0]=0x7ffbfeff, sa_flags=0x10000004
SIGUSR1: SIG_DFL, sa_mask[0]=0x00000000, sa_flags=0x00000000
SIGUSR2: [libjvm.so+0x5e9330], sa_mask[0]=0x00000004, sa_flags=0x10000004
SIGHUP: [libjvm.so+0x5e9960], sa_mask[0]=0x7ffbfeff, sa_flags=0x10000004
SIGINT: [libjvm.so+0x5e9960], sa_mask[0]=0x7ffbfeff, sa_flags=0x10000004
SIGTERM: [libjvm.so+0x5e9960], sa_mask[0]=0x7ffbfeff, sa_flags=0x10000004
SIGQUIT: [libjvm.so+0x5e9960], sa_mask[0]=0x7ffbfeff, sa_flags=0x10000004


---------------  S Y S T E M  ---------------

OS:Ubuntu 12.04 (precise)
uname:Linux 3.2.0-35-generic #55-Ubuntu SMP Wed Dec 5 17:45:18 UTC 2012 i686
libc:glibc 2.15 NPTL 2.15 
rlimit: STACK 8192k, CORE 0k, NPROC 22063, NOFILE 4096, AS infinity
load average:0.28 0.47 0.41

/proc/meminfo:
MemTotal:        2838692 kB
MemFree:         1387832 kB
Buffers:          119240 kB
Cached:           650088 kB
SwapCached:         4608 kB
Active:           879132 kB
Inactive:         484428 kB
Active(anon):     486896 kB
Inactive(anon):   111752 kB
Active(file):     392236 kB
Inactive(file):   372676 kB
Unevictable:          16 kB
Mlocked:              16 kB
HighTotal:       1974216 kB
HighFree:         899260 kB
LowTotal:         864476 kB
LowFree:          488572 kB
SwapTotal:        783356 kB
SwapFree:         762712 kB
Dirty:                76 kB
Writeback:             0 kB
AnonPages:        590824 kB
Mapped:           103644 kB
Shmem:              4304 kB
Slab:              66196 kB
SReclaimable:      50860 kB
SUnreclaim:        15336 kB
KernelStack:        3328 kB
PageTables:         7712 kB
NFS_Unstable:          0 kB
Bounce:                0 kB
WritebackTmp:          0 kB
CommitLimit:     2202700 kB
Committed_AS:    2981616 kB
VmallocTotal:     122880 kB
VmallocUsed:        4896 kB
VmallocChunk:      75252 kB
HardwareCorrupted:     0 kB
AnonHugePages:         0 kB
HugePages_Total:       0
HugePages_Free:        0
HugePages_Rsvd:        0
HugePages_Surp:        0
Hugepagesize:       4096 kB
DirectMap4k:       12280 kB
DirectMap4M:      897024 kB


CPU:total 2 (2 cores per cpu, 1 threads per core) family 6 model 42 stepping 7, cmov, cx8, fxsr, mmx, sse, sse2, sse3, ssse3, sse4.1, sse4.2, popcnt, avx, tsc, tscinvbit

/proc/cpuinfo:
processor	: 0
vendor_id	: GenuineIntel
cpu family	: 6
model		: 42
model name	: Intel(R) Core(TM) i7-2620M CPU @ 2.70GHz
stepping	: 7
cpu MHz		: 2693.000
cache size	: 4096 KB
physical id	: 0
siblings	: 2
core id		: 0
cpu cores	: 2
apicid		: 0
initial apicid	: 0
fdiv_bug	: no
hlt_bug		: no
f00f_bug	: no
coma_bug	: no
fpu		: yes
fpu_exception	: yes
cpuid level	: 13
wp		: yes
flags		: fpu vme de pse tsc msr pae mce cx8 apic mtrr pge mca cmov pat pse36 clflush mmx fxsr sse sse2 ss ht syscall nx rdtscp lm constant_tsc nonstop_tsc aperfmperf pni pclmulqdq ssse3 cx16 pcid sse4_1 sse4_2 x2apic popcnt aes xsave avx hypervisor lahf_lm ida arat epb pln pts dtherm
bogomips	: 5386.00
clflush size	: 64
cache_alignment	: 64
address sizes	: 36 bits physical, 48 bits virtual
power management:

processor	: 1
vendor_id	: GenuineIntel
cpu family	: 6
model		: 42
model name	: Intel(R) Core(TM) i7-2620M CPU @ 2.70GHz
stepping	: 7
cpu MHz		: 2693.000
cache size	: 4096 KB
physical id	: 0
siblings	: 2
core id		: 1
cpu cores	: 2
apicid		: 1
initial apicid	: 1
fdiv_bug	: no
hlt_bug		: no
f00f_bug	: no
coma_bug	: no
fpu		: yes
fpu_exception	: yes
cpuid level	: 13
wp		: yes
flags		: fpu vme de pse tsc msr pae mce cx8 apic mtrr pge mca cmov pat pse36 clflush mmx fxsr sse sse2 ss ht syscall nx rdtscp lm constant_tsc nonstop_tsc aperfmperf pni pclmulqdq ssse3 cx16 pcid sse4_1 sse4_2 x2apic popcnt aes xsave avx hypervisor lahf_lm ida arat epb pln pts dtherm
bogomips	: 5386.00
clflush size	: 64
cache_alignment	: 64
address sizes	: 36 bits physical, 48 bits virtual
power management:



Memory: 4k page, physical 2838692k(1387832k free), swap 783356k(762712k free)

vm_info: OpenJDK Server VM (23.2-b09) for linux-x86 JRE (1.7.0_09-b30), built on Oct 24 2012 18:55:39 by "buildd" with gcc 4.6.3

time: Sat Apr 12 10:41:41 2014
elapsed time: 0 seconds

