#
# A fatal error has been detected by the Java Runtime Environment:
#
#  SIGSEGV (0xb) at pc=0x019bfc1f, pid=16066, tid=2108353344
#
# JRE version: 7.0_09-b30
# Java VM: OpenJDK Server VM (23.2-b09 mixed mode linux-x86 )
# Problematic frame:
# C  [libOpenNI.so+0x3cc1f]  xnSetSkeletonProfile+0x1f
#
# Failed to write core dump. Core dumps have been disabled. To enable core dumping, try "ulimit -c unlimited" before starting Java again
#
# If you would like to submit a bug report, please include
# instructions on how to reproduce the bug and visit:
#   https://bugs.launchpad.net/ubuntu/+source/openjdk-7/
# The crash happened outside the Java Virtual Machine in native code.
# See problematic frame for where to report the bug.
#

---------------  T H R E A D  ---------------

Current thread (0x80a10000):  JavaThread "Animation Thread" [_thread_in_native, id=16093, stack(0x7da5e000,0x7daaf000)]

siginfo:si_signo=SIGSEGV: si_errno=0, si_code=1 (SEGV_MAPERR), si_addr=0x00000000

Registers:
EAX=0x00010012, EBX=0x01a01ff4, ECX=0x80a00018, EDX=0x80a65c68
ESP=0x7daadce0, EBP=0x01e5e9a0, ESI=0x00000000, EDI=0x7daaddb4
EIP=0x019bfc1f, EFLAGS=0x00010212, CR2=0x00000000

Top of Stack: (sp=0x7daadce0)
0x7daadce0:   80a63360 01e5cff4 80a30ea0 7daaddb4
0x7daadcf0:   01e5e9a0 00b106a0 80a65c68 019bfc00
0x7daadd00:   00000000 01e5cff4 80a30ea0 01e25969
0x7daadd10:   00000000 00000002 00000000 00000000
0x7daadd20:   7daaddd4 00000000 00000000 80a19888
0x7daadd30:   01db7b21 00000000 7daaddcc 80a19801
0x7daadd40:   00000000 00000000 b453b740 00000400
0x7daadd50:   ffffffff 7daade00 01db1fc4 80a19888 

Instructions: (pc=0x019bfc1f)
0x019bfbff:   00 83 ec 2c b8 12 00 01 00 89 74 24 28 8b 74 24
0x019bfc0f:   30 89 5c 24 24 e8 3e 19 fd ff 81 c3 db 23 04 00
0x019bfc1f:   8b 16 8b 4a 08 85 c9 74 48 8b 52 04 8b 12 81 e2
0x019bfc2f:   00 00 00 02 74 3b 8b 46 24 c7 44 24 1c 00 00 00 

Register to memory mapping:

EAX=0x00010012 is an unknown value
EBX=0x01a01ff4: <offset 0x7eff4> in /usr/lib/libOpenNI.so at 0x01983000
ECX=0x80a00018 is an unknown value
EDX=0x80a65c68 is an unknown value
ESP=0x7daadce0 is pointing into the stack for thread: 0x80a10000
EBP=0x01e5e9a0: _ZN7sOpenNI14ContextWrapper14_globalContextE+0 in /home/odairbonin/workspace_oficina_kinect/PrimeiroKinect/lib/user/libSimpleOpenNI32.so at 0x01da5000
ESI=0x00000000 is an unknown value
EDI=0x7daaddb4 is pointing into the stack for thread: 0x80a10000


Stack: [0x7da5e000,0x7daaf000],  sp=0x7daadce0,  free space=319k
Native frames: (J=compiled Java code, j=interpreted, Vv=VM code, C=native code)
C  [libOpenNI.so+0x3cc1f]  xnSetSkeletonProfile+0x1f

Java frames: (J=compiled Java code, j=interpreted, Vv=VM code)
j  SimpleOpenNI.SimpleOpenNIJNI.ContextWrapper_enableUserSwigExplicitContextWrapper(JLSimpleOpenNI/ContextWrapper;I)Z+0
j  SimpleOpenNI.ContextWrapper.enableUser(I)Z+28
j  SimpleOpenNI.SimpleOpenNI.enableUser(ILjava/lang/Object;)Z+17
j  SimpleOpenNI.SimpleOpenNI.enableUser(I)Z+6
j  primeirokinect.PrimeiroKinect.setup()V+43
j  processing.core.PApplet.handleDraw()V+196
j  processing.core.PGraphicsJava2D.requestDraw()V+4
j  processing.core.PApplet.run()V+176
j  java.lang.Thread.run()V+11
v  ~StubRoutines::call_stub

---------------  P R O C E S S  ---------------

Java Threads: ( => current thread )
=>0x80a10000 JavaThread "Animation Thread" [_thread_in_native, id=16093, stack(0x7da5e000,0x7daaf000)]
  0x80a04000 JavaThread "AWT-EventQueue-1" [_thread_blocked, id=16092, stack(0x7daaf000,0x7db00000)]
  0xb7508000 JavaThread "DestroyJavaVM" [_thread_blocked, id=16072, stack(0xb76b8000,0xb7709000)]
  0x7db6f800 JavaThread "AWT-EventQueue-0" [_thread_blocked, id=16090, stack(0x7dc0d000,0x7dc5e000)]
  0x7db68400 JavaThread "AWT-Shutdown" [_thread_blocked, id=16089, stack(0x7dc5e000,0x7dcaf000)]
  0x7db46c00 JavaThread "thread applet-primeirokinect.PrimeiroKinect.class" [_thread_blocked, id=16088, stack(0x7de09000,0x7de5a000)]
  0x7db2e400 JavaThread "AWT-XAWT" daemon [_thread_in_native, id=16086, stack(0x7e405000,0x7e456000)]
  0x7ddf4c00 JavaThread "Java2D Disposer" daemon [_thread_blocked, id=16085, stack(0x7dcaf000,0x7dd00000)]
  0x7e398400 JavaThread "Service Thread" daemon [_thread_blocked, id=16083, stack(0x8092e000,0x8097f000)]
  0x7e396800 JavaThread "C2 CompilerThread1" daemon [_thread_blocked, id=16082, stack(0x7dedb000,0x7df5c000)]
  0x7e394800 JavaThread "C2 CompilerThread0" daemon [_thread_blocked, id=16081, stack(0x7df5c000,0x7dfdd000)]
  0x7e392c00 JavaThread "Signal Dispatcher" daemon [_thread_blocked, id=16080, stack(0xb7627000,0xb7678000)]
  0x7e350800 JavaThread "Finalizer" daemon [_thread_blocked, id=16079, stack(0x7e1dd000,0x7e22e000)]
  0x7e34ec00 JavaThread "Reference Handler" daemon [_thread_blocked, id=16078, stack(0x7e22e000,0x7e27f000)]

Other Threads:
  0x7e348800 VMThread [stack: 0x7e27f000,0x7e300000] [id=16077]
  0x7e39a000 WatcherThread [stack: 0x7de5a000,0x7dedb000] [id=16084]

VM state:not at safepoint (normal execution)

VM Mutex/Monitor currently owned by a thread: None

Heap
 PSYoungGen      total 12992K, used 9798K [0xa5ce0000, 0xa6b50000, 0xb4430000)
  eden space 11200K, 87% used [0xa5ce0000,0xa6671980,0xa67d0000)
  from space 1792K, 0% used [0xa6990000,0xa6990000,0xa6b50000)
  to   space 1792K, 0% used [0xa67d0000,0xa67d0000,0xa6990000)
 ParOldGen       total 29632K, used 0K [0x88e30000, 0x8ab20000, 0xa5ce0000)
  object space 29632K, 0% used [0x88e30000,0x88e30000,0x8ab20000)
 PSPermGen       total 16384K, used 7388K [0x80e30000, 0x81e30000, 0x88e30000)
  object space 16384K, 45% used [0x80e30000,0x815672a0,0x81e30000)

Card table byte_map: [0x80c94000,0x80e30000] byte_map_base: 0x8088ce80

Polling page: 0xb771e000

Code Cache  [0xb44f8000, 0xb4738000, 0xb74f8000)
 total_blobs=319 nmethods=24 adapters=248 free_code_cache=48752Kb largest_free_block=49910976

Compilation events (10 events):
Event: 0.665 Thread 0x7e394800   20             java.lang.String::getChars (62 bytes)
Event: 0.667 Thread 0x7e394800 nmethod 20 0xb4558648 code [0xb4558740, 0xb4558890]
Event: 0.667 Thread 0x7e394800   21             java.lang.AbstractStringBuilder::append (48 bytes)
Event: 0.670 Thread 0x7e394800 nmethod 21 0xb4556588 code [0xb45566a0, 0xb4556a50]
Event: 0.686 Thread 0x7e396800   22             java.lang.StringBuilder::append (8 bytes)
Event: 0.692 Thread 0x7e396800 nmethod 22 0xb4555d48 code [0xb4555e60, 0xb4556210]
Event: 0.816 Thread 0x7e396800   23             java.lang.Class::searchMethods (90 bytes)
Event: 0.819 Thread 0x7e396800 nmethod 23 0xb455e448 code [0xb455e580, 0xb455e804]
Event: 0.819 Thread 0x7e396800   24             java.lang.reflect.Method::getName (5 bytes)
Event: 0.819 Thread 0x7e396800 nmethod 24 0xb455b708 code [0xb455b7e0, 0xb455b830]

GC Heap History (0 events):
No events

Deoptimization events (4 events):
Event: 0.444 Thread 0x7db6f800 Uncommon trap -34 fr.pc 0xb4545f20
Event: 0.444 Thread 0x7db6f800 Uncommon trap -34 fr.pc 0xb4545f20
Event: 0.445 Thread 0x7db6f800 Uncommon trap -34 fr.pc 0xb4545f20
Event: 0.445 Thread 0x7db6f800 Uncommon trap -34 fr.pc 0xb4545f20

Internal exceptions (10 events):
Event: 0.640 Thread 0x7db46c00 Threw 0xa5fd5930 at /build/buildd/openjdk-7-7u9-2.3.3/build/openjdk/hotspot/src/share/vm/prims/jvm.cpp:1166
Event: 0.658 Thread 0x7db46c00 Threw 0xa62b0a10 at /build/buildd/openjdk-7-7u9-2.3.3/build/openjdk/hotspot/src/share/vm/prims/jvm.cpp:1166
Event: 0.663 Thread 0x80a10000 Threw 0xa63199a8 at /build/buildd/openjdk-7-7u9-2.3.3/build/openjdk/hotspot/src/share/vm/prims/jvm.cpp:1166
Event: 0.685 Thread 0x80a10000 Threw 0xa631f7d0 at /build/buildd/openjdk-7-7u9-2.3.3/build/openjdk/hotspot/src/share/vm/prims/jvm.cpp:1166
Event: 0.696 Thread 0x80a10000 Threw 0xa6338620 at /build/buildd/openjdk-7-7u9-2.3.3/build/openjdk/hotspot/src/share/vm/prims/jvm.cpp:1166
Event: 0.698 Thread 0x80a10000 Threw 0xa6340ce8 at /build/buildd/openjdk-7-7u9-2.3.3/build/openjdk/hotspot/src/share/vm/prims/jvm.cpp:1166
Event: 0.800 Thread 0x80a10000 Threw 0xa65bd7d8 at /build/buildd/openjdk-7-7u9-2.3.3/build/openjdk/hotspot/src/share/vm/prims/jvm.cpp:1166
Event: 0.808 Thread 0x80a10000 Threw 0xa65d2940 at /build/buildd/openjdk-7-7u9-2.3.3/build/openjdk/hotspot/src/share/vm/prims/jvm.cpp:1166
Event: 0.809 Thread 0x80a10000 Threw 0xa65d9360 at /build/buildd/openjdk-7-7u9-2.3.3/build/openjdk/hotspot/src/share/vm/prims/jvm.cpp:1166
Event: 0.811 Thread 0x80a10000 Threw 0xa660b4c8 at /build/buildd/openjdk-7-7u9-2.3.3/build/openjdk/hotspot/src/share/vm/prims/jvm.cpp:1166

Events (10 events):
Event: 0.814 loading class 0x80a62b70 done
Event: 0.814 loading class 0x7dd1f688 done
Event: 0.814 loading class 0x7dd1f5c8
Event: 0.814 loading class 0x7dd1f5c8 done
Event: 0.814 loading class 0x7dd1f6e0
Event: 0.814 loading class 0x7dd1f6e0 done
Event: 0.814 loading class 0x7e3c4f90
Event: 0.814 loading class 0x7e3c4f90 done
Event: 0.814 loading class 0x7dd1d8e0
Event: 0.815 loading class 0x7dd1d8e0 done


Dynamic libraries:
00110000-00127000 r-xp 00000000 08:01 2098031    /lib/i386-linux-gnu/libpthread-2.15.so
00127000-00128000 r--p 00016000 08:01 2098031    /lib/i386-linux-gnu/libpthread-2.15.so
00128000-00129000 rw-p 00017000 08:01 2098031    /lib/i386-linux-gnu/libpthread-2.15.so
00129000-0012b000 rw-p 00000000 00:00 0 
0012b000-00203000 r-xp 00000000 08:01 1704289    /usr/lib/i386-linux-gnu/libstdc++.so.6.0.16
00203000-00204000 ---p 000d8000 08:01 1704289    /usr/lib/i386-linux-gnu/libstdc++.so.6.0.16
00204000-00208000 r--p 000d8000 08:01 1704289    /usr/lib/i386-linux-gnu/libstdc++.so.6.0.16
00208000-00209000 rw-p 000dc000 08:01 1704289    /usr/lib/i386-linux-gnu/libstdc++.so.6.0.16
00209000-00210000 rw-p 00000000 00:00 0 
00210000-0022c000 r-xp 00000000 08:01 2098084    /lib/i386-linux-gnu/libgcc_s.so.1
0022c000-0022d000 r--p 0001b000 08:01 2098084    /lib/i386-linux-gnu/libgcc_s.so.1
0022d000-0022e000 rw-p 0001c000 08:01 2098084    /lib/i386-linux-gnu/libgcc_s.so.1
0022e000-00233000 r-xp 00000000 08:01 1707424    /usr/lib/i386-linux-gnu/libXtst.so.6.1.0
00233000-00234000 r--p 00004000 08:01 1707424    /usr/lib/i386-linux-gnu/libXtst.so.6.1.0
00234000-00235000 rw-p 00005000 08:01 1707424    /usr/lib/i386-linux-gnu/libXtst.so.6.1.0
00236000-0024a000 r-xp 00000000 08:01 2098157    /lib/i386-linux-gnu/libz.so.1.2.3.4
0024a000-0024b000 r--p 00013000 08:01 2098157    /lib/i386-linux-gnu/libz.so.1.2.3.4
0024b000-0024c000 rw-p 00014000 08:01 2098157    /lib/i386-linux-gnu/libz.so.1.2.3.4
0024c000-00253000 r-xp 00000000 08:01 2098029    /lib/i386-linux-gnu/librt-2.15.so
00253000-00254000 r--p 00006000 08:01 2098029    /lib/i386-linux-gnu/librt-2.15.so
00254000-00255000 rw-p 00007000 08:01 2098029    /lib/i386-linux-gnu/librt-2.15.so
00255000-0027c000 r-xp 00000000 08:01 1837354    /usr/lib/jvm/java-7-openjdk-i386/jre/lib/i386/libjava.so
0027c000-0027d000 r--p 00026000 08:01 1837354    /usr/lib/jvm/java-7-openjdk-i386/jre/lib/i386/libjava.so
0027d000-0027e000 rw-p 00027000 08:01 1837354    /usr/lib/jvm/java-7-openjdk-i386/jre/lib/i386/libjava.so
0027e000-00285000 r-xp 00000000 08:01 2098024    /lib/i386-linux-gnu/libnss_compat-2.15.so
00285000-00286000 r--p 00006000 08:01 2098024    /lib/i386-linux-gnu/libnss_compat-2.15.so
00286000-00287000 rw-p 00007000 08:01 2098024    /lib/i386-linux-gnu/libnss_compat-2.15.so
00287000-0029d000 r-xp 00000000 08:01 2098042    /lib/i386-linux-gnu/libnsl-2.15.so
0029d000-0029e000 r--p 00015000 08:01 2098042    /lib/i386-linux-gnu/libnsl-2.15.so
0029e000-0029f000 rw-p 00016000 08:01 2098042    /lib/i386-linux-gnu/libnsl-2.15.so
0029f000-002a1000 rw-p 00000000 00:00 0 
002a1000-002ab000 r-xp 00000000 08:01 2098030    /lib/i386-linux-gnu/libnss_nis-2.15.so
002ab000-002ac000 r--p 00009000 08:01 2098030    /lib/i386-linux-gnu/libnss_nis-2.15.so
002ac000-002ad000 rw-p 0000a000 08:01 2098030    /lib/i386-linux-gnu/libnss_nis-2.15.so
002ad000-002b8000 r-xp 00000000 08:01 2098026    /lib/i386-linux-gnu/libnss_files-2.15.so
002b8000-002b9000 r--p 0000a000 08:01 2098026    /lib/i386-linux-gnu/libnss_files-2.15.so
002b9000-002ba000 rw-p 0000b000 08:01 2098026    /lib/i386-linux-gnu/libnss_files-2.15.so
002ba000-002c2000 r-xp 00000000 08:01 1837359    /usr/lib/jvm/java-7-openjdk-i386/jre/lib/i386/libzip.so
002c2000-002c3000 r--p 00007000 08:01 1837359    /usr/lib/jvm/java-7-openjdk-i386/jre/lib/i386/libzip.so
002c3000-002c4000 rw-p 00008000 08:01 1837359    /usr/lib/jvm/java-7-openjdk-i386/jre/lib/i386/libzip.so
002c4000-00354000 r-xp 00000000 08:01 1837357    /usr/lib/jvm/java-7-openjdk-i386/jre/lib/i386/libawt.so
00354000-00355000 r--p 00090000 08:01 1837357    /usr/lib/jvm/java-7-openjdk-i386/jre/lib/i386/libawt.so
00355000-0035c000 rw-p 00091000 08:01 1837357    /usr/lib/jvm/java-7-openjdk-i386/jre/lib/i386/libawt.so
0035c000-00380000 rw-p 00000000 00:00 0 
00380000-003d2000 r-xp 00000000 08:01 1969852    /usr/lib/jvm/java-7-openjdk-i386/jre/lib/i386/xawt/libmawt.so
003d2000-003d3000 r--p 00051000 08:01 1969852    /usr/lib/jvm/java-7-openjdk-i386/jre/lib/i386/xawt/libmawt.so
003d3000-003d5000 rw-p 00052000 08:01 1969852    /usr/lib/jvm/java-7-openjdk-i386/jre/lib/i386/xawt/libmawt.so
003d5000-003d6000 rw-p 00000000 00:00 0 
003d6000-003de000 r-xp 00000000 08:01 1706435    /usr/lib/i386-linux-gnu/libXrender.so.1.3.0
003de000-003df000 r--p 00007000 08:01 1706435    /usr/lib/i386-linux-gnu/libXrender.so.1.3.0
003df000-003e0000 rw-p 00008000 08:01 1706435    /usr/lib/i386-linux-gnu/libXrender.so.1.3.0
003e0000-003ee000 r-xp 00000000 08:01 1707177    /usr/lib/i386-linux-gnu/libXi.so.6.1.0
003ee000-003ef000 r--p 0000d000 08:01 1707177    /usr/lib/i386-linux-gnu/libXi.so.6.1.0
003ef000-003f0000 rw-p 0000e000 08:01 1707177    /usr/lib/i386-linux-gnu/libXi.so.6.1.0
003f0000-003f1000 r-xp 00000000 08:01 1704299    /usr/lib/i386-linux-gnu/libgthread-2.0.so.0.3200.3
003f1000-003f2000 r--p 00000000 08:01 1704299    /usr/lib/i386-linux-gnu/libgthread-2.0.so.0.3200.3
003f2000-003f3000 rw-p 00001000 08:01 1704299    /usr/lib/i386-linux-gnu/libgthread-2.0.so.0.3200.3
003f3000-00412000 r-xp 00000000 08:01 1706429    /usr/lib/i386-linux-gnu/libxcb.so.1.1.0
00412000-00413000 r--p 0001f000 08:01 1706429    /usr/lib/i386-linux-gnu/libxcb.so.1.1.0
00413000-00414000 rw-p 00020000 08:01 1706429    /usr/lib/i386-linux-gnu/libxcb.so.1.1.0
00417000-0041a000 r-xp 00000000 08:01 2098037    /lib/i386-linux-gnu/libdl-2.15.so
0041a000-0041b000 r--p 00002000 08:01 2098037    /lib/i386-linux-gnu/libdl-2.15.so
0041b000-0041c000 rw-p 00003000 08:01 2098037    /lib/i386-linux-gnu/libdl-2.15.so
0041c000-00463000 r-xp 00000000 08:01 1705072    /usr/lib/i386-linux-gnu/libpango-1.0.so.0.3000.0
00463000-00464000 ---p 00047000 08:01 1705072    /usr/lib/i386-linux-gnu/libpango-1.0.so.0.3000.0
00464000-00465000 r--p 00047000 08:01 1705072    /usr/lib/i386-linux-gnu/libpango-1.0.so.0.3000.0
00465000-00466000 rw-p 00048000 08:01 1705072    /usr/lib/i386-linux-gnu/libpango-1.0.so.0.3000.0
00466000-00471000 r-xp 00000000 08:01 1708068    /usr/lib/i386-linux-gnu/libpangocairo-1.0.so.0.3000.0
00471000-00472000 r--p 0000a000 08:01 1708068    /usr/lib/i386-linux-gnu/libpangocairo-1.0.so.0.3000.0
00472000-00473000 rw-p 0000b000 08:01 1708068    /usr/lib/i386-linux-gnu/libpangocairo-1.0.so.0.3000.0
00473000-00477000 r-xp 00000000 08:01 1704744    /usr/lib/i386-linux-gnu/libXfixes.so.3.1.0
00477000-00478000 r--p 00004000 08:01 1704744    /usr/lib/i386-linux-gnu/libXfixes.so.3.1.0
00478000-00479000 rw-p 00005000 08:01 1704744    /usr/lib/i386-linux-gnu/libXfixes.so.3.1.0
00479000-00496000 r-xp 00000000 08:01 1704114    /usr/lib/i386-linux-gnu/libatk-1.0.so.0.20409.1
00496000-00498000 r--p 0001c000 08:01 1704114    /usr/lib/i386-linux-gnu/libatk-1.0.so.0.20409.1
00498000-00499000 rw-p 0001e000 08:01 1704114    /usr/lib/i386-linux-gnu/libatk-1.0.so.0.20409.1
00499000-004a9000 r-xp 00000000 08:01 1707120    /usr/lib/i386-linux-gnu/libXext.so.6.4.0
004a9000-004aa000 r--p 0000f000 08:01 1707120    /usr/lib/i386-linux-gnu/libXext.so.6.4.0
004aa000-004ab000 rw-p 00010000 08:01 1707120    /usr/lib/i386-linux-gnu/libXext.so.6.4.0
004ab000-004f8000 r-xp 00000000 08:01 1705746    /usr/lib/i386-linux-gnu/libgobject-2.0.so.0.3200.3
004f8000-004f9000 r--p 0004c000 08:01 1705746    /usr/lib/i386-linux-gnu/libgobject-2.0.so.0.3200.3
004f9000-004fa000 rw-p 0004d000 08:01 1705746    /usr/lib/i386-linux-gnu/libgobject-2.0.so.0.3200.3
004fa000-004fc000 r-xp 00000000 08:01 1705578    /usr/lib/i386-linux-gnu/libXinerama.so.1.0.0
004fc000-004fd000 r--p 00001000 08:01 1705578    /usr/lib/i386-linux-gnu/libXinerama.so.1.0.0
004fd000-004fe000 rw-p 00002000 08:01 1705578    /usr/lib/i386-linux-gnu/libXinerama.so.1.0.0
004fe000-00505000 r-xp 00000000 08:01 1709192    /usr/lib/i386-linux-gnu/libXrandr.so.2.2.0
00505000-00506000 r--p 00006000 08:01 1709192    /usr/lib/i386-linux-gnu/libXrandr.so.2.2.0
00506000-00507000 rw-p 00007000 08:01 1709192    /usr/lib/i386-linux-gnu/libXrandr.so.2.2.0
00507000-00510000 r-xp 00000000 08:01 1709176    /usr/lib/i386-linux-gnu/libXcursor.so.1.0.2
00510000-00511000 r--p 00008000 08:01 1709176    /usr/lib/i386-linux-gnu/libXcursor.so.1.0.2
00511000-00512000 rw-p 00009000 08:01 1709176    /usr/lib/i386-linux-gnu/libXcursor.so.1.0.2
00512000-00514000 r-xp 00000000 08:01 1707115    /usr/lib/i386-linux-gnu/libXcomposite.so.1.0.0
00514000-00515000 r--p 00001000 08:01 1707115    /usr/lib/i386-linux-gnu/libXcomposite.so.1.0.0
00515000-00516000 rw-p 00002000 08:01 1707115    /usr/lib/i386-linux-gnu/libXcomposite.so.1.0.0
00516000-00518000 r-xp 00000000 08:01 1707118    /usr/lib/i386-linux-gnu/libXdamage.so.1.1.0
00518000-00519000 r--p 00001000 08:01 1707118    /usr/lib/i386-linux-gnu/libXdamage.so.1.1.0
00519000-0051a000 rw-p 00002000 08:01 1707118    /usr/lib/i386-linux-gnu/libXdamage.so.1.1.0
0051a000-006bd000 r-xp 00000000 08:01 2098022    /lib/i386-linux-gnu/libc-2.15.so
006bd000-006be000 ---p 001a3000 08:01 2098022    /lib/i386-linux-gnu/libc-2.15.so
006be000-006c0000 r--p 001a3000 08:01 2098022    /lib/i386-linux-gnu/libc-2.15.so
006c0000-006c1000 rw-p 001a5000 08:01 2098022    /lib/i386-linux-gnu/libc-2.15.so
006c1000-006c4000 rw-p 00000000 00:00 0 
006c4000-006c7000 r-xp 00000000 08:01 1705745    /usr/lib/i386-linux-gnu/libgmodule-2.0.so.0.3200.3
006c7000-006c8000 r--p 00002000 08:01 1705745    /usr/lib/i386-linux-gnu/libgmodule-2.0.so.0.3200.3
006c8000-006c9000 rw-p 00003000 08:01 1705745    /usr/lib/i386-linux-gnu/libgmodule-2.0.so.0.3200.3
006c9000-006ce000 r-xp 00000000 08:01 1706441    /usr/lib/i386-linux-gnu/libffi.so.6.0.0
006ce000-006cf000 r--p 00004000 08:01 1706441    /usr/lib/i386-linux-gnu/libffi.so.6.0.0
006cf000-006d0000 rw-p 00005000 08:01 1706441    /usr/lib/i386-linux-gnu/libffi.so.6.0.0
006d0000-006d2000 r-xp 00000000 08:01 1705108    /usr/lib/i386-linux-gnu/libXau.so.6.0.0
006d2000-006d3000 r--p 00001000 08:01 1705108    /usr/lib/i386-linux-gnu/libXau.so.6.0.0
006d3000-006d4000 rw-p 00002000 08:01 1705108    /usr/lib/i386-linux-gnu/libXau.so.6.0.0
006d4000-006d6000 r-xp 00000000 08:01 1706433    /usr/lib/i386-linux-gnu/libxcb-shm.so.0.0.0
006d6000-006d7000 r--p 00001000 08:01 1706433    /usr/lib/i386-linux-gnu/libxcb-shm.so.0.0.0
006d7000-006d8000 rw-p 00002000 08:01 1706433    /usr/lib/i386-linux-gnu/libxcb-shm.so.0.0.0
006d9000-0070b000 r-xp 00000000 08:01 1704163    /usr/lib/i386-linux-gnu/libfontconfig.so.1.4.4
0070b000-0070c000 r--p 00032000 08:01 1704163    /usr/lib/i386-linux-gnu/libfontconfig.so.1.4.4
0070c000-0070d000 rw-p 00033000 08:01 1704163    /usr/lib/i386-linux-gnu/libfontconfig.so.1.4.4
0070d000-0075c000 r-xp 00000000 08:01 1707492    /usr/lib/i386-linux-gnu/libcups.so.2
0075c000-0075f000 r--p 0004e000 08:01 1707492    /usr/lib/i386-linux-gnu/libcups.so.2
0075f000-00760000 rw-p 00051000 08:01 1707492    /usr/lib/i386-linux-gnu/libcups.so.2
00760000-0076c000 r-xp 00000000 08:01 1705828    /usr/lib/i386-linux-gnu/libavahi-common.so.3.5.3
0076c000-0076d000 r--p 0000b000 08:01 1705828    /usr/lib/i386-linux-gnu/libavahi-common.so.3.5.3
0076d000-0076e000 rw-p 0000c000 08:01 1705828    /usr/lib/i386-linux-gnu/libavahi-common.so.3.5.3
0076e000-00798000 r-xp 00000000 08:01 2098033    /lib/i386-linux-gnu/libm-2.15.so
00798000-00799000 r--p 00029000 08:01 2098033    /lib/i386-linux-gnu/libm-2.15.so
00799000-0079a000 rw-p 0002a000 08:01 2098033    /lib/i386-linux-gnu/libm-2.15.so
0079a000-00845000 r-xp 00000000 08:01 1707113    /usr/lib/i386-linux-gnu/libgdk-x11-2.0.so.0.2400.10
00845000-00846000 ---p 000ab000 08:01 1707113    /usr/lib/i386-linux-gnu/libgdk-x11-2.0.so.0.2400.10
00846000-00848000 r--p 000ab000 08:01 1707113    /usr/lib/i386-linux-gnu/libgdk-x11-2.0.so.0.2400.10
00848000-00849000 rw-p 000ad000 08:01 1707113    /usr/lib/i386-linux-gnu/libgdk-x11-2.0.so.0.2400.10
00849000-0084c000 r-xp 00000000 08:01 2097187    /lib/i386-linux-gnu/libcom_err.so.2.1
0084c000-0084d000 r--p 00002000 08:01 2097187    /lib/i386-linux-gnu/libcom_err.so.2.1
0084d000-0084e000 rw-p 00003000 08:01 2097187    /lib/i386-linux-gnu/libcom_err.so.2.1
0084e000-0085a000 r-xp 00000000 08:01 1837379    /usr/lib/jvm/java-7-openjdk-i386/jre/lib/i386/libverify.so
0085a000-0085b000 r--p 0000b000 08:01 1837379    /usr/lib/jvm/java-7-openjdk-i386/jre/lib/i386/libverify.so
0085b000-0085c000 rw-p 0000c000 08:01 1837379    /usr/lib/jvm/java-7-openjdk-i386/jre/lib/i386/libverify.so
0085c000-0098c000 r-xp 00000000 08:01 1709768    /usr/lib/i386-linux-gnu/libX11.so.6.3.0
0098c000-0098d000 r--p 0012f000 08:01 1709768    /usr/lib/i386-linux-gnu/libX11.so.6.3.0
0098d000-0098f000 rw-p 00130000 08:01 1709768    /usr/lib/i386-linux-gnu/libX11.so.6.3.0
0098f000-00990000 rw-p 00000000 00:00 0 
00990000-009ba000 r-xp 00000000 08:01 1708070    /usr/lib/i386-linux-gnu/libpangoft2-1.0.so.0.3000.0
009ba000-009bb000 r--p 00029000 08:01 1708070    /usr/lib/i386-linux-gnu/libpangoft2-1.0.so.0.3000.0
009bb000-009bc000 rw-p 0002a000 08:01 1708070    /usr/lib/i386-linux-gnu/libpangoft2-1.0.so.0.3000.0
009bc000-009d9000 r-xp 00000000 08:01 2097208    /lib/i386-linux-gnu/libselinux.so.1
009d9000-009da000 r--p 0001c000 08:01 2097208    /lib/i386-linux-gnu/libselinux.so.1
009da000-009db000 rw-p 0001d000 08:01 2097208    /lib/i386-linux-gnu/libselinux.so.1
009db000-009ee000 r-xp 00000000 08:01 2098027    /lib/i386-linux-gnu/libresolv-2.15.so
009ee000-009ef000 ---p 00013000 08:01 2098027    /lib/i386-linux-gnu/libresolv-2.15.so
009ef000-009f0000 r--p 00013000 08:01 2098027    /lib/i386-linux-gnu/libresolv-2.15.so
009f0000-009f1000 rw-p 00014000 08:01 2098027    /lib/i386-linux-gnu/libresolv-2.15.so
009f1000-009f3000 rw-p 00000000 00:00 0 
009f3000-00a03000 r-xp 00000000 08:01 1706813    /usr/lib/i386-linux-gnu/libavahi-client.so.3.2.9
00a03000-00a04000 r--p 0000f000 08:01 1706813    /usr/lib/i386-linux-gnu/libavahi-client.so.3.2.9
00a04000-00a05000 rw-p 00010000 08:01 1706813    /usr/lib/i386-linux-gnu/libavahi-client.so.3.2.9
00a05000-00a0a000 r-xp 00000000 08:01 1706425    /usr/lib/i386-linux-gnu/libXdmcp.so.6.0.0
00a0a000-00a0b000 r--p 00004000 08:01 1706425    /usr/lib/i386-linux-gnu/libXdmcp.so.6.0.0
00a0b000-00a0c000 rw-p 00005000 08:01 1706425    /usr/lib/i386-linux-gnu/libXdmcp.so.6.0.0
00a0c000-00a14000 r-xp 00000000 08:01 1706431    /usr/lib/i386-linux-gnu/libxcb-render.so.0.0.0
00a14000-00a15000 r--p 00008000 08:01 1706431    /usr/lib/i386-linux-gnu/libxcb-render.so.0.0.0
00a15000-00a16000 rw-p 00009000 08:01 1706431    /usr/lib/i386-linux-gnu/libxcb-render.so.0.0.0
00a17000-00a36000 r-xp 00000000 08:01 1708382    /usr/lib/i386-linux-gnu/libgdk_pixbuf-2.0.so.0.2600.1
00a36000-00a37000 r--p 0001e000 08:01 1708382    /usr/lib/i386-linux-gnu/libgdk_pixbuf-2.0.so.0.2600.1
00a37000-00a38000 rw-p 0001f000 08:01 1708382    /usr/lib/i386-linux-gnu/libgdk_pixbuf-2.0.so.0.2600.1
00a38000-00a5e000 r-xp 00000000 08:01 2097180    /lib/i386-linux-gnu/libexpat.so.1.5.2
00a5e000-00a5f000 ---p 00026000 08:01 2097180    /lib/i386-linux-gnu/libexpat.so.1.5.2
00a5f000-00a61000 r--p 00026000 08:01 2097180    /lib/i386-linux-gnu/libexpat.so.1.5.2
00a61000-00a62000 rw-p 00028000 08:01 2097180    /lib/i386-linux-gnu/libexpat.so.1.5.2
00a62000-00a9c000 r-xp 00000000 08:01 2098175    /lib/i386-linux-gnu/libpcre.so.3.12.1
00a9c000-00a9d000 r--p 00039000 08:01 2098175    /lib/i386-linux-gnu/libpcre.so.3.12.1
00a9d000-00a9e000 rw-p 0003a000 08:01 2098175    /lib/i386-linux-gnu/libpcre.so.3.12.1
00a9e000-00a9f000 r-xp 00000000 00:00 0          [vdso]
00a9f000-00ada000 r-xp 00000000 08:01 1704422    /usr/lib/i386-linux-gnu/libgssapi_krb5.so.2.2
00ada000-00adb000 ---p 0003b000 08:01 1704422    /usr/lib/i386-linux-gnu/libgssapi_krb5.so.2.2
00adb000-00adc000 r--p 0003b000 08:01 1704422    /usr/lib/i386-linux-gnu/libgssapi_krb5.so.2.2
00adc000-00add000 rw-p 0003c000 08:01 1704422    /usr/lib/i386-linux-gnu/libgssapi_krb5.so.2.2
00add000-00ae4000 r-xp 00000000 08:01 1708190    /usr/lib/i386-linux-gnu/libkrb5support.so.0.1
00ae4000-00ae5000 r--p 00006000 08:01 1708190    /usr/lib/i386-linux-gnu/libkrb5support.so.0.1
00ae5000-00ae6000 rw-p 00007000 08:01 1708190    /usr/lib/i386-linux-gnu/libkrb5support.so.0.1
00ae6000-00af6000 r-xp 00000000 08:01 1704083    /usr/lib/i386-linux-gnu/libtasn1.so.3.1.12
00af6000-00af7000 r--p 0000f000 08:01 1704083    /usr/lib/i386-linux-gnu/libtasn1.so.3.1.12
00af7000-00af8000 rw-p 00010000 08:01 1704083    /usr/lib/i386-linux-gnu/libtasn1.so.3.1.12
00af8000-00afa000 r-xp 00000000 08:01 2098185    /lib/i386-linux-gnu/libkeyutils.so.1.4
00afa000-00afb000 r--p 00002000 08:01 2098185    /lib/i386-linux-gnu/libkeyutils.so.1.4
00afb000-00afc000 rw-p 00003000 08:01 2098185    /lib/i386-linux-gnu/libkeyutils.so.1.4
00afc000-00b1c000 r-xp 00000000 08:01 2098034    /lib/i386-linux-gnu/ld-2.15.so
00b1c000-00b1d000 r--p 0001f000 08:01 2098034    /lib/i386-linux-gnu/ld-2.15.so
00b1d000-00b1e000 rw-p 00020000 08:01 2098034    /lib/i386-linux-gnu/ld-2.15.so
00b1f000-00b2b000 r-xp 00000000 08:01 1837363    /usr/lib/jvm/java-7-openjdk-i386/jre/lib/i386/jli/libjli.so
00b2b000-00b2c000 r--p 0000c000 08:01 1837363    /usr/lib/jvm/java-7-openjdk-i386/jre/lib/i386/jli/libjli.so
00b2c000-00b2d000 rw-p 0000d000 08:01 1837363    /usr/lib/jvm/java-7-openjdk-i386/jre/lib/i386/jli/libjli.so
00b2d000-01412000 r-xp 00000000 08:01 1837373    /usr/lib/jvm/java-7-openjdk-i386/jre/lib/i386/server/libjvm.so
01412000-01459000 r--p 008e4000 08:01 1837373    /usr/lib/jvm/java-7-openjdk-i386/jre/lib/i386/server/libjvm.so
01459000-0146d000 rw-p 0092b000 08:01 1837373    /usr/lib/jvm/java-7-openjdk-i386/jre/lib/i386/server/libjvm.so
0146d000-01889000 rw-p 00000000 00:00 0 
01889000-01951000 r-xp 00000000 08:01 1705541    /usr/lib/i386-linux-gnu/libkrb5.so.3.3
01951000-01957000 r--p 000c7000 08:01 1705541    /usr/lib/i386-linux-gnu/libkrb5.so.3.3
01957000-01958000 rw-p 000cd000 08:01 1705541    /usr/lib/i386-linux-gnu/libkrb5.so.3.3
01958000-0196e000 r-xp 00000000 08:01 1837388    /usr/lib/jvm/java-7-openjdk-i386/jre/lib/i386/libnet.so
0196e000-0196f000 r--p 00015000 08:01 1837388    /usr/lib/jvm/java-7-openjdk-i386/jre/lib/i386/libnet.so
0196f000-01970000 rw-p 00016000 08:01 1837388    /usr/lib/jvm/java-7-openjdk-i386/jre/lib/i386/libnet.so
01970000-01981000 r-xp 00000000 08:01 1837358    /usr/lib/jvm/java-7-openjdk-i386/jre/lib/i386/libnio.so
01981000-01982000 r--p 00010000 08:01 1837358    /usr/lib/jvm/java-7-openjdk-i386/jre/lib/i386/libnio.so
01982000-01983000 rw-p 00011000 08:01 1837358    /usr/lib/jvm/java-7-openjdk-i386/jre/lib/i386/libnio.so
01983000-01a00000 r-xp 00000000 08:01 1713814    /usr/lib/libOpenNI.so
01a00000-01a02000 r--p 0007c000 08:01 1713814    /usr/lib/libOpenNI.so
01a02000-01a04000 rw-p 0007e000 08:01 1713814    /usr/lib/libOpenNI.so
01a04000-01ade000 r-xp 00000000 08:01 1707368    /usr/lib/libXnVNite_1_5_2.so
01ade000-01ae0000 r--p 000da000 08:01 1707368    /usr/lib/libXnVNite_1_5_2.so
01ae0000-01ae1000 rw-p 000dc000 08:01 1707368    /usr/lib/libXnVNite_1_5_2.so
01ae1000-01aef000 r-xp 00000000 08:01 2097259    /lib/i386-linux-gnu/libusb-1.0.so.0.1.0
01aef000-01af0000 r--p 0000d000 08:01 2097259    /lib/i386-linux-gnu/libusb-1.0.so.0.1.0
01af0000-01af1000 rw-p 0000e000 08:01 2097259    /lib/i386-linux-gnu/libusb-1.0.so.0.1.0
01af1000-01b10000 r-xp 00000000 08:01 1713812    /usr/lib/libnimRecorder.so
01b10000-01b11000 r--p 0001f000 08:01 1713812    /usr/lib/libnimRecorder.so
01b11000-01b12000 rw-p 00020000 08:01 1713812    /usr/lib/libnimRecorder.so
01b12000-01cf9000 r-xp 00000000 08:01 1708028    /usr/lib/libXnVFeatures_1_4_2.so
01cf9000-01cfc000 r--p 001e6000 08:01 1708028    /usr/lib/libXnVFeatures_1_4_2.so
01cfc000-01cfd000 rw-p 001e9000 08:01 1708028    /usr/lib/libXnVFeatures_1_4_2.so
01cfd000-01d02000 rw-p 00000000 00:00 0 
01d02000-01d82000 r-xp 00000000 08:01 1708046    /usr/lib/libXnDeviceSensorV2KM.so
01d82000-01d83000 ---p 00080000 08:01 1708046    /usr/lib/libXnDeviceSensorV2KM.so
01d83000-01d8b000 r--p 00080000 08:01 1708046    /usr/lib/libXnDeviceSensorV2KM.so
01d8b000-01d8c000 rw-p 00088000 08:01 1708046    /usr/lib/libXnDeviceSensorV2KM.so
01da5000-01e5b000 r-xp 00000000 08:01 3803206    /home/odairbonin/workspace_oficina_kinect/PrimeiroKinect/lib/user/libSimpleOpenNI32.so
01e5b000-01e5d000 r--p 000b5000 08:01 3803206    /home/odairbonin/workspace_oficina_kinect/PrimeiroKinect/lib/user/libSimpleOpenNI32.so
01e5d000-01e5f000 rw-p 000b7000 08:01 3803206    /home/odairbonin/workspace_oficina_kinect/PrimeiroKinect/lib/user/libSimpleOpenNI32.so
01e5f000-01f55000 r-xp 00000000 08:01 1708041    /usr/lib/libXnVHandGenerator_1_5_2.so
01f55000-01f58000 r--p 000f5000 08:01 1708041    /usr/lib/libXnVHandGenerator_1_5_2.so
01f58000-01f59000 rw-p 000f8000 08:01 1708041    /usr/lib/libXnVHandGenerator_1_5_2.so
01f59000-01f65000 rw-p 00000000 00:00 0 
01f65000-01f89000 r-xp 00000000 08:01 1708047    /usr/lib/libXnFormats.so
01f89000-01f8a000 r--p 00023000 08:01 1708047    /usr/lib/libXnFormats.so
01f8a000-01f8b000 rw-p 00024000 08:01 1708047    /usr/lib/libXnFormats.so
01f8b000-01fab000 rw-p 00000000 00:00 0 
01fab000-01fd2000 r-xp 00000000 08:01 1708045    /usr/lib/libXnDeviceFile.so
01fd2000-01fd3000 r--p 00027000 08:01 1708045    /usr/lib/libXnDeviceFile.so
01fd3000-01fd4000 rw-p 00028000 08:01 1708045    /usr/lib/libXnDeviceFile.so
021b6000-021de000 r-xp 00000000 08:01 2097257    /lib/i386-linux-gnu/libpng12.so.0.46.0
021de000-021df000 r--p 00027000 08:01 2097257    /lib/i386-linux-gnu/libpng12.so.0.46.0
021df000-021e0000 rw-p 00028000 08:01 2097257    /lib/i386-linux-gnu/libpng12.so.0.46.0
021e0000-025fb000 r-xp 00000000 08:01 1708035    /usr/lib/libXnVFeatures_1_5_2.so
025fb000-02603000 r--p 0041a000 08:01 1708035    /usr/lib/libXnVFeatures_1_5_2.so
02603000-02604000 rw-p 00422000 08:01 1708035    /usr/lib/libXnVFeatures_1_5_2.so
02604000-02618000 rw-p 00000000 00:00 0 
028bb000-0297a000 r-xp 00000000 08:01 1714074    /usr/lib/i386-linux-gnu/libgnutls.so.26.21.8
0297a000-0297e000 r--p 000be000 08:01 1714074    /usr/lib/i386-linux-gnu/libgnutls.so.26.21.8
0297e000-0297f000 rw-p 000c2000 08:01 1714074    /usr/lib/i386-linux-gnu/libgnutls.so.26.21.8
02fad000-03082000 r-xp 00000000 08:01 1708040    /usr/lib/libXnVHandGenerator_1_4_2.so
03082000-03083000 ---p 000d5000 08:01 1708040    /usr/lib/libXnVHandGenerator_1_4_2.so
03083000-03085000 r--p 000d5000 08:01 1708040    /usr/lib/libXnVHandGenerator_1_4_2.so
03085000-03086000 rw-p 000d7000 08:01 1708040    /usr/lib/libXnVHandGenerator_1_4_2.so
03086000-03088000 rw-p 00000000 00:00 0 
032dd000-033d4000 r-xp 00000000 08:01 2098053    /lib/i386-linux-gnu/libglib-2.0.so.0.3200.3
033d4000-033d5000 r--p 000f6000 08:01 2098053    /lib/i386-linux-gnu/libglib-2.0.so.0.3200.3
033d5000-033d6000 rw-p 000f7000 08:01 2098053    /lib/i386-linux-gnu/libglib-2.0.so.0.3200.3
0356a000-0356d000 r-xp 00000000 08:01 2098070    /lib/i386-linux-gnu/libgpg-error.so.0.8.0
0356d000-0356e000 r--p 00002000 08:01 2098070    /lib/i386-linux-gnu/libgpg-error.so.0.8.0
0356e000-0356f000 rw-p 00003000 08:01 2098070    /lib/i386-linux-gnu/libgpg-error.so.0.8.0
035dc000-0366f000 r-xp 00000000 08:01 1704171    /usr/lib/i386-linux-gnu/libpixman-1.so.0.24.4
0366f000-03673000 r--p 00092000 08:01 1704171    /usr/lib/i386-linux-gnu/libpixman-1.so.0.24.4
03673000-03674000 rw-p 00096000 08:01 1704171    /usr/lib/i386-linux-gnu/libpixman-1.so.0.24.4
0380b000-0388d000 r-xp 00000000 08:01 2098111    /lib/i386-linux-gnu/libgcrypt.so.11.7.0
0388d000-0388e000 r--p 00081000 08:01 2098111    /lib/i386-linux-gnu/libgcrypt.so.11.7.0
0388e000-03890000 rw-p 00082000 08:01 2098111    /lib/i386-linux-gnu/libgcrypt.so.11.7.0
038d7000-039ab000 r-xp 00000000 08:01 1708039    /usr/lib/libXnVHandGenerator_1_4_1.so
039ab000-039ac000 ---p 000d4000 08:01 1708039    /usr/lib/libXnVHandGenerator_1_4_1.so
039ac000-039ae000 r--p 000d4000 08:01 1708039    /usr/lib/libXnVHandGenerator_1_4_1.so
039ae000-039af000 rw-p 000d6000 08:01 1708039    /usr/lib/libXnVHandGenerator_1_4_1.so
039af000-039b1000 rw-p 00000000 00:00 0 
03a65000-03a9f000 r-xp 00000000 08:01 1837391    /usr/lib/jvm/java-7-openjdk-i386/jre/lib/i386/libfontmanager.so
03a9f000-03aa0000 ---p 0003a000 08:01 1837391    /usr/lib/jvm/java-7-openjdk-i386/jre/lib/i386/libfontmanager.so
03aa0000-03aa1000 r--p 0003a000 08:01 1837391    /usr/lib/jvm/java-7-openjdk-i386/jre/lib/i386/libfontmanager.so
03aa1000-03aa2000 rw-p 0003b000 08:01 1837391    /usr/lib/jvm/java-7-openjdk-i386/jre/lib/i386/libfontmanager.so
03de9000-03e7e000 r-xp 00000000 08:01 1704168    /usr/lib/i386-linux-gnu/libfreetype.so.6.8.0
03e7e000-03e82000 r--p 00094000 08:01 1704168    /usr/lib/i386-linux-gnu/libfreetype.so.6.8.0
03e82000-03e83000 rw-p 00098000 08:01 1704168    /usr/lib/i386-linux-gnu/libfreetype.so.6.8.0
03f76000-040c9000 r-xp 00000000 08:01 1705743    /usr/lib/i386-linux-gnu/libgio-2.0.so.0.3200.3
040c9000-040cb000 r--p 00153000 08:01 1705743    /usr/lib/i386-linux-gnu/libgio-2.0.so.0.3200.3
040cb000-040cc000 rw-p 00155000 08:01 1705743    /usr/lib/i386-linux-gnu/libgio-2.0.so.0.3200.3
040cc000-040cd000 rw-p 00000000 00:00 0 
04330000-04517000 r-xp 00000000 08:01 1708023    /usr/lib/libXnVFeatures_1_4_1.so
04517000-0451a000 r--p 001e6000 08:01 1708023    /usr/lib/libXnVFeatures_1_4_1.so
0451a000-0451b000 rw-p 001e9000 08:01 1708023    /usr/lib/libXnVFeatures_1_4_1.so
0451b000-04520000 rw-p 00000000 00:00 0 
04a29000-04e89000 r-xp 00000000 08:01 1707112    /usr/lib/i386-linux-gnu/libgtk-x11-2.0.so.0.2400.10
04e89000-04e8d000 r--p 00460000 08:01 1707112    /usr/lib/i386-linux-gnu/libgtk-x11-2.0.so.0.2400.10
04e8d000-04e8f000 rw-p 00464000 08:01 1707112    /usr/lib/i386-linux-gnu/libgtk-x11-2.0.so.0.2400.10
04e8f000-04e91000 rw-p 00000000 00:00 0 
04fc5000-0500c000 r-xp 00000000 08:01 2097236    /lib/i386-linux-gnu/libdbus-1.so.3.5.8
0500c000-0500d000 r--p 00047000 08:01 2097236    /lib/i386-linux-gnu/libdbus-1.so.3.5.8
0500d000-0500e000 rw-p 00048000 08:01 2097236    /lib/i386-linux-gnu/libdbus-1.so.3.5.8
051ee000-052cc000 r-xp 00000000 08:01 1708038    /usr/lib/libXnVHandGenerator_1_3_1.so
052cc000-052cf000 r--p 000dd000 08:01 1708038    /usr/lib/libXnVHandGenerator_1_3_1.so
052cf000-052d0000 rw-p 000e0000 08:01 1708038    /usr/lib/libXnVHandGenerator_1_3_1.so
052d0000-052d2000 rw-p 00000000 00:00 0 
057b1000-057e6000 r-xp 00000000 08:01 1713810    /usr/lib/libnimCodecs.so
057e6000-057e8000 r--p 00034000 08:01 1713810    /usr/lib/libnimCodecs.so
057e8000-057e9000 rw-p 00036000 08:01 1713810    /usr/lib/libnimCodecs.so
057e9000-05809000 rw-p 00000000 00:00 0 
065cd000-065dd000 r-xp 00000000 08:01 1707354    /usr/lib/i386-linux-gnu/libp11-kit.so.0.0.0
065dd000-065de000 r--p 0000f000 08:01 1707354    /usr/lib/i386-linux-gnu/libp11-kit.so.0.0.0
065de000-065df000 rw-p 00010000 08:01 1707354    /usr/lib/i386-linux-gnu/libp11-kit.so.0.0.0
067cd000-06857000 r-xp 00000000 08:01 1709462    /usr/lib/libXnDeviceSensorV2.so
06857000-0685f000 r--p 0008a000 08:01 1709462    /usr/lib/libXnDeviceSensorV2.so
0685f000-06860000 rw-p 00092000 08:01 1709462    /usr/lib/libXnDeviceSensorV2.so
06a06000-06acd000 r-xp 00000000 08:01 1706437    /usr/lib/i386-linux-gnu/libcairo.so.2.11000.2
06acd000-06ace000 r--p 000c7000 08:01 1706437    /usr/lib/i386-linux-gnu/libcairo.so.2.11000.2
06ace000-06acf000 rw-p 000c8000 08:01 1706437    /usr/lib/i386-linux-gnu/libcairo.so.2.11000.2
06acf000-06ad1000 rw-p 00000000 00:00 0 
07142000-07187000 r-xp 00000000 08:01 1708044    /usr/lib/libXnDDK.so
07187000-07189000 r--p 00044000 08:01 1708044    /usr/lib/libXnDDK.so
07189000-0718a000 rw-p 00046000 08:01 1708044    /usr/lib/libXnDDK.so
072ba000-072e6000 r-xp 00000000 08:01 1713811    /usr/lib/libnimMockNodes.so
072e6000-072ed000 r--p 0002b000 08:01 1713811    /usr/lib/libnimMockNodes.so
072ed000-072ee000 rw-p 00032000 08:01 1713811    /usr/lib/libnimMockNodes.so
074eb000-074ee000 r-xp 00000000 08:01 1708043    /usr/lib/libXnCore.so
074ee000-074ef000 r--p 00002000 08:01 1708043    /usr/lib/libXnCore.so
074ef000-074f0000 rw-p 00003000 08:01 1708043    /usr/lib/libXnCore.so
07d10000-07d36000 r-xp 00000000 08:01 1705544    /usr/lib/i386-linux-gnu/libk5crypto.so.3.1
07d36000-07d37000 r--p 00025000 08:01 1705544    /usr/lib/i386-linux-gnu/libk5crypto.so.3.1
07d37000-07d38000 rw-p 00026000 08:01 1705544    /usr/lib/i386-linux-gnu/libk5crypto.so.3.1
07db6000-07fd4000 r-xp 00000000 08:01 1708018    /usr/lib/libXnVFeatures_1_3_1.so
07fd4000-07fd5000 ---p 0021e000 08:01 1708018    /usr/lib/libXnVFeatures_1_3_1.so
07fd5000-07fd8000 r--p 0021e000 08:01 1708018    /usr/lib/libXnVFeatures_1_3_1.so
07fd8000-07fd9000 rw-p 00221000 08:01 1708018    /usr/lib/libXnVFeatures_1_3_1.so
07fd9000-07fde000 rw-p 00000000 00:00 0 
08048000-08049000 r-xp 00000000 08:01 1837321    /usr/lib/jvm/java-7-openjdk-i386/jre/bin/java
08049000-0804a000 r--p 00000000 08:01 1837321    /usr/lib/jvm/java-7-openjdk-i386/jre/bin/java
0804a000-0804b000 rw-p 00001000 08:01 1837321    /usr/lib/jvm/java-7-openjdk-i386/jre/bin/java
08235000-0842b000 rw-p 00000000 00:00 0          [heap]
7da5e000-7db00000 rwxp 00000000 00:00 0 
7db00000-7db97000 rw-p 00000000 00:00 0 
7db97000-7dc00000 ---p 00000000 00:00 0 
7dc0d000-7dd00000 rwxp 00000000 00:00 0 
7dd00000-7ddf9000 rw-p 00000000 00:00 0 
7ddf9000-7de00000 ---p 00000000 00:00 0 
7de09000-7de5a000 rwxp 00000000 00:00 0 
7de5a000-7de5b000 ---p 00000000 00:00 0 
7de5b000-7dedb000 rwxp 00000000 00:00 0 
7dedb000-7dedc000 ---p 00000000 00:00 0 
7dedc000-7df5c000 rwxp 00000000 00:00 0 
7df5c000-7df5d000 ---p 00000000 00:00 0 
7df5d000-7dfdd000 rwxp 00000000 00:00 0 
7dfdd000-7e1dd000 r--p 00000000 08:01 1704063    /usr/lib/locale/locale-archive
7e1dd000-7e27f000 rwxp 00000000 00:00 0 
7e27f000-7e280000 ---p 00000000 00:00 0 
7e280000-7e300000 rwxp 00000000 00:00 0 
7e300000-7e3eb000 rw-p 00000000 00:00 0 
7e3eb000-7e400000 ---p 00000000 00:00 0 
7e405000-7e456000 rwxp 00000000 00:00 0 
7e456000-7e49e000 rw-p 00000000 00:00 0 
7e49e000-7e649000 r--s 01cdb000 08:01 1837397    /usr/lib/jvm/java-7-openjdk-i386/jre/lib/rt.jar
7e649000-80800000 rw-p 00000000 00:00 0 
80800000-808e0000 rw-p 00000000 00:00 0 
808e0000-80900000 ---p 00000000 00:00 0 
8092e000-8097f000 rwxp 00000000 00:00 0 
8097f000-80980000 ---p 00000000 00:00 0 
80980000-80a00000 rwxp 00000000 00:00 0 
80a00000-80aa3000 rw-p 00000000 00:00 0 
80aa3000-80b00000 ---p 00000000 00:00 0 
80b0f000-80b2b000 r--s 0048b000 08:01 3803197    /home/odairbonin/workspace_oficina_kinect/PrimeiroKinect/lib/base/core/jogl-all.jar
80b2b000-80b2c000 ---p 00000000 00:00 0 
80b2c000-80bac000 rwxp 00000000 00:00 0 
80bac000-80bbb000 rw-p 00000000 00:00 0 
80bbb000-80c94000 rw-p 00000000 00:00 0 
80c94000-80c9c000 rw-p 00000000 00:00 0 
80c9c000-80cd4000 rw-p 00000000 00:00 0 
80cd4000-80ce3000 rw-p 00000000 00:00 0 
80ce3000-80dbb000 rw-p 00000000 00:00 0 
80dbb000-80dc3000 rw-p 00000000 00:00 0 
80dc3000-80e2f000 rw-p 00000000 00:00 0 
80e2f000-81e30000 rw-p 00000000 00:00 0 
81e30000-88e30000 rw-p 00000000 00:00 0 
88e30000-8ab20000 rw-p 00000000 00:00 0 
8ab20000-a5ce0000 rw-p 00000000 00:00 0 
a5ce0000-a6b50000 rw-p 00000000 00:00 0 
a6b50000-b4430000 rw-p 00000000 00:00 0 
b4438000-b4441000 rw-p 00000000 00:00 0 
b4441000-b44f8000 rw-p 00000000 00:00 0 
b44f8000-b4738000 rwxp 00000000 00:00 0 
b4738000-b74f8000 rw-p 00000000 00:00 0 
b74f8000-b7500000 rw-s 00000000 08:01 3284910    /tmp/hsperfdata_odairbonin/16066
b7500000-b75f2000 rw-p 00000000 00:00 0 
b75f2000-b7600000 ---p 00000000 00:00 0 
b7607000-b7608000 rw-p 00000000 00:00 0 
b7608000-b7611000 r--s 000bc000 08:01 1710125    /usr/lib/jvm/java-7-openjdk-common/jre/lib/resources.jar
b7611000-b7614000 r--s 00022000 08:01 3803208    /home/odairbonin/workspace_oficina_kinect/PrimeiroKinect/lib/user/SimpleOpenNI.jar
b7614000-b7615000 r--s 00001000 08:01 3803196    /home/odairbonin/workspace_oficina_kinect/PrimeiroKinect/lib/base/core/gluegen-rt-natives-windows-i586.jar
b7615000-b7618000 r--s 00077000 08:01 3803195    /home/odairbonin/workspace_oficina_kinect/PrimeiroKinect/lib/base/core/core.jar
b7618000-b761a000 r--s 00020000 08:01 3803194    /home/odairbonin/workspace_oficina_kinect/PrimeiroKinect/lib/base/core/jogl-all-natives-windows-i586.jar
b761a000-b761f000 r--s 00030000 08:01 3803193    /home/odairbonin/workspace_oficina_kinect/PrimeiroKinect/lib/base/core/gluegen-rt.jar
b761f000-b7620000 r--s 00023000 08:01 3803192    /home/odairbonin/workspace_oficina_kinect/PrimeiroKinect/lib/base/core/jogl-all-natives-linux-i586.jar
b7620000-b7621000 r--s 0001b000 08:01 3803191    /home/odairbonin/workspace_oficina_kinect/PrimeiroKinect/lib/base/core/jogl-all-natives-windows-amd64.jar
b7621000-b7622000 r--s 00000000 08:01 3803190    /home/odairbonin/workspace_oficina_kinect/PrimeiroKinect/lib/base/core/gluegen-rt-natives-linux-amd64.jar
b7622000-b7623000 r--s 00023000 08:01 3803189    /home/odairbonin/workspace_oficina_kinect/PrimeiroKinect/lib/base/core/jogl-all-natives-linux-amd64.jar
b7623000-b7624000 r--s 00001000 08:01 3803188    /home/odairbonin/workspace_oficina_kinect/PrimeiroKinect/lib/base/core/gluegen-rt-natives-windows-amd64.jar
b7624000-b7625000 r--s 00000000 08:01 3803187    /home/odairbonin/workspace_oficina_kinect/PrimeiroKinect/lib/base/core/gluegen-rt-natives-linux-i586.jar
b7625000-b7626000 r--s 00000000 08:01 3803186    /home/odairbonin/workspace_oficina_kinect/PrimeiroKinect/lib/base/core/gluegen-rt-natives-macosx-universal.jar
b7626000-b7627000 r--s 00050000 08:01 3803185    /home/odairbonin/workspace_oficina_kinect/PrimeiroKinect/lib/base/core/jogl-all-natives-macosx-universal.jar
b7627000-b7678000 rwxp 00000000 00:00 0 
b7678000-b7680000 rw-p 00000000 00:00 0 
b7680000-b76b8000 rw-p 00000000 00:00 0 
b76b8000-b76b9000 ---p 00000000 00:00 0 
b76b9000-b7709000 rwxp 00000000 00:00 0 
b7709000-b770b000 rw-p 00000000 00:00 0 
b770b000-b770e000 r--s 0000f000 08:01 1710119    /usr/lib/jvm/java-7-openjdk-common/jre/lib/ext/pulse-java.jar
b770e000-b7710000 r--s 00012000 08:01 1710118    /usr/lib/jvm/java-7-openjdk-common/jre/lib/ext/zipfs.jar
b7710000-b7711000 r--s 00007000 08:01 2228686    /usr/share/java/java-atk-wrapper.jar
b7711000-b7714000 r--s 0003c000 08:01 1710114    /usr/lib/jvm/java-7-openjdk-common/jre/lib/ext/sunpkcs11.jar
b7714000-b7718000 r--s 00085000 08:01 1710115    /usr/lib/jvm/java-7-openjdk-common/jre/lib/ext/localedata.jar
b7718000-b771b000 r--s 00032000 08:01 1710116    /usr/lib/jvm/java-7-openjdk-common/jre/lib/ext/sunjce_provider.jar
b771b000-b771c000 r--s 00002000 08:01 1710117    /usr/lib/jvm/java-7-openjdk-common/jre/lib/ext/dnsns.jar
b771c000-b771d000 r--p 002c5000 08:01 1704063    /usr/lib/locale/locale-archive
b771d000-b771e000 rw-p 00000000 00:00 0 
b771e000-b771f000 r--p 00000000 00:00 0 
b771f000-b7722000 rw-p 00000000 00:00 0 
bfb11000-bfb31000 rwxp 00000000 00:00 0          [stack]
bfb31000-bfb33000 rw-p 00000000 00:00 0 

VM Arguments:
jvm_args: -Djava.library.path=/home/odairbonin/workspace_oficina_kinect/PrimeiroKinect/lib/base/core:/home/odairbonin/workspace_oficina_kinect/PrimeiroKinect/lib/base/core:/home/odairbonin/workspace_oficina_kinect/PrimeiroKinect/lib/base/core:/home/odairbonin/workspace_oficina_kinect/PrimeiroKinect/lib/base/core:/home/odairbonin/workspace_oficina_kinect/PrimeiroKinect/lib/base/core:/home/odairbonin/workspace_oficina_kinect/PrimeiroKinect/lib/base/core:/home/odairbonin/workspace_oficina_kinect/PrimeiroKinect/lib/base/core:/home/odairbonin/workspace_oficina_kinect/PrimeiroKinect/lib/base/core:/home/odairbonin/workspace_oficina_kinect/PrimeiroKinect/lib/base/core:/home/odairbonin/workspace_oficina_kinect/PrimeiroKinect/lib/base/core:/home/odairbonin/workspace_oficina_kinect/PrimeiroKinect/lib/base/core:/home/odairbonin/workspace_oficina_kinect/PrimeiroKinect/lib/base/core:/home/odairbonin/workspace_oficina_kinect/PrimeiroKinect/lib/base/core:/home/odairbonin/workspace_oficina_kinect/PrimeiroKinect/lib/user -Djava.security.policy=java.policy.applet -Dfile.encoding=UTF-8 
java_command: sun.applet.AppletViewer primeirokinect.PrimeiroKinect1397309793594.html
Launcher Type: SUN_STANDARD

Environment Variables:
PATH=/usr/lib/lightdm/lightdm:/usr/local/sbin:/usr/local/bin:/usr/sbin:/usr/bin:/sbin:/bin:/usr/games
LD_LIBRARY_PATH=/usr/lib/jvm/java-7-openjdk-i386/jre/lib/i386/server:/usr/lib/jvm/java-7-openjdk-i386/jre/lib/i386:/usr/lib/jvm/java-7-openjdk-i386/jre/../lib/i386:/usr/lib/jvm/java-7-openjdk-i386/jre/lib/i386/client:/usr/lib/jvm/java-7-openjdk-i386/jre/lib/i386:
SHELL=/bin/bash
DISPLAY=:0.0

Signal Handlers:
SIGSEGV: [libjvm.so+0x753930], sa_mask[0]=0x7ffbfeff, sa_flags=0x10000004
SIGBUS: [libjvm.so+0x753930], sa_mask[0]=0x7ffbfeff, sa_flags=0x10000004
SIGFPE: [libjvm.so+0x5e94a0], sa_mask[0]=0x7ffbfeff, sa_flags=0x10000004
SIGPIPE: [libjvm.so+0x5e94a0], sa_mask[0]=0x7ffbfeff, sa_flags=0x10000004
SIGXFSZ: [libjvm.so+0x5e94a0], sa_mask[0]=0x7ffbfeff, sa_flags=0x10000004
SIGILL: [libjvm.so+0x5e94a0], sa_mask[0]=0x7ffbfeff, sa_flags=0x10000004
SIGUSR1: SIG_DFL, sa_mask[0]=0x00000000, sa_flags=0x00000000
SIGUSR2: [libjvm.so+0x5e9330], sa_mask[0]=0x00000004, sa_flags=0x10000004
SIGHUP: [libjvm.so+0x5e9960], sa_mask[0]=0x7ffbfeff, sa_flags=0x10000004
SIGINT: [libjvm.so+0x5e9960], sa_mask[0]=0x7ffbfeff, sa_flags=0x10000004
SIGTERM: [libjvm.so+0x5e9960], sa_mask[0]=0x7ffbfeff, sa_flags=0x10000004
SIGQUIT: [libjvm.so+0x5e9960], sa_mask[0]=0x7ffbfeff, sa_flags=0x10000004


---------------  S Y S T E M  ---------------

OS:Ubuntu 12.04 (precise)
uname:Linux 3.2.0-35-generic #55-Ubuntu SMP Wed Dec 5 17:45:18 UTC 2012 i686
libc:glibc 2.15 NPTL 2.15 
rlimit: STACK 8192k, CORE 0k, NPROC 22063, NOFILE 4096, AS infinity
load average:0.04 0.21 0.28

/proc/meminfo:
MemTotal:        2838692 kB
MemFree:          525460 kB
Buffers:          117288 kB
Cached:           722916 kB
SwapCached:         4424 kB
Active:          1416880 kB
Inactive:         802096 kB
Active(anon):    1010352 kB
Inactive(anon):   382684 kB
Active(file):     406528 kB
Inactive(file):   419412 kB
Unevictable:          16 kB
Mlocked:              16 kB
HighTotal:       1974216 kB
HighFree:         149060 kB
LowTotal:         864476 kB
LowFree:          376400 kB
SwapTotal:        783356 kB
SwapFree:         762704 kB
Dirty:               132 kB
Writeback:             0 kB
AnonPages:       1375496 kB
Mapped:           125436 kB
Shmem:             14056 kB
Slab:              69184 kB
SReclaimable:      53108 kB
SUnreclaim:        16076 kB
KernelStack:        3960 kB
PageTables:        10592 kB
NFS_Unstable:          0 kB
Bounce:                0 kB
WritebackTmp:          0 kB
CommitLimit:     2202700 kB
Committed_AS:    4317876 kB
VmallocTotal:     122880 kB
VmallocUsed:        4896 kB
VmallocChunk:      75252 kB
HardwareCorrupted:     0 kB
AnonHugePages:         0 kB
HugePages_Total:       0
HugePages_Free:        0
HugePages_Rsvd:        0
HugePages_Surp:        0
Hugepagesize:       4096 kB
DirectMap4k:       12280 kB
DirectMap4M:      897024 kB


CPU:total 2 (2 cores per cpu, 1 threads per core) family 6 model 42 stepping 7, cmov, cx8, fxsr, mmx, sse, sse2, sse3, ssse3, sse4.1, sse4.2, popcnt, avx, tsc, tscinvbit

/proc/cpuinfo:
processor	: 0
vendor_id	: GenuineIntel
cpu family	: 6
model		: 42
model name	: Intel(R) Core(TM) i7-2620M CPU @ 2.70GHz
stepping	: 7
cpu MHz		: 2693.000
cache size	: 4096 KB
physical id	: 0
siblings	: 2
core id		: 0
cpu cores	: 2
apicid		: 0
initial apicid	: 0
fdiv_bug	: no
hlt_bug		: no
f00f_bug	: no
coma_bug	: no
fpu		: yes
fpu_exception	: yes
cpuid level	: 13
wp		: yes
flags		: fpu vme de pse tsc msr pae mce cx8 apic mtrr pge mca cmov pat pse36 clflush mmx fxsr sse sse2 ss ht syscall nx rdtscp lm constant_tsc nonstop_tsc aperfmperf pni pclmulqdq ssse3 cx16 pcid sse4_1 sse4_2 x2apic popcnt aes xsave avx hypervisor lahf_lm ida arat epb pln pts dtherm
bogomips	: 5386.00
clflush size	: 64
cache_alignment	: 64
address sizes	: 36 bits physical, 48 bits virtual
power management:

processor	: 1
vendor_id	: GenuineIntel
cpu family	: 6
model		: 42
model name	: Intel(R) Core(TM) i7-2620M CPU @ 2.70GHz
stepping	: 7
cpu MHz		: 2693.000
cache size	: 4096 KB
physical id	: 0
siblings	: 2
core id		: 1
cpu cores	: 2
apicid		: 1
initial apicid	: 1
fdiv_bug	: no
hlt_bug		: no
f00f_bug	: no
coma_bug	: no
fpu		: yes
fpu_exception	: yes
cpuid level	: 13
wp		: yes
flags		: fpu vme de pse tsc msr pae mce cx8 apic mtrr pge mca cmov pat pse36 clflush mmx fxsr sse sse2 ss ht syscall nx rdtscp lm constant_tsc nonstop_tsc aperfmperf pni pclmulqdq ssse3 cx16 pcid sse4_1 sse4_2 x2apic popcnt aes xsave avx hypervisor lahf_lm ida arat epb pln pts dtherm
bogomips	: 5386.00
clflush size	: 64
cache_alignment	: 64
address sizes	: 36 bits physical, 48 bits virtual
power management:



Memory: 4k page, physical 2838692k(525460k free), swap 783356k(762704k free)

vm_info: OpenJDK Server VM (23.2-b09) for linux-x86 JRE (1.7.0_09-b30), built on Oct 24 2012 18:55:39 by "buildd" with gcc 4.6.3

time: Sat Apr 12 10:36:35 2014
elapsed time: 1 seconds

