#
# A fatal error has been detected by the Java Runtime Environment:
#
#  SIGSEGV (0xb) at pc=0x047b0c1f, pid=2151, tid=2109070144
#
# JRE version: 7.0_09-b30
# Java VM: OpenJDK Server VM (23.2-b09 mixed mode linux-x86 )
# Problematic frame:
# C  [libOpenNI.so+0x3cc1f]  xnSetSkeletonProfile+0x1f
#
# Failed to write core dump. Core dumps have been disabled. To enable core dumping, try "ulimit -c unlimited" before starting Java again
#
# If you would like to submit a bug report, please include
# instructions on how to reproduce the bug and visit:
#   https://bugs.launchpad.net/ubuntu/+source/openjdk-7/
# The crash happened outside the Java Virtual Machine in native code.
# See problematic frame for where to report the bug.
#

---------------  T H R E A D  ---------------

Current thread (0x80b15000):  JavaThread "Animation Thread" [_thread_in_native, id=2176, stack(0x7db0d000,0x7db5e000)]

siginfo:si_signo=SIGSEGV: si_errno=0, si_code=1 (SEGV_MAPERR), si_addr=0x00000000

Registers:
EAX=0x00010012, EBX=0x047f2ff4, ECX=0x80b00018, EDX=0x80b82778
ESP=0x7db5ca60, EBP=0x04fa39a0, ESI=0x00000000, EDI=0x7db5cb34
EIP=0x047b0c1f, EFLAGS=0x00010212, CR2=0x00000000

Top of Stack: (sp=0x7db5ca60)
0x7db5ca60:   80b7fe68 04fa1ff4 80b4d9a0 7db5cb34
0x7db5ca70:   04fa39a0 003136a0 80b82778 047b0c00
0x7db5ca80:   00000000 04fa1ff4 80b4d9a0 04f6a969
0x7db5ca90:   00000000 00000002 00000000 00000000
0x7db5caa0:   7db5cb54 00000000 00000000 80b1e3a8
0x7db5cab0:   04efcb21 00000000 7db5cb4c 80b1e301
0x7db5cac0:   00000000 00000000 b463b740 00000400
0x7db5cad0:   ffffffff 7db5cc00 04ef6fc4 80b1e3a8 

Instructions: (pc=0x047b0c1f)
0x047b0bff:   00 83 ec 2c b8 12 00 01 00 89 74 24 28 8b 74 24
0x047b0c0f:   30 89 5c 24 24 e8 3e 19 fd ff 81 c3 db 23 04 00
0x047b0c1f:   8b 16 8b 4a 08 85 c9 74 48 8b 52 04 8b 12 81 e2
0x047b0c2f:   00 00 00 02 74 3b 8b 46 24 c7 44 24 1c 00 00 00 

Register to memory mapping:

EAX=0x00010012 is an unknown value
EBX=0x047f2ff4: <offset 0x7eff4> in /usr/lib/libOpenNI.so at 0x04774000
ECX=0x80b00018 is an unknown value
EDX=0x80b82778 is an unknown value
ESP=0x7db5ca60 is pointing into the stack for thread: 0x80b15000
EBP=0x04fa39a0: _ZN7sOpenNI14ContextWrapper14_globalContextE+0 in /home/odairbonin/workspace_oficina_kinect/PrimeiroKinect/lib/user/libSimpleOpenNI32.so at 0x04eea000
ESI=0x00000000 is an unknown value
EDI=0x7db5cb34 is pointing into the stack for thread: 0x80b15000


Stack: [0x7db0d000,0x7db5e000],  sp=0x7db5ca60,  free space=318k
Native frames: (J=compiled Java code, j=interpreted, Vv=VM code, C=native code)
C  [libOpenNI.so+0x3cc1f]  xnSetSkeletonProfile+0x1f

Java frames: (J=compiled Java code, j=interpreted, Vv=VM code)
j  SimpleOpenNI.SimpleOpenNIJNI.ContextWrapper_enableUserSwigExplicitContextWrapper(JLSimpleOpenNI/ContextWrapper;I)Z+0
j  SimpleOpenNI.ContextWrapper.enableUser(I)Z+28
j  SimpleOpenNI.SimpleOpenNI.enableUser(ILjava/lang/Object;)Z+17
j  SimpleOpenNI.SimpleOpenNI.enableUser(I)Z+6
j  primeirokinect.PrimeiroKinect.setup()V+43
j  processing.core.PApplet.handleDraw()V+196
j  processing.core.PGraphicsJava2D.requestDraw()V+4
j  processing.core.PApplet.run()V+176
j  java.lang.Thread.run()V+11
v  ~StubRoutines::call_stub

---------------  P R O C E S S  ---------------

Java Threads: ( => current thread )
=>0x80b15000 JavaThread "Animation Thread" [_thread_in_native, id=2176, stack(0x7db0d000,0x7db5e000)]
  0x80b00c00 JavaThread "AWT-EventQueue-1" [_thread_blocked, id=2175, stack(0x7db5e000,0x7dbaf000)]
  0xb7608000 JavaThread "DestroyJavaVM" [_thread_blocked, id=2153, stack(0xb775e000,0xb77af000)]
  0x7dc53400 JavaThread "AWT-EventQueue-0" [_thread_blocked, id=2173, stack(0x7dbaf000,0x7dc00000)]
  0x7dc4c000 JavaThread "AWT-Shutdown" [_thread_blocked, id=2172, stack(0x7dd0d000,0x7dd5e000)]
  0x7dc2ac00 JavaThread "thread applet-primeirokinect.PrimeiroKinect.class" [_thread_blocked, id=2171, stack(0x7dd5e000,0x7ddaf000)]
  0x7dc12400 JavaThread "AWT-XAWT" daemon [_thread_in_native, id=2169, stack(0x7ddaf000,0x7de00000)]
  0x7dedcc00 JavaThread "Java2D Disposer" daemon [_thread_blocked, id=2168, stack(0x7df09000,0x7df5a000)]
  0x7e498400 JavaThread "Service Thread" daemon [_thread_blocked, id=2166, stack(0x7dfdb000,0x7e02c000)]
  0x7e496800 JavaThread "C2 CompilerThread1" daemon [_thread_blocked, id=2165, stack(0x7e02c000,0x7e0ad000)]
  0x7e494400 JavaThread "C2 CompilerThread0" daemon [_thread_blocked, id=2164, stack(0x7e0ad000,0x7e12e000)]
  0x7e492c00 JavaThread "Signal Dispatcher" daemon [_thread_blocked, id=2163, stack(0x7e505000,0x7e556000)]
  0x7e450800 JavaThread "Finalizer" daemon [_thread_blocked, id=2162, stack(0x80a2e000,0x80a7f000)]
  0x7e44ec00 JavaThread "Reference Handler" daemon [_thread_blocked, id=2161, stack(0x7e32e000,0x7e37f000)]

Other Threads:
  0x7e448800 VMThread [stack: 0x7e37f000,0x7e400000] [id=2160]
  0x7e49a000 WatcherThread [stack: 0x7df5a000,0x7dfdb000] [id=2167]

VM state:not at safepoint (normal execution)

VM Mutex/Monitor currently owned by a thread: None

Heap
 PSYoungGen      total 12992K, used 9798K [0xa5de0000, 0xa6c50000, 0xb4530000)
  eden space 11200K, 87% used [0xa5de0000,0xa6771ac8,0xa68d0000)
  from space 1792K, 0% used [0xa6a90000,0xa6a90000,0xa6c50000)
  to   space 1792K, 0% used [0xa68d0000,0xa68d0000,0xa6a90000)
 ParOldGen       total 29632K, used 0K [0x88f30000, 0x8ac20000, 0xa5de0000)
  object space 29632K, 0% used [0x88f30000,0x88f30000,0x8ac20000)
 PSPermGen       total 16384K, used 7419K [0x80f30000, 0x81f30000, 0x88f30000)
  object space 16384K, 45% used [0x80f30000,0x8166eda0,0x81f30000)

Card table byte_map: [0x80d94000,0x80f30000] byte_map_base: 0x8098c680

Polling page: 0xb77c4000

Code Cache  [0xb45f8000, 0xb4838000, 0xb75f8000)
 total_blobs=321 nmethods=24 adapters=250 free_code_cache=48751Kb largest_free_block=49905792

Compilation events (10 events):
Event: 5.256 Thread 0x7e496800   20             java.lang.String::getChars (62 bytes)
Event: 5.257 Thread 0x7e496800 nmethod 20 0xb46558c8 code [0xb46559c0, 0xb4655b10]
Event: 5.257 Thread 0x7e496800   21             java.lang.AbstractStringBuilder::append (48 bytes)
Event: 5.264 Thread 0x7e496800 nmethod 21 0xb4654288 code [0xb46543a0, 0xb4654750]
Event: 5.267 Thread 0x7e494400   22             java.lang.StringBuilder::append (8 bytes)
Event: 5.271 Thread 0x7e494400 nmethod 22 0xb4653a48 code [0xb4653b60, 0xb4653f10]
Event: 6.129 Thread 0x7e494400   23             java.lang.Class::searchMethods (90 bytes)
Event: 6.129 Thread 0x7e496800   24             java.lang.reflect.Method::getName (5 bytes)
Event: 6.130 Thread 0x7e496800 nmethod 24 0xb465e488 code [0xb465e560, 0xb465e5b0]
Event: 6.134 Thread 0x7e494400 nmethod 23 0xb465c8c8 code [0xb465ca00, 0xb465cc84]

GC Heap History (0 events):
No events

Deoptimization events (4 events):
Event: 4.408 Thread 0x7dc53400 Uncommon trap -34 fr.pc 0xb4645f28
Event: 4.408 Thread 0x7dc53400 Uncommon trap -34 fr.pc 0xb4645f28
Event: 4.448 Thread 0x7dc53400 Uncommon trap -34 fr.pc 0xb4645f28
Event: 4.448 Thread 0x7dc53400 Uncommon trap -34 fr.pc 0xb4645f28

Internal exceptions (10 events):
Event: 5.168 Thread 0x7dc2ac00 Threw 0xa60d5a08 at /build/buildd/openjdk-7-7u9-2.3.3/build/openjdk/hotspot/src/share/vm/prims/jvm.cpp:1166
Event: 5.229 Thread 0x7dc2ac00 Threw 0xa63b09d0 at /build/buildd/openjdk-7-7u9-2.3.3/build/openjdk/hotspot/src/share/vm/prims/jvm.cpp:1166
Event: 5.234 Thread 0x80b15000 Threw 0xa6419af0 at /build/buildd/openjdk-7-7u9-2.3.3/build/openjdk/hotspot/src/share/vm/prims/jvm.cpp:1166
Event: 5.253 Thread 0x80b15000 Threw 0xa641f948 at /build/buildd/openjdk-7-7u9-2.3.3/build/openjdk/hotspot/src/share/vm/prims/jvm.cpp:1166
Event: 5.256 Thread 0x80b15000 Threw 0xa6438798 at /build/buildd/openjdk-7-7u9-2.3.3/build/openjdk/hotspot/src/share/vm/prims/jvm.cpp:1166
Event: 5.257 Thread 0x80b15000 Threw 0xa6440e60 at /build/buildd/openjdk-7-7u9-2.3.3/build/openjdk/hotspot/src/share/vm/prims/jvm.cpp:1166
Event: 6.005 Thread 0x80b15000 Threw 0xa66bd920 at /build/buildd/openjdk-7-7u9-2.3.3/build/openjdk/hotspot/src/share/vm/prims/jvm.cpp:1166
Event: 6.119 Thread 0x80b15000 Threw 0xa66d2a88 at /build/buildd/openjdk-7-7u9-2.3.3/build/openjdk/hotspot/src/share/vm/prims/jvm.cpp:1166
Event: 6.121 Thread 0x80b15000 Threw 0xa66d94a8 at /build/buildd/openjdk-7-7u9-2.3.3/build/openjdk/hotspot/src/share/vm/prims/jvm.cpp:1166
Event: 6.122 Thread 0x80b15000 Threw 0xa670b610 at /build/buildd/openjdk-7-7u9-2.3.3/build/openjdk/hotspot/src/share/vm/prims/jvm.cpp:1166

Events (10 events):
Event: 6.127 loading class 0x80b7f688 done
Event: 6.127 loading class 0x7de1f688 done
Event: 6.127 loading class 0x7de1f5c8
Event: 6.127 loading class 0x7de1f5c8 done
Event: 6.127 loading class 0x7de1f6e0
Event: 6.127 loading class 0x7de1f6e0 done
Event: 6.127 loading class 0x7e4c4f90
Event: 6.127 loading class 0x7e4c4f90 done
Event: 6.128 loading class 0x7de1d8e0
Event: 6.128 loading class 0x7de1d8e0 done


Dynamic libraries:
00110000-00124000 r-xp 00000000 08:01 2098157    /lib/i386-linux-gnu/libz.so.1.2.3.4
00124000-00125000 r--p 00013000 08:01 2098157    /lib/i386-linux-gnu/libz.so.1.2.3.4
00125000-00126000 rw-p 00014000 08:01 2098157    /lib/i386-linux-gnu/libz.so.1.2.3.4
00126000-0012e000 r-xp 00000000 08:01 1706435    /usr/lib/i386-linux-gnu/libXrender.so.1.3.0
0012e000-0012f000 r--p 00007000 08:01 1706435    /usr/lib/i386-linux-gnu/libXrender.so.1.3.0
0012f000-00130000 rw-p 00008000 08:01 1706435    /usr/lib/i386-linux-gnu/libXrender.so.1.3.0
00131000-0013d000 r-xp 00000000 08:01 1837363    /usr/lib/jvm/java-7-openjdk-i386/jre/lib/i386/jli/libjli.so
0013d000-0013e000 r--p 0000c000 08:01 1837363    /usr/lib/jvm/java-7-openjdk-i386/jre/lib/i386/jli/libjli.so
0013e000-0013f000 rw-p 0000d000 08:01 1837363    /usr/lib/jvm/java-7-openjdk-i386/jre/lib/i386/jli/libjli.so
0013f000-00217000 r-xp 00000000 08:01 1704289    /usr/lib/i386-linux-gnu/libstdc++.so.6.0.16
00217000-00218000 ---p 000d8000 08:01 1704289    /usr/lib/i386-linux-gnu/libstdc++.so.6.0.16
00218000-0021c000 r--p 000d8000 08:01 1704289    /usr/lib/i386-linux-gnu/libstdc++.so.6.0.16
0021c000-0021d000 rw-p 000dc000 08:01 1704289    /usr/lib/i386-linux-gnu/libstdc++.so.6.0.16
0021d000-00224000 rw-p 00000000 00:00 0 
00224000-00240000 r-xp 00000000 08:01 2098084    /lib/i386-linux-gnu/libgcc_s.so.1
00240000-00241000 r--p 0001b000 08:01 2098084    /lib/i386-linux-gnu/libgcc_s.so.1
00241000-00242000 rw-p 0001c000 08:01 2098084    /lib/i386-linux-gnu/libgcc_s.so.1
00242000-00252000 r-xp 00000000 08:01 1707120    /usr/lib/i386-linux-gnu/libXext.so.6.4.0
00252000-00253000 r--p 0000f000 08:01 1707120    /usr/lib/i386-linux-gnu/libXext.so.6.4.0
00253000-00254000 rw-p 00010000 08:01 1707120    /usr/lib/i386-linux-gnu/libXext.so.6.4.0
00254000-00259000 r-xp 00000000 08:01 1707424    /usr/lib/i386-linux-gnu/libXtst.so.6.1.0
00259000-0025a000 r--p 00004000 08:01 1707424    /usr/lib/i386-linux-gnu/libXtst.so.6.1.0
0025a000-0025b000 rw-p 00005000 08:01 1707424    /usr/lib/i386-linux-gnu/libXtst.so.6.1.0
0025b000-00266000 r-xp 00000000 08:01 1708068    /usr/lib/i386-linux-gnu/libpangocairo-1.0.so.0.3000.0
00266000-00267000 r--p 0000a000 08:01 1708068    /usr/lib/i386-linux-gnu/libpangocairo-1.0.so.0.3000.0
00267000-00268000 rw-p 0000b000 08:01 1708068    /usr/lib/i386-linux-gnu/libpangocairo-1.0.so.0.3000.0
00268000-0026f000 r-xp 00000000 08:01 1709192    /usr/lib/i386-linux-gnu/libXrandr.so.2.2.0
0026f000-00270000 r--p 00006000 08:01 1709192    /usr/lib/i386-linux-gnu/libXrandr.so.2.2.0
00270000-00271000 rw-p 00007000 08:01 1709192    /usr/lib/i386-linux-gnu/libXrandr.so.2.2.0
00271000-00273000 r-xp 00000000 08:01 1707115    /usr/lib/i386-linux-gnu/libXcomposite.so.1.0.0
00273000-00274000 r--p 00001000 08:01 1707115    /usr/lib/i386-linux-gnu/libXcomposite.so.1.0.0
00274000-00275000 rw-p 00002000 08:01 1707115    /usr/lib/i386-linux-gnu/libXcomposite.so.1.0.0
00275000-00277000 r-xp 00000000 08:01 1707118    /usr/lib/i386-linux-gnu/libXdamage.so.1.1.0
00277000-00278000 r--p 00001000 08:01 1707118    /usr/lib/i386-linux-gnu/libXdamage.so.1.1.0
00278000-00279000 rw-p 00002000 08:01 1707118    /usr/lib/i386-linux-gnu/libXdamage.so.1.1.0
0027b000-0027c000 r-xp 00000000 00:00 0          [vdso]
0027c000-0029b000 r-xp 00000000 08:01 1708382    /usr/lib/i386-linux-gnu/libgdk_pixbuf-2.0.so.0.2600.1
0029b000-0029c000 r--p 0001e000 08:01 1708382    /usr/lib/i386-linux-gnu/libgdk_pixbuf-2.0.so.0.2600.1
0029c000-0029d000 rw-p 0001f000 08:01 1708382    /usr/lib/i386-linux-gnu/libgdk_pixbuf-2.0.so.0.2600.1
0029d000-002e4000 r-xp 00000000 08:01 1705072    /usr/lib/i386-linux-gnu/libpango-1.0.so.0.3000.0
002e4000-002e5000 ---p 00047000 08:01 1705072    /usr/lib/i386-linux-gnu/libpango-1.0.so.0.3000.0
002e5000-002e6000 r--p 00047000 08:01 1705072    /usr/lib/i386-linux-gnu/libpango-1.0.so.0.3000.0
002e6000-002e7000 rw-p 00048000 08:01 1705072    /usr/lib/i386-linux-gnu/libpango-1.0.so.0.3000.0
002e7000-002f0000 r-xp 00000000 08:01 1709176    /usr/lib/i386-linux-gnu/libXcursor.so.1.0.2
002f0000-002f1000 r--p 00008000 08:01 1709176    /usr/lib/i386-linux-gnu/libXcursor.so.1.0.2
002f1000-002f2000 rw-p 00009000 08:01 1709176    /usr/lib/i386-linux-gnu/libXcursor.so.1.0.2
002f2000-002f5000 r-xp 00000000 08:01 1705745    /usr/lib/i386-linux-gnu/libgmodule-2.0.so.0.3200.3
002f5000-002f6000 r--p 00002000 08:01 1705745    /usr/lib/i386-linux-gnu/libgmodule-2.0.so.0.3200.3
002f6000-002f7000 rw-p 00003000 08:01 1705745    /usr/lib/i386-linux-gnu/libgmodule-2.0.so.0.3200.3
002f7000-002f9000 r-xp 00000000 08:01 1705108    /usr/lib/i386-linux-gnu/libXau.so.6.0.0
002f9000-002fa000 r--p 00001000 08:01 1705108    /usr/lib/i386-linux-gnu/libXau.so.6.0.0
002fa000-002fb000 rw-p 00002000 08:01 1705108    /usr/lib/i386-linux-gnu/libXau.so.6.0.0
002fb000-002fd000 r-xp 00000000 08:01 1706433    /usr/lib/i386-linux-gnu/libxcb-shm.so.0.0.0
002fd000-002fe000 r--p 00001000 08:01 1706433    /usr/lib/i386-linux-gnu/libxcb-shm.so.0.0.0
002fe000-002ff000 rw-p 00002000 08:01 1706433    /usr/lib/i386-linux-gnu/libxcb-shm.so.0.0.0
002ff000-0031f000 r-xp 00000000 08:01 2098034    /lib/i386-linux-gnu/ld-2.15.so
0031f000-00320000 r--p 0001f000 08:01 2098034    /lib/i386-linux-gnu/ld-2.15.so
00320000-00321000 rw-p 00020000 08:01 2098034    /lib/i386-linux-gnu/ld-2.15.so
00321000-0032d000 r-xp 00000000 08:01 1705828    /usr/lib/i386-linux-gnu/libavahi-common.so.3.5.3
0032d000-0032e000 r--p 0000b000 08:01 1705828    /usr/lib/i386-linux-gnu/libavahi-common.so.3.5.3
0032e000-0032f000 rw-p 0000c000 08:01 1705828    /usr/lib/i386-linux-gnu/libavahi-common.so.3.5.3
00330000-0033a000 r-xp 00000000 08:01 2098030    /lib/i386-linux-gnu/libnss_nis-2.15.so
0033a000-0033b000 r--p 00009000 08:01 2098030    /lib/i386-linux-gnu/libnss_nis-2.15.so
0033b000-0033c000 rw-p 0000a000 08:01 2098030    /lib/i386-linux-gnu/libnss_nis-2.15.so
0033c000-003cc000 r-xp 00000000 08:01 1837357    /usr/lib/jvm/java-7-openjdk-i386/jre/lib/i386/libawt.so
003cc000-003cd000 r--p 00090000 08:01 1837357    /usr/lib/jvm/java-7-openjdk-i386/jre/lib/i386/libawt.so
003cd000-003d4000 rw-p 00091000 08:01 1837357    /usr/lib/jvm/java-7-openjdk-i386/jre/lib/i386/libawt.so
003d4000-003f8000 rw-p 00000000 00:00 0 
003f8000-00408000 r-xp 00000000 08:01 1706813    /usr/lib/i386-linux-gnu/libavahi-client.so.3.2.9
00408000-00409000 r--p 0000f000 08:01 1706813    /usr/lib/i386-linux-gnu/libavahi-client.so.3.2.9
00409000-0040a000 rw-p 00010000 08:01 1706813    /usr/lib/i386-linux-gnu/libavahi-client.so.3.2.9
0040a000-00412000 r-xp 00000000 08:01 1837359    /usr/lib/jvm/java-7-openjdk-i386/jre/lib/i386/libzip.so
00412000-00413000 r--p 00007000 08:01 1837359    /usr/lib/jvm/java-7-openjdk-i386/jre/lib/i386/libzip.so
00413000-00414000 rw-p 00008000 08:01 1837359    /usr/lib/jvm/java-7-openjdk-i386/jre/lib/i386/libzip.so
00414000-004bf000 r-xp 00000000 08:01 1707113    /usr/lib/i386-linux-gnu/libgdk-x11-2.0.so.0.2400.10
004bf000-004c0000 ---p 000ab000 08:01 1707113    /usr/lib/i386-linux-gnu/libgdk-x11-2.0.so.0.2400.10
004c0000-004c2000 r--p 000ab000 08:01 1707113    /usr/lib/i386-linux-gnu/libgdk-x11-2.0.so.0.2400.10
004c2000-004c3000 rw-p 000ad000 08:01 1707113    /usr/lib/i386-linux-gnu/libgdk-x11-2.0.so.0.2400.10
004c3000-004f5000 r-xp 00000000 08:01 1704163    /usr/lib/i386-linux-gnu/libfontconfig.so.1.4.4
004f5000-004f6000 r--p 00032000 08:01 1704163    /usr/lib/i386-linux-gnu/libfontconfig.so.1.4.4
004f6000-004f7000 rw-p 00033000 08:01 1704163    /usr/lib/i386-linux-gnu/libfontconfig.so.1.4.4
004f7000-004fc000 r-xp 00000000 08:01 1706425    /usr/lib/i386-linux-gnu/libXdmcp.so.6.0.0
004fc000-004fd000 r--p 00004000 08:01 1706425    /usr/lib/i386-linux-gnu/libXdmcp.so.6.0.0
004fd000-004fe000 rw-p 00005000 08:01 1706425    /usr/lib/i386-linux-gnu/libXdmcp.so.6.0.0
004fe000-00506000 r-xp 00000000 08:01 1706431    /usr/lib/i386-linux-gnu/libxcb-render.so.0.0.0
00506000-00507000 r--p 00008000 08:01 1706431    /usr/lib/i386-linux-gnu/libxcb-render.so.0.0.0
00507000-00508000 rw-p 00009000 08:01 1706431    /usr/lib/i386-linux-gnu/libxcb-render.so.0.0.0
00508000-0050b000 r-xp 00000000 08:01 2097187    /lib/i386-linux-gnu/libcom_err.so.2.1
0050b000-0050c000 r--p 00002000 08:01 2097187    /lib/i386-linux-gnu/libcom_err.so.2.1
0050c000-0050d000 rw-p 00003000 08:01 2097187    /lib/i386-linux-gnu/libcom_err.so.2.1
0050d000-00523000 r-xp 00000000 08:01 2098042    /lib/i386-linux-gnu/libnsl-2.15.so
00523000-00524000 r--p 00015000 08:01 2098042    /lib/i386-linux-gnu/libnsl-2.15.so
00524000-00525000 rw-p 00016000 08:01 2098042    /lib/i386-linux-gnu/libnsl-2.15.so
00525000-00527000 rw-p 00000000 00:00 0 
00527000-00574000 r-xp 00000000 08:01 1705746    /usr/lib/i386-linux-gnu/libgobject-2.0.so.0.3200.3
00574000-00575000 r--p 0004c000 08:01 1705746    /usr/lib/i386-linux-gnu/libgobject-2.0.so.0.3200.3
00575000-00576000 rw-p 0004d000 08:01 1705746    /usr/lib/i386-linux-gnu/libgobject-2.0.so.0.3200.3
00576000-005c5000 r-xp 00000000 08:01 1707492    /usr/lib/i386-linux-gnu/libcups.so.2
005c5000-005c8000 r--p 0004e000 08:01 1707492    /usr/lib/i386-linux-gnu/libcups.so.2
005c8000-005c9000 rw-p 00051000 08:01 1707492    /usr/lib/i386-linux-gnu/libcups.so.2
005c9000-005e6000 r-xp 00000000 08:01 1704114    /usr/lib/i386-linux-gnu/libatk-1.0.so.0.20409.1
005e6000-005e8000 r--p 0001c000 08:01 1704114    /usr/lib/i386-linux-gnu/libatk-1.0.so.0.20409.1
005e8000-005e9000 rw-p 0001e000 08:01 1704114    /usr/lib/i386-linux-gnu/libatk-1.0.so.0.20409.1
005e9000-00613000 r-xp 00000000 08:01 1708070    /usr/lib/i386-linux-gnu/libpangoft2-1.0.so.0.3000.0
00613000-00614000 r--p 00029000 08:01 1708070    /usr/lib/i386-linux-gnu/libpangoft2-1.0.so.0.3000.0
00614000-00615000 rw-p 0002a000 08:01 1708070    /usr/lib/i386-linux-gnu/libpangoft2-1.0.so.0.3000.0
00617000-007ba000 r-xp 00000000 08:01 2098022    /lib/i386-linux-gnu/libc-2.15.so
007ba000-007bb000 ---p 001a3000 08:01 2098022    /lib/i386-linux-gnu/libc-2.15.so
007bb000-007bd000 r--p 001a3000 08:01 2098022    /lib/i386-linux-gnu/libc-2.15.so
007bd000-007be000 rw-p 001a5000 08:01 2098022    /lib/i386-linux-gnu/libc-2.15.so
007be000-007c1000 rw-p 00000000 00:00 0 
007c1000-008b8000 r-xp 00000000 08:01 2098053    /lib/i386-linux-gnu/libglib-2.0.so.0.3200.3
008b8000-008b9000 r--p 000f6000 08:01 2098053    /lib/i386-linux-gnu/libglib-2.0.so.0.3200.3
008b9000-008ba000 rw-p 000f7000 08:01 2098053    /lib/i386-linux-gnu/libglib-2.0.so.0.3200.3
008ba000-008cd000 r-xp 00000000 08:01 2098027    /lib/i386-linux-gnu/libresolv-2.15.so
008cd000-008ce000 ---p 00013000 08:01 2098027    /lib/i386-linux-gnu/libresolv-2.15.so
008ce000-008cf000 r--p 00013000 08:01 2098027    /lib/i386-linux-gnu/libresolv-2.15.so
008cf000-008d0000 rw-p 00014000 08:01 2098027    /lib/i386-linux-gnu/libresolv-2.15.so
008d0000-008d2000 rw-p 00000000 00:00 0 
008d2000-008d4000 r-xp 00000000 08:01 2098185    /lib/i386-linux-gnu/libkeyutils.so.1.4
008d4000-008d5000 r--p 00002000 08:01 2098185    /lib/i386-linux-gnu/libkeyutils.so.1.4
008d5000-008d6000 rw-p 00003000 08:01 2098185    /lib/i386-linux-gnu/libkeyutils.so.1.4
008d8000-00902000 r-xp 00000000 08:01 2098033    /lib/i386-linux-gnu/libm-2.15.so
00902000-00903000 r--p 00029000 08:01 2098033    /lib/i386-linux-gnu/libm-2.15.so
00903000-00904000 rw-p 0002a000 08:01 2098033    /lib/i386-linux-gnu/libm-2.15.so
00904000-00907000 r-xp 00000000 08:01 2098070    /lib/i386-linux-gnu/libgpg-error.so.0.8.0
00907000-00908000 r--p 00002000 08:01 2098070    /lib/i386-linux-gnu/libgpg-error.so.0.8.0
00908000-00909000 rw-p 00003000 08:01 2098070    /lib/i386-linux-gnu/libgpg-error.so.0.8.0
0090b000-00916000 r-xp 00000000 08:01 2098026    /lib/i386-linux-gnu/libnss_files-2.15.so
00916000-00917000 r--p 0000a000 08:01 2098026    /lib/i386-linux-gnu/libnss_files-2.15.so
00917000-00918000 rw-p 0000b000 08:01 2098026    /lib/i386-linux-gnu/libnss_files-2.15.so
00918000-00935000 r-xp 00000000 08:01 2097208    /lib/i386-linux-gnu/libselinux.so.1
00935000-00936000 r--p 0001c000 08:01 2097208    /lib/i386-linux-gnu/libselinux.so.1
00936000-00937000 rw-p 0001d000 08:01 2097208    /lib/i386-linux-gnu/libselinux.so.1
00937000-0095d000 r-xp 00000000 08:01 2097180    /lib/i386-linux-gnu/libexpat.so.1.5.2
0095d000-0095e000 ---p 00026000 08:01 2097180    /lib/i386-linux-gnu/libexpat.so.1.5.2
0095e000-00960000 r--p 00026000 08:01 2097180    /lib/i386-linux-gnu/libexpat.so.1.5.2
00960000-00961000 rw-p 00028000 08:01 2097180    /lib/i386-linux-gnu/libexpat.so.1.5.2
00961000-0099b000 r-xp 00000000 08:01 2098175    /lib/i386-linux-gnu/libpcre.so.3.12.1
0099b000-0099c000 r--p 00039000 08:01 2098175    /lib/i386-linux-gnu/libpcre.so.3.12.1
0099c000-0099d000 rw-p 0003a000 08:01 2098175    /lib/i386-linux-gnu/libpcre.so.3.12.1
0099d000-009a4000 r-xp 00000000 08:01 1708190    /usr/lib/i386-linux-gnu/libkrb5support.so.0.1
009a4000-009a5000 r--p 00006000 08:01 1708190    /usr/lib/i386-linux-gnu/libkrb5support.so.0.1
009a5000-009a6000 rw-p 00007000 08:01 1708190    /usr/lib/i386-linux-gnu/libkrb5support.so.0.1
009a6000-009a9000 r-xp 00000000 08:01 1708043    /usr/lib/libXnCore.so
009a9000-009aa000 r--p 00002000 08:01 1708043    /usr/lib/libXnCore.so
009aa000-009ab000 rw-p 00003000 08:01 1708043    /usr/lib/libXnCore.so
009ae000-009b0000 r-xp 00000000 08:01 1705578    /usr/lib/i386-linux-gnu/libXinerama.so.1.0.0
009b0000-009b1000 r--p 00001000 08:01 1705578    /usr/lib/i386-linux-gnu/libXinerama.so.1.0.0
009b1000-009b2000 rw-p 00002000 08:01 1705578    /usr/lib/i386-linux-gnu/libXinerama.so.1.0.0
009b2000-009c2000 r-xp 00000000 08:01 1704083    /usr/lib/i386-linux-gnu/libtasn1.so.3.1.12
009c2000-009c3000 r--p 0000f000 08:01 1704083    /usr/lib/i386-linux-gnu/libtasn1.so.3.1.12
009c3000-009c4000 rw-p 00010000 08:01 1704083    /usr/lib/i386-linux-gnu/libtasn1.so.3.1.12
009cd000-009db000 r-xp 00000000 08:01 1707177    /usr/lib/i386-linux-gnu/libXi.so.6.1.0
009db000-009dc000 r--p 0000d000 08:01 1707177    /usr/lib/i386-linux-gnu/libXi.so.6.1.0
009dc000-009dd000 rw-p 0000e000 08:01 1707177    /usr/lib/i386-linux-gnu/libXi.so.6.1.0
009dd000-00a05000 r-xp 00000000 08:01 2097257    /lib/i386-linux-gnu/libpng12.so.0.46.0
00a05000-00a06000 r--p 00027000 08:01 2097257    /lib/i386-linux-gnu/libpng12.so.0.46.0
00a06000-00a07000 rw-p 00028000 08:01 2097257    /lib/i386-linux-gnu/libpng12.so.0.46.0
00a07000-00a15000 r-xp 00000000 08:01 2097259    /lib/i386-linux-gnu/libusb-1.0.so.0.1.0
00a15000-00a16000 r--p 0000d000 08:01 2097259    /lib/i386-linux-gnu/libusb-1.0.so.0.1.0
00a16000-00a17000 rw-p 0000e000 08:01 2097259    /lib/i386-linux-gnu/libusb-1.0.so.0.1.0
00a18000-00a6a000 r-xp 00000000 08:01 1969852    /usr/lib/jvm/java-7-openjdk-i386/jre/lib/i386/xawt/libmawt.so
00a6a000-00a6b000 r--p 00051000 08:01 1969852    /usr/lib/jvm/java-7-openjdk-i386/jre/lib/i386/xawt/libmawt.so
00a6b000-00a6d000 rw-p 00052000 08:01 1969852    /usr/lib/jvm/java-7-openjdk-i386/jre/lib/i386/xawt/libmawt.so
00a6d000-00a6e000 rw-p 00000000 00:00 0 
00a6e000-00b9e000 r-xp 00000000 08:01 1709768    /usr/lib/i386-linux-gnu/libX11.so.6.3.0
00b9e000-00b9f000 r--p 0012f000 08:01 1709768    /usr/lib/i386-linux-gnu/libX11.so.6.3.0
00b9f000-00ba1000 rw-p 00130000 08:01 1709768    /usr/lib/i386-linux-gnu/libX11.so.6.3.0
00ba1000-00ba2000 rw-p 00000000 00:00 0 
00ba2000-00bc8000 r-xp 00000000 08:01 1705544    /usr/lib/i386-linux-gnu/libk5crypto.so.3.1
00bc8000-00bc9000 r--p 00025000 08:01 1705544    /usr/lib/i386-linux-gnu/libk5crypto.so.3.1
00bc9000-00bca000 rw-p 00026000 08:01 1705544    /usr/lib/i386-linux-gnu/libk5crypto.so.3.1
00bd7000-00be3000 r-xp 00000000 08:01 1837379    /usr/lib/jvm/java-7-openjdk-i386/jre/lib/i386/libverify.so
00be3000-00be4000 r--p 0000b000 08:01 1837379    /usr/lib/jvm/java-7-openjdk-i386/jre/lib/i386/libverify.so
00be4000-00be5000 rw-p 0000c000 08:01 1837379    /usr/lib/jvm/java-7-openjdk-i386/jre/lib/i386/libverify.so
00be5000-00c20000 r-xp 00000000 08:01 1704422    /usr/lib/i386-linux-gnu/libgssapi_krb5.so.2.2
00c20000-00c21000 ---p 0003b000 08:01 1704422    /usr/lib/i386-linux-gnu/libgssapi_krb5.so.2.2
00c21000-00c22000 r--p 0003b000 08:01 1704422    /usr/lib/i386-linux-gnu/libgssapi_krb5.so.2.2
00c22000-00c23000 rw-p 0003c000 08:01 1704422    /usr/lib/i386-linux-gnu/libgssapi_krb5.so.2.2
00c25000-00c44000 r-xp 00000000 08:01 1706429    /usr/lib/i386-linux-gnu/libxcb.so.1.1.0
00c44000-00c45000 r--p 0001f000 08:01 1706429    /usr/lib/i386-linux-gnu/libxcb.so.1.1.0
00c45000-00c46000 rw-p 00020000 08:01 1706429    /usr/lib/i386-linux-gnu/libxcb.so.1.1.0
00c46000-00c56000 r-xp 00000000 08:01 1707354    /usr/lib/i386-linux-gnu/libp11-kit.so.0.0.0
00c56000-00c57000 r--p 0000f000 08:01 1707354    /usr/lib/i386-linux-gnu/libp11-kit.so.0.0.0
00c57000-00c58000 rw-p 00010000 08:01 1707354    /usr/lib/i386-linux-gnu/libp11-kit.so.0.0.0
00c58000-00c6e000 r-xp 00000000 08:01 1837388    /usr/lib/jvm/java-7-openjdk-i386/jre/lib/i386/libnet.so
00c6e000-00c6f000 r--p 00015000 08:01 1837388    /usr/lib/jvm/java-7-openjdk-i386/jre/lib/i386/libnet.so
00c6f000-00c70000 rw-p 00016000 08:01 1837388    /usr/lib/jvm/java-7-openjdk-i386/jre/lib/i386/libnet.so
00c8f000-00c96000 r-xp 00000000 08:01 2098029    /lib/i386-linux-gnu/librt-2.15.so
00c96000-00c97000 r--p 00006000 08:01 2098029    /lib/i386-linux-gnu/librt-2.15.so
00c97000-00c98000 rw-p 00007000 08:01 2098029    /lib/i386-linux-gnu/librt-2.15.so
00cb2000-00cb9000 r-xp 00000000 08:01 2098024    /lib/i386-linux-gnu/libnss_compat-2.15.so
00cb9000-00cba000 r--p 00006000 08:01 2098024    /lib/i386-linux-gnu/libnss_compat-2.15.so
00cba000-00cbb000 rw-p 00007000 08:01 2098024    /lib/i386-linux-gnu/libnss_compat-2.15.so
00cbb000-00d82000 r-xp 00000000 08:01 1706437    /usr/lib/i386-linux-gnu/libcairo.so.2.11000.2
00d82000-00d83000 r--p 000c7000 08:01 1706437    /usr/lib/i386-linux-gnu/libcairo.so.2.11000.2
00d83000-00d84000 rw-p 000c8000 08:01 1706437    /usr/lib/i386-linux-gnu/libcairo.so.2.11000.2
00d84000-00d86000 rw-p 00000000 00:00 0 
00d8c000-00d91000 r-xp 00000000 08:01 1706441    /usr/lib/i386-linux-gnu/libffi.so.6.0.0
00d91000-00d92000 r--p 00004000 08:01 1706441    /usr/lib/i386-linux-gnu/libffi.so.6.0.0
00d92000-00d93000 rw-p 00005000 08:01 1706441    /usr/lib/i386-linux-gnu/libffi.so.6.0.0
00d93000-00dcd000 r-xp 00000000 08:01 1837391    /usr/lib/jvm/java-7-openjdk-i386/jre/lib/i386/libfontmanager.so
00dcd000-00dce000 ---p 0003a000 08:01 1837391    /usr/lib/jvm/java-7-openjdk-i386/jre/lib/i386/libfontmanager.so
00dce000-00dcf000 r--p 0003a000 08:01 1837391    /usr/lib/jvm/java-7-openjdk-i386/jre/lib/i386/libfontmanager.so
00dcf000-00dd0000 rw-p 0003b000 08:01 1837391    /usr/lib/jvm/java-7-openjdk-i386/jre/lib/i386/libfontmanager.so
00dd9000-00ddc000 r-xp 00000000 08:01 2098037    /lib/i386-linux-gnu/libdl-2.15.so
00ddc000-00ddd000 r--p 00002000 08:01 2098037    /lib/i386-linux-gnu/libdl-2.15.so
00ddd000-00dde000 rw-p 00003000 08:01 2098037    /lib/i386-linux-gnu/libdl-2.15.so
00de6000-00e0d000 r-xp 00000000 08:01 1837354    /usr/lib/jvm/java-7-openjdk-i386/jre/lib/i386/libjava.so
00e0d000-00e0e000 r--p 00026000 08:01 1837354    /usr/lib/jvm/java-7-openjdk-i386/jre/lib/i386/libjava.so
00e0e000-00e0f000 rw-p 00027000 08:01 1837354    /usr/lib/jvm/java-7-openjdk-i386/jre/lib/i386/libjava.so
00e0f000-00e2e000 r-xp 00000000 08:01 1713812    /usr/lib/libnimRecorder.so
00e2e000-00e2f000 r--p 0001f000 08:01 1713812    /usr/lib/libnimRecorder.so
00e2f000-00e30000 rw-p 00020000 08:01 1713812    /usr/lib/libnimRecorder.so
00e42000-00e43000 r-xp 00000000 08:01 1704299    /usr/lib/i386-linux-gnu/libgthread-2.0.so.0.3200.3
00e43000-00e44000 r--p 00000000 08:01 1704299    /usr/lib/i386-linux-gnu/libgthread-2.0.so.0.3200.3
00e44000-00e45000 rw-p 00001000 08:01 1704299    /usr/lib/i386-linux-gnu/libgthread-2.0.so.0.3200.3
00e45000-00e8c000 r-xp 00000000 08:01 2097236    /lib/i386-linux-gnu/libdbus-1.so.3.5.8
00e8c000-00e8d000 r--p 00047000 08:01 2097236    /lib/i386-linux-gnu/libdbus-1.so.3.5.8
00e8d000-00e8e000 rw-p 00048000 08:01 2097236    /lib/i386-linux-gnu/libdbus-1.so.3.5.8
00e8e000-00eb5000 r-xp 00000000 08:01 1708045    /usr/lib/libXnDeviceFile.so
00eb5000-00eb6000 r--p 00027000 08:01 1708045    /usr/lib/libXnDeviceFile.so
00eb6000-00eb7000 rw-p 00028000 08:01 1708045    /usr/lib/libXnDeviceFile.so
00eba000-00ebe000 r-xp 00000000 08:01 1704744    /usr/lib/i386-linux-gnu/libXfixes.so.3.1.0
00ebe000-00ebf000 r--p 00004000 08:01 1704744    /usr/lib/i386-linux-gnu/libXfixes.so.3.1.0
00ebf000-00ec0000 rw-p 00005000 08:01 1704744    /usr/lib/i386-linux-gnu/libXfixes.so.3.1.0
00ec0000-00ed1000 r-xp 00000000 08:01 1837358    /usr/lib/jvm/java-7-openjdk-i386/jre/lib/i386/libnio.so
00ed1000-00ed2000 r--p 00010000 08:01 1837358    /usr/lib/jvm/java-7-openjdk-i386/jre/lib/i386/libnio.so
00ed2000-00ed3000 rw-p 00011000 08:01 1837358    /usr/lib/jvm/java-7-openjdk-i386/jre/lib/i386/libnio.so
00ee8000-00eff000 r-xp 00000000 08:01 2098031    /lib/i386-linux-gnu/libpthread-2.15.so
00eff000-00f00000 r--p 00016000 08:01 2098031    /lib/i386-linux-gnu/libpthread-2.15.so
00f00000-00f01000 rw-p 00017000 08:01 2098031    /lib/i386-linux-gnu/libpthread-2.15.so
00f01000-00f03000 rw-p 00000000 00:00 0 
00f03000-017e8000 r-xp 00000000 08:01 1837373    /usr/lib/jvm/java-7-openjdk-i386/jre/lib/i386/server/libjvm.so
017e8000-0182f000 r--p 008e4000 08:01 1837373    /usr/lib/jvm/java-7-openjdk-i386/jre/lib/i386/server/libjvm.so
0182f000-01843000 rw-p 0092b000 08:01 1837373    /usr/lib/jvm/java-7-openjdk-i386/jre/lib/i386/server/libjvm.so
01843000-01c5f000 rw-p 00000000 00:00 0 
01c5f000-01d1e000 r-xp 00000000 08:01 1714074    /usr/lib/i386-linux-gnu/libgnutls.so.26.21.8
01d1e000-01d22000 r--p 000be000 08:01 1714074    /usr/lib/i386-linux-gnu/libgnutls.so.26.21.8
01d22000-01d23000 rw-p 000c2000 08:01 1714074    /usr/lib/i386-linux-gnu/libgnutls.so.26.21.8
01d23000-01f0a000 r-xp 00000000 08:01 1708023    /usr/lib/libXnVFeatures_1_4_1.so
01f0a000-01f0d000 r--p 001e6000 08:01 1708023    /usr/lib/libXnVFeatures_1_4_1.so
01f0d000-01f0e000 rw-p 001e9000 08:01 1708023    /usr/lib/libXnVFeatures_1_4_1.so
01f0e000-01f13000 rw-p 00000000 00:00 0 
01f13000-01fe8000 r-xp 00000000 08:01 1708040    /usr/lib/libXnVHandGenerator_1_4_2.so
01fe8000-01fe9000 ---p 000d5000 08:01 1708040    /usr/lib/libXnVHandGenerator_1_4_2.so
01fe9000-01feb000 r--p 000d5000 08:01 1708040    /usr/lib/libXnVHandGenerator_1_4_2.so
01feb000-01fec000 rw-p 000d7000 08:01 1708040    /usr/lib/libXnVHandGenerator_1_4_2.so
01fec000-01fee000 rw-p 00000000 00:00 0 
01fee000-0206e000 r-xp 00000000 08:01 1708046    /usr/lib/libXnDeviceSensorV2KM.so
0206e000-0206f000 ---p 00080000 08:01 1708046    /usr/lib/libXnDeviceSensorV2KM.so
0206f000-02077000 r--p 00080000 08:01 1708046    /usr/lib/libXnDeviceSensorV2KM.so
02077000-02078000 rw-p 00088000 08:01 1708046    /usr/lib/libXnDeviceSensorV2KM.so
02078000-020bd000 r-xp 00000000 08:01 1708044    /usr/lib/libXnDDK.so
020bd000-020bf000 r--p 00044000 08:01 1708044    /usr/lib/libXnDDK.so
020bf000-020c0000 rw-p 00046000 08:01 1708044    /usr/lib/libXnDDK.so
020c0000-0214a000 r-xp 00000000 08:01 1709462    /usr/lib/libXnDeviceSensorV2.so
0214a000-02152000 r--p 0008a000 08:01 1709462    /usr/lib/libXnDeviceSensorV2.so
02152000-02153000 rw-p 00092000 08:01 1709462    /usr/lib/libXnDeviceSensorV2.so
021e2000-022aa000 r-xp 00000000 08:01 1705541    /usr/lib/i386-linux-gnu/libkrb5.so.3.3
022aa000-022b0000 r--p 000c7000 08:01 1705541    /usr/lib/i386-linux-gnu/libkrb5.so.3.3
022b0000-022b1000 rw-p 000cd000 08:01 1705541    /usr/lib/i386-linux-gnu/libkrb5.so.3.3
0244b000-0246f000 r-xp 00000000 08:01 1708047    /usr/lib/libXnFormats.so
0246f000-02470000 r--p 00023000 08:01 1708047    /usr/lib/libXnFormats.so
02470000-02471000 rw-p 00024000 08:01 1708047    /usr/lib/libXnFormats.so
02471000-02491000 rw-p 00000000 00:00 0 
026d8000-027b6000 r-xp 00000000 08:01 1708038    /usr/lib/libXnVHandGenerator_1_3_1.so
027b6000-027b9000 r--p 000dd000 08:01 1708038    /usr/lib/libXnVHandGenerator_1_3_1.so
027b9000-027ba000 rw-p 000e0000 08:01 1708038    /usr/lib/libXnVHandGenerator_1_3_1.so
027ba000-027bc000 rw-p 00000000 00:00 0 
027d4000-029bb000 r-xp 00000000 08:01 1708028    /usr/lib/libXnVFeatures_1_4_2.so
029bb000-029be000 r--p 001e6000 08:01 1708028    /usr/lib/libXnVFeatures_1_4_2.so
029be000-029bf000 rw-p 001e9000 08:01 1708028    /usr/lib/libXnVFeatures_1_4_2.so
029bf000-029c4000 rw-p 00000000 00:00 0 
029cd000-02a60000 r-xp 00000000 08:01 1704171    /usr/lib/i386-linux-gnu/libpixman-1.so.0.24.4
02a60000-02a64000 r--p 00092000 08:01 1704171    /usr/lib/i386-linux-gnu/libpixman-1.so.0.24.4
02a64000-02a65000 rw-p 00096000 08:01 1704171    /usr/lib/i386-linux-gnu/libpixman-1.so.0.24.4
02b01000-02c54000 r-xp 00000000 08:01 1705743    /usr/lib/i386-linux-gnu/libgio-2.0.so.0.3200.3
02c54000-02c56000 r--p 00153000 08:01 1705743    /usr/lib/i386-linux-gnu/libgio-2.0.so.0.3200.3
02c56000-02c57000 rw-p 00155000 08:01 1705743    /usr/lib/i386-linux-gnu/libgio-2.0.so.0.3200.3
02c57000-02c58000 rw-p 00000000 00:00 0 
034db000-03570000 r-xp 00000000 08:01 1704168    /usr/lib/i386-linux-gnu/libfreetype.so.6.8.0
03570000-03574000 r--p 00094000 08:01 1704168    /usr/lib/i386-linux-gnu/libfreetype.so.6.8.0
03574000-03575000 rw-p 00098000 08:01 1704168    /usr/lib/i386-linux-gnu/libfreetype.so.6.8.0
03b43000-03bc5000 r-xp 00000000 08:01 2098111    /lib/i386-linux-gnu/libgcrypt.so.11.7.0
03bc5000-03bc6000 r--p 00081000 08:01 2098111    /lib/i386-linux-gnu/libgcrypt.so.11.7.0
03bc6000-03bc8000 rw-p 00082000 08:01 2098111    /lib/i386-linux-gnu/libgcrypt.so.11.7.0
043b9000-043e5000 r-xp 00000000 08:01 1713811    /usr/lib/libnimMockNodes.so
043e5000-043ec000 r--p 0002b000 08:01 1713811    /usr/lib/libnimMockNodes.so
043ec000-043ed000 rw-p 00032000 08:01 1713811    /usr/lib/libnimMockNodes.so
04774000-047f1000 r-xp 00000000 08:01 1713814    /usr/lib/libOpenNI.so
047f1000-047f3000 r--p 0007c000 08:01 1713814    /usr/lib/libOpenNI.so
047f3000-047f5000 rw-p 0007e000 08:01 1713814    /usr/lib/libOpenNI.so
04eea000-04fa0000 r-xp 00000000 08:01 3803206    /home/odairbonin/workspace_oficina_kinect/PrimeiroKinect/lib/user/libSimpleOpenNI32.so
04fa0000-04fa2000 r--p 000b5000 08:01 3803206    /home/odairbonin/workspace_oficina_kinect/PrimeiroKinect/lib/user/libSimpleOpenNI32.so
04fa2000-04fa4000 rw-p 000b7000 08:01 3803206    /home/odairbonin/workspace_oficina_kinect/PrimeiroKinect/lib/user/libSimpleOpenNI32.so
05e0b000-05f01000 r-xp 00000000 08:01 1708041    /usr/lib/libXnVHandGenerator_1_5_2.so
05f01000-05f04000 r--p 000f5000 08:01 1708041    /usr/lib/libXnVHandGenerator_1_5_2.so
05f04000-05f05000 rw-p 000f8000 08:01 1708041    /usr/lib/libXnVHandGenerator_1_5_2.so
05f05000-05f11000 rw-p 00000000 00:00 0 
06bc1000-07021000 r-xp 00000000 08:01 1707112    /usr/lib/i386-linux-gnu/libgtk-x11-2.0.so.0.2400.10
07021000-07025000 r--p 00460000 08:01 1707112    /usr/lib/i386-linux-gnu/libgtk-x11-2.0.so.0.2400.10
07025000-07027000 rw-p 00464000 08:01 1707112    /usr/lib/i386-linux-gnu/libgtk-x11-2.0.so.0.2400.10
07027000-07029000 rw-p 00000000 00:00 0 
07372000-07446000 r-xp 00000000 08:01 1708039    /usr/lib/libXnVHandGenerator_1_4_1.so
07446000-07447000 ---p 000d4000 08:01 1708039    /usr/lib/libXnVHandGenerator_1_4_1.so
07447000-07449000 r--p 000d4000 08:01 1708039    /usr/lib/libXnVHandGenerator_1_4_1.so
07449000-0744a000 rw-p 000d6000 08:01 1708039    /usr/lib/libXnVHandGenerator_1_4_1.so
0744a000-0744c000 rw-p 00000000 00:00 0 
07e10000-07e45000 r-xp 00000000 08:01 1713810    /usr/lib/libnimCodecs.so
07e45000-07e47000 r--p 00034000 08:01 1713810    /usr/lib/libnimCodecs.so
07e47000-07e48000 rw-p 00036000 08:01 1713810    /usr/lib/libnimCodecs.so
07e48000-07e68000 rw-p 00000000 00:00 0 
08048000-08049000 r-xp 00000000 08:01 1837321    /usr/lib/jvm/java-7-openjdk-i386/jre/bin/java
08049000-0804a000 r--p 00000000 08:01 1837321    /usr/lib/jvm/java-7-openjdk-i386/jre/bin/java
0804a000-0804b000 rw-p 00001000 08:01 1837321    /usr/lib/jvm/java-7-openjdk-i386/jre/bin/java
081de000-085f9000 r-xp 00000000 08:01 1708035    /usr/lib/libXnVFeatures_1_5_2.so
085f9000-08601000 r--p 0041a000 08:01 1708035    /usr/lib/libXnVFeatures_1_5_2.so
08601000-08602000 rw-p 00422000 08:01 1708035    /usr/lib/libXnVFeatures_1_5_2.so
08602000-08616000 rw-p 00000000 00:00 0 
086a1000-088bf000 r-xp 00000000 08:01 1708018    /usr/lib/libXnVFeatures_1_3_1.so
088bf000-088c0000 ---p 0021e000 08:01 1708018    /usr/lib/libXnVFeatures_1_3_1.so
088c0000-088c3000 r--p 0021e000 08:01 1708018    /usr/lib/libXnVFeatures_1_3_1.so
088c3000-088c4000 rw-p 00221000 08:01 1708018    /usr/lib/libXnVFeatures_1_3_1.so
088c4000-088c9000 rw-p 00000000 00:00 0 
08bd1000-08cab000 r-xp 00000000 08:01 1707368    /usr/lib/libXnVNite_1_5_2.so
08cab000-08cad000 r--p 000da000 08:01 1707368    /usr/lib/libXnVNite_1_5_2.so
08cad000-08cae000 rw-p 000dc000 08:01 1707368    /usr/lib/libXnVNite_1_5_2.so
08cf7000-08f03000 rw-p 00000000 00:00 0          [heap]
7db0d000-7dc00000 rwxp 00000000 00:00 0 
7dc00000-7dc7b000 rw-p 00000000 00:00 0 
7dc7b000-7dd00000 ---p 00000000 00:00 0 
7dd0d000-7de00000 rwxp 00000000 00:00 0 
7de00000-7defd000 rw-p 00000000 00:00 0 
7defd000-7df00000 ---p 00000000 00:00 0 
7df09000-7df5a000 rwxp 00000000 00:00 0 
7df5a000-7df5b000 ---p 00000000 00:00 0 
7df5b000-7e02c000 rwxp 00000000 00:00 0 
7e02c000-7e02d000 ---p 00000000 00:00 0 
7e02d000-7e0ad000 rwxp 00000000 00:00 0 
7e0ad000-7e0ae000 ---p 00000000 00:00 0 
7e0ae000-7e12e000 rwxp 00000000 00:00 0 
7e12e000-7e32e000 r--p 00000000 08:01 1704063    /usr/lib/locale/locale-archive
7e32e000-7e37f000 rwxp 00000000 00:00 0 
7e37f000-7e380000 ---p 00000000 00:00 0 
7e380000-7e400000 rwxp 00000000 00:00 0 
7e400000-7e4eb000 rw-p 00000000 00:00 0 
7e4eb000-7e500000 ---p 00000000 00:00 0 
7e505000-7e556000 rwxp 00000000 00:00 0 
7e556000-7e59e000 rw-p 00000000 00:00 0 
7e59e000-7e749000 r--s 01cdb000 08:01 1837397    /usr/lib/jvm/java-7-openjdk-i386/jre/lib/rt.jar
7e749000-80900000 rw-p 00000000 00:00 0 
80900000-809d1000 rw-p 00000000 00:00 0 
809d1000-80a00000 ---p 00000000 00:00 0 
80a2e000-80a7f000 rwxp 00000000 00:00 0 
80a7f000-80a80000 ---p 00000000 00:00 0 
80a80000-80b00000 rwxp 00000000 00:00 0 
80b00000-80bc0000 rw-p 00000000 00:00 0 
80bc0000-80c00000 ---p 00000000 00:00 0 
80c06000-80c0f000 r--s 000bc000 08:01 1710125    /usr/lib/jvm/java-7-openjdk-common/jre/lib/resources.jar
80c0f000-80c2b000 r--s 0048b000 08:01 3803197    /home/odairbonin/workspace_oficina_kinect/PrimeiroKinect/lib/base/core/jogl-all.jar
80c2b000-80c2c000 ---p 00000000 00:00 0 
80c2c000-80cac000 rwxp 00000000 00:00 0 
80cac000-80cbb000 rw-p 00000000 00:00 0 
80cbb000-80d94000 rw-p 00000000 00:00 0 
80d94000-80d9c000 rw-p 00000000 00:00 0 
80d9c000-80dd4000 rw-p 00000000 00:00 0 
80dd4000-80de3000 rw-p 00000000 00:00 0 
80de3000-80ebb000 rw-p 00000000 00:00 0 
80ebb000-80ec3000 rw-p 00000000 00:00 0 
80ec3000-80f2f000 rw-p 00000000 00:00 0 
80f2f000-81f30000 rw-p 00000000 00:00 0 
81f30000-88f30000 rw-p 00000000 00:00 0 
88f30000-8ac20000 rw-p 00000000 00:00 0 
8ac20000-a5de0000 rw-p 00000000 00:00 0 
a5de0000-a6c50000 rw-p 00000000 00:00 0 
a6c50000-b4530000 rw-p 00000000 00:00 0 
b4538000-b4541000 rw-p 00000000 00:00 0 
b4541000-b45f8000 rw-p 00000000 00:00 0 
b45f8000-b4838000 rwxp 00000000 00:00 0 
b4838000-b75f8000 rw-p 00000000 00:00 0 
b75f8000-b7600000 rw-s 00000000 08:01 3284497    /tmp/hsperfdata_odairbonin/2151
b7600000-b76f2000 rw-p 00000000 00:00 0 
b76f2000-b7700000 ---p 00000000 00:00 0 
b7707000-b7708000 rw-p 00000000 00:00 0 
b7708000-b770b000 r--s 00022000 08:01 3803208    /home/odairbonin/workspace_oficina_kinect/PrimeiroKinect/lib/user/SimpleOpenNI.jar
b770b000-b770c000 r--s 00001000 08:01 3803196    /home/odairbonin/workspace_oficina_kinect/PrimeiroKinect/lib/base/core/gluegen-rt-natives-windows-i586.jar
b770c000-b770f000 r--s 00077000 08:01 3803195    /home/odairbonin/workspace_oficina_kinect/PrimeiroKinect/lib/base/core/core.jar
b770f000-b7711000 r--s 00020000 08:01 3803194    /home/odairbonin/workspace_oficina_kinect/PrimeiroKinect/lib/base/core/jogl-all-natives-windows-i586.jar
b7711000-b7716000 r--s 00030000 08:01 3803193    /home/odairbonin/workspace_oficina_kinect/PrimeiroKinect/lib/base/core/gluegen-rt.jar
b7716000-b7717000 r--s 00023000 08:01 3803192    /home/odairbonin/workspace_oficina_kinect/PrimeiroKinect/lib/base/core/jogl-all-natives-linux-i586.jar
b7717000-b7718000 r--s 0001b000 08:01 3803191    /home/odairbonin/workspace_oficina_kinect/PrimeiroKinect/lib/base/core/jogl-all-natives-windows-amd64.jar
b7718000-b7719000 r--s 00000000 08:01 3803190    /home/odairbonin/workspace_oficina_kinect/PrimeiroKinect/lib/base/core/gluegen-rt-natives-linux-amd64.jar
b7719000-b771a000 r--s 00023000 08:01 3803189    /home/odairbonin/workspace_oficina_kinect/PrimeiroKinect/lib/base/core/jogl-all-natives-linux-amd64.jar
b771a000-b771b000 r--s 00001000 08:01 3803188    /home/odairbonin/workspace_oficina_kinect/PrimeiroKinect/lib/base/core/gluegen-rt-natives-windows-amd64.jar
b771b000-b771c000 r--s 00000000 08:01 3803187    /home/odairbonin/workspace_oficina_kinect/PrimeiroKinect/lib/base/core/gluegen-rt-natives-linux-i586.jar
b771c000-b771d000 r--s 00000000 08:01 3803186    /home/odairbonin/workspace_oficina_kinect/PrimeiroKinect/lib/base/core/gluegen-rt-natives-macosx-universal.jar
b771d000-b771e000 r--s 00050000 08:01 3803185    /home/odairbonin/workspace_oficina_kinect/PrimeiroKinect/lib/base/core/jogl-all-natives-macosx-universal.jar
b771e000-b7726000 rw-p 00000000 00:00 0 
b7726000-b775e000 rw-p 00000000 00:00 0 
b775e000-b775f000 ---p 00000000 00:00 0 
b775f000-b77af000 rwxp 00000000 00:00 0 
b77af000-b77b1000 rw-p 00000000 00:00 0 
b77b1000-b77b4000 r--s 0000f000 08:01 1710119    /usr/lib/jvm/java-7-openjdk-common/jre/lib/ext/pulse-java.jar
b77b4000-b77b6000 r--s 00012000 08:01 1710118    /usr/lib/jvm/java-7-openjdk-common/jre/lib/ext/zipfs.jar
b77b6000-b77b7000 r--s 00007000 08:01 2228686    /usr/share/java/java-atk-wrapper.jar
b77b7000-b77ba000 r--s 0003c000 08:01 1710114    /usr/lib/jvm/java-7-openjdk-common/jre/lib/ext/sunpkcs11.jar
b77ba000-b77be000 r--s 00085000 08:01 1710115    /usr/lib/jvm/java-7-openjdk-common/jre/lib/ext/localedata.jar
b77be000-b77c1000 r--s 00032000 08:01 1710116    /usr/lib/jvm/java-7-openjdk-common/jre/lib/ext/sunjce_provider.jar
b77c1000-b77c2000 r--s 00002000 08:01 1710117    /usr/lib/jvm/java-7-openjdk-common/jre/lib/ext/dnsns.jar
b77c2000-b77c3000 r--p 002c5000 08:01 1704063    /usr/lib/locale/locale-archive
b77c3000-b77c4000 rw-p 00000000 00:00 0 
b77c4000-b77c5000 r--p 00000000 00:00 0 
b77c5000-b77c8000 rw-p 00000000 00:00 0 
bfc6e000-bfc8f000 rwxp 00000000 00:00 0          [stack]
bfc8f000-bfc90000 rw-p 00000000 00:00 0 

VM Arguments:
jvm_args: -Djava.library.path=/home/odairbonin/workspace_oficina_kinect/PrimeiroKinect/lib/base/core:/home/odairbonin/workspace_oficina_kinect/PrimeiroKinect/lib/base/core:/home/odairbonin/workspace_oficina_kinect/PrimeiroKinect/lib/base/core:/home/odairbonin/workspace_oficina_kinect/PrimeiroKinect/lib/base/core:/home/odairbonin/workspace_oficina_kinect/PrimeiroKinect/lib/base/core:/home/odairbonin/workspace_oficina_kinect/PrimeiroKinect/lib/base/core:/home/odairbonin/workspace_oficina_kinect/PrimeiroKinect/lib/base/core:/home/odairbonin/workspace_oficina_kinect/PrimeiroKinect/lib/base/core:/home/odairbonin/workspace_oficina_kinect/PrimeiroKinect/lib/base/core:/home/odairbonin/workspace_oficina_kinect/PrimeiroKinect/lib/base/core:/home/odairbonin/workspace_oficina_kinect/PrimeiroKinect/lib/base/core:/home/odairbonin/workspace_oficina_kinect/PrimeiroKinect/lib/base/core:/home/odairbonin/workspace_oficina_kinect/PrimeiroKinect/lib/base/core:/home/odairbonin/workspace_oficina_kinect/PrimeiroKinect/lib/user -Djava.security.policy=java.policy.applet -Dfile.encoding=UTF-8 
java_command: sun.applet.AppletViewer primeirokinect.PrimeiroKinect1394994258588.html
Launcher Type: SUN_STANDARD

Environment Variables:
PATH=/usr/lib/lightdm/lightdm:/usr/local/sbin:/usr/local/bin:/usr/sbin:/usr/bin:/sbin:/bin:/usr/games
LD_LIBRARY_PATH=/usr/lib/jvm/java-7-openjdk-i386/jre/lib/i386/server:/usr/lib/jvm/java-7-openjdk-i386/jre/lib/i386:/usr/lib/jvm/java-7-openjdk-i386/jre/../lib/i386:/usr/lib/jvm/java-7-openjdk-i386/jre/lib/i386/client:/usr/lib/jvm/java-7-openjdk-i386/jre/lib/i386:
SHELL=/bin/bash
DISPLAY=:0.0

Signal Handlers:
SIGSEGV: [libjvm.so+0x753930], sa_mask[0]=0x7ffbfeff, sa_flags=0x10000004
SIGBUS: [libjvm.so+0x753930], sa_mask[0]=0x7ffbfeff, sa_flags=0x10000004
SIGFPE: [libjvm.so+0x5e94a0], sa_mask[0]=0x7ffbfeff, sa_flags=0x10000004
SIGPIPE: [libjvm.so+0x5e94a0], sa_mask[0]=0x7ffbfeff, sa_flags=0x10000004
SIGXFSZ: [libjvm.so+0x5e94a0], sa_mask[0]=0x7ffbfeff, sa_flags=0x10000004
SIGILL: [libjvm.so+0x5e94a0], sa_mask[0]=0x7ffbfeff, sa_flags=0x10000004
SIGUSR1: SIG_DFL, sa_mask[0]=0x00000000, sa_flags=0x00000000
SIGUSR2: [libjvm.so+0x5e9330], sa_mask[0]=0x00000004, sa_flags=0x10000004
SIGHUP: [libjvm.so+0x5e9960], sa_mask[0]=0x7ffbfeff, sa_flags=0x10000004
SIGINT: [libjvm.so+0x5e9960], sa_mask[0]=0x7ffbfeff, sa_flags=0x10000004
SIGTERM: [libjvm.so+0x5e9960], sa_mask[0]=0x7ffbfeff, sa_flags=0x10000004
SIGQUIT: [libjvm.so+0x5e9960], sa_mask[0]=0x7ffbfeff, sa_flags=0x10000004


---------------  S Y S T E M  ---------------

OS:Ubuntu 12.04 (precise)
uname:Linux 3.2.0-35-generic #55-Ubuntu SMP Wed Dec 5 17:45:18 UTC 2012 i686
libc:glibc 2.15 NPTL 2.15 
rlimit: STACK 8192k, CORE 0k, NPROC 22063, NOFILE 4096, AS infinity
load average:1.96 1.19 0.54

/proc/meminfo:
MemTotal:        2838692 kB
MemFree:         1979424 kB
Buffers:           58156 kB
Cached:           359640 kB
SwapCached:            0 kB
Active:           476748 kB
Inactive:         337092 kB
Active(anon):     396840 kB
Inactive(anon):     1032 kB
Active(file):      79908 kB
Inactive(file):   336060 kB
Unevictable:          16 kB
Mlocked:              16 kB
HighTotal:       1974216 kB
HighFree:        1208764 kB
LowTotal:         864476 kB
LowFree:          770660 kB
SwapTotal:        783356 kB
SwapFree:         783356 kB
Dirty:               180 kB
Writeback:             0 kB
AnonPages:        396260 kB
Mapped:           116540 kB
Shmem:              1692 kB
Slab:              26376 kB
SReclaimable:      13532 kB
SUnreclaim:        12844 kB
KernelStack:        3024 kB
PageTables:         6724 kB
NFS_Unstable:          0 kB
Bounce:                0 kB
WritebackTmp:          0 kB
CommitLimit:     2202700 kB
Committed_AS:    2275100 kB
VmallocTotal:     122880 kB
VmallocUsed:        4896 kB
VmallocChunk:      96420 kB
HardwareCorrupted:     0 kB
AnonHugePages:         0 kB
HugePages_Total:       0
HugePages_Free:        0
HugePages_Rsvd:        0
HugePages_Surp:        0
Hugepagesize:       4096 kB
DirectMap4k:       12280 kB
DirectMap4M:      897024 kB


CPU:total 2 (2 cores per cpu, 1 threads per core) family 6 model 42 stepping 7, cmov, cx8, fxsr, mmx, sse, sse2, sse3, ssse3, sse4.1, sse4.2, popcnt, avx, tsc, tscinvbit

/proc/cpuinfo:
processor	: 0
vendor_id	: GenuineIntel
cpu family	: 6
model		: 42
model name	: Intel(R) Core(TM) i7-2620M CPU @ 2.70GHz
stepping	: 7
cpu MHz		: 2693.000
cache size	: 4096 KB
physical id	: 0
siblings	: 2
core id		: 0
cpu cores	: 2
apicid		: 0
initial apicid	: 0
fdiv_bug	: no
hlt_bug		: no
f00f_bug	: no
coma_bug	: no
fpu		: yes
fpu_exception	: yes
cpuid level	: 13
wp		: yes
flags		: fpu vme de pse tsc msr pae mce cx8 apic mtrr pge mca cmov pat pse36 clflush mmx fxsr sse sse2 ss ht syscall nx rdtscp lm constant_tsc nonstop_tsc aperfmperf pni pclmulqdq ssse3 cx16 pcid sse4_1 sse4_2 x2apic popcnt aes xsave avx hypervisor lahf_lm ida arat epb pln pts dtherm
bogomips	: 5386.00
clflush size	: 64
cache_alignment	: 64
address sizes	: 36 bits physical, 48 bits virtual
power management:

processor	: 1
vendor_id	: GenuineIntel
cpu family	: 6
model		: 42
model name	: Intel(R) Core(TM) i7-2620M CPU @ 2.70GHz
stepping	: 7
cpu MHz		: 2693.000
cache size	: 4096 KB
physical id	: 0
siblings	: 2
core id		: 1
cpu cores	: 2
apicid		: 1
initial apicid	: 1
fdiv_bug	: no
hlt_bug		: no
f00f_bug	: no
coma_bug	: no
fpu		: yes
fpu_exception	: yes
cpuid level	: 13
wp		: yes
flags		: fpu vme de pse tsc msr pae mce cx8 apic mtrr pge mca cmov pat pse36 clflush mmx fxsr sse sse2 ss ht syscall nx rdtscp lm constant_tsc nonstop_tsc aperfmperf pni pclmulqdq ssse3 cx16 pcid sse4_1 sse4_2 x2apic popcnt aes xsave avx hypervisor lahf_lm ida arat epb pln pts dtherm
bogomips	: 5386.00
clflush size	: 64
cache_alignment	: 64
address sizes	: 36 bits physical, 48 bits virtual
power management:



Memory: 4k page, physical 2838692k(1979300k free), swap 783356k(783356k free)

vm_info: OpenJDK Server VM (23.2-b09) for linux-x86 JRE (1.7.0_09-b30), built on Oct 24 2012 18:55:39 by "buildd" with gcc 4.6.3

time: Sun Mar 16 15:24:26 2014
elapsed time: 7 seconds

