#
# A fatal error has been detected by the Java Runtime Environment:
#
#  SIGSEGV (0xb) at pc=0x00cc9c3a, pid=8919, tid=2108738368
#
# JRE version: 7.0_09-b30
# Java VM: OpenJDK Server VM (23.2-b09 mixed mode linux-x86 )
# Problematic frame:
# C  [libc.so.6+0x134c3a]  getaliasbyname_r+0x478a
#
# Failed to write core dump. Core dumps have been disabled. To enable core dumping, try "ulimit -c unlimited" before starting Java again
#
# If you would like to submit a bug report, please include
# instructions on how to reproduce the bug and visit:
#   https://bugs.launchpad.net/ubuntu/+source/openjdk-7/
# The crash happened outside the Java Virtual Machine in native code.
# See problematic frame for where to report the bug.
#

---------------  T H R E A D  ---------------

Current thread (0x80a11000):  JavaThread "Animation Thread" [_thread_in_native, id=8944, stack(0x7dabc000,0x7db0d000)]

siginfo:si_signo=SIGSEGV: si_errno=0, si_code=1 (SEGV_MAPERR), si_addr=0x00000000

Registers:
EAX=0x00000000, EBX=0x00000800, ECX=0x00038400, EDX=0x00000000
ESP=0x7db0ba44, EBP=0x80a6d688, ESI=0x80a6d688, EDI=0x00000000
EIP=0x00cc9c3a, EFLAGS=0x00010246, CR2=0x00000000

Top of Stack: (sp=0x7db0ba44)
0x7db0ba44:   6caa6008 065bfff4 06594ebc 00000000
0x7db0ba54:   00000000 000e1000 01b1caab 80a6d728
0x7db0ba64:   00000000 01b52ff4 01b1ceaa 00000000
0x7db0ba74:   00000000 000e1000 000001e0 00000000
0x7db0ba84:   00000000 000001e0 027f0c7f 0012c000
0x7db0ba94:   0166aff4 890dfc78 01b52ff4 80a6d688
0x7db0baa4:   6caa6008 80a6d688 01b1d0f2 80a6d688
0x7db0bab4:   81676138 81722cb4 01b52ff4 80a11128 

Instructions: (pc=0x00cc9c3a)
0x00cc9c1a:   62 ff ff 81 c3 13 4f 03 00 03 1c 8b 01 ca ff e3
0x00cc9c2a:   8d b6 00 00 00 00 89 d7 89 ca c1 e9 02 83 e2 03
0x00cc9c3a:   f3 ab 74 12 83 fa 02 72 0b 66 89 07 83 c7 02 83
0x00cc9c4a:   ea 02 74 02 88 07 5f 8b 44 24 08 5b c3 89 f6 8d 

Register to memory mapping:

EAX=0x00000000 is an unknown value
EBX=0x00000800 is an unknown value
ECX=0x00038400 is an unknown value
EDX=0x00000000 is an unknown value
ESP=0x7db0ba44 is pointing into the stack for thread: 0x80a11000
EBP=0x80a6d688 is an unknown value
ESI=0x80a6d688 is an unknown value
EDI=0x00000000 is an unknown value


Stack: [0x7dabc000,0x7db0d000],  sp=0x7db0ba44,  free space=318k
Native frames: (J=compiled Java code, j=interpreted, Vv=VM code, C=native code)
C  [libc.so.6+0x134c3a]  getaliasbyname_r+0x478a

Java frames: (J=compiled Java code, j=interpreted, Vv=VM code)
j  SimpleOpenNI.SimpleOpenNIJNI.ContextWrapper_depthImage(JLSimpleOpenNI/ContextWrapper;[I)I+0
j  SimpleOpenNI.ContextWrapper.depthImage([I)I+6
j  SimpleOpenNI.SimpleOpenNI.updateDepthImage()V+40
J  catandoblocos.CatandoBlocos.draw()V
j  processing.core.PApplet.handleDraw()V+283
j  processing.core.PGraphicsJava2D.requestDraw()V+4
j  processing.core.PApplet.run()V+176
j  java.lang.Thread.run()V+11
v  ~StubRoutines::call_stub

---------------  P R O C E S S  ---------------

Java Threads: ( => current thread )
  0x6d99a400 JavaThread "Thread-1" [_thread_blocked, id=8960, stack(0x04ed4000,0x04f25000)]
=>0x80a11000 JavaThread "Animation Thread" [_thread_in_native, id=8944, stack(0x7dabc000,0x7db0d000)]
  0x80a04000 JavaThread "AWT-EventQueue-1" [_thread_blocked, id=8943, stack(0x7db0d000,0x7db5e000)]
  0xb7609400 JavaThread "DestroyJavaVM" [_thread_blocked, id=8925, stack(0xb7713000,0xb7764000)]
  0x7dcaf000 JavaThread "AWT-EventQueue-0" [_thread_blocked, id=8941, stack(0x7db5e000,0x7dbaf000)]
  0x7dca7c00 JavaThread "AWT-Shutdown" [_thread_blocked, id=8940, stack(0x7dbaf000,0x7dc00000)]
  0x7dc86400 JavaThread "thread applet-catandoblocos.CatandoBlocos.class" [_thread_in_native, id=8939, stack(0x7dd0d000,0x7dd5e000)]
  0x7dc6dc00 JavaThread "AWT-XAWT" daemon [_thread_in_native, id=8937, stack(0x7dd5e000,0x7ddaf000)]
  0x7dc3b400 JavaThread "Java2D Disposer" daemon [_thread_blocked, id=8936, stack(0x7ddaf000,0x7de00000)]
  0x80998800 JavaThread "Service Thread" daemon [_thread_blocked, id=8934, stack(0x7dfd7000,0x7e028000)]
  0x80996c00 JavaThread "C2 CompilerThread1" daemon [_thread_blocked, id=8933, stack(0x7e028000,0x7e0a9000)]
  0x80994c00 JavaThread "C2 CompilerThread0" daemon [_thread_blocked, id=8932, stack(0x7e0a9000,0x7e12a000)]
  0x80993000 JavaThread "Signal Dispatcher" daemon [_thread_blocked, id=8931, stack(0x7e12a000,0x7e17b000)]
  0x80951000 JavaThread "Finalizer" daemon [_thread_blocked, id=8930, stack(0x7e37b000,0x7e3cc000)]
  0x8094f000 JavaThread "Reference Handler" daemon [_thread_blocked, id=8929, stack(0x7e3cc000,0x7e41d000)]

Other Threads:
  0x80948c00 VMThread [stack: 0x7e41d000,0x7e49e000] [id=8928]
  0x8099a400 WatcherThread [stack: 0x7df56000,0x7dfd7000] [id=8935]

VM state:not at safepoint (normal execution)

VM Mutex/Monitor currently owned by a thread: None

Heap
 PSYoungGen      total 30784K, used 18316K [0xa5de0000, 0xa8d20000, 0xb4530000)
  eden space 28992K, 56% used [0xa5de0000,0xa6e03218,0xa7a30000)
  from space 1792K, 100% used [0xa8b60000,0xa8d20000,0xa8d20000)
  to   space 1792K, 0% used [0xa89a0000,0xa89a0000,0xa8b60000)
 ParOldGen       total 77760K, used 36811K [0x88f30000, 0x8db20000, 0xa5de0000)
  object space 77760K, 47% used [0x88f30000,0x8b322d28,0x8db20000)
 PSPermGen       total 16384K, used 8168K [0x80f30000, 0x81f30000, 0x88f30000)
  object space 16384K, 49% used [0x80f30000,0x8172a310,0x81f30000)

Card table byte_map: [0x80d94000,0x80f30000] byte_map_base: 0x8098c680

Polling page: 0xb7779000

Code Cache  [0xb45f8000, 0xb4838000, 0xb75f8000)
 total_blobs=576 nmethods=273 adapters=255 free_code_cache=48097Kb largest_free_block=49175040

Compilation events (10 events):
Event: 66.231 Thread 0x80994c00  288             java.util.ComparableTimSort::mergeLo (652 bytes)
Event: 66.239 Thread 0x80996c00  289   !         org.jbox2d.collision.SeparationFunction::$SWITCH_TABLE$org$jbox2d$collision$Type (61 bytes)
Event: 66.247 Thread 0x80996c00 nmethod 289 0xb46b3b88 code [0xb46b3c80, 0xb46b3cd0]
Event: 66.272 Thread 0x80994c00 nmethod 288 0xb46cdf88 code [0xb46ce160, 0xb46cf4a4]
Event: 67.265 Thread 0x80996c00  290             java.util.ComparableTimSort::mergeHi (716 bytes)
Event: 67.301 Thread 0x80996c00 nmethod 290 0xb46d0808 code [0xb46d09e0, 0xb46d1f04]
Event: 67.474 Thread 0x80994c00  291             processing.core.PApplet::map (15 bytes)
Event: 67.475 Thread 0x80994c00 nmethod 291 0xb46b3a08 code [0xb46b3ae0, 0xb46b3b30]
Event: 68.030 Thread 0x80996c00  292             java.util.ComparableTimSort::mergeCollapse (101 bytes)
Event: 68.033 Thread 0x80996c00 nmethod 292 0xb46d0308 code [0xb46d0420, 0xb46d05c4]

GC Heap History (10 events):
Event: 0.591 GC heap before
{Heap before GC invocations=1 (full 0):
 PSYoungGen      total 12992K, used 11200K [0xa5de0000, 0xa6c50000, 0xb4530000)
  eden space 11200K, 100% used [0xa5de0000,0xa68d0000,0xa68d0000)
  from space 1792K, 0% used [0xa6a90000,0xa6a90000,0xa6c50000)
  to   space 1792K, 0% used [0xa68d0000,0xa68d0000,0xa6a90000)
 ParOldGen       total 29632K, used 0K [0x88f30000, 0x8ac20000, 0xa5de0000)
  object space 29632K, 0% used [0x88f30000,0x88f30000,0x8ac20000)
 PSPermGen       total 16384K, used 7481K [0x80f30000, 0x81f30000, 0x88f30000)
  object space 16384K, 45% used [0x80f30000,0x8167e548,0x81f30000)
Event: 0.600 GC heap after
Heap after GC invocations=1 (full 0):
 PSYoungGen      total 12992K, used 1785K [0xa5de0000, 0xa7740000, 0xb4530000)
  eden space 11200K, 0% used [0xa5de0000,0xa5de0000,0xa68d0000)
  from space 1792K, 99% used [0xa68d0000,0xa6a8e7a8,0xa6a90000)
  to   space 1792K, 0% used [0xa7580000,0xa7580000,0xa7740000)
 ParOldGen       total 29632K, used 2420K [0x88f30000, 0x8ac20000, 0xa5de0000)
  object space 29632K, 8% used [0x88f30000,0x8918d1e8,0x8ac20000)
 PSPermGen       total 16384K, used 7481K [0x80f30000, 0x81f30000, 0x88f30000)
  object space 16384K, 45% used [0x80f30000,0x8167e548,0x81f30000)
}
Event: 2.499 GC heap before
{Heap before GC invocations=2 (full 0):
 PSYoungGen      total 12992K, used 12985K [0xa5de0000, 0xa7740000, 0xb4530000)
  eden space 11200K, 100% used [0xa5de0000,0xa68d0000,0xa68d0000)
  from space 1792K, 99% used [0xa68d0000,0xa6a8e7a8,0xa6a90000)
  to   space 1792K, 0% used [0xa7580000,0xa7580000,0xa7740000)
 ParOldGen       total 29632K, used 2420K [0x88f30000, 0x8ac20000, 0xa5de0000)
  object space 29632K, 8% used [0x88f30000,0x8918d1e8,0x8ac20000)
 PSPermGen       total 16384K, used 7934K [0x80f30000, 0x81f30000, 0x88f30000)
  object space 16384K, 48% used [0x80f30000,0x816ef838,0x81f30000)
Event: 2.523 GC heap after
Heap after GC invocations=2 (full 0):
 PSYoungGen      total 24192K, used 1782K [0xa5de0000, 0xa7740000, 0xb4530000)
  eden space 22400K, 0% used [0xa5de0000,0xa5de0000,0xa73c0000)
  from space 1792K, 99% used [0xa7580000,0xa773d930,0xa7740000)
  to   space 1792K, 0% used [0xa73c0000,0xa73c0000,0xa7580000)
 ParOldGen       total 29632K, used 11661K [0x88f30000, 0x8ac20000, 0xa5de0000)
  object space 29632K, 39% used [0x88f30000,0x89a93710,0x8ac20000)
 PSPermGen       total 16384K, used 7934K [0x80f30000, 0x81f30000, 0x88f30000)
  object space 16384K, 48% used [0x80f30000,0x816ef838,0x81f30000)
}
Event: 3.037 GC heap before
{Heap before GC invocations=3 (full 0):
 PSYoungGen      total 24192K, used 24182K [0xa5de0000, 0xa7740000, 0xb4530000)
  eden space 22400K, 100% used [0xa5de0000,0xa73c0000,0xa73c0000)
  from space 1792K, 99% used [0xa7580000,0xa773d930,0xa7740000)
  to   space 1792K, 0% used [0xa73c0000,0xa73c0000,0xa7580000)
 ParOldGen       total 29632K, used 11661K [0x88f30000, 0x8ac20000, 0xa5de0000)
  object space 29632K, 39% used [0x88f30000,0x89a93710,0x8ac20000)
 PSPermGen       total 16384K, used 7950K [0x80f30000, 0x81f30000, 0x88f30000)
  object space 16384K, 48% used [0x80f30000,0x816f3bf8,0x81f30000)
Event: 3.113 GC heap after
Heap after GC invocations=3 (full 0):
 PSYoungGen      total 24192K, used 1782K [0xa5de0000, 0xa8d20000, 0xb4530000)
  eden space 22400K, 0% used [0xa5de0000,0xa5de0000,0xa73c0000)
  from space 1792K, 99% used [0xa73c0000,0xa757d930,0xa7580000)
  to   space 1792K, 0% used [0xa8b60000,0xa8b60000,0xa8d20000)
 ParOldGen       total 33984K, used 33921K [0x88f30000, 0x8b060000, 0xa5de0000)
  object space 33984K, 99% used [0x88f30000,0x8b050720,0x8b060000)
 PSPermGen       total 16384K, used 7950K [0x80f30000, 0x81f30000, 0x88f30000)
  object space 16384K, 48% used [0x80f30000,0x816f3bf8,0x81f30000)
}
Event: 3.113 GC heap before
{Heap before GC invocations=4 (full 1):
 PSYoungGen      total 24192K, used 1782K [0xa5de0000, 0xa8d20000, 0xb4530000)
  eden space 22400K, 0% used [0xa5de0000,0xa5de0000,0xa73c0000)
  from space 1792K, 99% used [0xa73c0000,0xa757d930,0xa7580000)
  to   space 1792K, 0% used [0xa8b60000,0xa8b60000,0xa8d20000)
 ParOldGen       total 33984K, used 33921K [0x88f30000, 0x8b060000, 0xa5de0000)
  object space 33984K, 99% used [0x88f30000,0x8b050720,0x8b060000)
 PSPermGen       total 16384K, used 7950K [0x80f30000, 0x81f30000, 0x88f30000)
  object space 16384K, 48% used [0x80f30000,0x816f3bf8,0x81f30000)
Event: 3.436 GC heap after
Heap after GC invocations=4 (full 1):
 PSYoungGen      total 24192K, used 1127K [0xa5de0000, 0xa8d20000, 0xb4530000)
  eden space 22400K, 0% used [0xa5de0000,0xa5de0000,0xa73c0000)
  from space 1792K, 62% used [0xa73c0000,0xa74d9f40,0xa7580000)
  to   space 1792K, 0% used [0xa8b60000,0xa8b60000,0xa8d20000)
 ParOldGen       total 77760K, used 33719K [0x88f30000, 0x8db20000, 0xa5de0000)
  object space 77760K, 43% used [0x88f30000,0x8b01df20,0x8db20000)
 PSPermGen       total 16384K, used 7947K [0x80f30000, 0x81f30000, 0x88f30000)
  object space 16384K, 48% used [0x80f30000,0x816f2f60,0x81f30000)
}
Event: 51.015 GC heap before
{Heap before GC invocations=5 (full 1):
 PSYoungGen      total 24192K, used 23527K [0xa5de0000, 0xa8d20000, 0xb4530000)
  eden space 22400K, 100% used [0xa5de0000,0xa73c0000,0xa73c0000)
  from space 1792K, 62% used [0xa73c0000,0xa74d9f40,0xa7580000)
  to   space 1792K, 0% used [0xa8b60000,0xa8b60000,0xa8d20000)
 ParOldGen       total 77760K, used 33719K [0x88f30000, 0x8db20000, 0xa5de0000)
  object space 77760K, 43% used [0x88f30000,0x8b01df20,0x8db20000)
 PSPermGen       total 16384K, used 8154K [0x80f30000, 0x81f30000, 0x88f30000)
  object space 16384K, 49% used [0x80f30000,0x81726888,0x81f30000)
Event: 51.036 GC heap after
Heap after GC invocations=5 (full 1):
 PSYoungGen      total 30784K, used 1792K [0xa5de0000, 0xa8d20000, 0xb4530000)
  eden space 28992K, 0% used [0xa5de0000,0xa5de0000,0xa7a30000)
  from space 1792K, 100% used [0xa8b60000,0xa8d20000,0xa8d20000)
  to   space 1792K, 0% used [0xa89a0000,0xa89a0000,0xa8b60000)
 ParOldGen       total 77760K, used 36811K [0x88f30000, 0x8db20000, 0xa5de0000)
  object space 77760K, 47% used [0x88f30000,0x8b322d28,0x8db20000)
 PSPermGen       total 16384K, used 8154K [0x80f30000, 0x81f30000, 0x88f30000)
  object space 16384K, 49% used [0x80f30000,0x81726888,0x81f30000)
}

Deoptimization events (10 events):
Event: 60.834 Thread 0x80a11000 Uncommon trap -42 fr.pc 0xb46c8284
Event: 60.834 Thread 0x80a11000 Uncommon trap -42 fr.pc 0xb46c8284
Event: 61.236 Thread 0x80a11000 Uncommon trap -42 fr.pc 0xb4711eec
Event: 61.236 Thread 0x80a11000 Uncommon trap -42 fr.pc 0xb4711eec
Event: 66.165 Thread 0x80a11000 Uncommon trap -42 fr.pc 0xb46d9540
Event: 66.197 Thread 0x80a11000 Uncommon trap -42 fr.pc 0xb46d9540
Event: 66.231 Thread 0x80a11000 Uncommon trap -42 fr.pc 0xb46c9554
Event: 66.231 Thread 0x80a11000 Uncommon trap -42 fr.pc 0xb46b97e0
Event: 67.265 Thread 0x80a11000 Uncommon trap -42 fr.pc 0xb46b97e0
Event: 67.268 Thread 0x80a11000 Uncommon trap -42 fr.pc 0xb46a8878

Internal exceptions (10 events):
Event: 11.991 Thread 0x80a11000 Threw 0xa604b540 at /build/buildd/openjdk-7-7u9-2.3.3/build/openjdk/hotspot/src/share/vm/prims/jvm.cpp:1166
Event: 11.992 Thread 0x80a11000 Threw 0xa6051708 at /build/buildd/openjdk-7-7u9-2.3.3/build/openjdk/hotspot/src/share/vm/prims/jvm.cpp:1166
Event: 11.993 Thread 0x80a11000 Threw 0xa6057930 at /build/buildd/openjdk-7-7u9-2.3.3/build/openjdk/hotspot/src/share/vm/prims/jvm.cpp:1166
Event: 11.994 Thread 0x80a11000 Threw 0xa605ca58 at /build/buildd/openjdk-7-7u9-2.3.3/build/openjdk/hotspot/src/share/vm/prims/jvm.cpp:1166
Event: 11.996 Thread 0x80a11000 Threw 0xa606e770 at /build/buildd/openjdk-7-7u9-2.3.3/build/openjdk/hotspot/src/share/vm/prims/jvm.cpp:1166
Event: 11.997 Thread 0x80a11000 Threw 0xa607ac80 at /build/buildd/openjdk-7-7u9-2.3.3/build/openjdk/hotspot/src/share/vm/prims/jvm.cpp:1166
Event: 20.046 Thread 0x80a11000 Threw 0xa62b2708 at /build/buildd/openjdk-7-7u9-2.3.3/build/openjdk/hotspot/src/share/vm/prims/jvm.cpp:1166
Event: 20.047 Thread 0x80a11000 Threw 0xa62b9578 at /build/buildd/openjdk-7-7u9-2.3.3/build/openjdk/hotspot/src/share/vm/prims/jvm.cpp:1166
Event: 20.049 Thread 0x80a11000 Threw 0xa62c2448 at /build/buildd/openjdk-7-7u9-2.3.3/build/openjdk/hotspot/src/share/vm/prims/jvm.cpp:1166
Event: 20.107 Thread 0x80a11000 Threw 0xa62cf678 at /build/buildd/openjdk-7-7u9-2.3.3/build/openjdk/hotspot/src/share/vm/prims/jvm.cpp:1166

Events (10 events):
Event: 66.231 Thread 0x80a11000 DEOPT UNPACKING pc=0xb4625efc sp=0x7db0ba1c mode 2
Event: 67.265 Thread 0x80a11000 DEOPT PACKING pc=0xb46b97e0 sp=0x7db0ba00
Event: 67.265 Thread 0x80a11000 DEOPT UNPACKING pc=0xb4625efc sp=0x7db0ba1c mode 2
Event: 67.268 Thread 0x80a11000 DEOPT PACKING pc=0xb46a8878 sp=0x7db0ba00
Event: 67.268 Thread 0x80a11000 DEOPT UNPACKING pc=0xb4625efc sp=0x7db0ba3c mode 2
Event: 68.034 loading class 0x809a0470
Event: 68.034 loading class 0x809a0470 done
Event: 68.034 Thread 0x6d99a400 Thread added: 0x6d99a400
Event: 68.034 loading class 0x7dc7ce50
Event: 68.034 loading class 0x7dc7ce50 done


Dynamic libraries:
00110000-00124000 r-xp 00000000 08:01 2098157    /lib/i386-linux-gnu/libz.so.1.2.3.4
00124000-00125000 r--p 00013000 08:01 2098157    /lib/i386-linux-gnu/libz.so.1.2.3.4
00125000-00126000 rw-p 00014000 08:01 2098157    /lib/i386-linux-gnu/libz.so.1.2.3.4
00126000-0012d000 r-xp 00000000 08:01 2098024    /lib/i386-linux-gnu/libnss_compat-2.15.so
0012d000-0012e000 r--p 00006000 08:01 2098024    /lib/i386-linux-gnu/libnss_compat-2.15.so
0012e000-0012f000 rw-p 00007000 08:01 2098024    /lib/i386-linux-gnu/libnss_compat-2.15.so
0012f000-00139000 r-xp 00000000 08:01 2098030    /lib/i386-linux-gnu/libnss_nis-2.15.so
00139000-0013a000 r--p 00009000 08:01 2098030    /lib/i386-linux-gnu/libnss_nis-2.15.so
0013a000-0013b000 rw-p 0000a000 08:01 2098030    /lib/i386-linux-gnu/libnss_nis-2.15.so
0013b000-00146000 r-xp 00000000 08:01 2098026    /lib/i386-linux-gnu/libnss_files-2.15.so
00146000-00147000 r--p 0000a000 08:01 2098026    /lib/i386-linux-gnu/libnss_files-2.15.so
00147000-00148000 rw-p 0000b000 08:01 2098026    /lib/i386-linux-gnu/libnss_files-2.15.so
00148000-00150000 r-xp 00000000 08:01 1706435    /usr/lib/i386-linux-gnu/libXrender.so.1.3.0
00150000-00151000 r--p 00007000 08:01 1706435    /usr/lib/i386-linux-gnu/libXrender.so.1.3.0
00151000-00152000 rw-p 00008000 08:01 1706435    /usr/lib/i386-linux-gnu/libXrender.so.1.3.0
00152000-00156000 r-xp 00000000 08:01 1704744    /usr/lib/i386-linux-gnu/libXfixes.so.3.1.0
00156000-00157000 r--p 00004000 08:01 1704744    /usr/lib/i386-linux-gnu/libXfixes.so.3.1.0
00157000-00158000 rw-p 00005000 08:01 1704744    /usr/lib/i386-linux-gnu/libXfixes.so.3.1.0
00159000-0015e000 r-xp 00000000 08:01 1707424    /usr/lib/i386-linux-gnu/libXtst.so.6.1.0
0015e000-0015f000 r--p 00004000 08:01 1707424    /usr/lib/i386-linux-gnu/libXtst.so.6.1.0
0015f000-00160000 rw-p 00005000 08:01 1707424    /usr/lib/i386-linux-gnu/libXtst.so.6.1.0
00160000-0016b000 r-xp 00000000 08:01 1708068    /usr/lib/i386-linux-gnu/libpangocairo-1.0.so.0.3000.0
0016b000-0016c000 r--p 0000a000 08:01 1708068    /usr/lib/i386-linux-gnu/libpangocairo-1.0.so.0.3000.0
0016c000-0016d000 rw-p 0000b000 08:01 1708068    /usr/lib/i386-linux-gnu/libpangocairo-1.0.so.0.3000.0
0016d000-0016f000 r-xp 00000000 08:01 1705578    /usr/lib/i386-linux-gnu/libXinerama.so.1.0.0
0016f000-00170000 r--p 00001000 08:01 1705578    /usr/lib/i386-linux-gnu/libXinerama.so.1.0.0
00170000-00171000 rw-p 00002000 08:01 1705578    /usr/lib/i386-linux-gnu/libXinerama.so.1.0.0
00171000-00178000 r-xp 00000000 08:01 1709192    /usr/lib/i386-linux-gnu/libXrandr.so.2.2.0
00178000-00179000 r--p 00006000 08:01 1709192    /usr/lib/i386-linux-gnu/libXrandr.so.2.2.0
00179000-0017a000 rw-p 00007000 08:01 1709192    /usr/lib/i386-linux-gnu/libXrandr.so.2.2.0
0017a000-0017c000 r-xp 00000000 08:01 1707115    /usr/lib/i386-linux-gnu/libXcomposite.so.1.0.0
0017c000-0017d000 r--p 00001000 08:01 1707115    /usr/lib/i386-linux-gnu/libXcomposite.so.1.0.0
0017d000-0017e000 rw-p 00002000 08:01 1707115    /usr/lib/i386-linux-gnu/libXcomposite.so.1.0.0
0017e000-00180000 r-xp 00000000 08:01 1707118    /usr/lib/i386-linux-gnu/libXdamage.so.1.1.0
00180000-00181000 r--p 00001000 08:01 1707118    /usr/lib/i386-linux-gnu/libXdamage.so.1.1.0
00181000-00182000 rw-p 00002000 08:01 1707118    /usr/lib/i386-linux-gnu/libXdamage.so.1.1.0
00182000-00185000 r-xp 00000000 08:01 1705745    /usr/lib/i386-linux-gnu/libgmodule-2.0.so.0.3200.3
00185000-00186000 r--p 00002000 08:01 1705745    /usr/lib/i386-linux-gnu/libgmodule-2.0.so.0.3200.3
00186000-00187000 rw-p 00003000 08:01 1705745    /usr/lib/i386-linux-gnu/libgmodule-2.0.so.0.3200.3
00188000-00194000 r-xp 00000000 08:01 1837379    /usr/lib/jvm/java-7-openjdk-i386/jre/lib/i386/libverify.so
00194000-00195000 r--p 0000b000 08:01 1837379    /usr/lib/jvm/java-7-openjdk-i386/jre/lib/i386/libverify.so
00195000-00196000 rw-p 0000c000 08:01 1837379    /usr/lib/jvm/java-7-openjdk-i386/jre/lib/i386/libverify.so
00196000-00226000 r-xp 00000000 08:01 1837357    /usr/lib/jvm/java-7-openjdk-i386/jre/lib/i386/libawt.so
00226000-00227000 r--p 00090000 08:01 1837357    /usr/lib/jvm/java-7-openjdk-i386/jre/lib/i386/libawt.so
00227000-0022e000 rw-p 00091000 08:01 1837357    /usr/lib/jvm/java-7-openjdk-i386/jre/lib/i386/libawt.so
0022e000-00252000 rw-p 00000000 00:00 0 
00252000-002a4000 r-xp 00000000 08:01 1969852    /usr/lib/jvm/java-7-openjdk-i386/jre/lib/i386/xawt/libmawt.so
002a4000-002a5000 r--p 00051000 08:01 1969852    /usr/lib/jvm/java-7-openjdk-i386/jre/lib/i386/xawt/libmawt.so
002a5000-002a7000 rw-p 00052000 08:01 1969852    /usr/lib/jvm/java-7-openjdk-i386/jre/lib/i386/xawt/libmawt.so
002a7000-002a8000 rw-p 00000000 00:00 0 
002a8000-002ef000 r-xp 00000000 08:01 1705072    /usr/lib/i386-linux-gnu/libpango-1.0.so.0.3000.0
002ef000-002f0000 ---p 00047000 08:01 1705072    /usr/lib/i386-linux-gnu/libpango-1.0.so.0.3000.0
002f0000-002f1000 r--p 00047000 08:01 1705072    /usr/lib/i386-linux-gnu/libpango-1.0.so.0.3000.0
002f1000-002f2000 rw-p 00048000 08:01 1705072    /usr/lib/i386-linux-gnu/libpango-1.0.so.0.3000.0
002f2000-00305000 r-xp 00000000 08:01 2098027    /lib/i386-linux-gnu/libresolv-2.15.so
00305000-00306000 ---p 00013000 08:01 2098027    /lib/i386-linux-gnu/libresolv-2.15.so
00306000-00307000 r--p 00013000 08:01 2098027    /lib/i386-linux-gnu/libresolv-2.15.so
00307000-00308000 rw-p 00014000 08:01 2098027    /lib/i386-linux-gnu/libresolv-2.15.so
00308000-0030a000 rw-p 00000000 00:00 0 
0030a000-0030c000 r-xp 00000000 08:01 1705108    /usr/lib/i386-linux-gnu/libXau.so.6.0.0
0030c000-0030d000 r--p 00001000 08:01 1705108    /usr/lib/i386-linux-gnu/libXau.so.6.0.0
0030d000-0030e000 rw-p 00002000 08:01 1705108    /usr/lib/i386-linux-gnu/libXau.so.6.0.0
0030f000-0031b000 r-xp 00000000 08:01 1837363    /usr/lib/jvm/java-7-openjdk-i386/jre/lib/i386/jli/libjli.so
0031b000-0031c000 r--p 0000c000 08:01 1837363    /usr/lib/jvm/java-7-openjdk-i386/jre/lib/i386/jli/libjli.so
0031c000-0031d000 rw-p 0000d000 08:01 1837363    /usr/lib/jvm/java-7-openjdk-i386/jre/lib/i386/jli/libjli.so
0031d000-0036a000 r-xp 00000000 08:01 1705746    /usr/lib/i386-linux-gnu/libgobject-2.0.so.0.3200.3
0036a000-0036b000 r--p 0004c000 08:01 1705746    /usr/lib/i386-linux-gnu/libgobject-2.0.so.0.3200.3
0036b000-0036c000 rw-p 0004d000 08:01 1705746    /usr/lib/i386-linux-gnu/libgobject-2.0.so.0.3200.3
0036d000-0037d000 r-xp 00000000 08:01 1707120    /usr/lib/i386-linux-gnu/libXext.so.6.4.0
0037d000-0037e000 r--p 0000f000 08:01 1707120    /usr/lib/i386-linux-gnu/libXext.so.6.4.0
0037e000-0037f000 rw-p 00010000 08:01 1707120    /usr/lib/i386-linux-gnu/libXext.so.6.4.0
0037f000-0039c000 r-xp 00000000 08:01 1704114    /usr/lib/i386-linux-gnu/libatk-1.0.so.0.20409.1
0039c000-0039e000 r--p 0001c000 08:01 1704114    /usr/lib/i386-linux-gnu/libatk-1.0.so.0.20409.1
0039e000-0039f000 rw-p 0001e000 08:01 1704114    /usr/lib/i386-linux-gnu/libatk-1.0.so.0.20409.1
0039f000-003a0000 r-xp 00000000 00:00 0          [vdso]
003a0000-003ac000 r-xp 00000000 08:01 1705828    /usr/lib/i386-linux-gnu/libavahi-common.so.3.5.3
003ac000-003ad000 r--p 0000b000 08:01 1705828    /usr/lib/i386-linux-gnu/libavahi-common.so.3.5.3
003ad000-003ae000 rw-p 0000c000 08:01 1705828    /usr/lib/i386-linux-gnu/libavahi-common.so.3.5.3
003ae000-003b3000 r-xp 00000000 08:01 1706425    /usr/lib/i386-linux-gnu/libXdmcp.so.6.0.0
003b3000-003b4000 r--p 00004000 08:01 1706425    /usr/lib/i386-linux-gnu/libXdmcp.so.6.0.0
003b4000-003b5000 rw-p 00005000 08:01 1706425    /usr/lib/i386-linux-gnu/libXdmcp.so.6.0.0
003b5000-003b7000 r-xp 00000000 08:01 1706433    /usr/lib/i386-linux-gnu/libxcb-shm.so.0.0.0
003b7000-003b8000 r--p 00001000 08:01 1706433    /usr/lib/i386-linux-gnu/libxcb-shm.so.0.0.0
003b8000-003b9000 rw-p 00002000 08:01 1706433    /usr/lib/i386-linux-gnu/libxcb-shm.so.0.0.0
003b9000-003d0000 r-xp 00000000 08:01 2098031    /lib/i386-linux-gnu/libpthread-2.15.so
003d0000-003d1000 r--p 00016000 08:01 2098031    /lib/i386-linux-gnu/libpthread-2.15.so
003d1000-003d2000 rw-p 00017000 08:01 2098031    /lib/i386-linux-gnu/libpthread-2.15.so
003d2000-003d4000 rw-p 00000000 00:00 0 
003d4000-003e4000 r-xp 00000000 08:01 1706813    /usr/lib/i386-linux-gnu/libavahi-client.so.3.2.9
003e4000-003e5000 r--p 0000f000 08:01 1706813    /usr/lib/i386-linux-gnu/libavahi-client.so.3.2.9
003e5000-003e6000 rw-p 00010000 08:01 1706813    /usr/lib/i386-linux-gnu/libavahi-client.so.3.2.9
003e6000-003e9000 r-xp 00000000 08:01 2097187    /lib/i386-linux-gnu/libcom_err.so.2.1
003e9000-003ea000 r--p 00002000 08:01 2097187    /lib/i386-linux-gnu/libcom_err.so.2.1
003ea000-003eb000 rw-p 00003000 08:01 2097187    /lib/i386-linux-gnu/libcom_err.so.2.1
003ec000-00416000 r-xp 00000000 08:01 2098033    /lib/i386-linux-gnu/libm-2.15.so
00416000-00417000 r--p 00029000 08:01 2098033    /lib/i386-linux-gnu/libm-2.15.so
00417000-00418000 rw-p 0002a000 08:01 2098033    /lib/i386-linux-gnu/libm-2.15.so
00418000-00467000 r-xp 00000000 08:01 1707492    /usr/lib/i386-linux-gnu/libcups.so.2
00467000-0046a000 r--p 0004e000 08:01 1707492    /usr/lib/i386-linux-gnu/libcups.so.2
0046a000-0046b000 rw-p 00051000 08:01 1707492    /usr/lib/i386-linux-gnu/libcups.so.2
0046b000-00473000 r-xp 00000000 08:01 1706431    /usr/lib/i386-linux-gnu/libxcb-render.so.0.0.0
00473000-00474000 r--p 00008000 08:01 1706431    /usr/lib/i386-linux-gnu/libxcb-render.so.0.0.0
00474000-00475000 rw-p 00009000 08:01 1706431    /usr/lib/i386-linux-gnu/libxcb-render.so.0.0.0
00475000-0047c000 r-xp 00000000 08:01 1708190    /usr/lib/i386-linux-gnu/libkrb5support.so.0.1
0047c000-0047d000 r--p 00006000 08:01 1708190    /usr/lib/i386-linux-gnu/libkrb5support.so.0.1
0047d000-0047e000 rw-p 00007000 08:01 1708190    /usr/lib/i386-linux-gnu/libkrb5support.so.0.1
0047e000-00480000 r-xp 00000000 08:01 2098185    /lib/i386-linux-gnu/libkeyutils.so.1.4
00480000-00481000 r--p 00002000 08:01 2098185    /lib/i386-linux-gnu/libkeyutils.so.1.4
00481000-00482000 rw-p 00003000 08:01 2098185    /lib/i386-linux-gnu/libkeyutils.so.1.4
00482000-00485000 r-xp 00000000 08:01 2098070    /lib/i386-linux-gnu/libgpg-error.so.0.8.0
00485000-00486000 r--p 00002000 08:01 2098070    /lib/i386-linux-gnu/libgpg-error.so.0.8.0
00486000-00487000 rw-p 00003000 08:01 2098070    /lib/i386-linux-gnu/libgpg-error.so.0.8.0
00489000-00561000 r-xp 00000000 08:01 1704289    /usr/lib/i386-linux-gnu/libstdc++.so.6.0.16
00561000-00562000 ---p 000d8000 08:01 1704289    /usr/lib/i386-linux-gnu/libstdc++.so.6.0.16
00562000-00566000 r--p 000d8000 08:01 1704289    /usr/lib/i386-linux-gnu/libstdc++.so.6.0.16
00566000-00567000 rw-p 000dc000 08:01 1704289    /usr/lib/i386-linux-gnu/libstdc++.so.6.0.16
00567000-0056e000 rw-p 00000000 00:00 0 
0056e000-0069e000 r-xp 00000000 08:01 1709768    /usr/lib/i386-linux-gnu/libX11.so.6.3.0
0069e000-0069f000 r--p 0012f000 08:01 1709768    /usr/lib/i386-linux-gnu/libX11.so.6.3.0
0069f000-006a1000 rw-p 00130000 08:01 1709768    /usr/lib/i386-linux-gnu/libX11.so.6.3.0
006a1000-006a2000 rw-p 00000000 00:00 0 
006a2000-006cc000 r-xp 00000000 08:01 1708070    /usr/lib/i386-linux-gnu/libpangoft2-1.0.so.0.3000.0
006cc000-006cd000 r--p 00029000 08:01 1708070    /usr/lib/i386-linux-gnu/libpangoft2-1.0.so.0.3000.0
006cd000-006ce000 rw-p 0002a000 08:01 1708070    /usr/lib/i386-linux-gnu/libpangoft2-1.0.so.0.3000.0
006ce000-006de000 r-xp 00000000 08:01 1704083    /usr/lib/i386-linux-gnu/libtasn1.so.3.1.12
006de000-006df000 r--p 0000f000 08:01 1704083    /usr/lib/i386-linux-gnu/libtasn1.so.3.1.12
006df000-006e0000 rw-p 00010000 08:01 1704083    /usr/lib/i386-linux-gnu/libtasn1.so.3.1.12
006e0000-006e3000 r-xp 00000000 08:01 1708043    /usr/lib/libXnCore.so
006e3000-006e4000 r--p 00002000 08:01 1708043    /usr/lib/libXnCore.so
006e4000-006e5000 rw-p 00003000 08:01 1708043    /usr/lib/libXnCore.so
006e8000-006f6000 r-xp 00000000 08:01 1707177    /usr/lib/i386-linux-gnu/libXi.so.6.1.0
006f6000-006f7000 r--p 0000d000 08:01 1707177    /usr/lib/i386-linux-gnu/libXi.so.6.1.0
006f7000-006f8000 rw-p 0000e000 08:01 1707177    /usr/lib/i386-linux-gnu/libXi.so.6.1.0
006f8000-00715000 r-xp 00000000 08:01 2097208    /lib/i386-linux-gnu/libselinux.so.1
00715000-00716000 r--p 0001c000 08:01 2097208    /lib/i386-linux-gnu/libselinux.so.1
00716000-00717000 rw-p 0001d000 08:01 2097208    /lib/i386-linux-gnu/libselinux.so.1
00717000-00727000 r-xp 00000000 08:01 1707354    /usr/lib/i386-linux-gnu/libp11-kit.so.0.0.0
00727000-00728000 r--p 0000f000 08:01 1707354    /usr/lib/i386-linux-gnu/libp11-kit.so.0.0.0
00728000-00729000 rw-p 00010000 08:01 1707354    /usr/lib/i386-linux-gnu/libp11-kit.so.0.0.0
00729000-0073a000 r-xp 00000000 08:01 1837358    /usr/lib/jvm/java-7-openjdk-i386/jre/lib/i386/libnio.so
0073a000-0073b000 r--p 00010000 08:01 1837358    /usr/lib/jvm/java-7-openjdk-i386/jre/lib/i386/libnio.so
0073b000-0073c000 rw-p 00011000 08:01 1837358    /usr/lib/jvm/java-7-openjdk-i386/jre/lib/i386/libnio.so
0073d000-00745000 r-xp 00000000 08:01 1837359    /usr/lib/jvm/java-7-openjdk-i386/jre/lib/i386/libzip.so
00745000-00746000 r--p 00007000 08:01 1837359    /usr/lib/jvm/java-7-openjdk-i386/jre/lib/i386/libzip.so
00746000-00747000 rw-p 00008000 08:01 1837359    /usr/lib/jvm/java-7-openjdk-i386/jre/lib/i386/libzip.so
00747000-0075d000 r-xp 00000000 08:01 1837388    /usr/lib/jvm/java-7-openjdk-i386/jre/lib/i386/libnet.so
0075d000-0075e000 r--p 00015000 08:01 1837388    /usr/lib/jvm/java-7-openjdk-i386/jre/lib/i386/libnet.so
0075e000-0075f000 rw-p 00016000 08:01 1837388    /usr/lib/jvm/java-7-openjdk-i386/jre/lib/i386/libnet.so
0076b000-0076e000 r-xp 00000000 08:01 2098037    /lib/i386-linux-gnu/libdl-2.15.so
0076e000-0076f000 r--p 00002000 08:01 2098037    /lib/i386-linux-gnu/libdl-2.15.so
0076f000-00770000 rw-p 00003000 08:01 2098037    /lib/i386-linux-gnu/libdl-2.15.so
00770000-00796000 r-xp 00000000 08:01 2097180    /lib/i386-linux-gnu/libexpat.so.1.5.2
00796000-00797000 ---p 00026000 08:01 2097180    /lib/i386-linux-gnu/libexpat.so.1.5.2
00797000-00799000 r--p 00026000 08:01 2097180    /lib/i386-linux-gnu/libexpat.so.1.5.2
00799000-0079a000 rw-p 00028000 08:01 2097180    /lib/i386-linux-gnu/libexpat.so.1.5.2
0079a000-007c2000 r-xp 00000000 08:01 2097257    /lib/i386-linux-gnu/libpng12.so.0.46.0
007c2000-007c3000 r--p 00027000 08:01 2097257    /lib/i386-linux-gnu/libpng12.so.0.46.0
007c3000-007c4000 rw-p 00028000 08:01 2097257    /lib/i386-linux-gnu/libpng12.so.0.46.0
007c7000-007dd000 r-xp 00000000 08:01 2098042    /lib/i386-linux-gnu/libnsl-2.15.so
007dd000-007de000 r--p 00015000 08:01 2098042    /lib/i386-linux-gnu/libnsl-2.15.so
007de000-007df000 rw-p 00016000 08:01 2098042    /lib/i386-linux-gnu/libnsl-2.15.so
007df000-007e1000 rw-p 00000000 00:00 0 
007e1000-0081b000 r-xp 00000000 08:01 2098175    /lib/i386-linux-gnu/libpcre.so.3.12.1
0081b000-0081c000 r--p 00039000 08:01 2098175    /lib/i386-linux-gnu/libpcre.so.3.12.1
0081c000-0081d000 rw-p 0003a000 08:01 2098175    /lib/i386-linux-gnu/libpcre.so.3.12.1
00822000-00841000 r-xp 00000000 08:01 1706429    /usr/lib/i386-linux-gnu/libxcb.so.1.1.0
00841000-00842000 r--p 0001f000 08:01 1706429    /usr/lib/i386-linux-gnu/libxcb.so.1.1.0
00842000-00843000 rw-p 00020000 08:01 1706429    /usr/lib/i386-linux-gnu/libxcb.so.1.1.0
00843000-00851000 r-xp 00000000 08:01 2097259    /lib/i386-linux-gnu/libusb-1.0.so.0.1.0
00851000-00852000 r--p 0000d000 08:01 2097259    /lib/i386-linux-gnu/libusb-1.0.so.0.1.0
00852000-00853000 rw-p 0000e000 08:01 2097259    /lib/i386-linux-gnu/libusb-1.0.so.0.1.0
0085d000-0087d000 r-xp 00000000 08:01 2098034    /lib/i386-linux-gnu/ld-2.15.so
0087d000-0087e000 r--p 0001f000 08:01 2098034    /lib/i386-linux-gnu/ld-2.15.so
0087e000-0087f000 rw-p 00020000 08:01 2098034    /lib/i386-linux-gnu/ld-2.15.so
0087f000-0092a000 r-xp 00000000 08:01 1707113    /usr/lib/i386-linux-gnu/libgdk-x11-2.0.so.0.2400.10
0092a000-0092b000 ---p 000ab000 08:01 1707113    /usr/lib/i386-linux-gnu/libgdk-x11-2.0.so.0.2400.10
0092b000-0092d000 r--p 000ab000 08:01 1707113    /usr/lib/i386-linux-gnu/libgdk-x11-2.0.so.0.2400.10
0092d000-0092e000 rw-p 000ad000 08:01 1707113    /usr/lib/i386-linux-gnu/libgdk-x11-2.0.so.0.2400.10
0092e000-00969000 r-xp 00000000 08:01 1704422    /usr/lib/i386-linux-gnu/libgssapi_krb5.so.2.2
00969000-0096a000 ---p 0003b000 08:01 1704422    /usr/lib/i386-linux-gnu/libgssapi_krb5.so.2.2
0096a000-0096b000 r--p 0003b000 08:01 1704422    /usr/lib/i386-linux-gnu/libgssapi_krb5.so.2.2
0096b000-0096c000 rw-p 0003c000 08:01 1704422    /usr/lib/i386-linux-gnu/libgssapi_krb5.so.2.2
0096c000-00992000 r-xp 00000000 08:01 1705544    /usr/lib/i386-linux-gnu/libk5crypto.so.3.1
00992000-00993000 r--p 00025000 08:01 1705544    /usr/lib/i386-linux-gnu/libk5crypto.so.3.1
00993000-00994000 rw-p 00026000 08:01 1705544    /usr/lib/i386-linux-gnu/libk5crypto.so.3.1
009b0000-009e2000 r-xp 00000000 08:01 1704163    /usr/lib/i386-linux-gnu/libfontconfig.so.1.4.4
009e2000-009e3000 r--p 00032000 08:01 1704163    /usr/lib/i386-linux-gnu/libfontconfig.so.1.4.4
009e3000-009e4000 rw-p 00033000 08:01 1704163    /usr/lib/i386-linux-gnu/libfontconfig.so.1.4.4
009e4000-00a03000 r-xp 00000000 08:01 1713812    /usr/lib/libnimRecorder.so
00a03000-00a04000 r--p 0001f000 08:01 1713812    /usr/lib/libnimRecorder.so
00a04000-00a05000 rw-p 00020000 08:01 1713812    /usr/lib/libnimRecorder.so
00a0c000-00a28000 r-xp 00000000 08:01 2098084    /lib/i386-linux-gnu/libgcc_s.so.1
00a28000-00a29000 r--p 0001b000 08:01 2098084    /lib/i386-linux-gnu/libgcc_s.so.1
00a29000-00a2a000 rw-p 0001c000 08:01 2098084    /lib/i386-linux-gnu/libgcc_s.so.1
00a2f000-00a38000 r-xp 00000000 08:01 1709176    /usr/lib/i386-linux-gnu/libXcursor.so.1.0.2
00a38000-00a39000 r--p 00008000 08:01 1709176    /usr/lib/i386-linux-gnu/libXcursor.so.1.0.2
00a39000-00a3a000 rw-p 00009000 08:01 1709176    /usr/lib/i386-linux-gnu/libXcursor.so.1.0.2
00a3a000-00a81000 r-xp 00000000 08:01 2097236    /lib/i386-linux-gnu/libdbus-1.so.3.5.8
00a81000-00a82000 r--p 00047000 08:01 2097236    /lib/i386-linux-gnu/libdbus-1.so.3.5.8
00a82000-00a83000 rw-p 00048000 08:01 2097236    /lib/i386-linux-gnu/libdbus-1.so.3.5.8
00aa0000-00aa7000 r-xp 00000000 08:01 2098029    /lib/i386-linux-gnu/librt-2.15.so
00aa7000-00aa8000 r--p 00006000 08:01 2098029    /lib/i386-linux-gnu/librt-2.15.so
00aa8000-00aa9000 rw-p 00007000 08:01 2098029    /lib/i386-linux-gnu/librt-2.15.so
00aca000-00ae9000 r-xp 00000000 08:01 1708382    /usr/lib/i386-linux-gnu/libgdk_pixbuf-2.0.so.0.2600.1
00ae9000-00aea000 r--p 0001e000 08:01 1708382    /usr/lib/i386-linux-gnu/libgdk_pixbuf-2.0.so.0.2600.1
00aea000-00aeb000 rw-p 0001f000 08:01 1708382    /usr/lib/i386-linux-gnu/libgdk_pixbuf-2.0.so.0.2600.1
00b12000-00b13000 r-xp 00000000 08:01 1704299    /usr/lib/i386-linux-gnu/libgthread-2.0.so.0.3200.3
00b13000-00b14000 r--p 00000000 08:01 1704299    /usr/lib/i386-linux-gnu/libgthread-2.0.so.0.3200.3
00b14000-00b15000 rw-p 00001000 08:01 1704299    /usr/lib/i386-linux-gnu/libgthread-2.0.so.0.3200.3
00b18000-00b1d000 r-xp 00000000 08:01 1706441    /usr/lib/i386-linux-gnu/libffi.so.6.0.0
00b1d000-00b1e000 r--p 00004000 08:01 1706441    /usr/lib/i386-linux-gnu/libffi.so.6.0.0
00b1e000-00b1f000 rw-p 00005000 08:01 1706441    /usr/lib/i386-linux-gnu/libffi.so.6.0.0
00b1f000-00b46000 r-xp 00000000 08:01 1708045    /usr/lib/libXnDeviceFile.so
00b46000-00b47000 r--p 00027000 08:01 1708045    /usr/lib/libXnDeviceFile.so
00b47000-00b48000 rw-p 00028000 08:01 1708045    /usr/lib/libXnDeviceFile.so
00b4c000-00b73000 r-xp 00000000 08:01 1837354    /usr/lib/jvm/java-7-openjdk-i386/jre/lib/i386/libjava.so
00b73000-00b74000 r--p 00026000 08:01 1837354    /usr/lib/jvm/java-7-openjdk-i386/jre/lib/i386/libjava.so
00b74000-00b75000 rw-p 00027000 08:01 1837354    /usr/lib/jvm/java-7-openjdk-i386/jre/lib/i386/libjava.so
00b95000-00d38000 r-xp 00000000 08:01 2098022    /lib/i386-linux-gnu/libc-2.15.so
00d38000-00d39000 ---p 001a3000 08:01 2098022    /lib/i386-linux-gnu/libc-2.15.so
00d39000-00d3b000 r--p 001a3000 08:01 2098022    /lib/i386-linux-gnu/libc-2.15.so
00d3b000-00d3c000 rw-p 001a5000 08:01 2098022    /lib/i386-linux-gnu/libc-2.15.so
00d3c000-00d3f000 rw-p 00000000 00:00 0 
00d3f000-01624000 r-xp 00000000 08:01 1837373    /usr/lib/jvm/java-7-openjdk-i386/jre/lib/i386/server/libjvm.so
01624000-0166b000 r--p 008e4000 08:01 1837373    /usr/lib/jvm/java-7-openjdk-i386/jre/lib/i386/server/libjvm.so
0166b000-0167f000 rw-p 0092b000 08:01 1837373    /usr/lib/jvm/java-7-openjdk-i386/jre/lib/i386/server/libjvm.so
0167f000-01a9b000 rw-p 00000000 00:00 0 
01a9b000-01b51000 r-xp 00000000 08:01 2630433    /home/odairbonin/workspace_oficina_kinect/CatandoBlocos/lib/user/SimpleOpenNI/libSimpleOpenNI32.so
01b51000-01b53000 r--p 000b5000 08:01 2630433    /home/odairbonin/workspace_oficina_kinect/CatandoBlocos/lib/user/SimpleOpenNI/libSimpleOpenNI32.so
01b53000-01b55000 rw-p 000b7000 08:01 2630433    /home/odairbonin/workspace_oficina_kinect/CatandoBlocos/lib/user/SimpleOpenNI/libSimpleOpenNI32.so
01b55000-01d3c000 r-xp 00000000 08:01 1708028    /usr/lib/libXnVFeatures_1_4_2.so
01d3c000-01d3f000 r--p 001e6000 08:01 1708028    /usr/lib/libXnVFeatures_1_4_2.so
01d3f000-01d40000 rw-p 001e9000 08:01 1708028    /usr/lib/libXnVFeatures_1_4_2.so
01d40000-01d45000 rw-p 00000000 00:00 0 
01d45000-01e23000 r-xp 00000000 08:01 1708038    /usr/lib/libXnVHandGenerator_1_3_1.so
01e23000-01e26000 r--p 000dd000 08:01 1708038    /usr/lib/libXnVHandGenerator_1_3_1.so
01e26000-01e27000 rw-p 000e0000 08:01 1708038    /usr/lib/libXnVHandGenerator_1_3_1.so
01e27000-01e29000 rw-p 00000000 00:00 0 
01e29000-01efd000 r-xp 00000000 08:01 1708039    /usr/lib/libXnVHandGenerator_1_4_1.so
01efd000-01efe000 ---p 000d4000 08:01 1708039    /usr/lib/libXnVHandGenerator_1_4_1.so
01efe000-01f00000 r--p 000d4000 08:01 1708039    /usr/lib/libXnVHandGenerator_1_4_1.so
01f00000-01f01000 rw-p 000d6000 08:01 1708039    /usr/lib/libXnVHandGenerator_1_4_1.so
01f01000-01f03000 rw-p 00000000 00:00 0 
01f03000-01f48000 r-xp 00000000 08:01 1708044    /usr/lib/libXnDDK.so
01f48000-01f4a000 r--p 00044000 08:01 1708044    /usr/lib/libXnDDK.so
01f4a000-01f4b000 rw-p 00046000 08:01 1708044    /usr/lib/libXnDDK.so
01f89000-0201c000 r-xp 00000000 08:01 1704171    /usr/lib/i386-linux-gnu/libpixman-1.so.0.24.4
0201c000-02020000 r--p 00092000 08:01 1704171    /usr/lib/i386-linux-gnu/libpixman-1.so.0.24.4
02020000-02021000 rw-p 00096000 08:01 1704171    /usr/lib/i386-linux-gnu/libpixman-1.so.0.24.4
02021000-0243c000 r-xp 00000000 08:01 1708035    /usr/lib/libXnVFeatures_1_5_2.so
0243c000-02444000 r--p 0041a000 08:01 1708035    /usr/lib/libXnVFeatures_1_5_2.so
02444000-02445000 rw-p 00422000 08:01 1708035    /usr/lib/libXnVFeatures_1_5_2.so
02445000-02459000 rw-p 00000000 00:00 0 
02479000-028d9000 r-xp 00000000 08:01 1707112    /usr/lib/i386-linux-gnu/libgtk-x11-2.0.so.0.2400.10
028d9000-028dd000 r--p 00460000 08:01 1707112    /usr/lib/i386-linux-gnu/libgtk-x11-2.0.so.0.2400.10
028dd000-028df000 rw-p 00464000 08:01 1707112    /usr/lib/i386-linux-gnu/libgtk-x11-2.0.so.0.2400.10
028df000-028e1000 rw-p 00000000 00:00 0 
028e1000-02961000 r-xp 00000000 08:01 1708046    /usr/lib/libXnDeviceSensorV2KM.so
02961000-02962000 ---p 00080000 08:01 1708046    /usr/lib/libXnDeviceSensorV2KM.so
02962000-0296a000 r--p 00080000 08:01 1708046    /usr/lib/libXnDeviceSensorV2KM.so
0296a000-0296b000 rw-p 00088000 08:01 1708046    /usr/lib/libXnDeviceSensorV2KM.so
029b4000-02a7c000 r-xp 00000000 08:01 1705541    /usr/lib/i386-linux-gnu/libkrb5.so.3.3
02a7c000-02a82000 r--p 000c7000 08:01 1705541    /usr/lib/i386-linux-gnu/libkrb5.so.3.3
02a82000-02a83000 rw-p 000cd000 08:01 1705541    /usr/lib/i386-linux-gnu/libkrb5.so.3.3
02aca000-02aff000 r-xp 00000000 08:01 1713810    /usr/lib/libnimCodecs.so
02aff000-02b01000 r--p 00034000 08:01 1713810    /usr/lib/libnimCodecs.so
02b01000-02b02000 rw-p 00036000 08:01 1713810    /usr/lib/libnimCodecs.so
02b02000-02b22000 rw-p 00000000 00:00 0 
02eb3000-02fa9000 r-xp 00000000 08:01 1708041    /usr/lib/libXnVHandGenerator_1_5_2.so
02fa9000-02fac000 r--p 000f5000 08:01 1708041    /usr/lib/libXnVHandGenerator_1_5_2.so
02fac000-02fad000 rw-p 000f8000 08:01 1708041    /usr/lib/libXnVHandGenerator_1_5_2.so
02fad000-02fb9000 rw-p 00000000 00:00 0 
02fb9000-02fba000 ---p 00000000 00:00 0 
02fba000-037ba000 rwxp 00000000 00:00 0 
03c8f000-03cbb000 r-xp 00000000 08:01 1713811    /usr/lib/libnimMockNodes.so
03cbb000-03cc2000 r--p 0002b000 08:01 1713811    /usr/lib/libnimMockNodes.so
03cc2000-03cc3000 rw-p 00032000 08:01 1713811    /usr/lib/libnimMockNodes.so
044bd000-04547000 r-xp 00000000 08:01 1709462    /usr/lib/libXnDeviceSensorV2.so
04547000-0454f000 r--p 0008a000 08:01 1709462    /usr/lib/libXnDeviceSensorV2.so
0454f000-04550000 rw-p 00092000 08:01 1709462    /usr/lib/libXnDeviceSensorV2.so
048fd000-04b1b000 r-xp 00000000 08:01 1708018    /usr/lib/libXnVFeatures_1_3_1.so
04b1b000-04b1c000 ---p 0021e000 08:01 1708018    /usr/lib/libXnVFeatures_1_3_1.so
04b1c000-04b1f000 r--p 0021e000 08:01 1708018    /usr/lib/libXnVFeatures_1_3_1.so
04b1f000-04b20000 rw-p 00221000 08:01 1708018    /usr/lib/libXnVFeatures_1_3_1.so
04b20000-04b25000 rw-p 00000000 00:00 0 
04e5d000-04e81000 r-xp 00000000 08:01 1708047    /usr/lib/libXnFormats.so
04e81000-04e82000 r--p 00023000 08:01 1708047    /usr/lib/libXnFormats.so
04e82000-04e83000 rw-p 00024000 08:01 1708047    /usr/lib/libXnFormats.so
04e83000-04ea3000 rw-p 00000000 00:00 0 
04ed4000-04ed7000 ---p 00000000 00:00 0 
04ed7000-04f25000 rwxp 00000000 00:00 0 
05168000-05242000 r-xp 00000000 08:01 1707368    /usr/lib/libXnVNite_1_5_2.so
05242000-05244000 r--p 000da000 08:01 1707368    /usr/lib/libXnVNite_1_5_2.so
05244000-05245000 rw-p 000dc000 08:01 1707368    /usr/lib/libXnVNite_1_5_2.so
0561b000-056b0000 r-xp 00000000 08:01 1704168    /usr/lib/i386-linux-gnu/libfreetype.so.6.8.0
056b0000-056b4000 r--p 00094000 08:01 1704168    /usr/lib/i386-linux-gnu/libfreetype.so.6.8.0
056b4000-056b5000 rw-p 00098000 08:01 1704168    /usr/lib/i386-linux-gnu/libfreetype.so.6.8.0
05706000-05788000 r-xp 00000000 08:01 2098111    /lib/i386-linux-gnu/libgcrypt.so.11.7.0
05788000-05789000 r--p 00081000 08:01 2098111    /lib/i386-linux-gnu/libgcrypt.so.11.7.0
05789000-0578b000 rw-p 00082000 08:01 2098111    /lib/i386-linux-gnu/libgcrypt.so.11.7.0
05af0000-05cd7000 r-xp 00000000 08:01 1708023    /usr/lib/libXnVFeatures_1_4_1.so
05cd7000-05cda000 r--p 001e6000 08:01 1708023    /usr/lib/libXnVFeatures_1_4_1.so
05cda000-05cdb000 rw-p 001e9000 08:01 1708023    /usr/lib/libXnVFeatures_1_4_1.so
05cdb000-05ce0000 rw-p 00000000 00:00 0 
06541000-065be000 r-xp 00000000 08:01 1713814    /usr/lib/libOpenNI.so
065be000-065c0000 r--p 0007c000 08:01 1713814    /usr/lib/libOpenNI.so
065c0000-065c2000 rw-p 0007e000 08:01 1713814    /usr/lib/libOpenNI.so
06a6b000-06b2a000 r-xp 00000000 08:01 1714074    /usr/lib/i386-linux-gnu/libgnutls.so.26.21.8
06b2a000-06b2e000 r--p 000be000 08:01 1714074    /usr/lib/i386-linux-gnu/libgnutls.so.26.21.8
06b2e000-06b2f000 rw-p 000c2000 08:01 1714074    /usr/lib/i386-linux-gnu/libgnutls.so.26.21.8
06de3000-06f36000 r-xp 00000000 08:01 1705743    /usr/lib/i386-linux-gnu/libgio-2.0.so.0.3200.3
06f36000-06f38000 r--p 00153000 08:01 1705743    /usr/lib/i386-linux-gnu/libgio-2.0.so.0.3200.3
06f38000-06f39000 rw-p 00155000 08:01 1705743    /usr/lib/i386-linux-gnu/libgio-2.0.so.0.3200.3
06f39000-06f3a000 rw-p 00000000 00:00 0 
070b7000-070f1000 r-xp 00000000 08:01 1837391    /usr/lib/jvm/java-7-openjdk-i386/jre/lib/i386/libfontmanager.so
070f1000-070f2000 ---p 0003a000 08:01 1837391    /usr/lib/jvm/java-7-openjdk-i386/jre/lib/i386/libfontmanager.so
070f2000-070f3000 r--p 0003a000 08:01 1837391    /usr/lib/jvm/java-7-openjdk-i386/jre/lib/i386/libfontmanager.so
070f3000-070f4000 rw-p 0003b000 08:01 1837391    /usr/lib/jvm/java-7-openjdk-i386/jre/lib/i386/libfontmanager.so
07431000-07506000 r-xp 00000000 08:01 1708040    /usr/lib/libXnVHandGenerator_1_4_2.so
07506000-07507000 ---p 000d5000 08:01 1708040    /usr/lib/libXnVHandGenerator_1_4_2.so
07507000-07509000 r--p 000d5000 08:01 1708040    /usr/lib/libXnVHandGenerator_1_4_2.so
07509000-0750a000 rw-p 000d7000 08:01 1708040    /usr/lib/libXnVHandGenerator_1_4_2.so
0750a000-0750c000 rw-p 00000000 00:00 0 
075b2000-07679000 r-xp 00000000 08:01 1706437    /usr/lib/i386-linux-gnu/libcairo.so.2.11000.2
07679000-0767a000 r--p 000c7000 08:01 1706437    /usr/lib/i386-linux-gnu/libcairo.so.2.11000.2
0767a000-0767b000 rw-p 000c8000 08:01 1706437    /usr/lib/i386-linux-gnu/libcairo.so.2.11000.2
0767b000-0767d000 rw-p 00000000 00:00 0 
07a06000-07afd000 r-xp 00000000 08:01 2098053    /lib/i386-linux-gnu/libglib-2.0.so.0.3200.3
07afd000-07afe000 r--p 000f6000 08:01 2098053    /lib/i386-linux-gnu/libglib-2.0.so.0.3200.3
07afe000-07aff000 rw-p 000f7000 08:01 2098053    /lib/i386-linux-gnu/libglib-2.0.so.0.3200.3
08048000-08049000 r-xp 00000000 08:01 1837321    /usr/lib/jvm/java-7-openjdk-i386/jre/bin/java
08049000-0804a000 r--p 00000000 08:01 1837321    /usr/lib/jvm/java-7-openjdk-i386/jre/bin/java
0804a000-0804b000 rw-p 00001000 08:01 1837321    /usr/lib/jvm/java-7-openjdk-i386/jre/bin/java
0806a000-083d7000 rw-p 00000000 00:00 0          [heap]
6caa6000-6cd00000 rw-p 00000000 00:00 0 
6cd00000-6cdf5000 rw-p 00000000 00:00 0 
6cdf5000-6ce00000 ---p 00000000 00:00 0 
6ce00000-6cea0000 rw-p 00000000 00:00 0 
6cea0000-6cf00000 ---p 00000000 00:00 0 
6cf00000-6cff8000 rw-p 00000000 00:00 0 
6cff8000-6d000000 ---p 00000000 00:00 0 
6d000000-6d0fb000 rw-p 00000000 00:00 0 
6d0fb000-6d100000 ---p 00000000 00:00 0 
6d100000-6d2fc000 rw-p 00000000 00:00 0 
6d2fc000-6d300000 ---p 00000000 00:00 0 
6d300000-6d400000 rw-p 00000000 00:00 0 
6d500000-6d5f1000 rw-p 00000000 00:00 0 
6d5f1000-6d600000 ---p 00000000 00:00 0 
6d600000-6d6fc000 rw-p 00000000 00:00 0 
6d6fc000-6d700000 ---p 00000000 00:00 0 
6d700000-6d800000 rw-p 00000000 00:00 0 
6d900000-6d9eb000 rw-p 00000000 00:00 0 
6d9eb000-6da00000 ---p 00000000 00:00 0 
6db00000-6dbe0000 rw-p 00000000 00:00 0 
6dbe0000-6dc00000 ---p 00000000 00:00 0 
6de00000-6dede000 rw-p 00000000 00:00 0 
6dede000-6df00000 ---p 00000000 00:00 0 
6df00000-6dfe8000 rw-p 00000000 00:00 0 
6dfe8000-6e000000 ---p 00000000 00:00 0 
6e000000-6e0fa000 rw-p 00000000 00:00 0 
6e0fa000-6e100000 ---p 00000000 00:00 0 
6e400000-6e500000 rw-p 00000000 00:00 0 
6e800000-6e8c8000 rw-p 00000000 00:00 0 
6e8c8000-6e900000 ---p 00000000 00:00 0 
6eb00000-6ec00000 rw-p 00000000 00:00 0 
6ecd8000-6ee06000 rw-p 00000000 00:00 0 
6ee06000-6ef00000 rw-s 00000000 00:04 33849346   /SYSV00000000 (deleted)
6ef00000-6efd5000 rw-p 00000000 00:00 0 
6efd5000-6f000000 ---p 00000000 00:00 0 
6f000000-6f0d3000 rw-p 00000000 00:00 0 
6f0d3000-6f100000 ---p 00000000 00:00 0 
6f100000-6f200000 rw-p 00000000 00:00 0 
6f200000-6f300000 rw-p 00000000 00:00 0 
6f300000-6f4fe000 rw-p 00000000 00:00 0 
6f4fe000-6f500000 ---p 00000000 00:00 0 
6f500000-6f700000 rw-p 00000000 00:00 0 
6f700000-6f900000 rw-p 00000000 00:00 0 
6f900000-6fb00000 rw-p 00000000 00:00 0 
6fb00000-6fd00000 rw-p 00000000 00:00 0 
6fd00000-6ff00000 rw-p 00000000 00:00 0 
6ff00000-70100000 rw-p 00000000 00:00 0 
70100000-70300000 rw-p 00000000 00:00 0 
70300000-703ff000 rw-p 00000000 00:00 0 
703ff000-70400000 ---p 00000000 00:00 0 
70400000-704ff000 rw-p 00000000 00:00 0 
704ff000-70500000 ---p 00000000 00:00 0 
70500000-70700000 rw-p 00000000 00:00 0 
70700000-70900000 rw-p 00000000 00:00 0 
70900000-70b00000 rw-p 00000000 00:00 0 
70b00000-70d00000 rw-p 00000000 00:00 0 
70d00000-70f00000 rw-p 00000000 00:00 0 
70f00000-71100000 rw-p 00000000 00:00 0 
71100000-71300000 rw-p 00000000 00:00 0 
71300000-71500000 rw-p 00000000 00:00 0 
71500000-71700000 rw-p 00000000 00:00 0 
71700000-71900000 rw-p 00000000 00:00 0 
71900000-71b00000 rw-p 00000000 00:00 0 
71b00000-71bff000 rw-p 00000000 00:00 0 
71bff000-71c00000 ---p 00000000 00:00 0 
71c00000-71d00000 rw-p 00000000 00:00 0 
71d00000-71eff000 rw-p 00000000 00:00 0 
71eff000-71f00000 ---p 00000000 00:00 0 
71f00000-72100000 rw-p 00000000 00:00 0 
72100000-72300000 rw-p 00000000 00:00 0 
72300000-72500000 rw-p 00000000 00:00 0 
72500000-72700000 rw-p 00000000 00:00 0 
72700000-72900000 rw-p 00000000 00:00 0 
72900000-72b00000 rw-p 00000000 00:00 0 
72b00000-72d00000 rw-p 00000000 00:00 0 
72d00000-72dff000 rw-p 00000000 00:00 0 
72dff000-72e00000 ---p 00000000 00:00 0 
72e0e000-79200000 rw-p 00000000 00:00 0 
79200000-792fe000 rw-p 00000000 00:00 0 
792fe000-79300000 ---p 00000000 00:00 0 
79300000-79400000 rw-p 00000000 00:00 0 
79400000-794f5000 rw-p 00000000 00:00 0 
794f5000-79500000 ---p 00000000 00:00 0 
79538000-79c00000 rw-p 00000000 00:00 0 
79c00000-79cd5000 rw-p 00000000 00:00 0 
79cd5000-79d00000 ---p 00000000 00:00 0 
79d3b000-79f00000 rw-p 00000000 00:00 0 
79f00000-7a0fb000 rw-p 00000000 00:00 0 
7a0fb000-7a100000 ---p 00000000 00:00 0 
7a100000-7a200000 rw-p 00000000 00:00 0 
7a269000-7a300000 rw-p 00000000 00:00 0 
7a300000-7a3ff000 rw-p 00000000 00:00 0 
7a3ff000-7a400000 ---p 00000000 00:00 0 
7a400000-7a4f1000 rw-p 00000000 00:00 0 
7a4f1000-7a500000 ---p 00000000 00:00 0 
7a500000-7a5f8000 rw-p 00000000 00:00 0 
7a5f8000-7a600000 ---p 00000000 00:00 0 
7a602000-7b700000 rw-p 00000000 00:00 0 
7b700000-7b800000 rw-p 00000000 00:00 0 
7b83b000-7ba00000 rw-p 00000000 00:00 0 
7ba00000-7bbfd000 rw-p 00000000 00:00 0 
7bbfd000-7bc00000 ---p 00000000 00:00 0 
7bc00000-7bd00000 rw-p 00000000 00:00 0 
7bd3b000-7bf00000 rw-p 00000000 00:00 0 
7bf00000-7c0ff000 rw-p 00000000 00:00 0 
7c0ff000-7c100000 ---p 00000000 00:00 0 
7c100000-7c300000 rw-p 00000000 00:00 0 
7c300000-7c3ff000 rw-p 00000000 00:00 0 
7c3ff000-7c400000 ---p 00000000 00:00 0 
7c400000-7c4ff000 rw-p 00000000 00:00 0 
7c4ff000-7c500000 ---p 00000000 00:00 0 
7c500000-7c700000 rw-p 00000000 00:00 0 
7c700000-7c800000 rw-p 00000000 00:00 0 
7cccb000-7d3d3000 r--s 00000000 00:12 35398      /run/shm/8946_045e.02ae@1.14_Depth
7d3d3000-7d500000 rw-p 00000000 00:00 0 
7d500000-7d600000 rw-p 00000000 00:00 0 
7d6bb000-7dabc000 rw-p 00000000 00:00 0 
7dabc000-7dc00000 rwxp 00000000 00:00 0 
7dc00000-7dccf000 rw-p 00000000 00:00 0 
7dccf000-7dd00000 ---p 00000000 00:00 0 
7dd0d000-7de00000 rwxp 00000000 00:00 0 
7de00000-7df00000 rw-p 00000000 00:00 0 
7df2d000-7df2e000 rw-p 00000000 00:00 0 
7df2e000-7df2f000 rw-s 00000000 00:12 35876      /run/shm/045e.02ae@1.14-SM
7df2f000-7df30000 rw-p 00000000 00:00 0 
7df30000-7df39000 r--s 000bc000 08:01 1710125    /usr/lib/jvm/java-7-openjdk-common/jre/lib/resources.jar
7df39000-7df3a000 r--s 00001000 08:01 2630452    /home/odairbonin/workspace_oficina_kinect/CatandoBlocos/lib/user/toxiclibs_p5/toxiclibs_p5.jar
7df3a000-7df3c000 r--s 00000000 08:01 2630450    /home/odairbonin/workspace_oficina_kinect/CatandoBlocos/lib/user/pbox2d/pbox2d.jar
7df3c000-7df46000 r--s 0007a000 08:01 2630449    /home/odairbonin/workspace_oficina_kinect/CatandoBlocos/lib/user/pbox2d/jbox2d_2.1.2_ds_v2.jar
7df46000-7df48000 r--s 00000000 08:01 2630447    /home/odairbonin/workspace_oficina_kinect/CatandoBlocos/lib/user/pbox2d/slf4j-nop-1.6.4.jar
7df48000-7df4a000 r--s 00005000 08:01 2630446    /home/odairbonin/workspace_oficina_kinect/CatandoBlocos/lib/user/pbox2d/slf4j-api-1.6.4.jar
7df4a000-7df4e000 r--s 00024000 08:01 2630444    /home/odairbonin/workspace_oficina_kinect/CatandoBlocos/lib/user/toxiclibscore/toxiclibscore.jar
7df4e000-7df4f000 r--s 00002000 08:01 2630442    /home/odairbonin/workspace_oficina_kinect/CatandoBlocos/lib/user/blobDetection/blobDetection.jar
7df4f000-7df53000 r--s 00033000 08:01 2630440    /home/odairbonin/workspace_oficina_kinect/CatandoBlocos/lib/user/controlP5/controlP5.jar
7df53000-7df56000 r--s 00022000 08:01 2630432    /home/odairbonin/workspace_oficina_kinect/CatandoBlocos/lib/user/SimpleOpenNI/SimpleOpenNI.jar
7df56000-7df57000 ---p 00000000 00:00 0 
7df57000-7e028000 rwxp 00000000 00:00 0 
7e028000-7e029000 ---p 00000000 00:00 0 
7e029000-7e0a9000 rwxp 00000000 00:00 0 
7e0a9000-7e0aa000 ---p 00000000 00:00 0 
7e0aa000-7e17b000 rwxp 00000000 00:00 0 
7e17b000-7e37b000 r--p 00000000 08:01 1704063    /usr/lib/locale/locale-archive
7e37b000-7e41d000 rwxp 00000000 00:00 0 
7e41d000-7e41e000 ---p 00000000 00:00 0 
7e41e000-7e49e000 rwxp 00000000 00:00 0 
7e49e000-7e649000 r--s 01cdb000 08:01 1837397    /usr/lib/jvm/java-7-openjdk-i386/jre/lib/rt.jar
7e649000-80800000 rw-p 00000000 00:00 0 
80800000-80900000 rw-p 00000000 00:00 0 
80900000-809ec000 rw-p 00000000 00:00 0 
809ec000-80a00000 ---p 00000000 00:00 0 
80a00000-80b00000 rw-p 00000000 00:00 0 
80b00000-80b1c000 r--s 0048b000 08:01 2630428    /home/odairbonin/workspace_oficina_kinect/CatandoBlocos/lib/base/core/jogl-all.jar
80b1c000-80b1d000 r--s 00001000 08:01 2630427    /home/odairbonin/workspace_oficina_kinect/CatandoBlocos/lib/base/core/gluegen-rt-natives-windows-i586.jar
80b1d000-80b20000 r--s 00077000 08:01 2630426    /home/odairbonin/workspace_oficina_kinect/CatandoBlocos/lib/base/core/core.jar
80b20000-80b22000 r--s 00020000 08:01 2630425    /home/odairbonin/workspace_oficina_kinect/CatandoBlocos/lib/base/core/jogl-all-natives-windows-i586.jar
80b22000-80b6a000 rw-p 00000000 00:00 0 
80b6a000-80b6b000 ---p 00000000 00:00 0 
80b6b000-80beb000 rwxp 00000000 00:00 0 
80beb000-80bec000 ---p 00000000 00:00 0 
80bec000-80c6c000 rwxp 00000000 00:00 0 
80c6c000-80c74000 rw-p 00000000 00:00 0 
80c74000-80cac000 rw-p 00000000 00:00 0 
80cac000-80cd2000 rw-p 00000000 00:00 0 
80cd2000-80d94000 rw-p 00000000 00:00 0 
80d94000-80d9c000 rw-p 00000000 00:00 0 
80d9c000-80dd4000 rw-p 00000000 00:00 0 
80dd4000-80dfa000 rw-p 00000000 00:00 0 
80dfa000-80ebb000 rw-p 00000000 00:00 0 
80ebb000-80ed3000 rw-p 00000000 00:00 0 
80ed3000-80f2f000 rw-p 00000000 00:00 0 
80f2f000-81f30000 rw-p 00000000 00:00 0 
81f30000-88f30000 rw-p 00000000 00:00 0 
88f30000-8db20000 rw-p 00000000 00:00 0 
8db20000-a5de0000 rw-p 00000000 00:00 0 
a5de0000-a8d20000 rw-p 00000000 00:00 0 
a8d20000-b4530000 rw-p 00000000 00:00 0 
b4530000-b4535000 r--s 00030000 08:01 2630424    /home/odairbonin/workspace_oficina_kinect/CatandoBlocos/lib/base/core/gluegen-rt.jar
b4535000-b4536000 r--s 00023000 08:01 2630423    /home/odairbonin/workspace_oficina_kinect/CatandoBlocos/lib/base/core/jogl-all-natives-linux-i586.jar
b4536000-b4537000 r--s 0001b000 08:01 2630422    /home/odairbonin/workspace_oficina_kinect/CatandoBlocos/lib/base/core/jogl-all-natives-windows-amd64.jar
b4537000-b4538000 r--s 00000000 08:01 2630421    /home/odairbonin/workspace_oficina_kinect/CatandoBlocos/lib/base/core/gluegen-rt-natives-linux-amd64.jar
b4538000-b4541000 rw-p 00000000 00:00 0 
b4541000-b45f8000 rw-p 00000000 00:00 0 
b45f8000-b4838000 rwxp 00000000 00:00 0 
b4838000-b75f8000 rw-p 00000000 00:00 0 
b75f8000-b7600000 rw-s 00000000 08:01 3284897    /tmp/hsperfdata_odairbonin/8919
b7600000-b76f3000 rw-p 00000000 00:00 0 
b76f3000-b7700000 ---p 00000000 00:00 0 
b7700000-b7701000 r--s 00023000 08:01 2630420    /home/odairbonin/workspace_oficina_kinect/CatandoBlocos/lib/base/core/jogl-all-natives-linux-amd64.jar
b7701000-b7702000 r--s 00001000 08:01 2630419    /home/odairbonin/workspace_oficina_kinect/CatandoBlocos/lib/base/core/gluegen-rt-natives-windows-amd64.jar
b7702000-b7703000 r--s 00000000 08:01 2630418    /home/odairbonin/workspace_oficina_kinect/CatandoBlocos/lib/base/core/gluegen-rt-natives-linux-i586.jar
b7703000-b7704000 r--s 00000000 08:01 2630417    /home/odairbonin/workspace_oficina_kinect/CatandoBlocos/lib/base/core/gluegen-rt-natives-macosx-universal.jar
b7704000-b7705000 r--s 00050000 08:01 2630416    /home/odairbonin/workspace_oficina_kinect/CatandoBlocos/lib/base/core/jogl-all-natives-macosx-universal.jar
b7705000-b7708000 r--s 00017000 08:01 2630414    /home/odairbonin/workspace_oficina_kinect/CatandoBlocos/lib/base/minim/tritonus_share.jar
b7708000-b770a000 r--s 0000a000 08:01 2630412    /home/odairbonin/workspace_oficina_kinect/CatandoBlocos/lib/base/minim/jsminim.jar
b770a000-b770e000 r--s 00015000 08:01 2630411    /home/odairbonin/workspace_oficina_kinect/CatandoBlocos/lib/base/minim/minim.jar
b770e000-b7711000 r--s 00017000 08:01 2630410    /home/odairbonin/workspace_oficina_kinect/CatandoBlocos/lib/base/minim/jl1.0.jar
b7711000-b7712000 r--s 00002000 08:01 2630409    /home/odairbonin/workspace_oficina_kinect/CatandoBlocos/lib/base/minim/tritonus_aos.jar
b7712000-b7713000 r--s 00005000 08:01 2630408    /home/odairbonin/workspace_oficina_kinect/CatandoBlocos/lib/base/minim/mp3spi1.9.4.jar
b7713000-b7714000 ---p 00000000 00:00 0 
b7714000-b7764000 rwxp 00000000 00:00 0 
b7764000-b7766000 rw-p 00000000 00:00 0 
b7766000-b7769000 r--s 0000f000 08:01 1710119    /usr/lib/jvm/java-7-openjdk-common/jre/lib/ext/pulse-java.jar
b7769000-b776b000 r--s 00012000 08:01 1710118    /usr/lib/jvm/java-7-openjdk-common/jre/lib/ext/zipfs.jar
b776b000-b776c000 r--s 00007000 08:01 2228686    /usr/share/java/java-atk-wrapper.jar
b776c000-b776f000 r--s 0003c000 08:01 1710114    /usr/lib/jvm/java-7-openjdk-common/jre/lib/ext/sunpkcs11.jar
b776f000-b7773000 r--s 00085000 08:01 1710115    /usr/lib/jvm/java-7-openjdk-common/jre/lib/ext/localedata.jar
b7773000-b7776000 r--s 00032000 08:01 1710116    /usr/lib/jvm/java-7-openjdk-common/jre/lib/ext/sunjce_provider.jar
b7776000-b7777000 r--s 00002000 08:01 1710117    /usr/lib/jvm/java-7-openjdk-common/jre/lib/ext/dnsns.jar
b7777000-b7778000 r--p 002c5000 08:01 1704063    /usr/lib/locale/locale-archive
b7778000-b7779000 rw-p 00000000 00:00 0 
b7779000-b777a000 r--p 00000000 00:00 0 
b777a000-b777d000 rw-p 00000000 00:00 0 
bfe0f000-bfe30000 rwxp 00000000 00:00 0          [stack]
bfe30000-bfe31000 rw-p 00000000 00:00 0 

VM Arguments:
jvm_args: -Djava.library.path=/home/odairbonin/workspace_oficina_kinect/CatandoBlocos/lib/base/minim:/home/odairbonin/workspace_oficina_kinect/CatandoBlocos/lib/base/minim:/home/odairbonin/workspace_oficina_kinect/CatandoBlocos/lib/base/minim:/home/odairbonin/workspace_oficina_kinect/CatandoBlocos/lib/base/minim:/home/odairbonin/workspace_oficina_kinect/CatandoBlocos/lib/base/minim:/home/odairbonin/workspace_oficina_kinect/CatandoBlocos/lib/base/minim:/home/odairbonin/workspace_oficina_kinect/CatandoBlocos/lib/base/core:/home/odairbonin/workspace_oficina_kinect/CatandoBlocos/lib/base/core:/home/odairbonin/workspace_oficina_kinect/CatandoBlocos/lib/base/core:/home/odairbonin/workspace_oficina_kinect/CatandoBlocos/lib/base/core:/home/odairbonin/workspace_oficina_kinect/CatandoBlocos/lib/base/core:/home/odairbonin/workspace_oficina_kinect/CatandoBlocos/lib/base/core:/home/odairbonin/workspace_oficina_kinect/CatandoBlocos/lib/base/core:/home/odairbonin/workspace_oficina_kinect/CatandoBlocos/lib/base/core:/home/odairbonin/workspace_oficina_kinect/CatandoBlocos/lib/base/core:/home/odairbonin/workspace_oficina_kinect/CatandoBlocos/lib/base/core:/home/odairbonin/workspace_oficina_kinect/CatandoBlocos/lib/base/core:/home/odairbonin/workspace_oficina_kinect/CatandoBlocos/lib/base/core:/home/odairbonin/workspace_oficina_kinect/CatandoBlocos/lib/base/core:/home/odairbonin/workspace_oficina_kinect/CatandoBlocos/lib/user/SimpleOpenNI:/home/odairbonin/workspace_oficina_kinect/CatandoBlocos/lib/user/controlP5:/home/odairbonin/workspace_oficina_kinect/CatandoBlocos/lib/user/blobDetection:/home/odairbonin/workspace_oficina_kinect/CatandoBlocos/lib/user/toxiclibscore:/home/odairbonin/workspace_oficina_kinect/CatandoBlocos/lib/user/pbox2d:/home/odairbonin/workspace_oficina_kinect/CatandoBlocos/lib/user/pbox2d:/home/odairbonin/workspace_oficina_kinect/CatandoBlocos/lib/user/pbox2d:/home/odairbonin/workspace_oficina_kinect/CatandoBlocos/lib/user/pbox2d:/home/odairbonin/workspace_oficina_kinect/Ca-Djava.security.policy=java.policy.applet -Dfile.encoding=UTF-8 
java_command: sun.applet.AppletViewer catandoblocos.CatandoBlocos1396697363455.html
Launcher Type: SUN_STANDARD

Environment Variables:
PATH=/usr/lib/lightdm/lightdm:/usr/local/sbin:/usr/local/bin:/usr/sbin:/usr/bin:/sbin:/bin:/usr/games
LD_LIBRARY_PATH=/usr/lib/jvm/java-7-openjdk-i386/jre/lib/i386/server:/usr/lib/jvm/java-7-openjdk-i386/jre/lib/i386:/usr/lib/jvm/java-7-openjdk-i386/jre/../lib/i386:/usr/lib/jvm/java-7-openjdk-i386/jre/lib/i386/client:/usr/lib/jvm/java-7-openjdk-i386/jre/lib/i386:
SHELL=/bin/bash
DISPLAY=:0.0

Signal Handlers:
SIGSEGV: [libjvm.so+0x753930], sa_mask[0]=0x7ffbfeff, sa_flags=0x10000004
SIGBUS: [libjvm.so+0x753930], sa_mask[0]=0x7ffbfeff, sa_flags=0x10000004
SIGFPE: [libjvm.so+0x5e94a0], sa_mask[0]=0x7ffbfeff, sa_flags=0x10000004
SIGPIPE: [libjvm.so+0x5e94a0], sa_mask[0]=0x7ffbfeff, sa_flags=0x10000004
SIGXFSZ: [libjvm.so+0x5e94a0], sa_mask[0]=0x7ffbfeff, sa_flags=0x10000004
SIGILL: [libjvm.so+0x5e94a0], sa_mask[0]=0x7ffbfeff, sa_flags=0x10000004
SIGUSR1: SIG_DFL, sa_mask[0]=0x00000000, sa_flags=0x00000000
SIGUSR2: [libjvm.so+0x5e9330], sa_mask[0]=0x00000004, sa_flags=0x10000004
SIGHUP: [libjvm.so+0x5e9960], sa_mask[0]=0x7ffbfeff, sa_flags=0x10000004
SIGINT: [libjvm.so+0x5e9960], sa_mask[0]=0x7ffbfeff, sa_flags=0x10000004
SIGTERM: [libjvm.so+0x5e9960], sa_mask[0]=0x7ffbfeff, sa_flags=0x10000004
SIGQUIT: [libjvm.so+0x5e9960], sa_mask[0]=0x7ffbfeff, sa_flags=0x10000004


---------------  S Y S T E M  ---------------

OS:Ubuntu 12.04 (precise)
uname:Linux 3.2.0-35-generic #55-Ubuntu SMP Wed Dec 5 17:45:18 UTC 2012 i686
libc:glibc 2.15 NPTL 2.15 
rlimit: STACK 8192k, CORE 0k, NPROC 22063, NOFILE 4096, AS infinity
load average:1.41 0.65 0.42

/proc/meminfo:
MemTotal:        2838692 kB
MemFree:          220576 kB
Buffers:          113664 kB
Cached:          1281436 kB
SwapCached:          128 kB
Active:          1631284 kB
Inactive:         881612 kB
Active(anon):     820080 kB
Inactive(anon):   311816 kB
Active(file):     811204 kB
Inactive(file):   569796 kB
Unevictable:          16 kB
Mlocked:              16 kB
HighTotal:       1974216 kB
HighFree:          33244 kB
LowTotal:         864476 kB
LowFree:          187332 kB
SwapTotal:        783356 kB
SwapFree:         777384 kB
Dirty:              1652 kB
Writeback:             0 kB
AnonPages:       1117876 kB
Mapped:           182264 kB
Shmem:             14100 kB
Slab:              80608 kB
SReclaimable:      65116 kB
SUnreclaim:        15492 kB
KernelStack:        3728 kB
PageTables:         9872 kB
NFS_Unstable:          0 kB
Bounce:                0 kB
WritebackTmp:          0 kB
CommitLimit:     2202700 kB
Committed_AS:    3833252 kB
VmallocTotal:     122880 kB
VmallocUsed:        4896 kB
VmallocChunk:      55856 kB
HardwareCorrupted:     0 kB
AnonHugePages:         0 kB
HugePages_Total:       0
HugePages_Free:        0
HugePages_Rsvd:        0
HugePages_Surp:        0
Hugepagesize:       4096 kB
DirectMap4k:       12280 kB
DirectMap4M:      897024 kB


CPU:total 2 (2 cores per cpu, 1 threads per core) family 6 model 42 stepping 7, cmov, cx8, fxsr, mmx, sse, sse2, sse3, ssse3, sse4.1, sse4.2, popcnt, avx, tsc, tscinvbit

/proc/cpuinfo:
processor	: 0
vendor_id	: GenuineIntel
cpu family	: 6
model		: 42
model name	: Intel(R) Core(TM) i7-2620M CPU @ 2.70GHz
stepping	: 7
cpu MHz		: 2693.000
cache size	: 4096 KB
physical id	: 0
siblings	: 2
core id		: 0
cpu cores	: 2
apicid		: 0
initial apicid	: 0
fdiv_bug	: no
hlt_bug		: no
f00f_bug	: no
coma_bug	: no
fpu		: yes
fpu_exception	: yes
cpuid level	: 13
wp		: yes
flags		: fpu vme de pse tsc msr pae mce cx8 apic mtrr pge mca cmov pat pse36 clflush mmx fxsr sse sse2 ss ht syscall nx rdtscp lm constant_tsc nonstop_tsc aperfmperf pni pclmulqdq ssse3 cx16 pcid sse4_1 sse4_2 x2apic popcnt aes xsave avx hypervisor lahf_lm ida arat epb pln pts dtherm
bogomips	: 5386.00
clflush size	: 64
cache_alignment	: 64
address sizes	: 36 bits physical, 48 bits virtual
power management:

processor	: 1
vendor_id	: GenuineIntel
cpu family	: 6
model		: 42
model name	: Intel(R) Core(TM) i7-2620M CPU @ 2.70GHz
stepping	: 7
cpu MHz		: 2693.000
cache size	: 4096 KB
physical id	: 0
siblings	: 2
core id		: 1
cpu cores	: 2
apicid		: 1
initial apicid	: 1
fdiv_bug	: no
hlt_bug		: no
f00f_bug	: no
coma_bug	: no
fpu		: yes
fpu_exception	: yes
cpuid level	: 13
wp		: yes
flags		: fpu vme de pse tsc msr pae mce cx8 apic mtrr pge mca cmov pat pse36 clflush mmx fxsr sse sse2 ss ht syscall nx rdtscp lm constant_tsc nonstop_tsc aperfmperf pni pclmulqdq ssse3 cx16 pcid sse4_1 sse4_2 x2apic popcnt aes xsave avx hypervisor lahf_lm ida arat epb pln pts dtherm
bogomips	: 5386.00
clflush size	: 64
cache_alignment	: 64
address sizes	: 36 bits physical, 48 bits virtual
power management:



Memory: 4k page, physical 2838692k(220576k free), swap 783356k(777384k free)

vm_info: OpenJDK Server VM (23.2-b09) for linux-x86 JRE (1.7.0_09-b30), built on Oct 24 2012 18:55:39 by "buildd" with gcc 4.6.3

time: Sat Apr  5 08:30:31 2014
elapsed time: 68 seconds

